[0.044s] Invoking command in '/home/rumy/acrome_ws/build/gps_sensor_broadcaster': CMAKE_PREFIX_PATH=${CMAKE_PREFIX_PATH}:/home/rumy/acrome_ws/install/rqt_joint_trajectory_controller:/home/rumy/acrome_ws/install/ros2_controllers_test_nodes:/opt/ros/jazzy DEBUGINFOD_URLS=https://debuginfod.ubuntu.com /usr/bin/cmake /home/rumy/acrome_ws/src/ros2_controllers/gps_sensor_broadcaster -DCMAKE_INSTALL_PREFIX=/home/rumy/acrome_ws/install/gps_sensor_broadcaster
[0.086s] -- Found ros2_control_cmake: 0.2.1 (/opt/ros/jazzy/share/ros2_control_cmake/cmake)
[0.086s] -- Compiler warnings enabled for GNU
[0.086s] -- Detected GCC Version: 13.3.0 (Major: 13, Minor: 3)
[0.086s] -- Found ament_cmake: 2.5.4 (/opt/ros/jazzy/share/ament_cmake/cmake)
[0.391s] -- Override CMake install command with custom implementation using symlinks instead of copying resources
[0.404s] -- Found controller_interface: 4.32.0 (/opt/ros/jazzy/share/controller_interface/cmake)
[0.446s] -- Found rosidl_generator_c: 4.6.5 (/opt/ros/jazzy/share/rosidl_generator_c/cmake)
[0.460s] -- Found rosidl_generator_cpp: 4.6.5 (/opt/ros/jazzy/share/rosidl_generator_cpp/cmake)
[0.479s] -- Using all available rosidl_typesupport_c: rosidl_typesupport_fastrtps_c;rosidl_typesupport_introspection_c
[0.501s] -- Using all available rosidl_typesupport_cpp: rosidl_typesupport_fastrtps_cpp;rosidl_typesupport_introspection_cpp
[0.790s] -- Found TinyXML2 via Config file: /usr/lib/x86_64-linux-gnu/cmake/tinyxml2
[0.843s] -- Found rmw_implementation_cmake: 7.3.2 (/opt/ros/jazzy/share/rmw_implementation_cmake/cmake)
[0.846s] -- Found rmw_fastrtps_cpp: 8.4.2 (/opt/ros/jazzy/share/rmw_fastrtps_cpp/cmake)
[0.874s] -- Found TinyXML2 via Config file: /usr/lib/x86_64-linux-gnu/cmake/tinyxml2
[0.888s] -- Found TinyXML2 via Config file: /usr/lib/x86_64-linux-gnu/cmake/tinyxml2
[0.910s] -- Found TinyXML2 via Config file: /usr/lib/x86_64-linux-gnu/cmake/tinyxml2
[0.921s] -- Found TinyXML2 via Config file: /usr/lib/x86_64-linux-gnu/cmake/tinyxml2
[0.938s] -- Using RMW implementation 'rmw_fastrtps_cpp' as default
[1.152s] -- Found generate_parameter_library: 0.5.0 (/opt/ros/jazzy/share/generate_parameter_library/cmake)
[1.153s] -- Found parameter_traits: 0.5.0 (/opt/ros/jazzy/share/parameter_traits/cmake)
[1.166s] -- Found ament_cmake_gmock: 2.5.4 (/opt/ros/jazzy/share/ament_cmake_gmock/cmake)
[1.167s] -- Found controller_manager: 4.32.0 (/opt/ros/jazzy/share/controller_manager/cmake)
[1.279s] -- Found ros2_control_test_assets: 4.32.0 (/opt/ros/jazzy/share/ros2_control_test_assets/cmake)
[1.280s] -- Found gmock sources under '/opt/ros/jazzy/src/gmock_vendor': C++ tests using 'Google Mock' will be built
[1.286s] -- Found ament_cmake_gtest: 2.5.4 (/opt/ros/jazzy/share/ament_cmake_gtest/cmake)
[1.288s] -- Found gtest sources under '/opt/ros/jazzy/src/gtest_vendor': C++ tests using 'Google Test' will be built
[1.444s] -- Configuring done (1.4s)
[1.523s] -- Generating done (0.1s)
[1.541s] -- Build files have been written to: /home/rumy/acrome_ws/build/gps_sensor_broadcaster
[1.583s] Invoked command in '/home/rumy/acrome_ws/build/gps_sensor_broadcaster' returned '0': CMAKE_PREFIX_PATH=${CMAKE_PREFIX_PATH}:/home/rumy/acrome_ws/install/rqt_joint_trajectory_controller:/home/rumy/acrome_ws/install/ros2_controllers_test_nodes:/opt/ros/jazzy DEBUGINFOD_URLS=https://debuginfod.ubuntu.com /usr/bin/cmake /home/rumy/acrome_ws/src/ros2_controllers/gps_sensor_broadcaster -DCMAKE_INSTALL_PREFIX=/home/rumy/acrome_ws/install/gps_sensor_broadcaster
[1.584s] Invoking command in '/home/rumy/acrome_ws/build/gps_sensor_broadcaster': CMAKE_PREFIX_PATH=${CMAKE_PREFIX_PATH}:/home/rumy/acrome_ws/install/rqt_joint_trajectory_controller:/home/rumy/acrome_ws/install/ros2_controllers_test_nodes:/opt/ros/jazzy DEBUGINFOD_URLS=https://debuginfod.ubuntu.com /usr/bin/cmake --build /home/rumy/acrome_ws/build/gps_sensor_broadcaster -- -j12 -l12
[1.785s] [ 15%] Built target gps_sensor_broadcaster_parameters
[1.785s] [ 30%] Built target gmock_main
[1.786s] [ 53%] Built target gmock
[1.786s] [ 69%] Built target gps_sensor_broadcaster
[1.787s] [ 84%] Built target test_gps_sensor_broadcaster
[1.791s] [100%] Built target test_load_gps_sensor_broadcaster
[1.817s] Invoked command in '/home/rumy/acrome_ws/build/gps_sensor_broadcaster' returned '0': CMAKE_PREFIX_PATH=${CMAKE_PREFIX_PATH}:/home/rumy/acrome_ws/install/rqt_joint_trajectory_controller:/home/rumy/acrome_ws/install/ros2_controllers_test_nodes:/opt/ros/jazzy DEBUGINFOD_URLS=https://debuginfod.ubuntu.com /usr/bin/cmake --build /home/rumy/acrome_ws/build/gps_sensor_broadcaster -- -j12 -l12
[1.824s] Invoking command in '/home/rumy/acrome_ws/build/gps_sensor_broadcaster': CMAKE_PREFIX_PATH=${CMAKE_PREFIX_PATH}:/home/rumy/acrome_ws/install/rqt_joint_trajectory_controller:/home/rumy/acrome_ws/install/ros2_controllers_test_nodes:/opt/ros/jazzy DEBUGINFOD_URLS=https://debuginfod.ubuntu.com /usr/bin/cmake --install /home/rumy/acrome_ws/build/gps_sensor_broadcaster
[1.873s] -- Install configuration: ""
[1.873s] -- Execute custom install script
[1.873s] -- Up-to-date symlink: /home/rumy/acrome_ws/install/gps_sensor_broadcaster/include/gps_sensor_broadcaster/gps_sensor_broadcaster_parameters.hpp
[1.873s] -- Up-to-date symlink: /home/rumy/acrome_ws/install/gps_sensor_broadcaster/share/gps_sensor_broadcaster//gps_sensor_broadcaster.xml
[1.873s] -- Up-to-date symlink: /home/rumy/acrome_ws/install/gps_sensor_broadcaster/include/gps_sensor_broadcaster/gps_sensor_broadcaster/gps_sensor_broadcaster.hpp
[1.873s] -- Up-to-date symlink: /home/rumy/acrome_ws/install/gps_sensor_broadcaster/share/gps_sensor_broadcaster/environment/library_path.sh
[1.873s] -- Up-to-date symlink: /home/rumy/acrome_ws/install/gps_sensor_broadcaster/share/gps_sensor_broadcaster/environment/library_path.dsv
[1.874s] -- Up-to-date symlink: /home/rumy/acrome_ws/install/gps_sensor_broadcaster/share/ament_index/resource_index/package_run_dependencies/gps_sensor_broadcaster
[1.874s] -- Up-to-date symlink: /home/rumy/acrome_ws/install/gps_sensor_broadcaster/share/ament_index/resource_index/parent_prefix_path/gps_sensor_broadcaster
[1.874s] -- Up-to-date symlink: /home/rumy/acrome_ws/install/gps_sensor_broadcaster/share/gps_sensor_broadcaster/environment/ament_prefix_path.sh
[1.874s] -- Up-to-date symlink: /home/rumy/acrome_ws/install/gps_sensor_broadcaster/share/gps_sensor_broadcaster/environment/ament_prefix_path.dsv
[1.874s] -- Up-to-date symlink: /home/rumy/acrome_ws/install/gps_sensor_broadcaster/share/gps_sensor_broadcaster/environment/path.sh
[1.874s] -- Up-to-date symlink: /home/rumy/acrome_ws/install/gps_sensor_broadcaster/share/gps_sensor_broadcaster/environment/path.dsv
[1.874s] -- Up-to-date symlink: /home/rumy/acrome_ws/install/gps_sensor_broadcaster/share/gps_sensor_broadcaster/local_setup.bash
[1.874s] -- Up-to-date symlink: /home/rumy/acrome_ws/install/gps_sensor_broadcaster/share/gps_sensor_broadcaster/local_setup.sh
[1.874s] -- Up-to-date symlink: /home/rumy/acrome_ws/install/gps_sensor_broadcaster/share/gps_sensor_broadcaster/local_setup.zsh
[1.874s] -- Up-to-date symlink: /home/rumy/acrome_ws/install/gps_sensor_broadcaster/share/gps_sensor_broadcaster/local_setup.dsv
[1.874s] -- Symlinking: /home/rumy/acrome_ws/install/gps_sensor_broadcaster/share/gps_sensor_broadcaster/package.dsv
[1.875s] -- Up-to-date symlink: /home/rumy/acrome_ws/install/gps_sensor_broadcaster/share/ament_index/resource_index/packages/gps_sensor_broadcaster
[1.875s] -- Up-to-date symlink: /home/rumy/acrome_ws/install/gps_sensor_broadcaster/share/ament_index/resource_index/controller_interface__pluginlib__plugin/gps_sensor_broadcaster
[1.875s] -- Up-to-date symlink: /home/rumy/acrome_ws/install/gps_sensor_broadcaster/share/gps_sensor_broadcaster/cmake/ament_cmake_export_dependencies-extras.cmake
[1.875s] -- Up-to-date symlink: /home/rumy/acrome_ws/install/gps_sensor_broadcaster/share/gps_sensor_broadcaster/cmake/ament_cmake_export_targets-extras.cmake
[1.875s] -- Up-to-date symlink: /home/rumy/acrome_ws/install/gps_sensor_broadcaster/share/gps_sensor_broadcaster/cmake/gps_sensor_broadcasterConfig.cmake
[1.875s] -- Up-to-date symlink: /home/rumy/acrome_ws/install/gps_sensor_broadcaster/share/gps_sensor_broadcaster/cmake/gps_sensor_broadcasterConfig-version.cmake
[1.875s] -- Up-to-date symlink: /home/rumy/acrome_ws/install/gps_sensor_broadcaster/share/gps_sensor_broadcaster/package.xml
[1.875s] -- Up-to-date: /home/rumy/acrome_ws/install/gps_sensor_broadcaster/lib/libgps_sensor_broadcaster.so
[1.875s] -- Up-to-date: /home/rumy/acrome_ws/install/gps_sensor_broadcaster/share/gps_sensor_broadcaster/cmake/export_gps_sensor_broadcasterExport.cmake
[1.875s] -- Up-to-date: /home/rumy/acrome_ws/install/gps_sensor_broadcaster/share/gps_sensor_broadcaster/cmake/export_gps_sensor_broadcasterExport-noconfig.cmake
[1.895s] Invoked command in '/home/rumy/acrome_ws/build/gps_sensor_broadcaster' returned '0': CMAKE_PREFIX_PATH=${CMAKE_PREFIX_PATH}:/home/rumy/acrome_ws/install/rqt_joint_trajectory_controller:/home/rumy/acrome_ws/install/ros2_controllers_test_nodes:/opt/ros/jazzy DEBUGINFOD_URLS=https://debuginfod.ubuntu.com /usr/bin/cmake --install /home/rumy/acrome_ws/build/gps_sensor_broadcaster
