[0.034s] Invoking command in '/home/rumy/acrome_ws/build/mecanum_drive_controller': CMAKE_PREFIX_PATH=${CMAKE_PREFIX_PATH}:/home/rumy/acrome_ws/install/rqt_joint_trajectory_controller:/home/rumy/acrome_ws/install/ros2_controllers_test_nodes:/opt/ros/jazzy DEBUGINFOD_URLS=https://debuginfod.ubuntu.com /usr/bin/cmake /home/rumy/acrome_ws/src/ros2_controllers/mecanum_drive_controller -DCMAKE_INSTALL_PREFIX=/home/rumy/acrome_ws/install/mecanum_drive_controller
[1.560s] -- Found ros2_control_cmake: 0.2.1 (/opt/ros/jazzy/share/ros2_control_cmake/cmake)
[1.560s] -- Compiler warnings enabled for GNU
[1.560s] -- Detected GCC Version: 13.3.0 (Major: 13, Minor: 3)
[1.561s] -- Found ament_cmake: 2.5.4 (/opt/ros/jazzy/share/ament_cmake/cmake)
[1.561s] -- Override CMake install command with custom implementation using symlinks instead of copying resources
[1.561s] -- Found controller_interface: 4.32.0 (/opt/ros/jazzy/share/controller_interface/cmake)
[1.561s] -- Found rosidl_generator_c: 4.6.5 (/opt/ros/jazzy/share/rosidl_generator_c/cmake)
[1.561s] -- Found rosidl_generator_cpp: 4.6.5 (/opt/ros/jazzy/share/rosidl_generator_cpp/cmake)
[1.561s] -- Using all available rosidl_typesupport_c: rosidl_typesupport_fastrtps_c;rosidl_typesupport_introspection_c
[1.561s] -- Using all available rosidl_typesupport_cpp: rosidl_typesupport_fastrtps_cpp;rosidl_typesupport_introspection_cpp
[1.561s] -- Found TinyXML2 via Config file: /usr/lib/x86_64-linux-gnu/cmake/tinyxml2
[1.561s] -- Found rmw_implementation_cmake: 7.3.2 (/opt/ros/jazzy/share/rmw_implementation_cmake/cmake)
[1.561s] -- Found rmw_fastrtps_cpp: 8.4.2 (/opt/ros/jazzy/share/rmw_fastrtps_cpp/cmake)
[1.562s] -- Found TinyXML2 via Config file: /usr/lib/x86_64-linux-gnu/cmake/tinyxml2
[1.562s] -- Found TinyXML2 via Config file: /usr/lib/x86_64-linux-gnu/cmake/tinyxml2
[1.562s] -- Found TinyXML2 via Config file: /usr/lib/x86_64-linux-gnu/cmake/tinyxml2
[1.562s] -- Found TinyXML2 via Config file: /usr/lib/x86_64-linux-gnu/cmake/tinyxml2
[1.562s] -- Using RMW implementation 'rmw_fastrtps_cpp' as default
[1.562s] -- Found generate_parameter_library: 0.5.0 (/opt/ros/jazzy/share/generate_parameter_library/cmake)
[1.562s] -- Found parameter_traits: 0.5.0 (/opt/ros/jazzy/share/parameter_traits/cmake)
[1.562s] -- Found nav_msgs: 5.3.6 (/opt/ros/jazzy/share/nav_msgs/cmake)
[1.562s] -- Found std_srvs: 5.3.6 (/opt/ros/jazzy/share/std_srvs/cmake)
[1.562s] -- Found tf2: 0.36.12 (/opt/ros/jazzy/share/tf2/cmake)
[1.563s] -- Found tf2_geometry_msgs: 0.36.12 (/opt/ros/jazzy/share/tf2_geometry_msgs/cmake)
[1.563s] -- Found eigen3_cmake_module: 0.3.0 (/opt/ros/jazzy/share/eigen3_cmake_module/cmake)
[1.563s] -- Ensuring Eigen3 include directory is part of orocos-kdl CMake target
[1.563s] -- Found ament_cmake_gmock: 2.5.4 (/opt/ros/jazzy/share/ament_cmake_gmock/cmake)
[1.563s] -- Found controller_manager: 4.32.0 (/opt/ros/jazzy/share/controller_manager/cmake)
[1.563s] -- Found ros2_control_test_assets: 4.32.0 (/opt/ros/jazzy/share/ros2_control_test_assets/cmake)
[1.567s] -- Found gmock sources under '/opt/ros/jazzy/src/gmock_vendor': C++ tests using 'Google Mock' will be built
[1.568s] -- Found ament_cmake_gtest: 2.5.4 (/opt/ros/jazzy/share/ament_cmake_gtest/cmake)
[1.568s] -- Found gtest sources under '/opt/ros/jazzy/src/gtest_vendor': C++ tests using 'Google Test' will be built
[1.632s] -- Configuring done (1.6s)
[1.779s] -- Generating done (0.1s)
[1.807s] -- Build files have been written to: /home/rumy/acrome_ws/build/mecanum_drive_controller
[1.889s] Invoked command in '/home/rumy/acrome_ws/build/mecanum_drive_controller' returned '0': CMAKE_PREFIX_PATH=${CMAKE_PREFIX_PATH}:/home/rumy/acrome_ws/install/rqt_joint_trajectory_controller:/home/rumy/acrome_ws/install/ros2_controllers_test_nodes:/opt/ros/jazzy DEBUGINFOD_URLS=https://debuginfod.ubuntu.com /usr/bin/cmake /home/rumy/acrome_ws/src/ros2_controllers/mecanum_drive_controller -DCMAKE_INSTALL_PREFIX=/home/rumy/acrome_ws/install/mecanum_drive_controller
[1.891s] Invoking command in '/home/rumy/acrome_ws/build/mecanum_drive_controller': CMAKE_PREFIX_PATH=${CMAKE_PREFIX_PATH}:/home/rumy/acrome_ws/install/rqt_joint_trajectory_controller:/home/rumy/acrome_ws/install/ros2_controllers_test_nodes:/opt/ros/jazzy DEBUGINFOD_URLS=https://debuginfod.ubuntu.com /usr/bin/cmake --build /home/rumy/acrome_ws/build/mecanum_drive_controller -- -j12 -l12
[1.967s] [ 12%] Built target mecanum_drive_controller_parameters
[1.972s] [ 25%] Built target gmock_main
[1.980s] [ 43%] Built target gmock
[2.020s] [ 62%] Built target mecanum_drive_controller
[2.039s] [ 75%] Built target test_load_mecanum_drive_controller
[2.079s] [ 87%] Built target test_mecanum_drive_controller
[2.081s] [100%] Built target test_mecanum_drive_controller_preceding
[2.140s] Invoked command in '/home/rumy/acrome_ws/build/mecanum_drive_controller' returned '0': CMAKE_PREFIX_PATH=${CMAKE_PREFIX_PATH}:/home/rumy/acrome_ws/install/rqt_joint_trajectory_controller:/home/rumy/acrome_ws/install/ros2_controllers_test_nodes:/opt/ros/jazzy DEBUGINFOD_URLS=https://debuginfod.ubuntu.com /usr/bin/cmake --build /home/rumy/acrome_ws/build/mecanum_drive_controller -- -j12 -l12
[2.141s] Invoking command in '/home/rumy/acrome_ws/build/mecanum_drive_controller': CMAKE_PREFIX_PATH=${CMAKE_PREFIX_PATH}:/home/rumy/acrome_ws/install/rqt_joint_trajectory_controller:/home/rumy/acrome_ws/install/ros2_controllers_test_nodes:/opt/ros/jazzy DEBUGINFOD_URLS=https://debuginfod.ubuntu.com /usr/bin/cmake --install /home/rumy/acrome_ws/build/mecanum_drive_controller
[2.152s] -- Install configuration: ""
[2.152s] -- Execute custom install script
[2.152s] -- Up-to-date symlink: /home/rumy/acrome_ws/install/mecanum_drive_controller/include/mecanum_drive_controller/mecanum_drive_controller_parameters.hpp
[2.153s] -- Up-to-date symlink: /home/rumy/acrome_ws/install/mecanum_drive_controller/share/mecanum_drive_controller//mecanum_drive_controller.xml
[2.154s] -- Up-to-date symlink: /home/rumy/acrome_ws/install/mecanum_drive_controller/include/mecanum_drive_controller/mecanum_drive_controller/mecanum_drive_controller.hpp
[2.154s] -- Up-to-date symlink: /home/rumy/acrome_ws/install/mecanum_drive_controller/include/mecanum_drive_controller/mecanum_drive_controller/odometry.hpp
[2.154s] -- Up-to-date symlink: /home/rumy/acrome_ws/install/mecanum_drive_controller/share/mecanum_drive_controller/environment/library_path.sh
[2.154s] -- Up-to-date symlink: /home/rumy/acrome_ws/install/mecanum_drive_controller/share/mecanum_drive_controller/environment/library_path.dsv
[2.154s] -- Up-to-date symlink: /home/rumy/acrome_ws/install/mecanum_drive_controller/share/ament_index/resource_index/package_run_dependencies/mecanum_drive_controller
[2.155s] -- Up-to-date symlink: /home/rumy/acrome_ws/install/mecanum_drive_controller/share/ament_index/resource_index/parent_prefix_path/mecanum_drive_controller
[2.155s] -- Up-to-date symlink: /home/rumy/acrome_ws/install/mecanum_drive_controller/share/mecanum_drive_controller/environment/ament_prefix_path.sh
[2.155s] -- Up-to-date symlink: /home/rumy/acrome_ws/install/mecanum_drive_controller/share/mecanum_drive_controller/environment/ament_prefix_path.dsv
[2.156s] -- Up-to-date symlink: /home/rumy/acrome_ws/install/mecanum_drive_controller/share/mecanum_drive_controller/environment/path.sh
[2.156s] -- Up-to-date symlink: /home/rumy/acrome_ws/install/mecanum_drive_controller/share/mecanum_drive_controller/environment/path.dsv
[2.156s] -- Up-to-date symlink: /home/rumy/acrome_ws/install/mecanum_drive_controller/share/mecanum_drive_controller/local_setup.bash
[2.156s] -- Up-to-date symlink: /home/rumy/acrome_ws/install/mecanum_drive_controller/share/mecanum_drive_controller/local_setup.sh
[2.158s] -- Up-to-date symlink: /home/rumy/acrome_ws/install/mecanum_drive_controller/share/mecanum_drive_controller/local_setup.zsh
[2.158s] -- Up-to-date symlink: /home/rumy/acrome_ws/install/mecanum_drive_controller/share/mecanum_drive_controller/local_setup.dsv
[2.158s] -- Symlinking: /home/rumy/acrome_ws/install/mecanum_drive_controller/share/mecanum_drive_controller/package.dsv
[2.171s] -- Up-to-date symlink: /home/rumy/acrome_ws/install/mecanum_drive_controller/share/ament_index/resource_index/packages/mecanum_drive_controller
[2.171s] -- Up-to-date symlink: /home/rumy/acrome_ws/install/mecanum_drive_controller/share/ament_index/resource_index/controller_interface__pluginlib__plugin/mecanum_drive_controller
[2.171s] -- Up-to-date symlink: /home/rumy/acrome_ws/install/mecanum_drive_controller/share/mecanum_drive_controller/cmake/ament_cmake_export_dependencies-extras.cmake
[2.172s] -- Up-to-date symlink: /home/rumy/acrome_ws/install/mecanum_drive_controller/share/mecanum_drive_controller/cmake/ament_cmake_export_targets-extras.cmake
[2.172s] -- Up-to-date symlink: /home/rumy/acrome_ws/install/mecanum_drive_controller/share/mecanum_drive_controller/cmake/mecanum_drive_controllerConfig.cmake
[2.172s] -- Up-to-date symlink: /home/rumy/acrome_ws/install/mecanum_drive_controller/share/mecanum_drive_controller/cmake/mecanum_drive_controllerConfig-version.cmake
[2.172s] -- Up-to-date symlink: /home/rumy/acrome_ws/install/mecanum_drive_controller/share/mecanum_drive_controller/package.xml
[2.172s] -- Installing: /home/rumy/acrome_ws/install/mecanum_drive_controller/lib/libmecanum_drive_controller.so
[2.180s] -- Set non-toolchain portion of runtime path of "/home/rumy/acrome_ws/install/mecanum_drive_controller/lib/libmecanum_drive_controller.so" to ""
[2.180s] -- Up-to-date: /home/rumy/acrome_ws/install/mecanum_drive_controller/share/mecanum_drive_controller/cmake/export_mecanum_drive_controllerExport.cmake
[2.181s] -- Up-to-date: /home/rumy/acrome_ws/install/mecanum_drive_controller/share/mecanum_drive_controller/cmake/export_mecanum_drive_controllerExport-noconfig.cmake
[2.220s] Invoked command in '/home/rumy/acrome_ws/build/mecanum_drive_controller' returned '0': CMAKE_PREFIX_PATH=${CMAKE_PREFIX_PATH}:/home/rumy/acrome_ws/install/rqt_joint_trajectory_controller:/home/rumy/acrome_ws/install/ros2_controllers_test_nodes:/opt/ros/jazzy DEBUGINFOD_URLS=https://debuginfod.ubuntu.com /usr/bin/cmake --install /home/rumy/acrome_ws/build/mecanum_drive_controller
