[0.048s] Invoking command in '/home/rumy/acrome_ws/build/joint_state_broadcaster': CMAKE_PREFIX_PATH=${CMAKE_PREFIX_PATH}:/home/rumy/acrome_ws/install/rqt_joint_trajectory_controller:/home/rumy/acrome_ws/install/ros2_controllers_test_nodes:/opt/ros/jazzy DEBUGINFOD_URLS=https://debuginfod.ubuntu.com /usr/bin/cmake --build /home/rumy/acrome_ws/build/joint_state_broadcaster -- -j12 -l12
[0.185s] [ 15%] Built target joint_state_broadcaster_parameters
[0.201s] [ 38%] Built target gmock
[0.206s] [ 53%] Built target gmock_main
[0.270s] [ 69%] Built target joint_state_broadcaster
[0.357s] [ 84%] Built target test_joint_state_broadcaster
[0.373s] [100%] Built target test_load_joint_state_broadcaster
[0.433s] Invoked command in '/home/rumy/acrome_ws/build/joint_state_broadcaster' returned '0': CMAKE_PREFIX_PATH=${CMAKE_PREFIX_PATH}:/home/rumy/acrome_ws/install/rqt_joint_trajectory_controller:/home/rumy/acrome_ws/install/ros2_controllers_test_nodes:/opt/ros/jazzy DEBUGINFOD_URLS=https://debuginfod.ubuntu.com /usr/bin/cmake --build /home/rumy/acrome_ws/build/joint_state_broadcaster -- -j12 -l12
[0.433s] Invoking command in '/home/rumy/acrome_ws/build/joint_state_broadcaster': CMAKE_PREFIX_PATH=${CMAKE_PREFIX_PATH}:/home/rumy/acrome_ws/install/rqt_joint_trajectory_controller:/home/rumy/acrome_ws/install/ros2_controllers_test_nodes:/opt/ros/jazzy DEBUGINFOD_URLS=https://debuginfod.ubuntu.com /usr/bin/cmake --install /home/rumy/acrome_ws/build/joint_state_broadcaster
[0.487s] -- Install configuration: ""
[0.488s] -- Execute custom install script
[0.488s] -- Up-to-date symlink: /home/rumy/acrome_ws/install/joint_state_broadcaster/include/joint_state_broadcaster/joint_state_broadcaster_parameters.hpp
[0.488s] -- Up-to-date symlink: /home/rumy/acrome_ws/install/joint_state_broadcaster/share/joint_state_broadcaster//joint_state_plugin.xml
[0.488s] -- Up-to-date symlink: /home/rumy/acrome_ws/install/joint_state_broadcaster/include/joint_state_broadcaster/joint_state_broadcaster/joint_state_broadcaster.hpp
[0.488s] -- Up-to-date symlink: /home/rumy/acrome_ws/install/joint_state_broadcaster/share/joint_state_broadcaster/environment/library_path.sh
[0.488s] -- Up-to-date symlink: /home/rumy/acrome_ws/install/joint_state_broadcaster/share/joint_state_broadcaster/environment/library_path.dsv
[0.488s] -- Up-to-date symlink: /home/rumy/acrome_ws/install/joint_state_broadcaster/share/ament_index/resource_index/package_run_dependencies/joint_state_broadcaster
[0.488s] -- Up-to-date symlink: /home/rumy/acrome_ws/install/joint_state_broadcaster/share/ament_index/resource_index/parent_prefix_path/joint_state_broadcaster
[0.488s] -- Up-to-date symlink: /home/rumy/acrome_ws/install/joint_state_broadcaster/share/joint_state_broadcaster/environment/ament_prefix_path.sh
[0.488s] -- Up-to-date symlink: /home/rumy/acrome_ws/install/joint_state_broadcaster/share/joint_state_broadcaster/environment/ament_prefix_path.dsv
[0.488s] -- Up-to-date symlink: /home/rumy/acrome_ws/install/joint_state_broadcaster/share/joint_state_broadcaster/environment/path.sh
[0.488s] -- Up-to-date symlink: /home/rumy/acrome_ws/install/joint_state_broadcaster/share/joint_state_broadcaster/environment/path.dsv
[0.488s] -- Up-to-date symlink: /home/rumy/acrome_ws/install/joint_state_broadcaster/share/joint_state_broadcaster/local_setup.bash
[0.488s] -- Up-to-date symlink: /home/rumy/acrome_ws/install/joint_state_broadcaster/share/joint_state_broadcaster/local_setup.sh
[0.488s] -- Up-to-date symlink: /home/rumy/acrome_ws/install/joint_state_broadcaster/share/joint_state_broadcaster/local_setup.zsh
[0.488s] -- Up-to-date symlink: /home/rumy/acrome_ws/install/joint_state_broadcaster/share/joint_state_broadcaster/local_setup.dsv
[0.488s] -- Symlinking: /home/rumy/acrome_ws/install/joint_state_broadcaster/share/joint_state_broadcaster/package.dsv
[0.489s] -- Up-to-date symlink: /home/rumy/acrome_ws/install/joint_state_broadcaster/share/ament_index/resource_index/packages/joint_state_broadcaster
[0.489s] -- Up-to-date symlink: /home/rumy/acrome_ws/install/joint_state_broadcaster/share/ament_index/resource_index/controller_interface__pluginlib__plugin/joint_state_broadcaster
[0.489s] -- Up-to-date symlink: /home/rumy/acrome_ws/install/joint_state_broadcaster/share/joint_state_broadcaster/cmake/ament_cmake_export_dependencies-extras.cmake
[0.489s] -- Up-to-date symlink: /home/rumy/acrome_ws/install/joint_state_broadcaster/share/joint_state_broadcaster/cmake/ament_cmake_export_targets-extras.cmake
[0.489s] -- Up-to-date symlink: /home/rumy/acrome_ws/install/joint_state_broadcaster/share/joint_state_broadcaster/cmake/joint_state_broadcasterConfig.cmake
[0.489s] -- Up-to-date symlink: /home/rumy/acrome_ws/install/joint_state_broadcaster/share/joint_state_broadcaster/cmake/joint_state_broadcasterConfig-version.cmake
[0.489s] -- Up-to-date symlink: /home/rumy/acrome_ws/install/joint_state_broadcaster/share/joint_state_broadcaster/package.xml
[0.489s] -- Up-to-date: /home/rumy/acrome_ws/install/joint_state_broadcaster/lib/libjoint_state_broadcaster.so
[0.489s] -- Up-to-date: /home/rumy/acrome_ws/install/joint_state_broadcaster/share/joint_state_broadcaster/cmake/export_joint_state_broadcasterExport.cmake
[0.489s] -- Up-to-date: /home/rumy/acrome_ws/install/joint_state_broadcaster/share/joint_state_broadcaster/cmake/export_joint_state_broadcasterExport-noconfig.cmake
[0.552s] Invoked command in '/home/rumy/acrome_ws/build/joint_state_broadcaster' returned '0': CMAKE_PREFIX_PATH=${CMAKE_PREFIX_PATH}:/home/rumy/acrome_ws/install/rqt_joint_trajectory_controller:/home/rumy/acrome_ws/install/ros2_controllers_test_nodes:/opt/ros/jazzy DEBUGINFOD_URLS=https://debuginfod.ubuntu.com /usr/bin/cmake --install /home/rumy/acrome_ws/build/joint_state_broadcaster
