[0.049s] Invoking command in '/home/rumy/acrome_ws/build/imu_sensor_broadcaster': CMAKE_PREFIX_PATH=${CMAKE_PREFIX_PATH}:/home/rumy/acrome_ws/install/rqt_joint_trajectory_controller:/home/rumy/acrome_ws/install/ros2_controllers_test_nodes:/opt/ros/jazzy DEBUGINFOD_URLS=https://debuginfod.ubuntu.com /usr/bin/cmake --build /home/rumy/acrome_ws/build/imu_sensor_broadcaster -- -j12 -l12
[0.171s] [ 15%] Built target imu_sensor_broadcaster_parameters
[0.202s] [ 38%] Built target gmock
[0.202s] [ 53%] Built target gmock_main
[0.288s] [ 69%] Built target imu_sensor_broadcaster
[0.386s] [ 84%] Built target test_load_imu_sensor_broadcaster
[0.388s] [100%] Built target test_imu_sensor_broadcaster
[0.434s] Invoked command in '/home/rumy/acrome_ws/build/imu_sensor_broadcaster' returned '0': CMAKE_PREFIX_PATH=${CMAKE_PREFIX_PATH}:/home/rumy/acrome_ws/install/rqt_joint_trajectory_controller:/home/rumy/acrome_ws/install/ros2_controllers_test_nodes:/opt/ros/jazzy DEBUGINFOD_URLS=https://debuginfod.ubuntu.com /usr/bin/cmake --build /home/rumy/acrome_ws/build/imu_sensor_broadcaster -- -j12 -l12
[0.436s] Invoking command in '/home/rumy/acrome_ws/build/imu_sensor_broadcaster': CMAKE_PREFIX_PATH=${CMAKE_PREFIX_PATH}:/home/rumy/acrome_ws/install/rqt_joint_trajectory_controller:/home/rumy/acrome_ws/install/ros2_controllers_test_nodes:/opt/ros/jazzy DEBUGINFOD_URLS=https://debuginfod.ubuntu.com /usr/bin/cmake --install /home/rumy/acrome_ws/build/imu_sensor_broadcaster
[0.445s] -- Install configuration: ""
[0.445s] -- Execute custom install script
[0.445s] -- Up-to-date symlink: /home/rumy/acrome_ws/install/imu_sensor_broadcaster/include/imu_sensor_broadcaster/imu_sensor_broadcaster_parameters.hpp
[0.446s] -- Up-to-date symlink: /home/rumy/acrome_ws/install/imu_sensor_broadcaster/share/imu_sensor_broadcaster//imu_sensor_broadcaster.xml
[0.446s] -- Up-to-date symlink: /home/rumy/acrome_ws/install/imu_sensor_broadcaster/include/imu_sensor_broadcaster/imu_sensor_broadcaster/imu_sensor_broadcaster.hpp
[0.447s] -- Up-to-date symlink: /home/rumy/acrome_ws/install/imu_sensor_broadcaster/share/imu_sensor_broadcaster/environment/library_path.sh
[0.447s] -- Up-to-date symlink: /home/rumy/acrome_ws/install/imu_sensor_broadcaster/share/imu_sensor_broadcaster/environment/library_path.dsv
[0.447s] -- Up-to-date symlink: /home/rumy/acrome_ws/install/imu_sensor_broadcaster/share/ament_index/resource_index/package_run_dependencies/imu_sensor_broadcaster
[0.447s] -- Up-to-date symlink: /home/rumy/acrome_ws/install/imu_sensor_broadcaster/share/ament_index/resource_index/parent_prefix_path/imu_sensor_broadcaster
[0.447s] -- Up-to-date symlink: /home/rumy/acrome_ws/install/imu_sensor_broadcaster/share/imu_sensor_broadcaster/environment/ament_prefix_path.sh
[0.448s] -- Up-to-date symlink: /home/rumy/acrome_ws/install/imu_sensor_broadcaster/share/imu_sensor_broadcaster/environment/ament_prefix_path.dsv
[0.448s] -- Up-to-date symlink: /home/rumy/acrome_ws/install/imu_sensor_broadcaster/share/imu_sensor_broadcaster/environment/path.sh
[0.448s] -- Up-to-date symlink: /home/rumy/acrome_ws/install/imu_sensor_broadcaster/share/imu_sensor_broadcaster/environment/path.dsv
[0.448s] -- Up-to-date symlink: /home/rumy/acrome_ws/install/imu_sensor_broadcaster/share/imu_sensor_broadcaster/local_setup.bash
[0.449s] -- Up-to-date symlink: /home/rumy/acrome_ws/install/imu_sensor_broadcaster/share/imu_sensor_broadcaster/local_setup.sh
[0.449s] -- Up-to-date symlink: /home/rumy/acrome_ws/install/imu_sensor_broadcaster/share/imu_sensor_broadcaster/local_setup.zsh
[0.449s] -- Up-to-date symlink: /home/rumy/acrome_ws/install/imu_sensor_broadcaster/share/imu_sensor_broadcaster/local_setup.dsv
[0.449s] -- Symlinking: /home/rumy/acrome_ws/install/imu_sensor_broadcaster/share/imu_sensor_broadcaster/package.dsv
[0.464s] -- Up-to-date symlink: /home/rumy/acrome_ws/install/imu_sensor_broadcaster/share/ament_index/resource_index/packages/imu_sensor_broadcaster
[0.464s] -- Up-to-date symlink: /home/rumy/acrome_ws/install/imu_sensor_broadcaster/share/ament_index/resource_index/controller_interface__pluginlib__plugin/imu_sensor_broadcaster
[0.464s] -- Up-to-date symlink: /home/rumy/acrome_ws/install/imu_sensor_broadcaster/share/imu_sensor_broadcaster/cmake/ament_cmake_export_dependencies-extras.cmake
[0.464s] -- Up-to-date symlink: /home/rumy/acrome_ws/install/imu_sensor_broadcaster/share/imu_sensor_broadcaster/cmake/ament_cmake_export_targets-extras.cmake
[0.464s] -- Up-to-date symlink: /home/rumy/acrome_ws/install/imu_sensor_broadcaster/share/imu_sensor_broadcaster/cmake/imu_sensor_broadcasterConfig.cmake
[0.465s] -- Up-to-date symlink: /home/rumy/acrome_ws/install/imu_sensor_broadcaster/share/imu_sensor_broadcaster/cmake/imu_sensor_broadcasterConfig-version.cmake
[0.465s] -- Up-to-date symlink: /home/rumy/acrome_ws/install/imu_sensor_broadcaster/share/imu_sensor_broadcaster/package.xml
[0.465s] -- Up-to-date: /home/rumy/acrome_ws/install/imu_sensor_broadcaster/lib/libimu_sensor_broadcaster.so
[0.466s] -- Up-to-date: /home/rumy/acrome_ws/install/imu_sensor_broadcaster/share/imu_sensor_broadcaster/cmake/export_imu_sensor_broadcasterExport.cmake
[0.466s] -- Up-to-date: /home/rumy/acrome_ws/install/imu_sensor_broadcaster/share/imu_sensor_broadcaster/cmake/export_imu_sensor_broadcasterExport-noconfig.cmake
[0.516s] Invoked command in '/home/rumy/acrome_ws/build/imu_sensor_broadcaster' returned '0': CMAKE_PREFIX_PATH=${CMAKE_PREFIX_PATH}:/home/rumy/acrome_ws/install/rqt_joint_trajectory_controller:/home/rumy/acrome_ws/install/ros2_controllers_test_nodes:/opt/ros/jazzy DEBUGINFOD_URLS=https://debuginfod.ubuntu.com /usr/bin/cmake --install /home/rumy/acrome_ws/build/imu_sensor_broadcaster
