[0.041s] Invoking command in '/home/rumy/acrome_ws/build/range_sensor_broadcaster': CMAKE_PREFIX_PATH=${CMAKE_PREFIX_PATH}:/home/rumy/acrome_ws/install/rqt_joint_trajectory_controller:/home/rumy/acrome_ws/install/ros2_controllers_test_nodes:/opt/ros/jazzy DEBUGINFOD_URLS=https://debuginfod.ubuntu.com /usr/bin/cmake --build /home/rumy/acrome_ws/build/range_sensor_broadcaster -- -j12 -l12
[0.385s] [ 15%] Built target range_sensor_broadcaster_parameters
[0.385s] [ 30%] Built target gmock_main
[0.386s] [ 53%] Built target gmock
[0.386s] [ 69%] Built target range_sensor_broadcaster
[0.386s] [ 84%] Built target test_range_sensor_broadcaster
[0.386s] [100%] Built target test_load_range_sensor_broadcaster
[0.439s] Invoked command in '/home/rumy/acrome_ws/build/range_sensor_broadcaster' returned '0': CMAKE_PREFIX_PATH=${CMAKE_PREFIX_PATH}:/home/rumy/acrome_ws/install/rqt_joint_trajectory_controller:/home/rumy/acrome_ws/install/ros2_controllers_test_nodes:/opt/ros/jazzy DEBUGINFOD_URLS=https://debuginfod.ubuntu.com /usr/bin/cmake --build /home/rumy/acrome_ws/build/range_sensor_broadcaster -- -j12 -l12
[0.441s] Invoking command in '/home/rumy/acrome_ws/build/range_sensor_broadcaster': CMAKE_PREFIX_PATH=${CMAKE_PREFIX_PATH}:/home/rumy/acrome_ws/install/rqt_joint_trajectory_controller:/home/rumy/acrome_ws/install/ros2_controllers_test_nodes:/opt/ros/jazzy DEBUGINFOD_URLS=https://debuginfod.ubuntu.com /usr/bin/cmake --install /home/rumy/acrome_ws/build/range_sensor_broadcaster
[0.456s] -- Install configuration: ""
[0.457s] -- Execute custom install script
[0.459s] -- Up-to-date symlink: /home/rumy/acrome_ws/install/range_sensor_broadcaster/include/range_sensor_broadcaster/range_sensor_broadcaster_parameters.hpp
[0.459s] -- Up-to-date symlink: /home/rumy/acrome_ws/install/range_sensor_broadcaster/share/range_sensor_broadcaster//range_sensor_broadcaster.xml
[0.461s] -- Up-to-date symlink: /home/rumy/acrome_ws/install/range_sensor_broadcaster/include/range_sensor_broadcaster/range_sensor_broadcaster.hpp
[0.462s] -- Up-to-date symlink: /home/rumy/acrome_ws/install/range_sensor_broadcaster/share/range_sensor_broadcaster/environment/library_path.sh
[0.462s] -- Up-to-date symlink: /home/rumy/acrome_ws/install/range_sensor_broadcaster/share/range_sensor_broadcaster/environment/library_path.dsv
[0.462s] -- Up-to-date symlink: /home/rumy/acrome_ws/install/range_sensor_broadcaster/share/ament_index/resource_index/package_run_dependencies/range_sensor_broadcaster
[0.462s] -- Up-to-date symlink: /home/rumy/acrome_ws/install/range_sensor_broadcaster/share/ament_index/resource_index/parent_prefix_path/range_sensor_broadcaster
[0.462s] -- Up-to-date symlink: /home/rumy/acrome_ws/install/range_sensor_broadcaster/share/range_sensor_broadcaster/environment/ament_prefix_path.sh
[0.462s] -- Up-to-date symlink: /home/rumy/acrome_ws/install/range_sensor_broadcaster/share/range_sensor_broadcaster/environment/ament_prefix_path.dsv
[0.463s] -- Up-to-date symlink: /home/rumy/acrome_ws/install/range_sensor_broadcaster/share/range_sensor_broadcaster/environment/path.sh
[0.463s] -- Up-to-date symlink: /home/rumy/acrome_ws/install/range_sensor_broadcaster/share/range_sensor_broadcaster/environment/path.dsv
[0.463s] -- Up-to-date symlink: /home/rumy/acrome_ws/install/range_sensor_broadcaster/share/range_sensor_broadcaster/local_setup.bash
[0.463s] -- Up-to-date symlink: /home/rumy/acrome_ws/install/range_sensor_broadcaster/share/range_sensor_broadcaster/local_setup.sh
[0.463s] -- Up-to-date symlink: /home/rumy/acrome_ws/install/range_sensor_broadcaster/share/range_sensor_broadcaster/local_setup.zsh
[0.463s] -- Up-to-date symlink: /home/rumy/acrome_ws/install/range_sensor_broadcaster/share/range_sensor_broadcaster/local_setup.dsv
[0.463s] -- Symlinking: /home/rumy/acrome_ws/install/range_sensor_broadcaster/share/range_sensor_broadcaster/package.dsv
[0.467s] -- Up-to-date symlink: /home/rumy/acrome_ws/install/range_sensor_broadcaster/share/ament_index/resource_index/packages/range_sensor_broadcaster
[0.467s] -- Up-to-date symlink: /home/rumy/acrome_ws/install/range_sensor_broadcaster/share/ament_index/resource_index/controller_interface__pluginlib__plugin/range_sensor_broadcaster
[0.467s] -- Up-to-date symlink: /home/rumy/acrome_ws/install/range_sensor_broadcaster/share/range_sensor_broadcaster/cmake/ament_cmake_export_dependencies-extras.cmake
[0.467s] -- Up-to-date symlink: /home/rumy/acrome_ws/install/range_sensor_broadcaster/share/range_sensor_broadcaster/cmake/ament_cmake_export_targets-extras.cmake
[0.467s] -- Up-to-date symlink: /home/rumy/acrome_ws/install/range_sensor_broadcaster/share/range_sensor_broadcaster/cmake/range_sensor_broadcasterConfig.cmake
[0.467s] -- Up-to-date symlink: /home/rumy/acrome_ws/install/range_sensor_broadcaster/share/range_sensor_broadcaster/cmake/range_sensor_broadcasterConfig-version.cmake
[0.468s] -- Up-to-date symlink: /home/rumy/acrome_ws/install/range_sensor_broadcaster/share/range_sensor_broadcaster/package.xml
[0.468s] -- Up-to-date: /home/rumy/acrome_ws/install/range_sensor_broadcaster/lib/librange_sensor_broadcaster.so
[0.468s] -- Up-to-date: /home/rumy/acrome_ws/install/range_sensor_broadcaster/share/range_sensor_broadcaster/cmake/export_range_sensor_broadcasterExport.cmake
[0.468s] -- Up-to-date: /home/rumy/acrome_ws/install/range_sensor_broadcaster/share/range_sensor_broadcaster/cmake/export_range_sensor_broadcasterExport-noconfig.cmake
[0.612s] Invoked command in '/home/rumy/acrome_ws/build/range_sensor_broadcaster' returned '0': CMAKE_PREFIX_PATH=${CMAKE_PREFIX_PATH}:/home/rumy/acrome_ws/install/rqt_joint_trajectory_controller:/home/rumy/acrome_ws/install/ros2_controllers_test_nodes:/opt/ros/jazzy DEBUGINFOD_URLS=https://debuginfod.ubuntu.com /usr/bin/cmake --install /home/rumy/acrome_ws/build/range_sensor_broadcaster
