[0.046s] Invoking command in '/home/rumy/acrome_ws/build/gps_sensor_broadcaster': CMAKE_PREFIX_PATH=${CMAKE_PREFIX_PATH}:/home/rumy/acrome_ws/install/rqt_joint_trajectory_controller:/home/rumy/acrome_ws/install/ros2_controllers_test_nodes:/opt/ros/jazzy DEBUGINFOD_URLS=https://debuginfod.ubuntu.com /usr/bin/cmake --build /home/rumy/acrome_ws/build/gps_sensor_broadcaster -- -j12 -l12
[0.079s] -- Found ros2_control_cmake: 0.2.1 (/opt/ros/jazzy/share/ros2_control_cmake/cmake)
[0.079s] -- Compiler warnings enabled for GNU
[0.079s] -- Detected GCC Version: 13.3.0 (Major: 13, Minor: 3)
[0.079s] -- Found ament_cmake: 2.5.4 (/opt/ros/jazzy/share/ament_cmake/cmake)
[0.407s] -- Override CMake install command with custom implementation using symlinks instead of copying resources
[0.418s] -- Found controller_interface: 4.32.0 (/opt/ros/jazzy/share/controller_interface/cmake)
[0.464s] -- Found rosidl_generator_c: 4.6.5 (/opt/ros/jazzy/share/rosidl_generator_c/cmake)
[0.480s] -- Found rosidl_generator_cpp: 4.6.5 (/opt/ros/jazzy/share/rosidl_generator_cpp/cmake)
[0.498s] -- Using all available rosidl_typesupport_c: rosidl_typesupport_fastrtps_c;rosidl_typesupport_introspection_c
[0.520s] -- Using all available rosidl_typesupport_cpp: rosidl_typesupport_fastrtps_cpp;rosidl_typesupport_introspection_cpp
[0.825s] -- Found TinyXML2 via Config file: /usr/lib/x86_64-linux-gnu/cmake/tinyxml2
[0.887s] -- Found rmw_implementation_cmake: 7.3.2 (/opt/ros/jazzy/share/rmw_implementation_cmake/cmake)
[0.887s] -- Found rmw_fastrtps_cpp: 8.4.2 (/opt/ros/jazzy/share/rmw_fastrtps_cpp/cmake)
[0.916s] -- Found TinyXML2 via Config file: /usr/lib/x86_64-linux-gnu/cmake/tinyxml2
[0.931s] -- Found TinyXML2 via Config file: /usr/lib/x86_64-linux-gnu/cmake/tinyxml2
[0.960s] -- Found TinyXML2 via Config file: /usr/lib/x86_64-linux-gnu/cmake/tinyxml2
[0.971s] -- Found TinyXML2 via Config file: /usr/lib/x86_64-linux-gnu/cmake/tinyxml2
[0.996s] -- Using RMW implementation 'rmw_fastrtps_cpp' as default
[1.198s] -- Found generate_parameter_library: 0.5.0 (/opt/ros/jazzy/share/generate_parameter_library/cmake)
[1.199s] -- Found parameter_traits: 0.5.0 (/opt/ros/jazzy/share/parameter_traits/cmake)
[1.215s] -- Found ament_cmake_gmock: 2.5.4 (/opt/ros/jazzy/share/ament_cmake_gmock/cmake)
[1.217s] -- Found controller_manager: 4.32.0 (/opt/ros/jazzy/share/controller_manager/cmake)
[1.353s] -- Found ros2_control_test_assets: 4.32.0 (/opt/ros/jazzy/share/ros2_control_test_assets/cmake)
[1.354s] -- Found gmock sources under '/opt/ros/jazzy/src/gmock_vendor': C++ tests using 'Google Mock' will be built
[1.360s] -- Found ament_cmake_gtest: 2.5.4 (/opt/ros/jazzy/share/ament_cmake_gtest/cmake)
[1.362s] -- Found gtest sources under '/opt/ros/jazzy/src/gtest_vendor': C++ tests using 'Google Test' will be built
[1.525s] -- Configuring done (1.5s)
[1.604s] -- Generating done (0.1s)
[1.624s] -- Build files have been written to: /home/rumy/acrome_ws/build/gps_sensor_broadcaster
[1.743s] [ 15%] Built target gmock_main
[1.743s] [ 23%] [34m[1mRunning `/opt/ros/jazzy/bin/generate_parameter_library_cpp /home/rumy/acrome_ws/build/gps_sensor_broadcaster/include/gps_sensor_broadcaster/gps_sensor_broadcaster_parameters.hpp /home/rumy/acrome_ws/src/ros2_controllers/gps_sensor_broadcaster/src/gps_sensor_broadcaster_parameters.yaml `[0m
[1.767s] [ 46%] Built target gmock
[3.829s] [ 53%] [34m[1mCreating deprecated header file /home/rumy/acrome_ws/build/gps_sensor_broadcaster/include/gps_sensor_broadcaster_parameters.hpp[0m
[3.895s] [ 53%] Built target gps_sensor_broadcaster_parameters
[3.982s] [ 61%] [32mBuilding CXX object CMakeFiles/gps_sensor_broadcaster.dir/src/gps_sensor_broadcaster.cpp.o[0m
[19.240s] [ 69%] [32m[1mLinking CXX shared library libgps_sensor_broadcaster.so[0m
[20.341s] [ 69%] Built target gps_sensor_broadcaster
[20.469s] [ 76%] [32mBuilding CXX object CMakeFiles/test_gps_sensor_broadcaster.dir/test/test_gps_sensor_broadcaster.cpp.o[0m
[20.480s] [ 84%] [32mBuilding CXX object CMakeFiles/test_load_gps_sensor_broadcaster.dir/test/test_load_gps_sensor_broadcaster.cpp.o[0m
[37.032s] [ 92%] [32m[1mLinking CXX executable test_load_gps_sensor_broadcaster[0m
[38.726s] [ 92%] Built target test_load_gps_sensor_broadcaster
[41.350s] [100%] [32m[1mLinking CXX executable test_gps_sensor_broadcaster[0m
[43.276s] [100%] Built target test_gps_sensor_broadcaster
[43.321s] Invoked command in '/home/rumy/acrome_ws/build/gps_sensor_broadcaster' returned '0': CMAKE_PREFIX_PATH=${CMAKE_PREFIX_PATH}:/home/rumy/acrome_ws/install/rqt_joint_trajectory_controller:/home/rumy/acrome_ws/install/ros2_controllers_test_nodes:/opt/ros/jazzy DEBUGINFOD_URLS=https://debuginfod.ubuntu.com /usr/bin/cmake --build /home/rumy/acrome_ws/build/gps_sensor_broadcaster -- -j12 -l12
[43.322s] Invoking command in '/home/rumy/acrome_ws/build/gps_sensor_broadcaster': CMAKE_PREFIX_PATH=${CMAKE_PREFIX_PATH}:/home/rumy/acrome_ws/install/rqt_joint_trajectory_controller:/home/rumy/acrome_ws/install/ros2_controllers_test_nodes:/opt/ros/jazzy DEBUGINFOD_URLS=https://debuginfod.ubuntu.com /usr/bin/cmake --install /home/rumy/acrome_ws/build/gps_sensor_broadcaster
[45.143s] -- Install configuration: ""
[45.143s] -- Execute custom install script
[45.143s] -- Up-to-date symlink: /home/rumy/acrome_ws/install/gps_sensor_broadcaster/include/gps_sensor_broadcaster/gps_sensor_broadcaster_parameters.hpp
[45.144s] -- Up-to-date symlink: /home/rumy/acrome_ws/install/gps_sensor_broadcaster/share/gps_sensor_broadcaster//gps_sensor_broadcaster.xml
[45.144s] -- Up-to-date symlink: /home/rumy/acrome_ws/install/gps_sensor_broadcaster/include/gps_sensor_broadcaster/gps_sensor_broadcaster/gps_sensor_broadcaster.hpp
[45.144s] -- Up-to-date symlink: /home/rumy/acrome_ws/install/gps_sensor_broadcaster/share/gps_sensor_broadcaster/environment/library_path.sh
[45.144s] -- Up-to-date symlink: /home/rumy/acrome_ws/install/gps_sensor_broadcaster/share/gps_sensor_broadcaster/environment/library_path.dsv
[45.144s] -- Up-to-date symlink: /home/rumy/acrome_ws/install/gps_sensor_broadcaster/share/ament_index/resource_index/package_run_dependencies/gps_sensor_broadcaster
[45.144s] -- Up-to-date symlink: /home/rumy/acrome_ws/install/gps_sensor_broadcaster/share/ament_index/resource_index/parent_prefix_path/gps_sensor_broadcaster
[45.144s] -- Up-to-date symlink: /home/rumy/acrome_ws/install/gps_sensor_broadcaster/share/gps_sensor_broadcaster/environment/ament_prefix_path.sh
[45.144s] -- Up-to-date symlink: /home/rumy/acrome_ws/install/gps_sensor_broadcaster/share/gps_sensor_broadcaster/environment/ament_prefix_path.dsv
[45.145s] -- Up-to-date symlink: /home/rumy/acrome_ws/install/gps_sensor_broadcaster/share/gps_sensor_broadcaster/environment/path.sh
[45.145s] -- Up-to-date symlink: /home/rumy/acrome_ws/install/gps_sensor_broadcaster/share/gps_sensor_broadcaster/environment/path.dsv
[45.145s] -- Up-to-date symlink: /home/rumy/acrome_ws/install/gps_sensor_broadcaster/share/gps_sensor_broadcaster/local_setup.bash
[45.145s] -- Up-to-date symlink: /home/rumy/acrome_ws/install/gps_sensor_broadcaster/share/gps_sensor_broadcaster/local_setup.sh
[45.145s] -- Up-to-date symlink: /home/rumy/acrome_ws/install/gps_sensor_broadcaster/share/gps_sensor_broadcaster/local_setup.zsh
[45.145s] -- Up-to-date symlink: /home/rumy/acrome_ws/install/gps_sensor_broadcaster/share/gps_sensor_broadcaster/local_setup.dsv
[45.145s] -- Symlinking: /home/rumy/acrome_ws/install/gps_sensor_broadcaster/share/gps_sensor_broadcaster/package.dsv
[45.145s] -- Up-to-date symlink: /home/rumy/acrome_ws/install/gps_sensor_broadcaster/share/ament_index/resource_index/packages/gps_sensor_broadcaster
[45.146s] -- Up-to-date symlink: /home/rumy/acrome_ws/install/gps_sensor_broadcaster/share/ament_index/resource_index/controller_interface__pluginlib__plugin/gps_sensor_broadcaster
[45.146s] -- Up-to-date symlink: /home/rumy/acrome_ws/install/gps_sensor_broadcaster/share/gps_sensor_broadcaster/cmake/ament_cmake_export_dependencies-extras.cmake
[45.146s] -- Up-to-date symlink: /home/rumy/acrome_ws/install/gps_sensor_broadcaster/share/gps_sensor_broadcaster/cmake/ament_cmake_export_targets-extras.cmake
[45.146s] -- Up-to-date symlink: /home/rumy/acrome_ws/install/gps_sensor_broadcaster/share/gps_sensor_broadcaster/cmake/gps_sensor_broadcasterConfig.cmake
[45.146s] -- Up-to-date symlink: /home/rumy/acrome_ws/install/gps_sensor_broadcaster/share/gps_sensor_broadcaster/cmake/gps_sensor_broadcasterConfig-version.cmake
[45.146s] -- Up-to-date symlink: /home/rumy/acrome_ws/install/gps_sensor_broadcaster/share/gps_sensor_broadcaster/package.xml
[45.147s] -- Installing: /home/rumy/acrome_ws/install/gps_sensor_broadcaster/lib/libgps_sensor_broadcaster.so
[45.147s] -- Set non-toolchain portion of runtime path of "/home/rumy/acrome_ws/install/gps_sensor_broadcaster/lib/libgps_sensor_broadcaster.so" to ""
[45.148s] -- Up-to-date: /home/rumy/acrome_ws/install/gps_sensor_broadcaster/share/gps_sensor_broadcaster/cmake/export_gps_sensor_broadcasterExport.cmake
[45.148s] -- Up-to-date: /home/rumy/acrome_ws/install/gps_sensor_broadcaster/share/gps_sensor_broadcaster/cmake/export_gps_sensor_broadcasterExport-noconfig.cmake
[45.222s] Invoked command in '/home/rumy/acrome_ws/build/gps_sensor_broadcaster' returned '0': CMAKE_PREFIX_PATH=${CMAKE_PREFIX_PATH}:/home/rumy/acrome_ws/install/rqt_joint_trajectory_controller:/home/rumy/acrome_ws/install/ros2_controllers_test_nodes:/opt/ros/jazzy DEBUGINFOD_URLS=https://debuginfod.ubuntu.com /usr/bin/cmake --install /home/rumy/acrome_ws/build/gps_sensor_broadcaster
