-- Found ros2_control_cmake: 0.2.1 (/opt/ros/jazzy/share/ros2_control_cmake/cmake)
-- Compiler warnings enabled for GNU
-- Detected GCC Version: 13.3.0 (Major: 13, Minor: 3)
-- Found ament_cmake: 2.5.4 (/opt/ros/jazzy/share/ament_cmake/cmake)
-- Override CMake install command with custom implementation using symlinks instead of copying resources
-- Found controller_interface: 4.32.0 (/opt/ros/jazzy/share/controller_interface/cmake)
-- Found rosidl_generator_c: 4.6.5 (/opt/ros/jazzy/share/rosidl_generator_c/cmake)
-- Found rosidl_generator_cpp: 4.6.5 (/opt/ros/jazzy/share/rosidl_generator_cpp/cmake)
-- Using all available rosidl_typesupport_c: rosidl_typesupport_fastrtps_c;rosidl_typesupport_introspection_c
-- Using all available rosidl_typesupport_cpp: rosidl_typesupport_fastrtps_cpp;rosidl_typesupport_introspection_cpp
-- Found TinyXML2 via Config file: /usr/lib/x86_64-linux-gnu/cmake/tinyxml2
-- Found rmw_implementation_cmake: 7.3.2 (/opt/ros/jazzy/share/rmw_implementation_cmake/cmake)
-- Found rmw_fastrtps_cpp: 8.4.2 (/opt/ros/jazzy/share/rmw_fastrtps_cpp/cmake)
-- Found TinyXML2 via Config file: /usr/lib/x86_64-linux-gnu/cmake/tinyxml2
-- Found TinyXML2 via Config file: /usr/lib/x86_64-linux-gnu/cmake/tinyxml2
-- Found TinyXML2 via Config file: /usr/lib/x86_64-linux-gnu/cmake/tinyxml2
-- Found TinyXML2 via Config file: /usr/lib/x86_64-linux-gnu/cmake/tinyxml2
-- Using RMW implementation 'rmw_fastrtps_cpp' as default
-- Found generate_parameter_library: 0.5.0 (/opt/ros/jazzy/share/generate_parameter_library/cmake)
-- Found parameter_traits: 0.5.0 (/opt/ros/jazzy/share/parameter_traits/cmake)
-- Found std_srvs: 5.3.6 (/opt/ros/jazzy/share/std_srvs/cmake)
-- Found steering_controllers_library: 4.30.1 (/home/rumy/acrome_ws/install/steering_controllers_library/share/steering_controllers_library/cmake)
-- Found eigen3_cmake_module: 0.3.0 (/opt/ros/jazzy/share/eigen3_cmake_module/cmake)
-- Ensuring Eigen3 include directory is part of orocos-kdl CMake target
-- Found ament_cmake_gmock: 2.5.4 (/opt/ros/jazzy/share/ament_cmake_gmock/cmake)
-- Found controller_manager: 4.32.0 (/opt/ros/jazzy/share/controller_manager/cmake)
-- Found ros2_control_test_assets: 4.32.0 (/opt/ros/jazzy/share/ros2_control_test_assets/cmake)
-- Found gmock sources under '/opt/ros/jazzy/src/gmock_vendor': C++ tests using 'Google Mock' will be built
-- Found ament_cmake_gtest: 2.5.4 (/opt/ros/jazzy/share/ament_cmake_gtest/cmake)
-- Found gtest sources under '/opt/ros/jazzy/src/gtest_vendor': C++ tests using 'Google Test' will be built
-- Configuring done (1.5s)
-- Generating done (0.1s)
-- Build files have been written to: /home/rumy/acrome_ws/build/bicycle_steering_controller
[ 13%] Built target gmock_main
[ 26%] Built target bicycle_steering_controller_parameters
[ 46%] Built target gmock
[ 60%] Built target bicycle_steering_controller
[ 73%] Built target test_load_bicycle_steering_controller
[ 86%] Built target test_bicycle_steering_controller_preceding
[100%] Built target test_bicycle_steering_controller
-- Install configuration: ""
-- Execute custom install script
-- Up-to-date symlink: /home/rumy/acrome_ws/install/bicycle_steering_controller/include/bicycle_steering_controller/bicycle_steering_controller_parameters.hpp
-- Up-to-date symlink: /home/rumy/acrome_ws/install/bicycle_steering_controller/share/bicycle_steering_controller//bicycle_steering_controller.xml
-- Up-to-date symlink: /home/rumy/acrome_ws/install/bicycle_steering_controller/include/bicycle_steering_controller/bicycle_steering_controller/bicycle_steering_controller.hpp
-- Up-to-date symlink: /home/rumy/acrome_ws/install/bicycle_steering_controller/share/bicycle_steering_controller/environment/library_path.sh
-- Up-to-date symlink: /home/rumy/acrome_ws/install/bicycle_steering_controller/share/bicycle_steering_controller/environment/library_path.dsv
-- Up-to-date symlink: /home/rumy/acrome_ws/install/bicycle_steering_controller/share/ament_index/resource_index/package_run_dependencies/bicycle_steering_controller
-- Up-to-date symlink: /home/rumy/acrome_ws/install/bicycle_steering_controller/share/ament_index/resource_index/parent_prefix_path/bicycle_steering_controller
-- Up-to-date symlink: /home/rumy/acrome_ws/install/bicycle_steering_controller/share/bicycle_steering_controller/environment/ament_prefix_path.sh
-- Up-to-date symlink: /home/rumy/acrome_ws/install/bicycle_steering_controller/share/bicycle_steering_controller/environment/ament_prefix_path.dsv
-- Up-to-date symlink: /home/rumy/acrome_ws/install/bicycle_steering_controller/share/bicycle_steering_controller/environment/path.sh
-- Up-to-date symlink: /home/rumy/acrome_ws/install/bicycle_steering_controller/share/bicycle_steering_controller/environment/path.dsv
-- Up-to-date symlink: /home/rumy/acrome_ws/install/bicycle_steering_controller/share/bicycle_steering_controller/local_setup.bash
-- Up-to-date symlink: /home/rumy/acrome_ws/install/bicycle_steering_controller/share/bicycle_steering_controller/local_setup.sh
-- Up-to-date symlink: /home/rumy/acrome_ws/install/bicycle_steering_controller/share/bicycle_steering_controller/local_setup.zsh
-- Up-to-date symlink: /home/rumy/acrome_ws/install/bicycle_steering_controller/share/bicycle_steering_controller/local_setup.dsv
-- Symlinking: /home/rumy/acrome_ws/install/bicycle_steering_controller/share/bicycle_steering_controller/package.dsv
-- Up-to-date symlink: /home/rumy/acrome_ws/install/bicycle_steering_controller/share/ament_index/resource_index/packages/bicycle_steering_controller
-- Up-to-date symlink: /home/rumy/acrome_ws/install/bicycle_steering_controller/share/ament_index/resource_index/controller_interface__pluginlib__plugin/bicycle_steering_controller
-- Up-to-date symlink: /home/rumy/acrome_ws/install/bicycle_steering_controller/share/bicycle_steering_controller/cmake/ament_cmake_export_dependencies-extras.cmake
-- Up-to-date symlink: /home/rumy/acrome_ws/install/bicycle_steering_controller/share/bicycle_steering_controller/cmake/ament_cmake_export_targets-extras.cmake
-- Up-to-date symlink: /home/rumy/acrome_ws/install/bicycle_steering_controller/share/bicycle_steering_controller/cmake/bicycle_steering_controllerConfig.cmake
-- Up-to-date symlink: /home/rumy/acrome_ws/install/bicycle_steering_controller/share/bicycle_steering_controller/cmake/bicycle_steering_controllerConfig-version.cmake
-- Up-to-date symlink: /home/rumy/acrome_ws/install/bicycle_steering_controller/share/bicycle_steering_controller/package.xml
-- Up-to-date: /home/rumy/acrome_ws/install/bicycle_steering_controller/lib/libbicycle_steering_controller.so
-- Up-to-date: /home/rumy/acrome_ws/install/bicycle_steering_controller/share/bicycle_steering_controller/cmake/export_bicycle_steering_controllerExport.cmake
-- Up-to-date: /home/rumy/acrome_ws/install/bicycle_steering_controller/share/bicycle_steering_controller/cmake/export_bicycle_steering_controllerExport-noconfig.cmake
