-- Found ros2_control_cmake: 0.2.1 (/opt/ros/jazzy/share/ros2_control_cmake/cmake)
-- Compiler warnings enabled for GNU
-- Detected GCC Version: 13.3.0 (Major: 13, Minor: 3)
-- Found ament_cmake: 2.5.4 (/opt/ros/jazzy/share/ament_cmake/cmake)
-- Override CMake install command with custom implementation using symlinks instead of copying resources
-- Found control_msgs: 5.4.1 (/opt/ros/jazzy/share/control_msgs/cmake)
-- Found rosidl_generator_c: 4.6.5 (/opt/ros/jazzy/share/rosidl_generator_c/cmake)
-- Found rosidl_generator_cpp: 4.6.5 (/opt/ros/jazzy/share/rosidl_generator_cpp/cmake)
-- Using all available rosidl_typesupport_c: rosidl_typesupport_fastrtps_c;rosidl_typesupport_introspection_c
-- Using all available rosidl_typesupport_cpp: rosidl_typesupport_fastrtps_cpp;rosidl_typesupport_introspection_cpp
-- Found control_toolbox: 4.5.0 (/opt/ros/jazzy/share/control_toolbox/cmake)
-- Found rmw_implementation_cmake: 7.3.2 (/opt/ros/jazzy/share/rmw_implementation_cmake/cmake)
-- Found rmw_fastrtps_cpp: 8.4.2 (/opt/ros/jazzy/share/rmw_fastrtps_cpp/cmake)
-- Using RMW implementation 'rmw_fastrtps_cpp' as default
-- Found eigen3_cmake_module: 0.3.0 (/opt/ros/jazzy/share/eigen3_cmake_module/cmake)
-- Ensuring Eigen3 include directory is part of orocos-kdl CMake target
-- Found controller_interface: 4.32.0 (/opt/ros/jazzy/share/controller_interface/cmake)
-- Found ament_cmake_gmock: 2.5.4 (/opt/ros/jazzy/share/ament_cmake_gmock/cmake)
-- Found controller_manager: 4.32.0 (/opt/ros/jazzy/share/controller_manager/cmake)
-- Found ros2_control_test_assets: 4.32.0 (/opt/ros/jazzy/share/ros2_control_test_assets/cmake)
-- Found gmock sources under '/opt/ros/jazzy/src/gmock_vendor': C++ tests using 'Google Mock' will be built
-- Found ament_cmake_gtest: 2.5.4 (/opt/ros/jazzy/share/ament_cmake_gtest/cmake)
-- Found gtest sources under '/opt/ros/jazzy/src/gtest_vendor': C++ tests using 'Google Test' will be built
-- Configuring done (1.6s)
-- Generating done (0.1s)
-- Build files have been written to: /home/rumy/acrome_ws/build/gripper_controllers
[ 15%] Built target gripper_action_controller_parameters
[ 30%] Built target gmock_main
[ 53%] Built target gmock
[ 69%] Built target gripper_action_controller
[ 84%] Built target test_load_gripper_action_controllers
[100%] Built target test_gripper_controllers
-- Install configuration: ""
-- Execute custom install script
-- Up-to-date symlink: /home/rumy/acrome_ws/install/gripper_controllers/include/gripper_controllers/gripper_action_controller_parameters.hpp
-- Up-to-date symlink: /home/rumy/acrome_ws/install/gripper_controllers/share/gripper_controllers//ros_control_plugins.xml
-- Up-to-date symlink: /home/rumy/acrome_ws/install/gripper_controllers/include/gripper_action_controller/gripper_controllers/gripper_action_controller.hpp
-- Up-to-date symlink: /home/rumy/acrome_ws/install/gripper_controllers/include/gripper_action_controller/gripper_controllers/gripper_action_controller_impl.hpp
-- Up-to-date symlink: /home/rumy/acrome_ws/install/gripper_controllers/include/gripper_action_controller/gripper_controllers/hardware_interface_adapter.hpp
-- Up-to-date symlink: /home/rumy/acrome_ws/install/gripper_controllers/share/gripper_controllers/environment/library_path.sh
-- Up-to-date symlink: /home/rumy/acrome_ws/install/gripper_controllers/share/gripper_controllers/environment/library_path.dsv
-- Up-to-date symlink: /home/rumy/acrome_ws/install/gripper_controllers/share/ament_index/resource_index/package_run_dependencies/gripper_controllers
-- Up-to-date symlink: /home/rumy/acrome_ws/install/gripper_controllers/share/ament_index/resource_index/parent_prefix_path/gripper_controllers
-- Up-to-date symlink: /home/rumy/acrome_ws/install/gripper_controllers/share/gripper_controllers/environment/ament_prefix_path.sh
-- Up-to-date symlink: /home/rumy/acrome_ws/install/gripper_controllers/share/gripper_controllers/environment/ament_prefix_path.dsv
-- Up-to-date symlink: /home/rumy/acrome_ws/install/gripper_controllers/share/gripper_controllers/environment/path.sh
-- Up-to-date symlink: /home/rumy/acrome_ws/install/gripper_controllers/share/gripper_controllers/environment/path.dsv
-- Up-to-date symlink: /home/rumy/acrome_ws/install/gripper_controllers/share/gripper_controllers/local_setup.bash
-- Up-to-date symlink: /home/rumy/acrome_ws/install/gripper_controllers/share/gripper_controllers/local_setup.sh
-- Up-to-date symlink: /home/rumy/acrome_ws/install/gripper_controllers/share/gripper_controllers/local_setup.zsh
-- Up-to-date symlink: /home/rumy/acrome_ws/install/gripper_controllers/share/gripper_controllers/local_setup.dsv
-- Symlinking: /home/rumy/acrome_ws/install/gripper_controllers/share/gripper_controllers/package.dsv
-- Up-to-date symlink: /home/rumy/acrome_ws/install/gripper_controllers/share/ament_index/resource_index/packages/gripper_controllers
-- Up-to-date symlink: /home/rumy/acrome_ws/install/gripper_controllers/share/ament_index/resource_index/controller_interface__pluginlib__plugin/gripper_controllers
-- Up-to-date symlink: /home/rumy/acrome_ws/install/gripper_controllers/share/gripper_controllers/cmake/ament_cmake_export_dependencies-extras.cmake
-- Up-to-date symlink: /home/rumy/acrome_ws/install/gripper_controllers/share/gripper_controllers/cmake/ament_cmake_export_targets-extras.cmake
-- Up-to-date symlink: /home/rumy/acrome_ws/install/gripper_controllers/share/gripper_controllers/cmake/gripper_controllersConfig.cmake
-- Up-to-date symlink: /home/rumy/acrome_ws/install/gripper_controllers/share/gripper_controllers/cmake/gripper_controllersConfig-version.cmake
-- Up-to-date symlink: /home/rumy/acrome_ws/install/gripper_controllers/share/gripper_controllers/package.xml
-- Up-to-date: /home/rumy/acrome_ws/install/gripper_controllers/lib/libgripper_action_controller.so
-- Up-to-date: /home/rumy/acrome_ws/install/gripper_controllers/share/gripper_controllers/cmake/export_gripper_action_controllerExport.cmake
-- Up-to-date: /home/rumy/acrome_ws/install/gripper_controllers/share/gripper_controllers/cmake/export_gripper_action_controllerExport-noconfig.cmake
