[0.038s] Invoking command in '/home/rumy/acrome_ws/build/joint_state_broadcaster': CMAKE_PREFIX_PATH=${CMAKE_PREFIX_PATH}:/home/rumy/acrome_ws/install/rqt_joint_trajectory_controller:/home/rumy/acrome_ws/install/ros2_controllers_test_nodes:/opt/ros/jazzy DEBUGINFOD_URLS=https://debuginfod.ubuntu.com /usr/bin/cmake --build /home/rumy/acrome_ws/build/joint_state_broadcaster -- -j12 -l12
[41.094s] -- Found ros2_control_cmake: 0.2.1 (/opt/ros/jazzy/share/ros2_control_cmake/cmake)
[41.097s] -- Compiler warnings enabled for GNU
[41.097s] -- Detected GCC Version: 13.3.0 (Major: 13, Minor: 3)
[41.097s] -- Found ament_cmake: 2.5.4 (/opt/ros/jazzy/share/ament_cmake/cmake)
[41.097s] -- Override CMake install command with custom implementation using symlinks instead of copying resources
[41.097s] -- Found builtin_interfaces: 2.0.2 (/opt/ros/jazzy/share/builtin_interfaces/cmake)
[41.097s] -- Found rosidl_generator_c: 4.6.5 (/opt/ros/jazzy/share/rosidl_generator_c/cmake)
[41.097s] -- Found rosidl_generator_cpp: 4.6.5 (/opt/ros/jazzy/share/rosidl_generator_cpp/cmake)
[41.097s] -- Using all available rosidl_typesupport_c: rosidl_typesupport_fastrtps_c;rosidl_typesupport_introspection_c
[41.098s] -- Using all available rosidl_typesupport_cpp: rosidl_typesupport_fastrtps_cpp;rosidl_typesupport_introspection_cpp
[41.098s] -- Found control_msgs: 5.4.1 (/opt/ros/jazzy/share/control_msgs/cmake)
[41.098s] -- Found controller_interface: 4.32.0 (/opt/ros/jazzy/share/controller_interface/cmake)
[41.098s] -- Found TinyXML2 via Config file: /usr/lib/x86_64-linux-gnu/cmake/tinyxml2
[41.098s] -- Found rmw_implementation_cmake: 7.3.2 (/opt/ros/jazzy/share/rmw_implementation_cmake/cmake)
[41.098s] -- Found rmw_fastrtps_cpp: 8.4.2 (/opt/ros/jazzy/share/rmw_fastrtps_cpp/cmake)
[41.099s] -- Found TinyXML2 via Config file: /usr/lib/x86_64-linux-gnu/cmake/tinyxml2
[41.099s] -- Found TinyXML2 via Config file: /usr/lib/x86_64-linux-gnu/cmake/tinyxml2
[41.099s] -- Found TinyXML2 via Config file: /usr/lib/x86_64-linux-gnu/cmake/tinyxml2
[41.099s] -- Found TinyXML2 via Config file: /usr/lib/x86_64-linux-gnu/cmake/tinyxml2
[41.099s] -- Using RMW implementation 'rmw_fastrtps_cpp' as default
[41.099s] -- Found generate_parameter_library: 0.5.0 (/opt/ros/jazzy/share/generate_parameter_library/cmake)
[41.099s] -- Found parameter_traits: 0.5.0 (/opt/ros/jazzy/share/parameter_traits/cmake)
[41.099s] -- Found ament_cmake_gmock: 2.5.4 (/opt/ros/jazzy/share/ament_cmake_gmock/cmake)
[41.100s] -- Found controller_manager: 4.32.0 (/opt/ros/jazzy/share/controller_manager/cmake)
[41.100s] -- Found ros2_control_test_assets: 4.32.0 (/opt/ros/jazzy/share/ros2_control_test_assets/cmake)
[41.103s] -- Found gmock sources under '/opt/ros/jazzy/src/gmock_vendor': C++ tests using 'Google Mock' will be built
[41.103s] -- Found ament_cmake_gtest: 2.5.4 (/opt/ros/jazzy/share/ament_cmake_gtest/cmake)
[41.103s] -- Found gtest sources under '/opt/ros/jazzy/src/gtest_vendor': C++ tests using 'Google Test' will be built
[41.103s] -- Configuring done (1.4s)
[41.103s] -- Generating done (0.1s)
[41.103s] -- Build files have been written to: /home/rumy/acrome_ws/build/joint_state_broadcaster
[41.104s] [  7%] [34m[1mRunning `/opt/ros/jazzy/bin/generate_parameter_library_cpp /home/rumy/acrome_ws/build/joint_state_broadcaster/include/joint_state_broadcaster/joint_state_broadcaster_parameters.hpp /home/rumy/acrome_ws/src/ros2_controllers/joint_state_broadcaster/src/joint_state_broadcaster_parameters.yaml `[0m
[41.104s] [ 30%] Built target gmock
[41.104s] [ 46%] Built target gmock_main
[41.104s] [ 53%] [34m[1mCreating deprecated header file /home/rumy/acrome_ws/build/joint_state_broadcaster/include/joint_state_broadcaster_parameters.hpp[0m
[41.104s] [ 53%] Built target joint_state_broadcaster_parameters
[41.104s] [ 61%] [32mBuilding CXX object CMakeFiles/joint_state_broadcaster.dir/src/joint_state_broadcaster.cpp.o[0m
[41.104s] [ 69%] [32m[1mLinking CXX shared library libjoint_state_broadcaster.so[0m
[41.104s] [ 69%] Built target joint_state_broadcaster
[41.105s] [ 76%] [32mBuilding CXX object CMakeFiles/test_load_joint_state_broadcaster.dir/test/test_load_joint_state_broadcaster.cpp.o[0m
[41.105s] [ 84%] [32mBuilding CXX object CMakeFiles/test_joint_state_broadcaster.dir/test/test_joint_state_broadcaster.cpp.o[0m
[41.105s] [ 92%] [32m[1mLinking CXX executable test_load_joint_state_broadcaster[0m
[41.105s] [ 92%] Built target test_load_joint_state_broadcaster
[50.198s] [100%] [32m[1mLinking CXX executable test_joint_state_broadcaster[0m
[52.931s] [100%] Built target test_joint_state_broadcaster
[52.977s] Invoked command in '/home/rumy/acrome_ws/build/joint_state_broadcaster' returned '0': CMAKE_PREFIX_PATH=${CMAKE_PREFIX_PATH}:/home/rumy/acrome_ws/install/rqt_joint_trajectory_controller:/home/rumy/acrome_ws/install/ros2_controllers_test_nodes:/opt/ros/jazzy DEBUGINFOD_URLS=https://debuginfod.ubuntu.com /usr/bin/cmake --build /home/rumy/acrome_ws/build/joint_state_broadcaster -- -j12 -l12
[52.983s] Invoking command in '/home/rumy/acrome_ws/build/joint_state_broadcaster': CMAKE_PREFIX_PATH=${CMAKE_PREFIX_PATH}:/home/rumy/acrome_ws/install/rqt_joint_trajectory_controller:/home/rumy/acrome_ws/install/ros2_controllers_test_nodes:/opt/ros/jazzy DEBUGINFOD_URLS=https://debuginfod.ubuntu.com /usr/bin/cmake --install /home/rumy/acrome_ws/build/joint_state_broadcaster
[63.006s] -- Install configuration: ""
[63.006s] -- Execute custom install script
[63.007s] -- Up-to-date symlink: /home/rumy/acrome_ws/install/joint_state_broadcaster/include/joint_state_broadcaster/joint_state_broadcaster_parameters.hpp
[63.007s] -- Up-to-date symlink: /home/rumy/acrome_ws/install/joint_state_broadcaster/share/joint_state_broadcaster//joint_state_plugin.xml
[63.007s] -- Up-to-date symlink: /home/rumy/acrome_ws/install/joint_state_broadcaster/include/joint_state_broadcaster/joint_state_broadcaster/joint_state_broadcaster.hpp
[63.007s] -- Up-to-date symlink: /home/rumy/acrome_ws/install/joint_state_broadcaster/share/joint_state_broadcaster/environment/library_path.sh
[63.007s] -- Up-to-date symlink: /home/rumy/acrome_ws/install/joint_state_broadcaster/share/joint_state_broadcaster/environment/library_path.dsv
[63.007s] -- Up-to-date symlink: /home/rumy/acrome_ws/install/joint_state_broadcaster/share/ament_index/resource_index/package_run_dependencies/joint_state_broadcaster
[63.007s] -- Up-to-date symlink: /home/rumy/acrome_ws/install/joint_state_broadcaster/share/ament_index/resource_index/parent_prefix_path/joint_state_broadcaster
[63.007s] -- Up-to-date symlink: /home/rumy/acrome_ws/install/joint_state_broadcaster/share/joint_state_broadcaster/environment/ament_prefix_path.sh
[63.007s] -- Up-to-date symlink: /home/rumy/acrome_ws/install/joint_state_broadcaster/share/joint_state_broadcaster/environment/ament_prefix_path.dsv
[63.008s] -- Up-to-date symlink: /home/rumy/acrome_ws/install/joint_state_broadcaster/share/joint_state_broadcaster/environment/path.sh
[63.008s] -- Up-to-date symlink: /home/rumy/acrome_ws/install/joint_state_broadcaster/share/joint_state_broadcaster/environment/path.dsv
[63.008s] -- Up-to-date symlink: /home/rumy/acrome_ws/install/joint_state_broadcaster/share/joint_state_broadcaster/local_setup.bash
[63.011s] -- Up-to-date symlink: /home/rumy/acrome_ws/install/joint_state_broadcaster/share/joint_state_broadcaster/local_setup.sh
[63.011s] -- Up-to-date symlink: /home/rumy/acrome_ws/install/joint_state_broadcaster/share/joint_state_broadcaster/local_setup.zsh
[63.011s] -- Up-to-date symlink: /home/rumy/acrome_ws/install/joint_state_broadcaster/share/joint_state_broadcaster/local_setup.dsv
[63.011s] -- Symlinking: /home/rumy/acrome_ws/install/joint_state_broadcaster/share/joint_state_broadcaster/package.dsv
[63.011s] -- Up-to-date symlink: /home/rumy/acrome_ws/install/joint_state_broadcaster/share/ament_index/resource_index/packages/joint_state_broadcaster
[63.012s] -- Up-to-date symlink: /home/rumy/acrome_ws/install/joint_state_broadcaster/share/ament_index/resource_index/controller_interface__pluginlib__plugin/joint_state_broadcaster
[63.012s] -- Up-to-date symlink: /home/rumy/acrome_ws/install/joint_state_broadcaster/share/joint_state_broadcaster/cmake/ament_cmake_export_dependencies-extras.cmake
[63.012s] -- Up-to-date symlink: /home/rumy/acrome_ws/install/joint_state_broadcaster/share/joint_state_broadcaster/cmake/ament_cmake_export_targets-extras.cmake
[63.013s] -- Up-to-date symlink: /home/rumy/acrome_ws/install/joint_state_broadcaster/share/joint_state_broadcaster/cmake/joint_state_broadcasterConfig.cmake
[63.013s] -- Up-to-date symlink: /home/rumy/acrome_ws/install/joint_state_broadcaster/share/joint_state_broadcaster/cmake/joint_state_broadcasterConfig-version.cmake
[63.013s] -- Up-to-date symlink: /home/rumy/acrome_ws/install/joint_state_broadcaster/share/joint_state_broadcaster/package.xml
[63.013s] -- Installing: /home/rumy/acrome_ws/install/joint_state_broadcaster/lib/libjoint_state_broadcaster.so
[63.013s] -- Set non-toolchain portion of runtime path of "/home/rumy/acrome_ws/install/joint_state_broadcaster/lib/libjoint_state_broadcaster.so" to ""
[63.013s] -- Up-to-date: /home/rumy/acrome_ws/install/joint_state_broadcaster/share/joint_state_broadcaster/cmake/export_joint_state_broadcasterExport.cmake
[63.014s] -- Up-to-date: /home/rumy/acrome_ws/install/joint_state_broadcaster/share/joint_state_broadcaster/cmake/export_joint_state_broadcasterExport-noconfig.cmake
[63.033s] Invoked command in '/home/rumy/acrome_ws/build/joint_state_broadcaster' returned '0': CMAKE_PREFIX_PATH=${CMAKE_PREFIX_PATH}:/home/rumy/acrome_ws/install/rqt_joint_trajectory_controller:/home/rumy/acrome_ws/install/ros2_controllers_test_nodes:/opt/ros/jazzy DEBUGINFOD_URLS=https://debuginfod.ubuntu.com /usr/bin/cmake --install /home/rumy/acrome_ws/build/joint_state_broadcaster
