[0.008s] Invoking command in '/home/halit/acrome_ws/build/acrome_mini_robot': CMAKE_PREFIX_PATH=${CMAKE_PREFIX_PATH}:/opt/ros/jazzy /usr/bin/cmake --build /home/halit/acrome_ws/build/acrome_mini_robot -- -j4 -l4
[0.038s] Invoked command in '/home/halit/acrome_ws/build/acrome_mini_robot' returned '0': CMAKE_PREFIX_PATH=${CMAKE_PREFIX_PATH}:/opt/ros/jazzy /usr/bin/cmake --build /home/halit/acrome_ws/build/acrome_mini_robot -- -j4 -l4
[0.044s] Invoking command in '/home/halit/acrome_ws/build/acrome_mini_robot': CMAKE_PREFIX_PATH=${CMAKE_PREFIX_PATH}:/opt/ros/jazzy /usr/bin/cmake --install /home/halit/acrome_ws/build/acrome_mini_robot
[0.050s] -- Install configuration: ""
[0.051s] -- Execute custom install script
[0.051s] -- Up-to-date symlink: /home/halit/acrome_ws/install/acrome_mini_robot/share/acrome_mini_robot//launch/display.launch
[0.051s] -- Up-to-date symlink: /home/halit/acrome_ws/install/acrome_mini_robot/share/acrome_mini_robot//launch/gazebo.launch
[0.051s] -- Up-to-date symlink: /home/halit/acrome_ws/install/acrome_mini_robot/share/acrome_mini_robot//launch/gazebo_launch.py
[0.052s] -- Up-to-date symlink: /home/halit/acrome_ws/install/acrome_mini_robot/share/acrome_mini_robot//urdf/acrome_mini_robot.xacro.urdf
[0.052s] -- Up-to-date symlink: /home/halit/acrome_ws/install/acrome_mini_robot/share/acrome_mini_robot//config/acrome_controller.yaml
[0.052s] -- Up-to-date symlink: /home/halit/acrome_ws/install/acrome_mini_robot/share/ament_index/resource_index/package_run_dependencies/acrome_mini_robot
[0.052s] -- Up-to-date symlink: /home/halit/acrome_ws/install/acrome_mini_robot/share/ament_index/resource_index/parent_prefix_path/acrome_mini_robot
[0.052s] -- Up-to-date symlink: /home/halit/acrome_ws/install/acrome_mini_robot/share/acrome_mini_robot/environment/ament_prefix_path.sh
[0.052s] -- Up-to-date symlink: /home/halit/acrome_ws/install/acrome_mini_robot/share/acrome_mini_robot/environment/ament_prefix_path.dsv
[0.052s] -- Up-to-date symlink: /home/halit/acrome_ws/install/acrome_mini_robot/share/acrome_mini_robot/environment/path.sh
[0.052s] -- Up-to-date symlink: /home/halit/acrome_ws/install/acrome_mini_robot/share/acrome_mini_robot/environment/path.dsv
[0.053s] -- Up-to-date symlink: /home/halit/acrome_ws/install/acrome_mini_robot/share/acrome_mini_robot/local_setup.bash
[0.053s] -- Up-to-date symlink: /home/halit/acrome_ws/install/acrome_mini_robot/share/acrome_mini_robot/local_setup.sh
[0.053s] -- Up-to-date symlink: /home/halit/acrome_ws/install/acrome_mini_robot/share/acrome_mini_robot/local_setup.zsh
[0.053s] -- Up-to-date symlink: /home/halit/acrome_ws/install/acrome_mini_robot/share/acrome_mini_robot/local_setup.dsv
[0.053s] -- Symlinking: /home/halit/acrome_ws/install/acrome_mini_robot/share/acrome_mini_robot/package.dsv
[0.060s] -- Up-to-date symlink: /home/halit/acrome_ws/install/acrome_mini_robot/share/ament_index/resource_index/packages/acrome_mini_robot
[0.060s] -- Up-to-date symlink: /home/halit/acrome_ws/install/acrome_mini_robot/share/acrome_mini_robot/cmake/acrome_mini_robotConfig.cmake
[0.060s] -- Up-to-date symlink: /home/halit/acrome_ws/install/acrome_mini_robot/share/acrome_mini_robot/cmake/acrome_mini_robotConfig-version.cmake
[0.060s] -- Up-to-date symlink: /home/halit/acrome_ws/install/acrome_mini_robot/share/acrome_mini_robot/package.xml
[0.062s] Invoked command in '/home/halit/acrome_ws/build/acrome_mini_robot' returned '0': CMAKE_PREFIX_PATH=${CMAKE_PREFIX_PATH}:/opt/ros/jazzy /usr/bin/cmake --install /home/halit/acrome_ws/build/acrome_mini_robot
