[0.055s] Invoking command in '/home/rumy/acrome_ws/build/gpio_controllers': CMAKE_PREFIX_PATH=${CMAKE_PREFIX_PATH}:/home/rumy/acrome_ws/install/rqt_joint_trajectory_controller:/home/rumy/acrome_ws/install/ros2_controllers_test_nodes:/opt/ros/jazzy DEBUGINFOD_URLS=https://debuginfod.ubuntu.com /usr/bin/cmake --build /home/rumy/acrome_ws/build/gpio_controllers -- -j12 -l12
[0.191s] [ 15%] Built target gpio_command_controller_parameters
[0.228s] [ 38%] Built target gmock
[0.258s] [ 53%] Built target gmock_main
[0.275s] [ 69%] Built target gpio_controllers
[0.376s] [ 84%] Built target test_gpio_command_controller
[0.386s] [100%] Built target test_load_gpio_command_controller
[0.415s] Invoked command in '/home/rumy/acrome_ws/build/gpio_controllers' returned '0': CMAKE_PREFIX_PATH=${CMAKE_PREFIX_PATH}:/home/rumy/acrome_ws/install/rqt_joint_trajectory_controller:/home/rumy/acrome_ws/install/ros2_controllers_test_nodes:/opt/ros/jazzy DEBUGINFOD_URLS=https://debuginfod.ubuntu.com /usr/bin/cmake --build /home/rumy/acrome_ws/build/gpio_controllers -- -j12 -l12
[0.416s] Invoking command in '/home/rumy/acrome_ws/build/gpio_controllers': CMAKE_PREFIX_PATH=${CMAKE_PREFIX_PATH}:/home/rumy/acrome_ws/install/rqt_joint_trajectory_controller:/home/rumy/acrome_ws/install/ros2_controllers_test_nodes:/opt/ros/jazzy DEBUGINFOD_URLS=https://debuginfod.ubuntu.com /usr/bin/cmake --install /home/rumy/acrome_ws/build/gpio_controllers
[0.431s] -- Install configuration: ""
[0.431s] -- Execute custom install script
[0.438s] -- Up-to-date symlink: /home/rumy/acrome_ws/install/gpio_controllers/include/gpio_controllers/gpio_command_controller_parameters.hpp
[0.439s] -- Up-to-date symlink: /home/rumy/acrome_ws/install/gpio_controllers/share/gpio_controllers//gpio_controllers_plugin.xml
[0.440s] -- Up-to-date symlink: /home/rumy/acrome_ws/install/gpio_controllers/include/gpio_controllers/gpio_command_controller.hpp
[0.441s] -- Up-to-date symlink: /home/rumy/acrome_ws/install/gpio_controllers/lib/libgpio_controllers.so
[0.442s] -- Up-to-date symlink: /home/rumy/acrome_ws/install/gpio_controllers/share/gpio_controllers/environment/library_path.sh
[0.442s] -- Up-to-date symlink: /home/rumy/acrome_ws/install/gpio_controllers/share/gpio_controllers/environment/library_path.dsv
[0.444s] -- Up-to-date symlink: /home/rumy/acrome_ws/install/gpio_controllers/share/ament_index/resource_index/package_run_dependencies/gpio_controllers
[0.445s] -- Up-to-date symlink: /home/rumy/acrome_ws/install/gpio_controllers/share/ament_index/resource_index/parent_prefix_path/gpio_controllers
[0.452s] -- Up-to-date symlink: /home/rumy/acrome_ws/install/gpio_controllers/share/gpio_controllers/environment/ament_prefix_path.sh
[0.452s] -- Up-to-date symlink: /home/rumy/acrome_ws/install/gpio_controllers/share/gpio_controllers/environment/ament_prefix_path.dsv
[0.452s] -- Up-to-date symlink: /home/rumy/acrome_ws/install/gpio_controllers/share/gpio_controllers/environment/path.sh
[0.452s] -- Up-to-date symlink: /home/rumy/acrome_ws/install/gpio_controllers/share/gpio_controllers/environment/path.dsv
[0.453s] -- Up-to-date symlink: /home/rumy/acrome_ws/install/gpio_controllers/share/gpio_controllers/local_setup.bash
[0.453s] -- Up-to-date symlink: /home/rumy/acrome_ws/install/gpio_controllers/share/gpio_controllers/local_setup.sh
[0.453s] -- Up-to-date symlink: /home/rumy/acrome_ws/install/gpio_controllers/share/gpio_controllers/local_setup.zsh
[0.456s] -- Up-to-date symlink: /home/rumy/acrome_ws/install/gpio_controllers/share/gpio_controllers/local_setup.dsv
[0.456s] -- Symlinking: /home/rumy/acrome_ws/install/gpio_controllers/share/gpio_controllers/package.dsv
[0.473s] -- Up-to-date symlink: /home/rumy/acrome_ws/install/gpio_controllers/share/ament_index/resource_index/packages/gpio_controllers
[0.473s] -- Up-to-date symlink: /home/rumy/acrome_ws/install/gpio_controllers/share/ament_index/resource_index/controller_interface__pluginlib__plugin/gpio_controllers
[0.474s] -- Up-to-date symlink: /home/rumy/acrome_ws/install/gpio_controllers/share/gpio_controllers/cmake/ament_cmake_export_dependencies-extras.cmake
[0.475s] -- Up-to-date symlink: /home/rumy/acrome_ws/install/gpio_controllers/share/gpio_controllers/cmake/ament_cmake_export_include_directories-extras.cmake
[0.475s] -- Up-to-date symlink: /home/rumy/acrome_ws/install/gpio_controllers/share/gpio_controllers/cmake/ament_cmake_export_libraries-extras.cmake
[0.478s] -- Up-to-date symlink: /home/rumy/acrome_ws/install/gpio_controllers/share/gpio_controllers/cmake/gpio_controllersConfig.cmake
[0.478s] -- Up-to-date symlink: /home/rumy/acrome_ws/install/gpio_controllers/share/gpio_controllers/cmake/gpio_controllersConfig-version.cmake
[0.480s] -- Up-to-date symlink: /home/rumy/acrome_ws/install/gpio_controllers/share/gpio_controllers/package.xml
[0.533s] Invoked command in '/home/rumy/acrome_ws/build/gpio_controllers' returned '0': CMAKE_PREFIX_PATH=${CMAKE_PREFIX_PATH}:/home/rumy/acrome_ws/install/rqt_joint_trajectory_controller:/home/rumy/acrome_ws/install/ros2_controllers_test_nodes:/opt/ros/jazzy DEBUGINFOD_URLS=https://debuginfod.ubuntu.com /usr/bin/cmake --install /home/rumy/acrome_ws/build/gpio_controllers
