[0.051s] Invoking command in '/home/rumy/acrome_ws/build/gps_sensor_broadcaster': CMAKE_PREFIX_PATH=${CMAKE_PREFIX_PATH}:/home/rumy/acrome_ws/install/rqt_joint_trajectory_controller:/home/rumy/acrome_ws/install/ros2_controllers_test_nodes:/opt/ros/jazzy DEBUGINFOD_URLS=https://debuginfod.ubuntu.com /usr/bin/cmake --build /home/rumy/acrome_ws/build/gps_sensor_broadcaster -- -j12 -l12
[0.141s] [ 15%] Built target gmock_main
[0.178s] [ 30%] Built target gps_sensor_broadcaster_parameters
[0.187s] [ 53%] Built target gmock
[0.270s] [ 69%] Built target gps_sensor_broadcaster
[0.364s] [ 84%] Built target test_gps_sensor_broadcaster
[0.367s] [100%] Built target test_load_gps_sensor_broadcaster
[0.390s] Invoked command in '/home/rumy/acrome_ws/build/gps_sensor_broadcaster' returned '0': CMAKE_PREFIX_PATH=${CMAKE_PREFIX_PATH}:/home/rumy/acrome_ws/install/rqt_joint_trajectory_controller:/home/rumy/acrome_ws/install/ros2_controllers_test_nodes:/opt/ros/jazzy DEBUGINFOD_URLS=https://debuginfod.ubuntu.com /usr/bin/cmake --build /home/rumy/acrome_ws/build/gps_sensor_broadcaster -- -j12 -l12
[0.391s] Invoking command in '/home/rumy/acrome_ws/build/gps_sensor_broadcaster': CMAKE_PREFIX_PATH=${CMAKE_PREFIX_PATH}:/home/rumy/acrome_ws/install/rqt_joint_trajectory_controller:/home/rumy/acrome_ws/install/ros2_controllers_test_nodes:/opt/ros/jazzy DEBUGINFOD_URLS=https://debuginfod.ubuntu.com /usr/bin/cmake --install /home/rumy/acrome_ws/build/gps_sensor_broadcaster
[0.433s] -- Install configuration: ""
[0.433s] -- Execute custom install script
[0.433s] -- Up-to-date symlink: /home/rumy/acrome_ws/install/gps_sensor_broadcaster/include/gps_sensor_broadcaster/gps_sensor_broadcaster_parameters.hpp
[0.433s] -- Up-to-date symlink: /home/rumy/acrome_ws/install/gps_sensor_broadcaster/share/gps_sensor_broadcaster//gps_sensor_broadcaster.xml
[0.433s] -- Up-to-date symlink: /home/rumy/acrome_ws/install/gps_sensor_broadcaster/include/gps_sensor_broadcaster/gps_sensor_broadcaster/gps_sensor_broadcaster.hpp
[0.433s] -- Up-to-date symlink: /home/rumy/acrome_ws/install/gps_sensor_broadcaster/share/gps_sensor_broadcaster/environment/library_path.sh
[0.433s] -- Up-to-date symlink: /home/rumy/acrome_ws/install/gps_sensor_broadcaster/share/gps_sensor_broadcaster/environment/library_path.dsv
[0.433s] -- Up-to-date symlink: /home/rumy/acrome_ws/install/gps_sensor_broadcaster/share/ament_index/resource_index/package_run_dependencies/gps_sensor_broadcaster
[0.433s] -- Up-to-date symlink: /home/rumy/acrome_ws/install/gps_sensor_broadcaster/share/ament_index/resource_index/parent_prefix_path/gps_sensor_broadcaster
[0.433s] -- Up-to-date symlink: /home/rumy/acrome_ws/install/gps_sensor_broadcaster/share/gps_sensor_broadcaster/environment/ament_prefix_path.sh
[0.434s] -- Up-to-date symlink: /home/rumy/acrome_ws/install/gps_sensor_broadcaster/share/gps_sensor_broadcaster/environment/ament_prefix_path.dsv
[0.434s] -- Up-to-date symlink: /home/rumy/acrome_ws/install/gps_sensor_broadcaster/share/gps_sensor_broadcaster/environment/path.sh
[0.434s] -- Up-to-date symlink: /home/rumy/acrome_ws/install/gps_sensor_broadcaster/share/gps_sensor_broadcaster/environment/path.dsv
[0.434s] -- Up-to-date symlink: /home/rumy/acrome_ws/install/gps_sensor_broadcaster/share/gps_sensor_broadcaster/local_setup.bash
[0.434s] -- Up-to-date symlink: /home/rumy/acrome_ws/install/gps_sensor_broadcaster/share/gps_sensor_broadcaster/local_setup.sh
[0.434s] -- Up-to-date symlink: /home/rumy/acrome_ws/install/gps_sensor_broadcaster/share/gps_sensor_broadcaster/local_setup.zsh
[0.434s] -- Up-to-date symlink: /home/rumy/acrome_ws/install/gps_sensor_broadcaster/share/gps_sensor_broadcaster/local_setup.dsv
[0.435s] -- Symlinking: /home/rumy/acrome_ws/install/gps_sensor_broadcaster/share/gps_sensor_broadcaster/package.dsv
[0.435s] -- Up-to-date symlink: /home/rumy/acrome_ws/install/gps_sensor_broadcaster/share/ament_index/resource_index/packages/gps_sensor_broadcaster
[0.435s] -- Up-to-date symlink: /home/rumy/acrome_ws/install/gps_sensor_broadcaster/share/ament_index/resource_index/controller_interface__pluginlib__plugin/gps_sensor_broadcaster
[0.435s] -- Up-to-date symlink: /home/rumy/acrome_ws/install/gps_sensor_broadcaster/share/gps_sensor_broadcaster/cmake/ament_cmake_export_dependencies-extras.cmake
[0.435s] -- Up-to-date symlink: /home/rumy/acrome_ws/install/gps_sensor_broadcaster/share/gps_sensor_broadcaster/cmake/ament_cmake_export_targets-extras.cmake
[0.435s] -- Up-to-date symlink: /home/rumy/acrome_ws/install/gps_sensor_broadcaster/share/gps_sensor_broadcaster/cmake/gps_sensor_broadcasterConfig.cmake
[0.435s] -- Up-to-date symlink: /home/rumy/acrome_ws/install/gps_sensor_broadcaster/share/gps_sensor_broadcaster/cmake/gps_sensor_broadcasterConfig-version.cmake
[0.435s] -- Up-to-date symlink: /home/rumy/acrome_ws/install/gps_sensor_broadcaster/share/gps_sensor_broadcaster/package.xml
[0.435s] -- Up-to-date: /home/rumy/acrome_ws/install/gps_sensor_broadcaster/lib/libgps_sensor_broadcaster.so
[0.436s] -- Up-to-date: /home/rumy/acrome_ws/install/gps_sensor_broadcaster/share/gps_sensor_broadcaster/cmake/export_gps_sensor_broadcasterExport.cmake
[0.436s] -- Up-to-date: /home/rumy/acrome_ws/install/gps_sensor_broadcaster/share/gps_sensor_broadcaster/cmake/export_gps_sensor_broadcasterExport-noconfig.cmake
[0.482s] Invoked command in '/home/rumy/acrome_ws/build/gps_sensor_broadcaster' returned '0': CMAKE_PREFIX_PATH=${CMAKE_PREFIX_PATH}:/home/rumy/acrome_ws/install/rqt_joint_trajectory_controller:/home/rumy/acrome_ws/install/ros2_controllers_test_nodes:/opt/ros/jazzy DEBUGINFOD_URLS=https://debuginfod.ubuntu.com /usr/bin/cmake --install /home/rumy/acrome_ws/build/gps_sensor_broadcaster
