[0.045s] Invoking command in '/home/rumy/acrome_ws/build/mecanum_drive_controller': CMAKE_PREFIX_PATH=${CMAKE_PREFIX_PATH}:/home/rumy/acrome_ws/install/rqt_joint_trajectory_controller:/home/rumy/acrome_ws/install/ros2_controllers_test_nodes:/opt/ros/jazzy DEBUGINFOD_URLS=https://debuginfod.ubuntu.com /usr/bin/cmake --build /home/rumy/acrome_ws/build/mecanum_drive_controller -- -j12 -l12
[0.402s] [ 12%] Built target mecanum_drive_controller_parameters
[0.403s] [ 31%] Built target gmock
[0.403s] [ 43%] Built target gmock_main
[0.403s] [ 56%] Built target test_load_mecanum_drive_controller
[0.403s] [ 75%] Built target mecanum_drive_controller
[0.426s] [ 87%] Built target test_mecanum_drive_controller_preceding
[0.432s] [100%] Built target test_mecanum_drive_controller
[0.481s] Invoked command in '/home/rumy/acrome_ws/build/mecanum_drive_controller' returned '0': CMAKE_PREFIX_PATH=${CMAKE_PREFIX_PATH}:/home/rumy/acrome_ws/install/rqt_joint_trajectory_controller:/home/rumy/acrome_ws/install/ros2_controllers_test_nodes:/opt/ros/jazzy DEBUGINFOD_URLS=https://debuginfod.ubuntu.com /usr/bin/cmake --build /home/rumy/acrome_ws/build/mecanum_drive_controller -- -j12 -l12
[0.484s] Invoking command in '/home/rumy/acrome_ws/build/mecanum_drive_controller': CMAKE_PREFIX_PATH=${CMAKE_PREFIX_PATH}:/home/rumy/acrome_ws/install/rqt_joint_trajectory_controller:/home/rumy/acrome_ws/install/ros2_controllers_test_nodes:/opt/ros/jazzy DEBUGINFOD_URLS=https://debuginfod.ubuntu.com /usr/bin/cmake --install /home/rumy/acrome_ws/build/mecanum_drive_controller
[0.518s] -- Install configuration: ""
[0.518s] -- Execute custom install script
[0.518s] -- Up-to-date symlink: /home/rumy/acrome_ws/install/mecanum_drive_controller/include/mecanum_drive_controller/mecanum_drive_controller_parameters.hpp
[0.518s] -- Up-to-date symlink: /home/rumy/acrome_ws/install/mecanum_drive_controller/share/mecanum_drive_controller//mecanum_drive_controller.xml
[0.519s] -- Up-to-date symlink: /home/rumy/acrome_ws/install/mecanum_drive_controller/include/mecanum_drive_controller/mecanum_drive_controller/mecanum_drive_controller.hpp
[0.519s] -- Up-to-date symlink: /home/rumy/acrome_ws/install/mecanum_drive_controller/include/mecanum_drive_controller/mecanum_drive_controller/odometry.hpp
[0.519s] -- Up-to-date symlink: /home/rumy/acrome_ws/install/mecanum_drive_controller/share/mecanum_drive_controller/environment/library_path.sh
[0.519s] -- Up-to-date symlink: /home/rumy/acrome_ws/install/mecanum_drive_controller/share/mecanum_drive_controller/environment/library_path.dsv
[0.519s] -- Up-to-date symlink: /home/rumy/acrome_ws/install/mecanum_drive_controller/share/ament_index/resource_index/package_run_dependencies/mecanum_drive_controller
[0.519s] -- Up-to-date symlink: /home/rumy/acrome_ws/install/mecanum_drive_controller/share/ament_index/resource_index/parent_prefix_path/mecanum_drive_controller
[0.519s] -- Up-to-date symlink: /home/rumy/acrome_ws/install/mecanum_drive_controller/share/mecanum_drive_controller/environment/ament_prefix_path.sh
[0.519s] -- Up-to-date symlink: /home/rumy/acrome_ws/install/mecanum_drive_controller/share/mecanum_drive_controller/environment/ament_prefix_path.dsv
[0.519s] -- Up-to-date symlink: /home/rumy/acrome_ws/install/mecanum_drive_controller/share/mecanum_drive_controller/environment/path.sh
[0.519s] -- Up-to-date symlink: /home/rumy/acrome_ws/install/mecanum_drive_controller/share/mecanum_drive_controller/environment/path.dsv
[0.519s] -- Up-to-date symlink: /home/rumy/acrome_ws/install/mecanum_drive_controller/share/mecanum_drive_controller/local_setup.bash
[0.519s] -- Up-to-date symlink: /home/rumy/acrome_ws/install/mecanum_drive_controller/share/mecanum_drive_controller/local_setup.sh
[0.519s] -- Up-to-date symlink: /home/rumy/acrome_ws/install/mecanum_drive_controller/share/mecanum_drive_controller/local_setup.zsh
[0.519s] -- Up-to-date symlink: /home/rumy/acrome_ws/install/mecanum_drive_controller/share/mecanum_drive_controller/local_setup.dsv
[0.519s] -- Symlinking: /home/rumy/acrome_ws/install/mecanum_drive_controller/share/mecanum_drive_controller/package.dsv
[0.519s] -- Up-to-date symlink: /home/rumy/acrome_ws/install/mecanum_drive_controller/share/ament_index/resource_index/packages/mecanum_drive_controller
[0.520s] -- Up-to-date symlink: /home/rumy/acrome_ws/install/mecanum_drive_controller/share/ament_index/resource_index/controller_interface__pluginlib__plugin/mecanum_drive_controller
[0.520s] -- Up-to-date symlink: /home/rumy/acrome_ws/install/mecanum_drive_controller/share/mecanum_drive_controller/cmake/ament_cmake_export_dependencies-extras.cmake
[0.520s] -- Up-to-date symlink: /home/rumy/acrome_ws/install/mecanum_drive_controller/share/mecanum_drive_controller/cmake/ament_cmake_export_targets-extras.cmake
[0.520s] -- Up-to-date symlink: /home/rumy/acrome_ws/install/mecanum_drive_controller/share/mecanum_drive_controller/cmake/mecanum_drive_controllerConfig.cmake
[0.520s] -- Up-to-date symlink: /home/rumy/acrome_ws/install/mecanum_drive_controller/share/mecanum_drive_controller/cmake/mecanum_drive_controllerConfig-version.cmake
[0.520s] -- Up-to-date symlink: /home/rumy/acrome_ws/install/mecanum_drive_controller/share/mecanum_drive_controller/package.xml
[0.520s] -- Up-to-date: /home/rumy/acrome_ws/install/mecanum_drive_controller/lib/libmecanum_drive_controller.so
[0.520s] -- Up-to-date: /home/rumy/acrome_ws/install/mecanum_drive_controller/share/mecanum_drive_controller/cmake/export_mecanum_drive_controllerExport.cmake
[0.520s] -- Up-to-date: /home/rumy/acrome_ws/install/mecanum_drive_controller/share/mecanum_drive_controller/cmake/export_mecanum_drive_controllerExport-noconfig.cmake
[0.665s] Invoked command in '/home/rumy/acrome_ws/build/mecanum_drive_controller' returned '0': CMAKE_PREFIX_PATH=${CMAKE_PREFIX_PATH}:/home/rumy/acrome_ws/install/rqt_joint_trajectory_controller:/home/rumy/acrome_ws/install/ros2_controllers_test_nodes:/opt/ros/jazzy DEBUGINFOD_URLS=https://debuginfod.ubuntu.com /usr/bin/cmake --install /home/rumy/acrome_ws/build/mecanum_drive_controller
