[0.074s] Invoking command in '/home/rumy/acrome_ws/build/imu_sensor_broadcaster': CMAKE_PREFIX_PATH=${CMAKE_PREFIX_PATH}:/home/rumy/acrome_ws/install/rqt_joint_trajectory_controller:/home/rumy/acrome_ws/install/ros2_controllers_test_nodes:/opt/ros/jazzy DEBUGINFOD_URLS=https://debuginfod.ubuntu.com /usr/bin/cmake --build /home/rumy/acrome_ws/build/imu_sensor_broadcaster -- -j12 -l12
[0.199s] [ 15%] Built target imu_sensor_broadcaster_parameters
[0.235s] [ 38%] Built target gmock
[0.270s] [ 53%] Built target gmock_main
[0.332s] [ 69%] Built target imu_sensor_broadcaster
[0.456s] [ 84%] Built target test_load_imu_sensor_broadcaster
[0.478s] [100%] Built target test_imu_sensor_broadcaster
[0.542s] Invoked command in '/home/rumy/acrome_ws/build/imu_sensor_broadcaster' returned '0': CMAKE_PREFIX_PATH=${CMAKE_PREFIX_PATH}:/home/rumy/acrome_ws/install/rqt_joint_trajectory_controller:/home/rumy/acrome_ws/install/ros2_controllers_test_nodes:/opt/ros/jazzy DEBUGINFOD_URLS=https://debuginfod.ubuntu.com /usr/bin/cmake --build /home/rumy/acrome_ws/build/imu_sensor_broadcaster -- -j12 -l12
[0.545s] Invoking command in '/home/rumy/acrome_ws/build/imu_sensor_broadcaster': CMAKE_PREFIX_PATH=${CMAKE_PREFIX_PATH}:/home/rumy/acrome_ws/install/rqt_joint_trajectory_controller:/home/rumy/acrome_ws/install/ros2_controllers_test_nodes:/opt/ros/jazzy DEBUGINFOD_URLS=https://debuginfod.ubuntu.com /usr/bin/cmake --install /home/rumy/acrome_ws/build/imu_sensor_broadcaster
[0.556s] -- Install configuration: ""
[0.560s] -- Execute custom install script
[0.561s] -- Up-to-date symlink: /home/rumy/acrome_ws/install/imu_sensor_broadcaster/include/imu_sensor_broadcaster/imu_sensor_broadcaster_parameters.hpp
[0.561s] -- Up-to-date symlink: /home/rumy/acrome_ws/install/imu_sensor_broadcaster/share/imu_sensor_broadcaster//imu_sensor_broadcaster.xml
[0.561s] -- Up-to-date symlink: /home/rumy/acrome_ws/install/imu_sensor_broadcaster/include/imu_sensor_broadcaster/imu_sensor_broadcaster/imu_sensor_broadcaster.hpp
[0.561s] -- Up-to-date symlink: /home/rumy/acrome_ws/install/imu_sensor_broadcaster/share/imu_sensor_broadcaster/environment/library_path.sh
[0.561s] -- Up-to-date symlink: /home/rumy/acrome_ws/install/imu_sensor_broadcaster/share/imu_sensor_broadcaster/environment/library_path.dsv
[0.562s] -- Up-to-date symlink: /home/rumy/acrome_ws/install/imu_sensor_broadcaster/share/ament_index/resource_index/package_run_dependencies/imu_sensor_broadcaster
[0.562s] -- Up-to-date symlink: /home/rumy/acrome_ws/install/imu_sensor_broadcaster/share/ament_index/resource_index/parent_prefix_path/imu_sensor_broadcaster
[0.566s] -- Up-to-date symlink: /home/rumy/acrome_ws/install/imu_sensor_broadcaster/share/imu_sensor_broadcaster/environment/ament_prefix_path.sh
[0.567s] -- Up-to-date symlink: /home/rumy/acrome_ws/install/imu_sensor_broadcaster/share/imu_sensor_broadcaster/environment/ament_prefix_path.dsv
[0.568s] -- Up-to-date symlink: /home/rumy/acrome_ws/install/imu_sensor_broadcaster/share/imu_sensor_broadcaster/environment/path.sh
[0.568s] -- Up-to-date symlink: /home/rumy/acrome_ws/install/imu_sensor_broadcaster/share/imu_sensor_broadcaster/environment/path.dsv
[0.568s] -- Up-to-date symlink: /home/rumy/acrome_ws/install/imu_sensor_broadcaster/share/imu_sensor_broadcaster/local_setup.bash
[0.568s] -- Up-to-date symlink: /home/rumy/acrome_ws/install/imu_sensor_broadcaster/share/imu_sensor_broadcaster/local_setup.sh
[0.569s] -- Up-to-date symlink: /home/rumy/acrome_ws/install/imu_sensor_broadcaster/share/imu_sensor_broadcaster/local_setup.zsh
[0.569s] -- Up-to-date symlink: /home/rumy/acrome_ws/install/imu_sensor_broadcaster/share/imu_sensor_broadcaster/local_setup.dsv
[0.569s] -- Symlinking: /home/rumy/acrome_ws/install/imu_sensor_broadcaster/share/imu_sensor_broadcaster/package.dsv
[0.598s] -- Up-to-date symlink: /home/rumy/acrome_ws/install/imu_sensor_broadcaster/share/ament_index/resource_index/packages/imu_sensor_broadcaster
[0.598s] -- Up-to-date symlink: /home/rumy/acrome_ws/install/imu_sensor_broadcaster/share/ament_index/resource_index/controller_interface__pluginlib__plugin/imu_sensor_broadcaster
[0.599s] -- Up-to-date symlink: /home/rumy/acrome_ws/install/imu_sensor_broadcaster/share/imu_sensor_broadcaster/cmake/ament_cmake_export_dependencies-extras.cmake
[0.602s] -- Up-to-date symlink: /home/rumy/acrome_ws/install/imu_sensor_broadcaster/share/imu_sensor_broadcaster/cmake/ament_cmake_export_targets-extras.cmake
[0.603s] -- Up-to-date symlink: /home/rumy/acrome_ws/install/imu_sensor_broadcaster/share/imu_sensor_broadcaster/cmake/imu_sensor_broadcasterConfig.cmake
[0.603s] -- Up-to-date symlink: /home/rumy/acrome_ws/install/imu_sensor_broadcaster/share/imu_sensor_broadcaster/cmake/imu_sensor_broadcasterConfig-version.cmake
[0.604s] -- Up-to-date symlink: /home/rumy/acrome_ws/install/imu_sensor_broadcaster/share/imu_sensor_broadcaster/package.xml
[0.604s] -- Up-to-date: /home/rumy/acrome_ws/install/imu_sensor_broadcaster/lib/libimu_sensor_broadcaster.so
[0.604s] -- Up-to-date: /home/rumy/acrome_ws/install/imu_sensor_broadcaster/share/imu_sensor_broadcaster/cmake/export_imu_sensor_broadcasterExport.cmake
[0.604s] -- Up-to-date: /home/rumy/acrome_ws/install/imu_sensor_broadcaster/share/imu_sensor_broadcaster/cmake/export_imu_sensor_broadcasterExport-noconfig.cmake
[0.679s] Invoked command in '/home/rumy/acrome_ws/build/imu_sensor_broadcaster' returned '0': CMAKE_PREFIX_PATH=${CMAKE_PREFIX_PATH}:/home/rumy/acrome_ws/install/rqt_joint_trajectory_controller:/home/rumy/acrome_ws/install/ros2_controllers_test_nodes:/opt/ros/jazzy DEBUGINFOD_URLS=https://debuginfod.ubuntu.com /usr/bin/cmake --install /home/rumy/acrome_ws/build/imu_sensor_broadcaster
