-- Found ros2_control_cmake: 0.2.1 (/opt/ros/jazzy/share/ros2_control_cmake/cmake)
-- Compiler warnings enabled for GNU
-- Detected GCC Version: 13.3.0 (Major: 13, Minor: 3)
-- Found ament_cmake: 2.5.4 (/opt/ros/jazzy/share/ament_cmake/cmake)
-- Override CMake install command with custom implementation using symlinks instead of copying resources
-- Found controller_interface: 4.32.0 (/opt/ros/jazzy/share/controller_interface/cmake)
-- Found rosidl_generator_c: 4.6.5 (/opt/ros/jazzy/share/rosidl_generator_c/cmake)
-- Found rosidl_generator_cpp: 4.6.5 (/opt/ros/jazzy/share/rosidl_generator_cpp/cmake)
-- Using all available rosidl_typesupport_c: rosidl_typesupport_fastrtps_c;rosidl_typesupport_introspection_c
-- Using all available rosidl_typesupport_cpp: rosidl_typesupport_fastrtps_cpp;rosidl_typesupport_introspection_cpp
-- Found TinyXML2 via Config file: /usr/lib/x86_64-linux-gnu/cmake/tinyxml2
-- Found rmw_implementation_cmake: 7.3.2 (/opt/ros/jazzy/share/rmw_implementation_cmake/cmake)
-- Found rmw_fastrtps_cpp: 8.4.2 (/opt/ros/jazzy/share/rmw_fastrtps_cpp/cmake)
-- Found TinyXML2 via Config file: /usr/lib/x86_64-linux-gnu/cmake/tinyxml2
-- Found TinyXML2 via Config file: /usr/lib/x86_64-linux-gnu/cmake/tinyxml2
-- Found TinyXML2 via Config file: /usr/lib/x86_64-linux-gnu/cmake/tinyxml2
-- Found TinyXML2 via Config file: /usr/lib/x86_64-linux-gnu/cmake/tinyxml2
-- Using RMW implementation 'rmw_fastrtps_cpp' as default
-- Found generate_parameter_library: 0.5.0 (/opt/ros/jazzy/share/generate_parameter_library/cmake)
-- Found parameter_traits: 0.5.0 (/opt/ros/jazzy/share/parameter_traits/cmake)
-- Found std_srvs: 5.3.6 (/opt/ros/jazzy/share/std_srvs/cmake)
-- Found steering_controllers_library: 4.30.1 (/home/rumy/acrome_ws/install/steering_controllers_library/share/steering_controllers_library/cmake)
-- Found eigen3_cmake_module: 0.3.0 (/opt/ros/jazzy/share/eigen3_cmake_module/cmake)
-- Ensuring Eigen3 include directory is part of orocos-kdl CMake target
-- Found ament_cmake_gmock: 2.5.4 (/opt/ros/jazzy/share/ament_cmake_gmock/cmake)
-- Found controller_manager: 4.32.0 (/opt/ros/jazzy/share/controller_manager/cmake)
-- Found ros2_control_test_assets: 4.32.0 (/opt/ros/jazzy/share/ros2_control_test_assets/cmake)
-- Found gmock sources under '/opt/ros/jazzy/src/gmock_vendor': C++ tests using 'Google Mock' will be built
-- Found ament_cmake_gtest: 2.5.4 (/opt/ros/jazzy/share/ament_cmake_gtest/cmake)
-- Found gtest sources under '/opt/ros/jazzy/src/gtest_vendor': C++ tests using 'Google Test' will be built
-- Configuring done (1.7s)
-- Generating done (0.1s)
-- Build files have been written to: /home/rumy/acrome_ws/build/bicycle_steering_controller
[  6%] [32mBuilding CXX object gmock/CMakeFiles/gmock.dir/src/gmock-all.cc.o[0m
[ 13%] [32mBuilding CXX object gmock/CMakeFiles/gmock.dir/opt/ros/jazzy/src/gtest_vendor/src/gtest-all.cc.o[0m
[ 20%] [34m[1mRunning `/opt/ros/jazzy/bin/generate_parameter_library_cpp /home/rumy/acrome_ws/build/bicycle_steering_controller/include/bicycle_steering_controller/bicycle_steering_controller_parameters.hpp /home/rumy/acrome_ws/src/ros2_controllers/bicycle_steering_controller/src/bicycle_steering_controller.yaml `[0m
[ 26%] [32mBuilding CXX object gmock/CMakeFiles/gmock_main.dir/src/gmock_main.cc.o[0m
[ 33%] [34m[1mCreating deprecated header file /home/rumy/acrome_ws/build/bicycle_steering_controller/include/bicycle_steering_controller_parameters.hpp[0m
[ 33%] Built target bicycle_steering_controller_parameters
[ 40%] [32mBuilding CXX object CMakeFiles/bicycle_steering_controller.dir/src/bicycle_steering_controller.cpp.o[0m
[ 46%] [32m[1mLinking CXX static library libgmock_main.a[0m
[ 46%] Built target gmock_main
[ 53%] [32m[1mLinking CXX static library libgmock.a[0m
[ 53%] Built target gmock
[ 60%] [32mBuilding CXX object CMakeFiles/test_load_bicycle_steering_controller.dir/test/test_load_bicycle_steering_controller.cpp.o[0m
[ 66%] [32m[1mLinking CXX shared library libbicycle_steering_controller.so[0m
[ 66%] Built target bicycle_steering_controller
[ 73%] [32mBuilding CXX object CMakeFiles/test_bicycle_steering_controller.dir/test/test_bicycle_steering_controller.cpp.o[0m
[ 80%] [32mBuilding CXX object CMakeFiles/test_bicycle_steering_controller_preceding.dir/test/test_bicycle_steering_controller_preceding.cpp.o[0m
[ 86%] [32m[1mLinking CXX executable test_load_bicycle_steering_controller[0m
[ 86%] Built target test_load_bicycle_steering_controller
[ 93%] [32m[1mLinking CXX executable test_bicycle_steering_controller_preceding[0m
[ 93%] Built target test_bicycle_steering_controller_preceding
[100%] [32m[1mLinking CXX executable test_bicycle_steering_controller[0m
[100%] Built target test_bicycle_steering_controller
