[ 15%] Built target gmock_main
[ 38%] Built target gmock
[ 53%] Built target force_torque_sensor_broadcaster_parameters
[ 69%] Built target force_torque_sensor_broadcaster
[ 84%] Built target test_load_force_torque_sensor_broadcaster
[100%] Built target test_force_torque_sensor_broadcaster
-- Install configuration: ""
-- Execute custom install script
-- Up-to-date symlink: /home/rumy/acrome_ws/install/force_torque_sensor_broadcaster/include/force_torque_sensor_broadcaster/force_torque_sensor_broadcaster_parameters.hpp
-- Up-to-date symlink: /home/rumy/acrome_ws/install/force_torque_sensor_broadcaster/share/force_torque_sensor_broadcaster//force_torque_sensor_broadcaster.xml
-- Up-to-date symlink: /home/rumy/acrome_ws/install/force_torque_sensor_broadcaster/include/force_torque_sensor_broadcaster/force_torque_sensor_broadcaster/force_torque_sensor_broadcaster.hpp
-- Up-to-date symlink: /home/rumy/acrome_ws/install/force_torque_sensor_broadcaster/share/force_torque_sensor_broadcaster/environment/library_path.sh
-- Up-to-date symlink: /home/rumy/acrome_ws/install/force_torque_sensor_broadcaster/share/force_torque_sensor_broadcaster/environment/library_path.dsv
-- Up-to-date symlink: /home/rumy/acrome_ws/install/force_torque_sensor_broadcaster/share/ament_index/resource_index/package_run_dependencies/force_torque_sensor_broadcaster
-- Up-to-date symlink: /home/rumy/acrome_ws/install/force_torque_sensor_broadcaster/share/ament_index/resource_index/parent_prefix_path/force_torque_sensor_broadcaster
-- Up-to-date symlink: /home/rumy/acrome_ws/install/force_torque_sensor_broadcaster/share/force_torque_sensor_broadcaster/environment/ament_prefix_path.sh
-- Up-to-date symlink: /home/rumy/acrome_ws/install/force_torque_sensor_broadcaster/share/force_torque_sensor_broadcaster/environment/ament_prefix_path.dsv
-- Up-to-date symlink: /home/rumy/acrome_ws/install/force_torque_sensor_broadcaster/share/force_torque_sensor_broadcaster/environment/path.sh
-- Up-to-date symlink: /home/rumy/acrome_ws/install/force_torque_sensor_broadcaster/share/force_torque_sensor_broadcaster/environment/path.dsv
-- Up-to-date symlink: /home/rumy/acrome_ws/install/force_torque_sensor_broadcaster/share/force_torque_sensor_broadcaster/local_setup.bash
-- Up-to-date symlink: /home/rumy/acrome_ws/install/force_torque_sensor_broadcaster/share/force_torque_sensor_broadcaster/local_setup.sh
-- Up-to-date symlink: /home/rumy/acrome_ws/install/force_torque_sensor_broadcaster/share/force_torque_sensor_broadcaster/local_setup.zsh
-- Up-to-date symlink: /home/rumy/acrome_ws/install/force_torque_sensor_broadcaster/share/force_torque_sensor_broadcaster/local_setup.dsv
-- Symlinking: /home/rumy/acrome_ws/install/force_torque_sensor_broadcaster/share/force_torque_sensor_broadcaster/package.dsv
-- Up-to-date symlink: /home/rumy/acrome_ws/install/force_torque_sensor_broadcaster/share/ament_index/resource_index/packages/force_torque_sensor_broadcaster
-- Up-to-date symlink: /home/rumy/acrome_ws/install/force_torque_sensor_broadcaster/share/ament_index/resource_index/controller_interface__pluginlib__plugin/force_torque_sensor_broadcaster
-- Up-to-date symlink: /home/rumy/acrome_ws/install/force_torque_sensor_broadcaster/share/force_torque_sensor_broadcaster/cmake/ament_cmake_export_dependencies-extras.cmake
-- Up-to-date symlink: /home/rumy/acrome_ws/install/force_torque_sensor_broadcaster/share/force_torque_sensor_broadcaster/cmake/ament_cmake_export_targets-extras.cmake
-- Up-to-date symlink: /home/rumy/acrome_ws/install/force_torque_sensor_broadcaster/share/force_torque_sensor_broadcaster/cmake/force_torque_sensor_broadcasterConfig.cmake
-- Up-to-date symlink: /home/rumy/acrome_ws/install/force_torque_sensor_broadcaster/share/force_torque_sensor_broadcaster/cmake/force_torque_sensor_broadcasterConfig-version.cmake
-- Up-to-date symlink: /home/rumy/acrome_ws/install/force_torque_sensor_broadcaster/share/force_torque_sensor_broadcaster/package.xml
-- Up-to-date: /home/rumy/acrome_ws/install/force_torque_sensor_broadcaster/lib/libforce_torque_sensor_broadcaster.so
-- Up-to-date: /home/rumy/acrome_ws/install/force_torque_sensor_broadcaster/share/force_torque_sensor_broadcaster/cmake/export_force_torque_sensor_broadcasterExport.cmake
-- Up-to-date: /home/rumy/acrome_ws/install/force_torque_sensor_broadcaster/share/force_torque_sensor_broadcaster/cmake/export_force_torque_sensor_broadcasterExport-noconfig.cmake
