[0.083s] Invoking command in '/home/rumy/acrome_ws/build/force_torque_sensor_broadcaster': CMAKE_PREFIX_PATH=${CMAKE_PREFIX_PATH}:/home/rumy/acrome_ws/install/rqt_joint_trajectory_controller:/home/rumy/acrome_ws/install/ros2_controllers_test_nodes:/opt/ros/jazzy DEBUGINFOD_URLS=https://debuginfod.ubuntu.com /usr/bin/cmake --build /home/rumy/acrome_ws/build/force_torque_sensor_broadcaster -- -j12 -l12
[0.224s] [ 23%] Built target gmock
[0.282s] [ 38%] Built target force_torque_sensor_broadcaster_parameters
[0.292s] [ 53%] Built target gmock_main
[0.419s] [ 69%] Built target force_torque_sensor_broadcaster
[0.521s] [ 84%] Built target test_load_force_torque_sensor_broadcaster
[0.523s] [100%] Built target test_force_torque_sensor_broadcaster
[0.592s] Invoked command in '/home/rumy/acrome_ws/build/force_torque_sensor_broadcaster' returned '0': CMAKE_PREFIX_PATH=${CMAKE_PREFIX_PATH}:/home/rumy/acrome_ws/install/rqt_joint_trajectory_controller:/home/rumy/acrome_ws/install/ros2_controllers_test_nodes:/opt/ros/jazzy DEBUGINFOD_URLS=https://debuginfod.ubuntu.com /usr/bin/cmake --build /home/rumy/acrome_ws/build/force_torque_sensor_broadcaster -- -j12 -l12
[0.592s] Invoking command in '/home/rumy/acrome_ws/build/force_torque_sensor_broadcaster': CMAKE_PREFIX_PATH=${CMAKE_PREFIX_PATH}:/home/rumy/acrome_ws/install/rqt_joint_trajectory_controller:/home/rumy/acrome_ws/install/ros2_controllers_test_nodes:/opt/ros/jazzy DEBUGINFOD_URLS=https://debuginfod.ubuntu.com /usr/bin/cmake --install /home/rumy/acrome_ws/build/force_torque_sensor_broadcaster
[0.634s] -- Install configuration: ""
[0.634s] -- Execute custom install script
[0.635s] -- Up-to-date symlink: /home/rumy/acrome_ws/install/force_torque_sensor_broadcaster/include/force_torque_sensor_broadcaster/force_torque_sensor_broadcaster_parameters.hpp
[0.635s] -- Up-to-date symlink: /home/rumy/acrome_ws/install/force_torque_sensor_broadcaster/share/force_torque_sensor_broadcaster//force_torque_sensor_broadcaster.xml
[0.637s] -- Up-to-date symlink: /home/rumy/acrome_ws/install/force_torque_sensor_broadcaster/include/force_torque_sensor_broadcaster/force_torque_sensor_broadcaster/force_torque_sensor_broadcaster.hpp
[0.637s] -- Up-to-date symlink: /home/rumy/acrome_ws/install/force_torque_sensor_broadcaster/share/force_torque_sensor_broadcaster/environment/library_path.sh
[0.643s] -- Up-to-date symlink: /home/rumy/acrome_ws/install/force_torque_sensor_broadcaster/share/force_torque_sensor_broadcaster/environment/library_path.dsv
[0.643s] -- Up-to-date symlink: /home/rumy/acrome_ws/install/force_torque_sensor_broadcaster/share/ament_index/resource_index/package_run_dependencies/force_torque_sensor_broadcaster
[0.643s] -- Up-to-date symlink: /home/rumy/acrome_ws/install/force_torque_sensor_broadcaster/share/ament_index/resource_index/parent_prefix_path/force_torque_sensor_broadcaster
[0.644s] -- Up-to-date symlink: /home/rumy/acrome_ws/install/force_torque_sensor_broadcaster/share/force_torque_sensor_broadcaster/environment/ament_prefix_path.sh
[0.644s] -- Up-to-date symlink: /home/rumy/acrome_ws/install/force_torque_sensor_broadcaster/share/force_torque_sensor_broadcaster/environment/ament_prefix_path.dsv
[0.645s] -- Up-to-date symlink: /home/rumy/acrome_ws/install/force_torque_sensor_broadcaster/share/force_torque_sensor_broadcaster/environment/path.sh
[0.645s] -- Up-to-date symlink: /home/rumy/acrome_ws/install/force_torque_sensor_broadcaster/share/force_torque_sensor_broadcaster/environment/path.dsv
[0.645s] -- Up-to-date symlink: /home/rumy/acrome_ws/install/force_torque_sensor_broadcaster/share/force_torque_sensor_broadcaster/local_setup.bash
[0.646s] -- Up-to-date symlink: /home/rumy/acrome_ws/install/force_torque_sensor_broadcaster/share/force_torque_sensor_broadcaster/local_setup.sh
[0.648s] -- Up-to-date symlink: /home/rumy/acrome_ws/install/force_torque_sensor_broadcaster/share/force_torque_sensor_broadcaster/local_setup.zsh
[0.654s] -- Up-to-date symlink: /home/rumy/acrome_ws/install/force_torque_sensor_broadcaster/share/force_torque_sensor_broadcaster/local_setup.dsv
[0.655s] -- Symlinking: /home/rumy/acrome_ws/install/force_torque_sensor_broadcaster/share/force_torque_sensor_broadcaster/package.dsv
[0.673s] -- Up-to-date symlink: /home/rumy/acrome_ws/install/force_torque_sensor_broadcaster/share/ament_index/resource_index/packages/force_torque_sensor_broadcaster
[0.673s] -- Up-to-date symlink: /home/rumy/acrome_ws/install/force_torque_sensor_broadcaster/share/ament_index/resource_index/controller_interface__pluginlib__plugin/force_torque_sensor_broadcaster
[0.673s] -- Up-to-date symlink: /home/rumy/acrome_ws/install/force_torque_sensor_broadcaster/share/force_torque_sensor_broadcaster/cmake/ament_cmake_export_dependencies-extras.cmake
[0.673s] -- Up-to-date symlink: /home/rumy/acrome_ws/install/force_torque_sensor_broadcaster/share/force_torque_sensor_broadcaster/cmake/ament_cmake_export_targets-extras.cmake
[0.675s] -- Up-to-date symlink: /home/rumy/acrome_ws/install/force_torque_sensor_broadcaster/share/force_torque_sensor_broadcaster/cmake/force_torque_sensor_broadcasterConfig.cmake
[0.675s] -- Up-to-date symlink: /home/rumy/acrome_ws/install/force_torque_sensor_broadcaster/share/force_torque_sensor_broadcaster/cmake/force_torque_sensor_broadcasterConfig-version.cmake
[0.675s] -- Up-to-date symlink: /home/rumy/acrome_ws/install/force_torque_sensor_broadcaster/share/force_torque_sensor_broadcaster/package.xml
[0.676s] -- Up-to-date: /home/rumy/acrome_ws/install/force_torque_sensor_broadcaster/lib/libforce_torque_sensor_broadcaster.so
[0.676s] -- Up-to-date: /home/rumy/acrome_ws/install/force_torque_sensor_broadcaster/share/force_torque_sensor_broadcaster/cmake/export_force_torque_sensor_broadcasterExport.cmake
[0.676s] -- Up-to-date: /home/rumy/acrome_ws/install/force_torque_sensor_broadcaster/share/force_torque_sensor_broadcaster/cmake/export_force_torque_sensor_broadcasterExport-noconfig.cmake
[0.800s] Invoked command in '/home/rumy/acrome_ws/build/force_torque_sensor_broadcaster' returned '0': CMAKE_PREFIX_PATH=${CMAKE_PREFIX_PATH}:/home/rumy/acrome_ws/install/rqt_joint_trajectory_controller:/home/rumy/acrome_ws/install/ros2_controllers_test_nodes:/opt/ros/jazzy DEBUGINFOD_URLS=https://debuginfod.ubuntu.com /usr/bin/cmake --install /home/rumy/acrome_ws/build/force_torque_sensor_broadcaster
