-- Found ros2_control_cmake: 0.2.1 (/opt/ros/jazzy/share/ros2_control_cmake/cmake)
-- Compiler warnings enabled for GNU
-- Detected GCC Version: 13.3.0 (Major: 13, Minor: 3)
-- Found ament_cmake: 2.5.4 (/opt/ros/jazzy/share/ament_cmake/cmake)
-- Override CMake install command with custom implementation using symlinks instead of copying resources
-- Found angles: 1.16.0 (/opt/ros/jazzy/share/angles/cmake)
-- Found control_msgs: 5.4.1 (/opt/ros/jazzy/share/control_msgs/cmake)
-- Found rosidl_generator_c: 4.6.5 (/opt/ros/jazzy/share/rosidl_generator_c/cmake)
-- Found rosidl_generator_cpp: 4.6.5 (/opt/ros/jazzy/share/rosidl_generator_cpp/cmake)
-- Using all available rosidl_typesupport_c: rosidl_typesupport_fastrtps_c;rosidl_typesupport_introspection_c
-- Using all available rosidl_typesupport_cpp: rosidl_typesupport_fastrtps_cpp;rosidl_typesupport_introspection_cpp
-- Found control_toolbox: 4.5.0 (/opt/ros/jazzy/share/control_toolbox/cmake)
-- Found rmw_implementation_cmake: 7.3.2 (/opt/ros/jazzy/share/rmw_implementation_cmake/cmake)
-- Found rmw_fastrtps_cpp: 8.4.2 (/opt/ros/jazzy/share/rmw_fastrtps_cpp/cmake)
-- Using RMW implementation 'rmw_fastrtps_cpp' as default
-- Found eigen3_cmake_module: 0.3.0 (/opt/ros/jazzy/share/eigen3_cmake_module/cmake)
-- Ensuring Eigen3 include directory is part of orocos-kdl CMake target
-- Found controller_interface: 4.32.0 (/opt/ros/jazzy/share/controller_interface/cmake)
-- Found std_srvs: 5.3.6 (/opt/ros/jazzy/share/std_srvs/cmake)
-- Found ament_cmake_gmock: 2.5.4 (/opt/ros/jazzy/share/ament_cmake_gmock/cmake)
-- Found controller_manager: 4.32.0 (/opt/ros/jazzy/share/controller_manager/cmake)
-- Found ros2_control_test_assets: 4.32.0 (/opt/ros/jazzy/share/ros2_control_test_assets/cmake)
-- Found gmock sources under '/opt/ros/jazzy/src/gmock_vendor': C++ tests using 'Google Mock' will be built
-- Found ament_cmake_gtest: 2.5.4 (/opt/ros/jazzy/share/ament_cmake_gtest/cmake)
-- Found gtest sources under '/opt/ros/jazzy/src/gtest_vendor': C++ tests using 'Google Test' will be built
-- Found gmock sources under '/opt/ros/jazzy/src/gmock_vendor': C++ tests using 'Google Mock' will be built
-- Found ament_cmake_gtest: 2.5.4 (/opt/ros/jazzy/share/ament_cmake_gtest/cmake)
-- Found gtest sources under '/opt/ros/jazzy/src/gtest_vendor': C++ tests using 'Google Test' will be built
-- Found gmock sources under '/opt/ros/jazzy/src/gmock_vendor': C++ tests using 'Google Mock' will be built
-- Found ament_cmake_gtest: 2.5.4 (/opt/ros/jazzy/share/ament_cmake_gtest/cmake)
-- Found gtest sources under '/opt/ros/jazzy/src/gtest_vendor': C++ tests using 'Google Test' will be built
-- Found gmock sources under '/opt/ros/jazzy/src/gmock_vendor': C++ tests using 'Google Mock' will be built
-- Found ament_cmake_gtest: 2.5.4 (/opt/ros/jazzy/share/ament_cmake_gtest/cmake)
-- Found gtest sources under '/opt/ros/jazzy/src/gtest_vendor': C++ tests using 'Google Test' will be built
-- Configuring done (1.1s)
-- Generating done (0.1s)
-- Build files have been written to: /home/rumy/acrome_ws/build/pid_controller
[ 11%] Built target pid_controller_parameters
[ 23%] Built target gmock_main
[ 41%] Built target gmock
[ 47%] [32mBuilding CXX object CMakeFiles/pid_controller.dir/src/pid_controller.cpp.o[0m
[ 58%] Built target test_load_pid_controller
[ 64%] [32m[1mLinking CXX shared library libpid_controller.so[0m
[ 64%] Built target pid_controller
[ 82%] [32mBuilding CXX object CMakeFiles/test_pid_controller.dir/test/test_pid_controller.cpp.o[0m
[ 82%] [32mBuilding CXX object CMakeFiles/test_pid_controller_preceding.dir/test/test_pid_controller_preceding.cpp.o[0m
[ 82%] [32mBuilding CXX object CMakeFiles/test_pid_controller_dual_interface.dir/test/test_pid_controller_dual_interface.cpp.o[0m
[ 88%] [32m[1mLinking CXX executable test_pid_controller_preceding[0m
[ 94%] [32m[1mLinking CXX executable test_pid_controller_dual_interface[0m
[ 94%] Built target test_pid_controller_preceding
[ 94%] Built target test_pid_controller_dual_interface
[100%] [32m[1mLinking CXX executable test_pid_controller[0m
[100%] Built target test_pid_controller
-- Install configuration: ""
-- Execute custom install script
-- Symlinking: /home/rumy/acrome_ws/install/pid_controller/include/pid_controller/pid_controller_parameters.hpp
-- Symlinking: /home/rumy/acrome_ws/install/pid_controller/share/pid_controller//pid_controller.xml
-- Symlinking: /home/rumy/acrome_ws/install/pid_controller/include/pid_controller/pid_controller/pid_controller.hpp
-- Symlinking: /home/rumy/acrome_ws/install/pid_controller/share/pid_controller/environment/library_path.sh
-- Symlinking: /home/rumy/acrome_ws/install/pid_controller/share/pid_controller/environment/library_path.dsv
-- Symlinking: /home/rumy/acrome_ws/install/pid_controller/share/ament_index/resource_index/package_run_dependencies/pid_controller
-- Symlinking: /home/rumy/acrome_ws/install/pid_controller/share/ament_index/resource_index/parent_prefix_path/pid_controller
-- Symlinking: /home/rumy/acrome_ws/install/pid_controller/share/pid_controller/environment/ament_prefix_path.sh
-- Symlinking: /home/rumy/acrome_ws/install/pid_controller/share/pid_controller/environment/ament_prefix_path.dsv
-- Symlinking: /home/rumy/acrome_ws/install/pid_controller/share/pid_controller/environment/path.sh
-- Symlinking: /home/rumy/acrome_ws/install/pid_controller/share/pid_controller/environment/path.dsv
-- Symlinking: /home/rumy/acrome_ws/install/pid_controller/share/pid_controller/local_setup.bash
-- Symlinking: /home/rumy/acrome_ws/install/pid_controller/share/pid_controller/local_setup.sh
-- Symlinking: /home/rumy/acrome_ws/install/pid_controller/share/pid_controller/local_setup.zsh
-- Symlinking: /home/rumy/acrome_ws/install/pid_controller/share/pid_controller/local_setup.dsv
-- Symlinking: /home/rumy/acrome_ws/install/pid_controller/share/pid_controller/package.dsv
-- Symlinking: /home/rumy/acrome_ws/install/pid_controller/share/ament_index/resource_index/packages/pid_controller
-- Symlinking: /home/rumy/acrome_ws/install/pid_controller/share/ament_index/resource_index/controller_interface__pluginlib__plugin/pid_controller
-- Symlinking: /home/rumy/acrome_ws/install/pid_controller/share/pid_controller/cmake/ament_cmake_export_dependencies-extras.cmake
-- Symlinking: /home/rumy/acrome_ws/install/pid_controller/share/pid_controller/cmake/ament_cmake_export_targets-extras.cmake
-- Symlinking: /home/rumy/acrome_ws/install/pid_controller/share/pid_controller/cmake/pid_controllerConfig.cmake
-- Symlinking: /home/rumy/acrome_ws/install/pid_controller/share/pid_controller/cmake/pid_controllerConfig-version.cmake
-- Symlinking: /home/rumy/acrome_ws/install/pid_controller/share/pid_controller/package.xml
-- Installing: /home/rumy/acrome_ws/install/pid_controller/lib/libpid_controller.so
-- Set non-toolchain portion of runtime path of "/home/rumy/acrome_ws/install/pid_controller/lib/libpid_controller.so" to ""
-- Installing: /home/rumy/acrome_ws/install/pid_controller/share/pid_controller/cmake/export_pid_controllerExport.cmake
-- Installing: /home/rumy/acrome_ws/install/pid_controller/share/pid_controller/cmake/export_pid_controllerExport-noconfig.cmake
