-- The CXX compiler identification is GNU 13.3.0
-- Detecting CXX compiler ABI info
-- Detecting CXX compiler ABI info - done
-- Check for working CXX compiler: /usr/bin/c++ - skipped
-- Detecting CXX compile features
-- Detecting CXX compile features - done
-- Found ros2_control_cmake: 0.2.1 (/opt/ros/jazzy/share/ros2_control_cmake/cmake)
-- Compiler warnings enabled for GNU
-- Detected GCC Version: 13.3.0 (Major: 13, Minor: 3)
-- Found ament_cmake: 2.5.4 (/opt/ros/jazzy/share/ament_cmake/cmake)
-- Found Python3: /usr/bin/python3 (found version "3.12.3") found components: Interpreter 
-- Found controller_interface: 4.32.0 (/opt/ros/jazzy/share/controller_interface/cmake)
-- Found rosidl_generator_c: 4.6.5 (/opt/ros/jazzy/share/rosidl_generator_c/cmake)
-- Found rosidl_generator_cpp: 4.6.5 (/opt/ros/jazzy/share/rosidl_generator_cpp/cmake)
-- Using all available rosidl_typesupport_c: rosidl_typesupport_fastrtps_c;rosidl_typesupport_introspection_c
-- Using all available rosidl_typesupport_cpp: rosidl_typesupport_fastrtps_cpp;rosidl_typesupport_introspection_cpp
-- Found TinyXML2 via Config file: /usr/lib/x86_64-linux-gnu/cmake/tinyxml2
-- Found rmw_implementation_cmake: 7.3.2 (/opt/ros/jazzy/share/rmw_implementation_cmake/cmake)
-- Found rmw_fastrtps_cpp: 8.4.2 (/opt/ros/jazzy/share/rmw_fastrtps_cpp/cmake)
-- Found TinyXML2 via Config file: /usr/lib/x86_64-linux-gnu/cmake/tinyxml2
-- Found OpenSSL: /usr/lib/x86_64-linux-gnu/libcrypto.so (found version "3.0.13")  
-- Found TinyXML2 via Config file: /usr/lib/x86_64-linux-gnu/cmake/tinyxml2
-- Found FastRTPS: /opt/ros/jazzy/include (Required is at least version "2.13") 
-- Found TinyXML2 via Config file: /usr/lib/x86_64-linux-gnu/cmake/tinyxml2
-- Found TinyXML2 via Config file: /usr/lib/x86_64-linux-gnu/cmake/tinyxml2
-- Using RMW implementation 'rmw_fastrtps_cpp' as default
-- Found generate_parameter_library: 0.5.0 (/opt/ros/jazzy/share/generate_parameter_library/cmake)
-- Found parameter_traits: 0.5.0 (/opt/ros/jazzy/share/parameter_traits/cmake)
-- Found ament_cmake_gmock: 2.5.4 (/opt/ros/jazzy/share/ament_cmake_gmock/cmake)
-- Found controller_manager: 4.32.0 (/opt/ros/jazzy/share/controller_manager/cmake)
-- Found ros2_control_test_assets: 4.32.0 (/opt/ros/jazzy/share/ros2_control_test_assets/cmake)
-- Found gmock sources under '/opt/ros/jazzy/src/gmock_vendor': C++ tests using 'Google Mock' will be built
-- The C compiler identification is GNU 13.3.0
-- Detecting C compiler ABI info
-- Detecting C compiler ABI info - done
-- Check for working C compiler: /usr/bin/cc - skipped
-- Detecting C compile features
-- Detecting C compile features - done
-- Found ament_cmake_gtest: 2.5.4 (/opt/ros/jazzy/share/ament_cmake_gtest/cmake)
-- Found gtest sources under '/opt/ros/jazzy/src/gtest_vendor': C++ tests using 'Google Test' will be built
-- Configuring done (2.9s)
-- Generating done (0.2s)
-- Build files have been written to: /home/rumy/acrome_ws/build/gps_sensor_broadcaster
[  7%] [34m[1mRunning `/opt/ros/jazzy/bin/generate_parameter_library_cpp /home/rumy/acrome_ws/build/gps_sensor_broadcaster/include/gps_sensor_broadcaster/gps_sensor_broadcaster_parameters.hpp /home/rumy/acrome_ws/src/ros2_controllers/gps_sensor_broadcaster/src/gps_sensor_broadcaster_parameters.yaml `[0m
[ 15%] [32mBuilding CXX object gmock/CMakeFiles/gmock_main.dir/src/gmock_main.cc.o[0m
[ 23%] [32mBuilding CXX object gmock/CMakeFiles/gmock.dir/opt/ros/jazzy/src/gtest_vendor/src/gtest-all.cc.o[0m
[ 30%] [32mBuilding CXX object gmock/CMakeFiles/gmock.dir/src/gmock-all.cc.o[0m
[ 38%] [34m[1mCreating deprecated header file /home/rumy/acrome_ws/build/gps_sensor_broadcaster/include/gps_sensor_broadcaster_parameters.hpp[0m
[ 38%] Built target gps_sensor_broadcaster_parameters
[ 46%] [32mBuilding CXX object CMakeFiles/gps_sensor_broadcaster.dir/src/gps_sensor_broadcaster.cpp.o[0m
[ 53%] [32m[1mLinking CXX static library libgmock_main.a[0m
[ 53%] Built target gmock_main
[ 61%] [32m[1mLinking CXX static library libgmock.a[0m
[ 61%] Built target gmock
[ 69%] [32m[1mLinking CXX shared library libgps_sensor_broadcaster.so[0m
[ 69%] Built target gps_sensor_broadcaster
[ 76%] [32mBuilding CXX object CMakeFiles/test_load_gps_sensor_broadcaster.dir/test/test_load_gps_sensor_broadcaster.cpp.o[0m
[ 84%] [32m[1mLinking CXX executable test_load_gps_sensor_broadcaster[0m
[ 84%] Built target test_load_gps_sensor_broadcaster
[ 92%] [32mBuilding CXX object CMakeFiles/test_gps_sensor_broadcaster.dir/test/test_gps_sensor_broadcaster.cpp.o[0m
[100%] [32m[1mLinking CXX executable test_gps_sensor_broadcaster[0m
[100%] Built target test_gps_sensor_broadcaster
-- Install configuration: ""
-- Installing: /home/rumy/acrome_ws/install/gps_sensor_broadcaster/include/gps_sensor_broadcaster
-- Installing: /home/rumy/acrome_ws/install/gps_sensor_broadcaster/include/gps_sensor_broadcaster/gps_sensor_broadcaster_parameters.hpp
-- Installing: /home/rumy/acrome_ws/install/gps_sensor_broadcaster/share/gps_sensor_broadcaster/gps_sensor_broadcaster.xml
-- Up-to-date: /home/rumy/acrome_ws/install/gps_sensor_broadcaster/include/gps_sensor_broadcaster
-- Installing: /home/rumy/acrome_ws/install/gps_sensor_broadcaster/include/gps_sensor_broadcaster/gps_sensor_broadcaster
-- Installing: /home/rumy/acrome_ws/install/gps_sensor_broadcaster/include/gps_sensor_broadcaster/gps_sensor_broadcaster/gps_sensor_broadcaster.hpp
-- Installing: /home/rumy/acrome_ws/install/gps_sensor_broadcaster/lib/libgps_sensor_broadcaster.so
-- Set non-toolchain portion of runtime path of "/home/rumy/acrome_ws/install/gps_sensor_broadcaster/lib/libgps_sensor_broadcaster.so" to ""
-- Installing: /home/rumy/acrome_ws/install/gps_sensor_broadcaster/share/gps_sensor_broadcaster/environment/library_path.sh
-- Installing: /home/rumy/acrome_ws/install/gps_sensor_broadcaster/share/gps_sensor_broadcaster/environment/library_path.dsv
-- Installing: /home/rumy/acrome_ws/install/gps_sensor_broadcaster/share/ament_index/resource_index/package_run_dependencies/gps_sensor_broadcaster
-- Installing: /home/rumy/acrome_ws/install/gps_sensor_broadcaster/share/ament_index/resource_index/parent_prefix_path/gps_sensor_broadcaster
-- Installing: /home/rumy/acrome_ws/install/gps_sensor_broadcaster/share/gps_sensor_broadcaster/environment/ament_prefix_path.sh
-- Installing: /home/rumy/acrome_ws/install/gps_sensor_broadcaster/share/gps_sensor_broadcaster/environment/ament_prefix_path.dsv
-- Installing: /home/rumy/acrome_ws/install/gps_sensor_broadcaster/share/gps_sensor_broadcaster/environment/path.sh
-- Installing: /home/rumy/acrome_ws/install/gps_sensor_broadcaster/share/gps_sensor_broadcaster/environment/path.dsv
-- Installing: /home/rumy/acrome_ws/install/gps_sensor_broadcaster/share/gps_sensor_broadcaster/local_setup.bash
-- Installing: /home/rumy/acrome_ws/install/gps_sensor_broadcaster/share/gps_sensor_broadcaster/local_setup.sh
-- Installing: /home/rumy/acrome_ws/install/gps_sensor_broadcaster/share/gps_sensor_broadcaster/local_setup.zsh
-- Installing: /home/rumy/acrome_ws/install/gps_sensor_broadcaster/share/gps_sensor_broadcaster/local_setup.dsv
-- Installing: /home/rumy/acrome_ws/install/gps_sensor_broadcaster/share/gps_sensor_broadcaster/package.dsv
-- Installing: /home/rumy/acrome_ws/install/gps_sensor_broadcaster/share/ament_index/resource_index/packages/gps_sensor_broadcaster
-- Installing: /home/rumy/acrome_ws/install/gps_sensor_broadcaster/share/ament_index/resource_index/controller_interface__pluginlib__plugin/gps_sensor_broadcaster
-- Installing: /home/rumy/acrome_ws/install/gps_sensor_broadcaster/share/gps_sensor_broadcaster/cmake/export_gps_sensor_broadcasterExport.cmake
-- Installing: /home/rumy/acrome_ws/install/gps_sensor_broadcaster/share/gps_sensor_broadcaster/cmake/export_gps_sensor_broadcasterExport-noconfig.cmake
-- Installing: /home/rumy/acrome_ws/install/gps_sensor_broadcaster/share/gps_sensor_broadcaster/cmake/ament_cmake_export_dependencies-extras.cmake
-- Installing: /home/rumy/acrome_ws/install/gps_sensor_broadcaster/share/gps_sensor_broadcaster/cmake/ament_cmake_export_targets-extras.cmake
-- Installing: /home/rumy/acrome_ws/install/gps_sensor_broadcaster/share/gps_sensor_broadcaster/cmake/gps_sensor_broadcasterConfig.cmake
-- Installing: /home/rumy/acrome_ws/install/gps_sensor_broadcaster/share/gps_sensor_broadcaster/cmake/gps_sensor_broadcasterConfig-version.cmake
-- Installing: /home/rumy/acrome_ws/install/gps_sensor_broadcaster/share/gps_sensor_broadcaster/package.xml
