[0.036s] Invoking command in '/home/rumy/acrome_ws/build/gps_sensor_broadcaster': CMAKE_PREFIX_PATH=${CMAKE_PREFIX_PATH}:/opt/ros/jazzy DEBUGINFOD_URLS=https://debuginfod.ubuntu.com /usr/bin/cmake /home/rumy/acrome_ws/src/ros2_controllers/gps_sensor_broadcaster -DCMAKE_INSTALL_PREFIX=/home/rumy/acrome_ws/install/gps_sensor_broadcaster
[0.157s] -- The CXX compiler identification is GNU 13.3.0
[0.186s] -- Detecting CXX compiler ABI info
[0.349s] -- Detecting CXX compiler ABI info - done
[0.365s] -- Check for working CXX compiler: /usr/bin/c++ - skipped
[0.368s] -- Detecting CXX compile features
[0.374s] -- Detecting CXX compile features - done
[0.391s] -- Found ros2_control_cmake: 0.2.1 (/opt/ros/jazzy/share/ros2_control_cmake/cmake)
[0.391s] -- Compiler warnings enabled for GNU
[0.391s] -- Detected GCC Version: 13.3.0 (Major: 13, Minor: 3)
[0.400s] -- Found ament_cmake: 2.5.4 (/opt/ros/jazzy/share/ament_cmake/cmake)
[0.641s] -- Found Python3: /usr/bin/python3 (found version "3.12.3") found components: Interpreter 
[0.929s] -- Found controller_interface: 4.32.0 (/opt/ros/jazzy/share/controller_interface/cmake)
[1.041s] -- Found rosidl_generator_c: 4.6.5 (/opt/ros/jazzy/share/rosidl_generator_c/cmake)
[1.071s] -- Found rosidl_generator_cpp: 4.6.5 (/opt/ros/jazzy/share/rosidl_generator_cpp/cmake)
[1.114s] -- Using all available rosidl_typesupport_c: rosidl_typesupport_fastrtps_c;rosidl_typesupport_introspection_c
[1.152s] -- Using all available rosidl_typesupport_cpp: rosidl_typesupport_fastrtps_cpp;rosidl_typesupport_introspection_cpp
[1.585s] -- Found TinyXML2 via Config file: /usr/lib/x86_64-linux-gnu/cmake/tinyxml2
[1.675s] -- Found rmw_implementation_cmake: 7.3.2 (/opt/ros/jazzy/share/rmw_implementation_cmake/cmake)
[1.681s] -- Found rmw_fastrtps_cpp: 8.4.2 (/opt/ros/jazzy/share/rmw_fastrtps_cpp/cmake)
[1.724s] -- Found TinyXML2 via Config file: /usr/lib/x86_64-linux-gnu/cmake/tinyxml2
[1.799s] -- Found OpenSSL: /usr/lib/x86_64-linux-gnu/libcrypto.so (found version "3.0.13")  
[1.804s] -- Found TinyXML2 via Config file: /usr/lib/x86_64-linux-gnu/cmake/tinyxml2
[1.832s] -- Found FastRTPS: /opt/ros/jazzy/include (Required is at least version "2.13") 
[1.837s] -- Found TinyXML2 via Config file: /usr/lib/x86_64-linux-gnu/cmake/tinyxml2
[1.850s] -- Found TinyXML2 via Config file: /usr/lib/x86_64-linux-gnu/cmake/tinyxml2
[1.864s] -- Using RMW implementation 'rmw_fastrtps_cpp' as default
[2.352s] -- Found generate_parameter_library: 0.5.0 (/opt/ros/jazzy/share/generate_parameter_library/cmake)
[2.356s] -- Found parameter_traits: 0.5.0 (/opt/ros/jazzy/share/parameter_traits/cmake)
[2.395s] -- Found ament_cmake_gmock: 2.5.4 (/opt/ros/jazzy/share/ament_cmake_gmock/cmake)
[2.400s] -- Found controller_manager: 4.32.0 (/opt/ros/jazzy/share/controller_manager/cmake)
[2.534s] -- Found ros2_control_test_assets: 4.32.0 (/opt/ros/jazzy/share/ros2_control_test_assets/cmake)
[2.541s] -- Found gmock sources under '/opt/ros/jazzy/src/gmock_vendor': C++ tests using 'Google Mock' will be built
[2.602s] -- The C compiler identification is GNU 13.3.0
[2.626s] -- Detecting C compiler ABI info
[2.763s] -- Detecting C compiler ABI info - done
[2.778s] -- Check for working C compiler: /usr/bin/cc - skipped
[2.779s] -- Detecting C compile features
[2.779s] -- Detecting C compile features - done
[2.789s] -- Found ament_cmake_gtest: 2.5.4 (/opt/ros/jazzy/share/ament_cmake_gtest/cmake)
[2.790s] -- Found gtest sources under '/opt/ros/jazzy/src/gtest_vendor': C++ tests using 'Google Test' will be built
[2.979s] -- Configuring done (2.9s)
[3.191s] -- Generating done (0.2s)
[3.239s] -- Build files have been written to: /home/rumy/acrome_ws/build/gps_sensor_broadcaster
[3.323s] Invoked command in '/home/rumy/acrome_ws/build/gps_sensor_broadcaster' returned '0': CMAKE_PREFIX_PATH=${CMAKE_PREFIX_PATH}:/opt/ros/jazzy DEBUGINFOD_URLS=https://debuginfod.ubuntu.com /usr/bin/cmake /home/rumy/acrome_ws/src/ros2_controllers/gps_sensor_broadcaster -DCMAKE_INSTALL_PREFIX=/home/rumy/acrome_ws/install/gps_sensor_broadcaster
[3.324s] Invoking command in '/home/rumy/acrome_ws/build/gps_sensor_broadcaster': CMAKE_PREFIX_PATH=${CMAKE_PREFIX_PATH}:/opt/ros/jazzy DEBUGINFOD_URLS=https://debuginfod.ubuntu.com /usr/bin/cmake --build /home/rumy/acrome_ws/build/gps_sensor_broadcaster -- -j12 -l12
[3.638s] [  7%] [34m[1mRunning `/opt/ros/jazzy/bin/generate_parameter_library_cpp /home/rumy/acrome_ws/build/gps_sensor_broadcaster/include/gps_sensor_broadcaster/gps_sensor_broadcaster_parameters.hpp /home/rumy/acrome_ws/src/ros2_controllers/gps_sensor_broadcaster/src/gps_sensor_broadcaster_parameters.yaml `[0m
[3.638s] [ 15%] [32mBuilding CXX object gmock/CMakeFiles/gmock_main.dir/src/gmock_main.cc.o[0m
[3.638s] [ 23%] [32mBuilding CXX object gmock/CMakeFiles/gmock.dir/opt/ros/jazzy/src/gtest_vendor/src/gtest-all.cc.o[0m
[3.638s] [ 30%] [32mBuilding CXX object gmock/CMakeFiles/gmock.dir/src/gmock-all.cc.o[0m
[9.137s] [ 38%] [34m[1mCreating deprecated header file /home/rumy/acrome_ws/build/gps_sensor_broadcaster/include/gps_sensor_broadcaster_parameters.hpp[0m
[9.229s] [ 38%] Built target gps_sensor_broadcaster_parameters
[9.353s] [ 46%] [32mBuilding CXX object CMakeFiles/gps_sensor_broadcaster.dir/src/gps_sensor_broadcaster.cpp.o[0m
[11.547s] [ 53%] [32m[1mLinking CXX static library libgmock_main.a[0m
[11.652s] [ 53%] Built target gmock_main
[23.523s] [ 61%] [32m[1mLinking CXX static library libgmock.a[0m
[23.712s] [ 61%] Built target gmock
[29.480s] [ 69%] [32m[1mLinking CXX shared library libgps_sensor_broadcaster.so[0m
[30.160s] [ 69%] Built target gps_sensor_broadcaster
[30.188s] [ 76%] [32mBuilding CXX object CMakeFiles/test_load_gps_sensor_broadcaster.dir/test/test_load_gps_sensor_broadcaster.cpp.o[0m
[40.024s] [ 84%] [32m[1mLinking CXX executable test_load_gps_sensor_broadcaster[0m
[40.852s] [ 84%] Built target test_load_gps_sensor_broadcaster
[40.885s] [ 92%] [32mBuilding CXX object CMakeFiles/test_gps_sensor_broadcaster.dir/test/test_gps_sensor_broadcaster.cpp.o[0m
[55.469s] [100%] [32m[1mLinking CXX executable test_gps_sensor_broadcaster[0m
[56.787s] [100%] Built target test_gps_sensor_broadcaster
[56.808s] Invoked command in '/home/rumy/acrome_ws/build/gps_sensor_broadcaster' returned '0': CMAKE_PREFIX_PATH=${CMAKE_PREFIX_PATH}:/opt/ros/jazzy DEBUGINFOD_URLS=https://debuginfod.ubuntu.com /usr/bin/cmake --build /home/rumy/acrome_ws/build/gps_sensor_broadcaster -- -j12 -l12
[56.808s] Invoking command in '/home/rumy/acrome_ws/build/gps_sensor_broadcaster': CMAKE_PREFIX_PATH=${CMAKE_PREFIX_PATH}:/opt/ros/jazzy DEBUGINFOD_URLS=https://debuginfod.ubuntu.com /usr/bin/cmake --install /home/rumy/acrome_ws/build/gps_sensor_broadcaster
[63.932s] -- Install configuration: ""
[63.932s] -- Installing: /home/rumy/acrome_ws/install/gps_sensor_broadcaster/include/gps_sensor_broadcaster
[63.932s] -- Installing: /home/rumy/acrome_ws/install/gps_sensor_broadcaster/include/gps_sensor_broadcaster/gps_sensor_broadcaster_parameters.hpp
[63.933s] -- Installing: /home/rumy/acrome_ws/install/gps_sensor_broadcaster/share/gps_sensor_broadcaster/gps_sensor_broadcaster.xml
[63.933s] -- Up-to-date: /home/rumy/acrome_ws/install/gps_sensor_broadcaster/include/gps_sensor_broadcaster
[63.934s] -- Installing: /home/rumy/acrome_ws/install/gps_sensor_broadcaster/include/gps_sensor_broadcaster/gps_sensor_broadcaster
[63.935s] -- Installing: /home/rumy/acrome_ws/install/gps_sensor_broadcaster/include/gps_sensor_broadcaster/gps_sensor_broadcaster/gps_sensor_broadcaster.hpp
[63.935s] -- Installing: /home/rumy/acrome_ws/install/gps_sensor_broadcaster/lib/libgps_sensor_broadcaster.so
[63.935s] -- Set non-toolchain portion of runtime path of "/home/rumy/acrome_ws/install/gps_sensor_broadcaster/lib/libgps_sensor_broadcaster.so" to ""
[63.935s] -- Installing: /home/rumy/acrome_ws/install/gps_sensor_broadcaster/share/gps_sensor_broadcaster/environment/library_path.sh
[63.936s] -- Installing: /home/rumy/acrome_ws/install/gps_sensor_broadcaster/share/gps_sensor_broadcaster/environment/library_path.dsv
[63.936s] -- Installing: /home/rumy/acrome_ws/install/gps_sensor_broadcaster/share/ament_index/resource_index/package_run_dependencies/gps_sensor_broadcaster
[63.936s] -- Installing: /home/rumy/acrome_ws/install/gps_sensor_broadcaster/share/ament_index/resource_index/parent_prefix_path/gps_sensor_broadcaster
[63.936s] -- Installing: /home/rumy/acrome_ws/install/gps_sensor_broadcaster/share/gps_sensor_broadcaster/environment/ament_prefix_path.sh
[63.937s] -- Installing: /home/rumy/acrome_ws/install/gps_sensor_broadcaster/share/gps_sensor_broadcaster/environment/ament_prefix_path.dsv
[63.937s] -- Installing: /home/rumy/acrome_ws/install/gps_sensor_broadcaster/share/gps_sensor_broadcaster/environment/path.sh
[63.937s] -- Installing: /home/rumy/acrome_ws/install/gps_sensor_broadcaster/share/gps_sensor_broadcaster/environment/path.dsv
[63.937s] -- Installing: /home/rumy/acrome_ws/install/gps_sensor_broadcaster/share/gps_sensor_broadcaster/local_setup.bash
[63.938s] -- Installing: /home/rumy/acrome_ws/install/gps_sensor_broadcaster/share/gps_sensor_broadcaster/local_setup.sh
[63.939s] -- Installing: /home/rumy/acrome_ws/install/gps_sensor_broadcaster/share/gps_sensor_broadcaster/local_setup.zsh
[63.939s] -- Installing: /home/rumy/acrome_ws/install/gps_sensor_broadcaster/share/gps_sensor_broadcaster/local_setup.dsv
[63.940s] -- Installing: /home/rumy/acrome_ws/install/gps_sensor_broadcaster/share/gps_sensor_broadcaster/package.dsv
[63.940s] -- Installing: /home/rumy/acrome_ws/install/gps_sensor_broadcaster/share/ament_index/resource_index/packages/gps_sensor_broadcaster
[63.940s] -- Installing: /home/rumy/acrome_ws/install/gps_sensor_broadcaster/share/ament_index/resource_index/controller_interface__pluginlib__plugin/gps_sensor_broadcaster
[63.940s] -- Installing: /home/rumy/acrome_ws/install/gps_sensor_broadcaster/share/gps_sensor_broadcaster/cmake/export_gps_sensor_broadcasterExport.cmake
[63.941s] -- Installing: /home/rumy/acrome_ws/install/gps_sensor_broadcaster/share/gps_sensor_broadcaster/cmake/export_gps_sensor_broadcasterExport-noconfig.cmake
[63.941s] -- Installing: /home/rumy/acrome_ws/install/gps_sensor_broadcaster/share/gps_sensor_broadcaster/cmake/ament_cmake_export_dependencies-extras.cmake
[63.942s] -- Installing: /home/rumy/acrome_ws/install/gps_sensor_broadcaster/share/gps_sensor_broadcaster/cmake/ament_cmake_export_targets-extras.cmake
[63.942s] -- Installing: /home/rumy/acrome_ws/install/gps_sensor_broadcaster/share/gps_sensor_broadcaster/cmake/gps_sensor_broadcasterConfig.cmake
[63.943s] -- Installing: /home/rumy/acrome_ws/install/gps_sensor_broadcaster/share/gps_sensor_broadcaster/cmake/gps_sensor_broadcasterConfig-version.cmake
[63.943s] -- Installing: /home/rumy/acrome_ws/install/gps_sensor_broadcaster/share/gps_sensor_broadcaster/package.xml
[63.997s] Invoked command in '/home/rumy/acrome_ws/build/gps_sensor_broadcaster' returned '0': CMAKE_PREFIX_PATH=${CMAKE_PREFIX_PATH}:/opt/ros/jazzy DEBUGINFOD_URLS=https://debuginfod.ubuntu.com /usr/bin/cmake --install /home/rumy/acrome_ws/build/gps_sensor_broadcaster
