[0.110s] Invoking command in '/home/rumy/acrome_ws/build/tricycle_controller': CMAKE_PREFIX_PATH=${CMAKE_PREFIX_PATH}:/home/rumy/acrome_ws/install/rqt_joint_trajectory_controller:/home/rumy/acrome_ws/install/ros2_controllers_test_nodes:/opt/ros/jazzy DEBUGINFOD_URLS=https://debuginfod.ubuntu.com /usr/bin/cmake /home/rumy/acrome_ws/src/ros2_controllers/tricycle_controller -DCMAKE_INSTALL_PREFIX=/home/rumy/acrome_ws/install/tricycle_controller
[0.129s] -- Found ros2_control_cmake: 0.2.1 (/opt/ros/jazzy/share/ros2_control_cmake/cmake)
[0.130s] -- Compiler warnings enabled for GNU
[0.130s] -- Detected GCC Version: 13.3.0 (Major: 13, Minor: 3)
[0.130s] -- Found ament_cmake: 2.5.4 (/opt/ros/jazzy/share/ament_cmake/cmake)
[0.296s] -- Override CMake install command with custom implementation using symlinks instead of copying resources
[0.302s] -- Found ackermann_msgs: 2.0.2 (/opt/ros/jazzy/share/ackermann_msgs/cmake)
[0.324s] -- Found rosidl_generator_c: 4.6.5 (/opt/ros/jazzy/share/rosidl_generator_c/cmake)
[0.332s] -- Found rosidl_generator_cpp: 4.6.5 (/opt/ros/jazzy/share/rosidl_generator_cpp/cmake)
[0.343s] -- Using all available rosidl_typesupport_c: rosidl_typesupport_fastrtps_c;rosidl_typesupport_introspection_c
[0.356s] -- Using all available rosidl_typesupport_cpp: rosidl_typesupport_fastrtps_cpp;rosidl_typesupport_introspection_cpp
[0.396s] -- Found controller_interface: 4.32.0 (/opt/ros/jazzy/share/controller_interface/cmake)
[0.539s] -- Found TinyXML2 via Config file: /usr/lib/x86_64-linux-gnu/cmake/tinyxml2
[0.571s] -- Found rmw_implementation_cmake: 7.3.2 (/opt/ros/jazzy/share/rmw_implementation_cmake/cmake)
[0.572s] -- Found rmw_fastrtps_cpp: 8.4.2 (/opt/ros/jazzy/share/rmw_fastrtps_cpp/cmake)
[0.590s] -- Found TinyXML2 via Config file: /usr/lib/x86_64-linux-gnu/cmake/tinyxml2
[0.598s] -- Found TinyXML2 via Config file: /usr/lib/x86_64-linux-gnu/cmake/tinyxml2
[0.613s] -- Found TinyXML2 via Config file: /usr/lib/x86_64-linux-gnu/cmake/tinyxml2
[0.621s] -- Found TinyXML2 via Config file: /usr/lib/x86_64-linux-gnu/cmake/tinyxml2
[0.633s] -- Using RMW implementation 'rmw_fastrtps_cpp' as default
[0.843s] -- Found generate_parameter_library: 0.5.0 (/opt/ros/jazzy/share/generate_parameter_library/cmake)
[0.843s] -- Found parameter_traits: 0.5.0 (/opt/ros/jazzy/share/parameter_traits/cmake)
[0.856s] -- Found nav_msgs: 5.3.6 (/opt/ros/jazzy/share/nav_msgs/cmake)
[0.893s] -- Found std_srvs: 5.3.6 (/opt/ros/jazzy/share/std_srvs/cmake)
[0.918s] -- Found tf2: 0.36.12 (/opt/ros/jazzy/share/tf2/cmake)
[0.924s] -- Found tf2_msgs: 0.36.12 (/opt/ros/jazzy/share/tf2_msgs/cmake)
[0.966s] -- Found ament_cmake_gmock: 2.5.4 (/opt/ros/jazzy/share/ament_cmake_gmock/cmake)
[0.966s] -- Found controller_manager: 4.32.0 (/opt/ros/jazzy/share/controller_manager/cmake)
[1.043s] -- Found ros2_control_test_assets: 4.32.0 (/opt/ros/jazzy/share/ros2_control_test_assets/cmake)
[1.043s] -- Found gmock sources under '/opt/ros/jazzy/src/gmock_vendor': C++ tests using 'Google Mock' will be built
[1.046s] -- Found ament_cmake_gtest: 2.5.4 (/opt/ros/jazzy/share/ament_cmake_gtest/cmake)
[1.047s] -- Found gtest sources under '/opt/ros/jazzy/src/gtest_vendor': C++ tests using 'Google Test' will be built
[1.179s] -- Configuring done (1.1s)
[1.284s] -- Generating done (0.1s)
[1.310s] -- Build files have been written to: /home/rumy/acrome_ws/build/tricycle_controller
[1.328s] Invoked command in '/home/rumy/acrome_ws/build/tricycle_controller' returned '0': CMAKE_PREFIX_PATH=${CMAKE_PREFIX_PATH}:/home/rumy/acrome_ws/install/rqt_joint_trajectory_controller:/home/rumy/acrome_ws/install/ros2_controllers_test_nodes:/opt/ros/jazzy DEBUGINFOD_URLS=https://debuginfod.ubuntu.com /usr/bin/cmake /home/rumy/acrome_ws/src/ros2_controllers/tricycle_controller -DCMAKE_INSTALL_PREFIX=/home/rumy/acrome_ws/install/tricycle_controller
[1.329s] Invoking command in '/home/rumy/acrome_ws/build/tricycle_controller': CMAKE_PREFIX_PATH=${CMAKE_PREFIX_PATH}:/home/rumy/acrome_ws/install/rqt_joint_trajectory_controller:/home/rumy/acrome_ws/install/ros2_controllers_test_nodes:/opt/ros/jazzy DEBUGINFOD_URLS=https://debuginfod.ubuntu.com /usr/bin/cmake --build /home/rumy/acrome_ws/build/tricycle_controller -- -j12 -l12
[1.968s] [ 11%] Built target tricycle_controller_parameters
[1.969s] [ 22%] Built target gmock_main
[1.969s] [ 38%] Built target gmock
[1.969s] [ 66%] Built target tricycle_controller
[1.969s] [ 77%] Built target test_load_tricycle_controller
[1.969s] [ 88%] Built target test_traction_limiter
[1.969s] [100%] Built target test_tricycle_controller
[1.997s] Invoked command in '/home/rumy/acrome_ws/build/tricycle_controller' returned '0': CMAKE_PREFIX_PATH=${CMAKE_PREFIX_PATH}:/home/rumy/acrome_ws/install/rqt_joint_trajectory_controller:/home/rumy/acrome_ws/install/ros2_controllers_test_nodes:/opt/ros/jazzy DEBUGINFOD_URLS=https://debuginfod.ubuntu.com /usr/bin/cmake --build /home/rumy/acrome_ws/build/tricycle_controller -- -j12 -l12
[1.998s] Invoking command in '/home/rumy/acrome_ws/build/tricycle_controller': CMAKE_PREFIX_PATH=${CMAKE_PREFIX_PATH}:/home/rumy/acrome_ws/install/rqt_joint_trajectory_controller:/home/rumy/acrome_ws/install/ros2_controllers_test_nodes:/opt/ros/jazzy DEBUGINFOD_URLS=https://debuginfod.ubuntu.com /usr/bin/cmake --install /home/rumy/acrome_ws/build/tricycle_controller
[2.136s] -- Install configuration: ""
[2.136s] -- Execute custom install script
[2.136s] -- Up-to-date symlink: /home/rumy/acrome_ws/install/tricycle_controller/include/tricycle_controller/tricycle_controller_parameters.hpp
[2.136s] -- Up-to-date symlink: /home/rumy/acrome_ws/install/tricycle_controller/share/tricycle_controller//tricycle_controller.xml
[2.137s] -- Up-to-date symlink: /home/rumy/acrome_ws/install/tricycle_controller/include/tricycle_controller/tricycle_controller/odometry.hpp
[2.137s] -- Up-to-date symlink: /home/rumy/acrome_ws/install/tricycle_controller/include/tricycle_controller/tricycle_controller/steering_limiter.hpp
[2.137s] -- Up-to-date symlink: /home/rumy/acrome_ws/install/tricycle_controller/include/tricycle_controller/tricycle_controller/traction_limiter.hpp
[2.137s] -- Up-to-date symlink: /home/rumy/acrome_ws/install/tricycle_controller/include/tricycle_controller/tricycle_controller/tricycle_controller.hpp
[2.137s] -- Up-to-date symlink: /home/rumy/acrome_ws/install/tricycle_controller/share/tricycle_controller/environment/library_path.sh
[2.137s] -- Up-to-date symlink: /home/rumy/acrome_ws/install/tricycle_controller/share/tricycle_controller/environment/library_path.dsv
[2.137s] -- Up-to-date symlink: /home/rumy/acrome_ws/install/tricycle_controller/share/ament_index/resource_index/package_run_dependencies/tricycle_controller
[2.137s] -- Up-to-date symlink: /home/rumy/acrome_ws/install/tricycle_controller/share/ament_index/resource_index/parent_prefix_path/tricycle_controller
[2.137s] -- Up-to-date symlink: /home/rumy/acrome_ws/install/tricycle_controller/share/tricycle_controller/environment/ament_prefix_path.sh
[2.138s] -- Up-to-date symlink: /home/rumy/acrome_ws/install/tricycle_controller/share/tricycle_controller/environment/ament_prefix_path.dsv
[2.139s] -- Up-to-date symlink: /home/rumy/acrome_ws/install/tricycle_controller/share/tricycle_controller/environment/path.sh
[2.139s] -- Up-to-date symlink: /home/rumy/acrome_ws/install/tricycle_controller/share/tricycle_controller/environment/path.dsv
[2.139s] -- Up-to-date symlink: /home/rumy/acrome_ws/install/tricycle_controller/share/tricycle_controller/local_setup.bash
[2.139s] -- Up-to-date symlink: /home/rumy/acrome_ws/install/tricycle_controller/share/tricycle_controller/local_setup.sh
[2.139s] -- Up-to-date symlink: /home/rumy/acrome_ws/install/tricycle_controller/share/tricycle_controller/local_setup.zsh
[2.139s] -- Up-to-date symlink: /home/rumy/acrome_ws/install/tricycle_controller/share/tricycle_controller/local_setup.dsv
[2.139s] -- Symlinking: /home/rumy/acrome_ws/install/tricycle_controller/share/tricycle_controller/package.dsv
[2.139s] -- Up-to-date symlink: /home/rumy/acrome_ws/install/tricycle_controller/share/ament_index/resource_index/packages/tricycle_controller
[2.140s] -- Up-to-date symlink: /home/rumy/acrome_ws/install/tricycle_controller/share/ament_index/resource_index/controller_interface__pluginlib__plugin/tricycle_controller
[2.141s] -- Up-to-date symlink: /home/rumy/acrome_ws/install/tricycle_controller/share/tricycle_controller/cmake/ament_cmake_export_dependencies-extras.cmake
[2.141s] -- Up-to-date symlink: /home/rumy/acrome_ws/install/tricycle_controller/share/tricycle_controller/cmake/ament_cmake_export_targets-extras.cmake
[2.141s] -- Up-to-date symlink: /home/rumy/acrome_ws/install/tricycle_controller/share/tricycle_controller/cmake/tricycle_controllerConfig.cmake
[2.141s] -- Up-to-date symlink: /home/rumy/acrome_ws/install/tricycle_controller/share/tricycle_controller/cmake/tricycle_controllerConfig-version.cmake
[2.141s] -- Up-to-date symlink: /home/rumy/acrome_ws/install/tricycle_controller/share/tricycle_controller/package.xml
[2.141s] -- Up-to-date: /home/rumy/acrome_ws/install/tricycle_controller/lib/libtricycle_controller.so
[2.141s] -- Up-to-date: /home/rumy/acrome_ws/install/tricycle_controller/share/tricycle_controller/cmake/export_tricycle_controllerExport.cmake
[2.141s] -- Up-to-date: /home/rumy/acrome_ws/install/tricycle_controller/share/tricycle_controller/cmake/export_tricycle_controllerExport-noconfig.cmake
[2.143s] Invoked command in '/home/rumy/acrome_ws/build/tricycle_controller' returned '0': CMAKE_PREFIX_PATH=${CMAKE_PREFIX_PATH}:/home/rumy/acrome_ws/install/rqt_joint_trajectory_controller:/home/rumy/acrome_ws/install/ros2_controllers_test_nodes:/opt/ros/jazzy DEBUGINFOD_URLS=https://debuginfod.ubuntu.com /usr/bin/cmake --install /home/rumy/acrome_ws/build/tricycle_controller
