[0.032s] Invoking command in '/home/rumy/acrome_ws/build/diff_drive_controller': AMENT_PREFIX_PATH=/home/rumy/acrome_ws/install/control_toolbox:${AMENT_PREFIX_PATH} CMAKE_PREFIX_PATH=/home/rumy/acrome_ws/install/control_toolbox:/home/rumy/acrome_ws/install/tricycle_controller:/home/rumy/acrome_ws/install/ackermann_steering_controller:/home/rumy/acrome_ws/install/steering_controllers_library:/home/rumy/acrome_ws/install/range_sensor_broadcaster:/home/rumy/acrome_ws/install/pose_broadcaster:/home/rumy/acrome_ws/install/parallel_gripper_controller:/home/rumy/acrome_ws/install/omni_wheel_drive_controller:/home/rumy/acrome_ws/install/mecanum_drive_controller:/home/rumy/acrome_ws/install/joint_trajectory_controller:/home/rumy/acrome_ws/install/joint_state_broadcaster:/home/rumy/acrome_ws/install/imu_sensor_broadcaster:/home/rumy/acrome_ws/install/gripper_controllers:/home/rumy/acrome_ws/install/gps_sensor_broadcaster:/home/rumy/acrome_ws/install/gpio_controllers:/home/rumy/acrome_ws/install/forward_command_controller:/home/rumy/acrome_ws/install/force_torque_sensor_broadcaster:/home/rumy/acrome_ws/install/diff_drive_controller:/home/rumy/acrome_ws/install/admittance_controller:/home/rumy/acrome_ws/install/acrome_mini_robot:/home/rumy/acrome_ws/src/acrome_mini_robot/install/acrome_mini_robot:/opt/ros/jazzy/opt/gz_sim_vendor:/opt/ros/jazzy/opt/gz_sensors_vendor:/opt/ros/jazzy/opt/gz_physics_vendor:/opt/ros/jazzy/opt/sdformat_vendor:/opt/ros/jazzy/opt/gz_gui_vendor:/opt/ros/jazzy/opt/gz_transport_vendor:/opt/ros/jazzy/opt/gz_rendering_vendor:/opt/ros/jazzy/opt/gz_plugin_vendor:/opt/ros/jazzy/opt/gz_fuel_tools_vendor:/opt/ros/jazzy/opt/gz_msgs_vendor:/opt/ros/jazzy/opt/gz_common_vendor:/opt/ros/jazzy/opt/gz_math_vendor:/opt/ros/jazzy/opt/gz_utils_vendor:/opt/ros/jazzy/opt/gz_tools_vendor:/opt/ros/jazzy/opt/gz_ogre_next_vendor:/opt/ros/jazzy/opt/gz_dartsim_vendor:/opt/ros/jazzy/opt/gz_cmake_vendor:/home/rumy/acrome_ws/install/rqt_joint_trajectory_controller:/home/rumy/acrome_ws/install/ros2_controllers_test_nodes:/opt/ros/jazzy DEBUGINFOD_URLS=https://debuginfod.ubuntu.com LD_LIBRARY_PATH=/home/rumy/acrome_ws/install/control_toolbox/lib:${LD_LIBRARY_PATH} /usr/bin/cmake /home/rumy/acrome_ws/src/ros2_controllers/diff_drive_controller -DAMENT_CMAKE_SYMLINK_INSTALL=1 -DCMAKE_INSTALL_PREFIX=/home/rumy/acrome_ws/install/diff_drive_controller
[0.043s] -- Found ros2_control_cmake: 0.2.1 (/opt/ros/jazzy/share/ros2_control_cmake/cmake)
[0.043s] -- Compiler warnings enabled for GNU
[0.043s] -- Detected GCC Version: 13.3.0 (Major: 13, Minor: 3)
[0.043s] -- Found ament_cmake: 2.5.4 (/opt/ros/jazzy/share/ament_cmake/cmake)
[0.239s] -- Override CMake install command with custom implementation using symlinks instead of copying resources
[0.247s] -- Found control_toolbox: 4.5.0 (/opt/ros/jazzy/share/control_toolbox/cmake)
[0.273s] -- Found rosidl_generator_c: 4.6.5 (/opt/ros/jazzy/share/rosidl_generator_c/cmake)
[0.281s] -- Found rosidl_generator_cpp: 4.6.5 (/opt/ros/jazzy/share/rosidl_generator_cpp/cmake)
[0.292s] -- Using all available rosidl_typesupport_c: rosidl_typesupport_fastrtps_c;rosidl_typesupport_introspection_c
[0.304s] -- Using all available rosidl_typesupport_cpp: rosidl_typesupport_fastrtps_cpp;rosidl_typesupport_introspection_cpp
[0.360s] -- Found rmw_implementation_cmake: 7.3.2 (/opt/ros/jazzy/share/rmw_implementation_cmake/cmake)
[0.362s] -- Found rmw_fastrtps_cpp: 8.4.2 (/opt/ros/jazzy/share/rmw_fastrtps_cpp/cmake)
[0.417s] -- Using RMW implementation 'rmw_fastrtps_cpp' as default
[0.696s] -- Found eigen3_cmake_module: 0.3.0 (/opt/ros/jazzy/share/eigen3_cmake_module/cmake)
[0.697s] -- Ensuring Eigen3 include directory is part of orocos-kdl CMake target
[0.766s] -- Found controller_interface: 4.32.0 (/opt/ros/jazzy/share/controller_interface/cmake)
[0.810s] -- Found nav_msgs: 5.3.6 (/opt/ros/jazzy/share/nav_msgs/cmake)
[0.836s] -- Found ament_cmake_gmock: 2.5.4 (/opt/ros/jazzy/share/ament_cmake_gmock/cmake)
[0.836s] -- Found controller_manager: 4.32.0 (/opt/ros/jazzy/share/controller_manager/cmake)
[0.902s] -- Found ros2_control_test_assets: 4.32.0 (/opt/ros/jazzy/share/ros2_control_test_assets/cmake)
[0.903s] -- Found gmock sources under '/opt/ros/jazzy/src/gmock_vendor': C++ tests using 'Google Mock' will be built
[0.905s] -- Found ament_cmake_gtest: 2.5.4 (/opt/ros/jazzy/share/ament_cmake_gtest/cmake)
[0.905s] -- Found gtest sources under '/opt/ros/jazzy/src/gtest_vendor': C++ tests using 'Google Test' will be built
[1.002s] -- Configuring done (1.0s)
[1.049s] -- Generating done (0.0s)
[1.061s] -- Build files have been written to: /home/rumy/acrome_ws/build/diff_drive_controller
[1.077s] Invoked command in '/home/rumy/acrome_ws/build/diff_drive_controller' returned '0': AMENT_PREFIX_PATH=/home/rumy/acrome_ws/install/control_toolbox:${AMENT_PREFIX_PATH} CMAKE_PREFIX_PATH=/home/rumy/acrome_ws/install/control_toolbox:/home/rumy/acrome_ws/install/tricycle_controller:/home/rumy/acrome_ws/install/ackermann_steering_controller:/home/rumy/acrome_ws/install/steering_controllers_library:/home/rumy/acrome_ws/install/range_sensor_broadcaster:/home/rumy/acrome_ws/install/pose_broadcaster:/home/rumy/acrome_ws/install/parallel_gripper_controller:/home/rumy/acrome_ws/install/omni_wheel_drive_controller:/home/rumy/acrome_ws/install/mecanum_drive_controller:/home/rumy/acrome_ws/install/joint_trajectory_controller:/home/rumy/acrome_ws/install/joint_state_broadcaster:/home/rumy/acrome_ws/install/imu_sensor_broadcaster:/home/rumy/acrome_ws/install/gripper_controllers:/home/rumy/acrome_ws/install/gps_sensor_broadcaster:/home/rumy/acrome_ws/install/gpio_controllers:/home/rumy/acrome_ws/install/forward_command_controller:/home/rumy/acrome_ws/install/force_torque_sensor_broadcaster:/home/rumy/acrome_ws/install/diff_drive_controller:/home/rumy/acrome_ws/install/admittance_controller:/home/rumy/acrome_ws/install/acrome_mini_robot:/home/rumy/acrome_ws/src/acrome_mini_robot/install/acrome_mini_robot:/opt/ros/jazzy/opt/gz_sim_vendor:/opt/ros/jazzy/opt/gz_sensors_vendor:/opt/ros/jazzy/opt/gz_physics_vendor:/opt/ros/jazzy/opt/sdformat_vendor:/opt/ros/jazzy/opt/gz_gui_vendor:/opt/ros/jazzy/opt/gz_transport_vendor:/opt/ros/jazzy/opt/gz_rendering_vendor:/opt/ros/jazzy/opt/gz_plugin_vendor:/opt/ros/jazzy/opt/gz_fuel_tools_vendor:/opt/ros/jazzy/opt/gz_msgs_vendor:/opt/ros/jazzy/opt/gz_common_vendor:/opt/ros/jazzy/opt/gz_math_vendor:/opt/ros/jazzy/opt/gz_utils_vendor:/opt/ros/jazzy/opt/gz_tools_vendor:/opt/ros/jazzy/opt/gz_ogre_next_vendor:/opt/ros/jazzy/opt/gz_dartsim_vendor:/opt/ros/jazzy/opt/gz_cmake_vendor:/home/rumy/acrome_ws/install/rqt_joint_trajectory_controller:/home/rumy/acrome_ws/install/ros2_controllers_test_nodes:/opt/ros/jazzy DEBUGINFOD_URLS=https://debuginfod.ubuntu.com LD_LIBRARY_PATH=/home/rumy/acrome_ws/install/control_toolbox/lib:${LD_LIBRARY_PATH} /usr/bin/cmake /home/rumy/acrome_ws/src/ros2_controllers/diff_drive_controller -DAMENT_CMAKE_SYMLINK_INSTALL=1 -DCMAKE_INSTALL_PREFIX=/home/rumy/acrome_ws/install/diff_drive_controller
[1.078s] Invoking command in '/home/rumy/acrome_ws/build/diff_drive_controller': AMENT_PREFIX_PATH=/home/rumy/acrome_ws/install/control_toolbox:${AMENT_PREFIX_PATH} CMAKE_PREFIX_PATH=/home/rumy/acrome_ws/install/control_toolbox:/home/rumy/acrome_ws/install/tricycle_controller:/home/rumy/acrome_ws/install/ackermann_steering_controller:/home/rumy/acrome_ws/install/steering_controllers_library:/home/rumy/acrome_ws/install/range_sensor_broadcaster:/home/rumy/acrome_ws/install/pose_broadcaster:/home/rumy/acrome_ws/install/parallel_gripper_controller:/home/rumy/acrome_ws/install/omni_wheel_drive_controller:/home/rumy/acrome_ws/install/mecanum_drive_controller:/home/rumy/acrome_ws/install/joint_trajectory_controller:/home/rumy/acrome_ws/install/joint_state_broadcaster:/home/rumy/acrome_ws/install/imu_sensor_broadcaster:/home/rumy/acrome_ws/install/gripper_controllers:/home/rumy/acrome_ws/install/gps_sensor_broadcaster:/home/rumy/acrome_ws/install/gpio_controllers:/home/rumy/acrome_ws/install/forward_command_controller:/home/rumy/acrome_ws/install/force_torque_sensor_broadcaster:/home/rumy/acrome_ws/install/diff_drive_controller:/home/rumy/acrome_ws/install/admittance_controller:/home/rumy/acrome_ws/install/acrome_mini_robot:/home/rumy/acrome_ws/src/acrome_mini_robot/install/acrome_mini_robot:/opt/ros/jazzy/opt/gz_sim_vendor:/opt/ros/jazzy/opt/gz_sensors_vendor:/opt/ros/jazzy/opt/gz_physics_vendor:/opt/ros/jazzy/opt/sdformat_vendor:/opt/ros/jazzy/opt/gz_gui_vendor:/opt/ros/jazzy/opt/gz_transport_vendor:/opt/ros/jazzy/opt/gz_rendering_vendor:/opt/ros/jazzy/opt/gz_plugin_vendor:/opt/ros/jazzy/opt/gz_fuel_tools_vendor:/opt/ros/jazzy/opt/gz_msgs_vendor:/opt/ros/jazzy/opt/gz_common_vendor:/opt/ros/jazzy/opt/gz_math_vendor:/opt/ros/jazzy/opt/gz_utils_vendor:/opt/ros/jazzy/opt/gz_tools_vendor:/opt/ros/jazzy/opt/gz_ogre_next_vendor:/opt/ros/jazzy/opt/gz_dartsim_vendor:/opt/ros/jazzy/opt/gz_cmake_vendor:/home/rumy/acrome_ws/install/rqt_joint_trajectory_controller:/home/rumy/acrome_ws/install/ros2_controllers_test_nodes:/opt/ros/jazzy DEBUGINFOD_URLS=https://debuginfod.ubuntu.com LD_LIBRARY_PATH=/home/rumy/acrome_ws/install/control_toolbox/lib:${LD_LIBRARY_PATH} /usr/bin/cmake --build /home/rumy/acrome_ws/build/diff_drive_controller -- -j12 -l12
[1.137s] [ 14%] Built target diff_drive_controller_parameters
[1.141s] [ 28%] Built target gmock_main
[1.145s] [ 50%] Built target gmock
[1.178s] [ 71%] Built target diff_drive_controller
[1.185s] [ 85%] Built target test_load_diff_drive_controller
[1.213s] [100%] Built target test_diff_drive_controller
[1.228s] Invoked command in '/home/rumy/acrome_ws/build/diff_drive_controller' returned '0': AMENT_PREFIX_PATH=/home/rumy/acrome_ws/install/control_toolbox:${AMENT_PREFIX_PATH} CMAKE_PREFIX_PATH=/home/rumy/acrome_ws/install/control_toolbox:/home/rumy/acrome_ws/install/tricycle_controller:/home/rumy/acrome_ws/install/ackermann_steering_controller:/home/rumy/acrome_ws/install/steering_controllers_library:/home/rumy/acrome_ws/install/range_sensor_broadcaster:/home/rumy/acrome_ws/install/pose_broadcaster:/home/rumy/acrome_ws/install/parallel_gripper_controller:/home/rumy/acrome_ws/install/omni_wheel_drive_controller:/home/rumy/acrome_ws/install/mecanum_drive_controller:/home/rumy/acrome_ws/install/joint_trajectory_controller:/home/rumy/acrome_ws/install/joint_state_broadcaster:/home/rumy/acrome_ws/install/imu_sensor_broadcaster:/home/rumy/acrome_ws/install/gripper_controllers:/home/rumy/acrome_ws/install/gps_sensor_broadcaster:/home/rumy/acrome_ws/install/gpio_controllers:/home/rumy/acrome_ws/install/forward_command_controller:/home/rumy/acrome_ws/install/force_torque_sensor_broadcaster:/home/rumy/acrome_ws/install/diff_drive_controller:/home/rumy/acrome_ws/install/admittance_controller:/home/rumy/acrome_ws/install/acrome_mini_robot:/home/rumy/acrome_ws/src/acrome_mini_robot/install/acrome_mini_robot:/opt/ros/jazzy/opt/gz_sim_vendor:/opt/ros/jazzy/opt/gz_sensors_vendor:/opt/ros/jazzy/opt/gz_physics_vendor:/opt/ros/jazzy/opt/sdformat_vendor:/opt/ros/jazzy/opt/gz_gui_vendor:/opt/ros/jazzy/opt/gz_transport_vendor:/opt/ros/jazzy/opt/gz_rendering_vendor:/opt/ros/jazzy/opt/gz_plugin_vendor:/opt/ros/jazzy/opt/gz_fuel_tools_vendor:/opt/ros/jazzy/opt/gz_msgs_vendor:/opt/ros/jazzy/opt/gz_common_vendor:/opt/ros/jazzy/opt/gz_math_vendor:/opt/ros/jazzy/opt/gz_utils_vendor:/opt/ros/jazzy/opt/gz_tools_vendor:/opt/ros/jazzy/opt/gz_ogre_next_vendor:/opt/ros/jazzy/opt/gz_dartsim_vendor:/opt/ros/jazzy/opt/gz_cmake_vendor:/home/rumy/acrome_ws/install/rqt_joint_trajectory_controller:/home/rumy/acrome_ws/install/ros2_controllers_test_nodes:/opt/ros/jazzy DEBUGINFOD_URLS=https://debuginfod.ubuntu.com LD_LIBRARY_PATH=/home/rumy/acrome_ws/install/control_toolbox/lib:${LD_LIBRARY_PATH} /usr/bin/cmake --build /home/rumy/acrome_ws/build/diff_drive_controller -- -j12 -l12
[1.229s] Invoking command in '/home/rumy/acrome_ws/build/diff_drive_controller': AMENT_PREFIX_PATH=/home/rumy/acrome_ws/install/control_toolbox:${AMENT_PREFIX_PATH} CMAKE_PREFIX_PATH=/home/rumy/acrome_ws/install/control_toolbox:/home/rumy/acrome_ws/install/tricycle_controller:/home/rumy/acrome_ws/install/ackermann_steering_controller:/home/rumy/acrome_ws/install/steering_controllers_library:/home/rumy/acrome_ws/install/range_sensor_broadcaster:/home/rumy/acrome_ws/install/pose_broadcaster:/home/rumy/acrome_ws/install/parallel_gripper_controller:/home/rumy/acrome_ws/install/omni_wheel_drive_controller:/home/rumy/acrome_ws/install/mecanum_drive_controller:/home/rumy/acrome_ws/install/joint_trajectory_controller:/home/rumy/acrome_ws/install/joint_state_broadcaster:/home/rumy/acrome_ws/install/imu_sensor_broadcaster:/home/rumy/acrome_ws/install/gripper_controllers:/home/rumy/acrome_ws/install/gps_sensor_broadcaster:/home/rumy/acrome_ws/install/gpio_controllers:/home/rumy/acrome_ws/install/forward_command_controller:/home/rumy/acrome_ws/install/force_torque_sensor_broadcaster:/home/rumy/acrome_ws/install/diff_drive_controller:/home/rumy/acrome_ws/install/admittance_controller:/home/rumy/acrome_ws/install/acrome_mini_robot:/home/rumy/acrome_ws/src/acrome_mini_robot/install/acrome_mini_robot:/opt/ros/jazzy/opt/gz_sim_vendor:/opt/ros/jazzy/opt/gz_sensors_vendor:/opt/ros/jazzy/opt/gz_physics_vendor:/opt/ros/jazzy/opt/sdformat_vendor:/opt/ros/jazzy/opt/gz_gui_vendor:/opt/ros/jazzy/opt/gz_transport_vendor:/opt/ros/jazzy/opt/gz_rendering_vendor:/opt/ros/jazzy/opt/gz_plugin_vendor:/opt/ros/jazzy/opt/gz_fuel_tools_vendor:/opt/ros/jazzy/opt/gz_msgs_vendor:/opt/ros/jazzy/opt/gz_common_vendor:/opt/ros/jazzy/opt/gz_math_vendor:/opt/ros/jazzy/opt/gz_utils_vendor:/opt/ros/jazzy/opt/gz_tools_vendor:/opt/ros/jazzy/opt/gz_ogre_next_vendor:/opt/ros/jazzy/opt/gz_dartsim_vendor:/opt/ros/jazzy/opt/gz_cmake_vendor:/home/rumy/acrome_ws/install/rqt_joint_trajectory_controller:/home/rumy/acrome_ws/install/ros2_controllers_test_nodes:/opt/ros/jazzy DEBUGINFOD_URLS=https://debuginfod.ubuntu.com LD_LIBRARY_PATH=/home/rumy/acrome_ws/install/control_toolbox/lib:${LD_LIBRARY_PATH} /usr/bin/cmake --install /home/rumy/acrome_ws/build/diff_drive_controller
[1.240s] -- Install configuration: ""
[1.241s] -- Execute custom install script
[1.241s] -- Up-to-date symlink: /home/rumy/acrome_ws/install/diff_drive_controller/include/diff_drive_controller/custom_validators.hpp
[1.242s] -- Up-to-date symlink: /home/rumy/acrome_ws/install/diff_drive_controller/include/diff_drive_controller/diff_drive_controller_parameters.hpp
[1.242s] -- Up-to-date symlink: /home/rumy/acrome_ws/install/diff_drive_controller/share/diff_drive_controller//diff_drive_plugin.xml
[1.242s] -- Up-to-date symlink: /home/rumy/acrome_ws/install/diff_drive_controller/include/diff_drive_controller/diff_drive_controller/diff_drive_controller.hpp
[1.243s] -- Up-to-date symlink: /home/rumy/acrome_ws/install/diff_drive_controller/include/diff_drive_controller/diff_drive_controller/odometry.hpp
[1.243s] -- Up-to-date symlink: /home/rumy/acrome_ws/install/diff_drive_controller/include/diff_drive_controller/diff_drive_controller/speed_limiter.hpp
[1.243s] -- Up-to-date symlink: /home/rumy/acrome_ws/install/diff_drive_controller/share/diff_drive_controller/environment/library_path.sh
[1.243s] -- Up-to-date symlink: /home/rumy/acrome_ws/install/diff_drive_controller/share/diff_drive_controller/environment/library_path.dsv
[1.244s] -- Up-to-date symlink: /home/rumy/acrome_ws/install/diff_drive_controller/share/ament_index/resource_index/package_run_dependencies/diff_drive_controller
[1.244s] -- Up-to-date symlink: /home/rumy/acrome_ws/install/diff_drive_controller/share/ament_index/resource_index/parent_prefix_path/diff_drive_controller
[1.244s] -- Up-to-date symlink: /home/rumy/acrome_ws/install/diff_drive_controller/share/diff_drive_controller/environment/ament_prefix_path.sh
[1.245s] -- Up-to-date symlink: /home/rumy/acrome_ws/install/diff_drive_controller/share/diff_drive_controller/environment/ament_prefix_path.dsv
[1.245s] -- Up-to-date symlink: /home/rumy/acrome_ws/install/diff_drive_controller/share/diff_drive_controller/environment/path.sh
[1.245s] -- Up-to-date symlink: /home/rumy/acrome_ws/install/diff_drive_controller/share/diff_drive_controller/environment/path.dsv
[1.245s] -- Up-to-date symlink: /home/rumy/acrome_ws/install/diff_drive_controller/share/diff_drive_controller/local_setup.bash
[1.246s] -- Up-to-date symlink: /home/rumy/acrome_ws/install/diff_drive_controller/share/diff_drive_controller/local_setup.sh
[1.246s] -- Up-to-date symlink: /home/rumy/acrome_ws/install/diff_drive_controller/share/diff_drive_controller/local_setup.zsh
[1.246s] -- Up-to-date symlink: /home/rumy/acrome_ws/install/diff_drive_controller/share/diff_drive_controller/local_setup.dsv
[1.246s] -- Symlinking: /home/rumy/acrome_ws/install/diff_drive_controller/share/diff_drive_controller/package.dsv
[1.256s] -- Up-to-date symlink: /home/rumy/acrome_ws/install/diff_drive_controller/share/ament_index/resource_index/packages/diff_drive_controller
[1.257s] -- Up-to-date symlink: /home/rumy/acrome_ws/install/diff_drive_controller/share/ament_index/resource_index/controller_interface__pluginlib__plugin/diff_drive_controller
[1.257s] -- Up-to-date symlink: /home/rumy/acrome_ws/install/diff_drive_controller/share/diff_drive_controller/cmake/ament_cmake_export_dependencies-extras.cmake
[1.258s] -- Up-to-date symlink: /home/rumy/acrome_ws/install/diff_drive_controller/share/diff_drive_controller/cmake/ament_cmake_export_targets-extras.cmake
[1.258s] -- Up-to-date symlink: /home/rumy/acrome_ws/install/diff_drive_controller/share/diff_drive_controller/cmake/diff_drive_controllerConfig.cmake
[1.258s] -- Up-to-date symlink: /home/rumy/acrome_ws/install/diff_drive_controller/share/diff_drive_controller/cmake/diff_drive_controllerConfig-version.cmake
[1.258s] -- Up-to-date symlink: /home/rumy/acrome_ws/install/diff_drive_controller/share/diff_drive_controller/package.xml
[1.258s] -- Up-to-date: /home/rumy/acrome_ws/install/diff_drive_controller/lib/libdiff_drive_controller.so
[1.259s] -- Up-to-date: /home/rumy/acrome_ws/install/diff_drive_controller/share/diff_drive_controller/cmake/export_diff_drive_controllerExport.cmake
[1.259s] -- Up-to-date: /home/rumy/acrome_ws/install/diff_drive_controller/share/diff_drive_controller/cmake/export_diff_drive_controllerExport-noconfig.cmake
[1.300s] Invoked command in '/home/rumy/acrome_ws/build/diff_drive_controller' returned '0': AMENT_PREFIX_PATH=/home/rumy/acrome_ws/install/control_toolbox:${AMENT_PREFIX_PATH} CMAKE_PREFIX_PATH=/home/rumy/acrome_ws/install/control_toolbox:/home/rumy/acrome_ws/install/tricycle_controller:/home/rumy/acrome_ws/install/ackermann_steering_controller:/home/rumy/acrome_ws/install/steering_controllers_library:/home/rumy/acrome_ws/install/range_sensor_broadcaster:/home/rumy/acrome_ws/install/pose_broadcaster:/home/rumy/acrome_ws/install/parallel_gripper_controller:/home/rumy/acrome_ws/install/omni_wheel_drive_controller:/home/rumy/acrome_ws/install/mecanum_drive_controller:/home/rumy/acrome_ws/install/joint_trajectory_controller:/home/rumy/acrome_ws/install/joint_state_broadcaster:/home/rumy/acrome_ws/install/imu_sensor_broadcaster:/home/rumy/acrome_ws/install/gripper_controllers:/home/rumy/acrome_ws/install/gps_sensor_broadcaster:/home/rumy/acrome_ws/install/gpio_controllers:/home/rumy/acrome_ws/install/forward_command_controller:/home/rumy/acrome_ws/install/force_torque_sensor_broadcaster:/home/rumy/acrome_ws/install/diff_drive_controller:/home/rumy/acrome_ws/install/admittance_controller:/home/rumy/acrome_ws/install/acrome_mini_robot:/home/rumy/acrome_ws/src/acrome_mini_robot/install/acrome_mini_robot:/opt/ros/jazzy/opt/gz_sim_vendor:/opt/ros/jazzy/opt/gz_sensors_vendor:/opt/ros/jazzy/opt/gz_physics_vendor:/opt/ros/jazzy/opt/sdformat_vendor:/opt/ros/jazzy/opt/gz_gui_vendor:/opt/ros/jazzy/opt/gz_transport_vendor:/opt/ros/jazzy/opt/gz_rendering_vendor:/opt/ros/jazzy/opt/gz_plugin_vendor:/opt/ros/jazzy/opt/gz_fuel_tools_vendor:/opt/ros/jazzy/opt/gz_msgs_vendor:/opt/ros/jazzy/opt/gz_common_vendor:/opt/ros/jazzy/opt/gz_math_vendor:/opt/ros/jazzy/opt/gz_utils_vendor:/opt/ros/jazzy/opt/gz_tools_vendor:/opt/ros/jazzy/opt/gz_ogre_next_vendor:/opt/ros/jazzy/opt/gz_dartsim_vendor:/opt/ros/jazzy/opt/gz_cmake_vendor:/home/rumy/acrome_ws/install/rqt_joint_trajectory_controller:/home/rumy/acrome_ws/install/ros2_controllers_test_nodes:/opt/ros/jazzy DEBUGINFOD_URLS=https://debuginfod.ubuntu.com LD_LIBRARY_PATH=/home/rumy/acrome_ws/install/control_toolbox/lib:${LD_LIBRARY_PATH} /usr/bin/cmake --install /home/rumy/acrome_ws/build/diff_drive_controller
