[0.048s] Invoking command in '/home/rumy/acrome_ws/build/diff_drive_controller': CMAKE_PREFIX_PATH=${CMAKE_PREFIX_PATH}:/opt/ros/jazzy DEBUGINFOD_URLS=https://debuginfod.ubuntu.com /usr/bin/cmake /home/rumy/acrome_ws/src/ros2_controllers/diff_drive_controller -DAMENT_CMAKE_SYMLINK_INSTALL=1 -DCMAKE_INSTALL_PREFIX=/home/rumy/acrome_ws/install/diff_drive_controller
[0.090s] -- Found ros2_control_cmake: 0.2.1 (/opt/ros/jazzy/share/ros2_control_cmake/cmake)
[0.090s] -- Compiler warnings enabled for GNU
[0.090s] -- Detected GCC Version: 13.3.0 (Major: 13, Minor: 3)
[0.091s] -- Found ament_cmake: 2.5.4 (/opt/ros/jazzy/share/ament_cmake/cmake)
[0.381s] -- Override CMake install command with custom implementation using symlinks instead of copying resources
[0.391s] -- Found control_toolbox: 4.5.0 (/opt/ros/jazzy/share/control_toolbox/cmake)
[0.433s] -- Found rosidl_generator_c: 4.6.5 (/opt/ros/jazzy/share/rosidl_generator_c/cmake)
[0.448s] -- Found rosidl_generator_cpp: 4.6.5 (/opt/ros/jazzy/share/rosidl_generator_cpp/cmake)
[0.466s] -- Using all available rosidl_typesupport_c: rosidl_typesupport_fastrtps_c;rosidl_typesupport_introspection_c
[0.493s] -- Using all available rosidl_typesupport_cpp: rosidl_typesupport_fastrtps_cpp;rosidl_typesupport_introspection_cpp
[0.590s] -- Found rmw_implementation_cmake: 7.3.2 (/opt/ros/jazzy/share/rmw_implementation_cmake/cmake)
[0.592s] -- Found rmw_fastrtps_cpp: 8.4.2 (/opt/ros/jazzy/share/rmw_fastrtps_cpp/cmake)
[0.685s] -- Using RMW implementation 'rmw_fastrtps_cpp' as default
[1.148s] -- Found eigen3_cmake_module: 0.3.0 (/opt/ros/jazzy/share/eigen3_cmake_module/cmake)
[1.149s] -- Ensuring Eigen3 include directory is part of orocos-kdl CMake target
[1.265s] -- Found controller_interface: 4.32.0 (/opt/ros/jazzy/share/controller_interface/cmake)
[1.342s] -- Found nav_msgs: 5.3.6 (/opt/ros/jazzy/share/nav_msgs/cmake)
[1.384s] -- Found ament_cmake_gmock: 2.5.4 (/opt/ros/jazzy/share/ament_cmake_gmock/cmake)
[1.385s] -- Found controller_manager: 4.32.0 (/opt/ros/jazzy/share/controller_manager/cmake)
[1.495s] -- Found ros2_control_test_assets: 4.32.0 (/opt/ros/jazzy/share/ros2_control_test_assets/cmake)
[1.498s] -- Found gmock sources under '/opt/ros/jazzy/src/gmock_vendor': C++ tests using 'Google Mock' will be built
[1.499s] -- Found ament_cmake_gtest: 2.5.4 (/opt/ros/jazzy/share/ament_cmake_gtest/cmake)
[1.500s] -- Found gtest sources under '/opt/ros/jazzy/src/gtest_vendor': C++ tests using 'Google Test' will be built
[1.656s] -- Configuring done (1.6s)
[1.766s] -- Generating done (0.1s)
[1.785s] -- Build files have been written to: /home/rumy/acrome_ws/build/diff_drive_controller
[1.822s] Invoked command in '/home/rumy/acrome_ws/build/diff_drive_controller' returned '0': CMAKE_PREFIX_PATH=${CMAKE_PREFIX_PATH}:/opt/ros/jazzy DEBUGINFOD_URLS=https://debuginfod.ubuntu.com /usr/bin/cmake /home/rumy/acrome_ws/src/ros2_controllers/diff_drive_controller -DAMENT_CMAKE_SYMLINK_INSTALL=1 -DCMAKE_INSTALL_PREFIX=/home/rumy/acrome_ws/install/diff_drive_controller
[1.822s] Invoking command in '/home/rumy/acrome_ws/build/diff_drive_controller': CMAKE_PREFIX_PATH=${CMAKE_PREFIX_PATH}:/opt/ros/jazzy DEBUGINFOD_URLS=https://debuginfod.ubuntu.com /usr/bin/cmake --build /home/rumy/acrome_ws/build/diff_drive_controller -- -j12 -l12
[1.944s] [ 14%] Built target diff_drive_controller_parameters
[1.948s] [ 28%] Built target gmock_main
[1.966s] [ 50%] Built target gmock
[2.013s] [ 71%] Built target diff_drive_controller
[2.031s] [ 85%] Built target test_load_diff_drive_controller
[2.107s] [100%] Built target test_diff_drive_controller
[2.140s] Invoked command in '/home/rumy/acrome_ws/build/diff_drive_controller' returned '0': CMAKE_PREFIX_PATH=${CMAKE_PREFIX_PATH}:/opt/ros/jazzy DEBUGINFOD_URLS=https://debuginfod.ubuntu.com /usr/bin/cmake --build /home/rumy/acrome_ws/build/diff_drive_controller -- -j12 -l12
[2.143s] Invoking command in '/home/rumy/acrome_ws/build/diff_drive_controller': CMAKE_PREFIX_PATH=${CMAKE_PREFIX_PATH}:/opt/ros/jazzy DEBUGINFOD_URLS=https://debuginfod.ubuntu.com /usr/bin/cmake --install /home/rumy/acrome_ws/build/diff_drive_controller
[2.280s] -- Install configuration: ""
[2.280s] -- Execute custom install script
[2.280s] -- Symlinking: /home/rumy/acrome_ws/install/diff_drive_controller/include/diff_drive_controller/custom_validators.hpp
[2.280s] -- Symlinking: /home/rumy/acrome_ws/install/diff_drive_controller/include/diff_drive_controller/diff_drive_controller_parameters.hpp
[2.280s] -- Symlinking: /home/rumy/acrome_ws/install/diff_drive_controller/share/diff_drive_controller//diff_drive_plugin.xml
[2.280s] -- Symlinking: /home/rumy/acrome_ws/install/diff_drive_controller/include/diff_drive_controller/diff_drive_controller/diff_drive_controller.hpp
[2.280s] -- Symlinking: /home/rumy/acrome_ws/install/diff_drive_controller/include/diff_drive_controller/diff_drive_controller/odometry.hpp
[2.281s] -- Symlinking: /home/rumy/acrome_ws/install/diff_drive_controller/include/diff_drive_controller/diff_drive_controller/speed_limiter.hpp
[2.281s] -- Symlinking: /home/rumy/acrome_ws/install/diff_drive_controller/share/diff_drive_controller/environment/library_path.sh
[2.281s] -- Symlinking: /home/rumy/acrome_ws/install/diff_drive_controller/share/diff_drive_controller/environment/library_path.dsv
[2.297s] -- Symlinking: /home/rumy/acrome_ws/install/diff_drive_controller/share/ament_index/resource_index/package_run_dependencies/diff_drive_controller
[2.306s] -- Symlinking: /home/rumy/acrome_ws/install/diff_drive_controller/share/ament_index/resource_index/parent_prefix_path/diff_drive_controller
[2.324s] -- Symlinking: /home/rumy/acrome_ws/install/diff_drive_controller/share/diff_drive_controller/environment/ament_prefix_path.sh
[2.334s] -- Symlinking: /home/rumy/acrome_ws/install/diff_drive_controller/share/diff_drive_controller/environment/ament_prefix_path.dsv
[2.347s] -- Symlinking: /home/rumy/acrome_ws/install/diff_drive_controller/share/diff_drive_controller/environment/path.sh
[2.360s] -- Symlinking: /home/rumy/acrome_ws/install/diff_drive_controller/share/diff_drive_controller/environment/path.dsv
[2.374s] -- Symlinking: /home/rumy/acrome_ws/install/diff_drive_controller/share/diff_drive_controller/local_setup.bash
[2.387s] -- Symlinking: /home/rumy/acrome_ws/install/diff_drive_controller/share/diff_drive_controller/local_setup.sh
[2.401s] -- Symlinking: /home/rumy/acrome_ws/install/diff_drive_controller/share/diff_drive_controller/local_setup.zsh
[2.412s] -- Symlinking: /home/rumy/acrome_ws/install/diff_drive_controller/share/diff_drive_controller/local_setup.dsv
[2.425s] -- Symlinking: /home/rumy/acrome_ws/install/diff_drive_controller/share/diff_drive_controller/package.dsv
[2.441s] -- Symlinking: /home/rumy/acrome_ws/install/diff_drive_controller/share/ament_index/resource_index/packages/diff_drive_controller
[2.449s] -- Symlinking: /home/rumy/acrome_ws/install/diff_drive_controller/share/ament_index/resource_index/controller_interface__pluginlib__plugin/diff_drive_controller
[2.462s] -- Symlinking: /home/rumy/acrome_ws/install/diff_drive_controller/share/diff_drive_controller/cmake/ament_cmake_export_dependencies-extras.cmake
[2.479s] -- Symlinking: /home/rumy/acrome_ws/install/diff_drive_controller/share/diff_drive_controller/cmake/ament_cmake_export_targets-extras.cmake
[2.485s] -- Symlinking: /home/rumy/acrome_ws/install/diff_drive_controller/share/diff_drive_controller/cmake/diff_drive_controllerConfig.cmake
[2.496s] -- Symlinking: /home/rumy/acrome_ws/install/diff_drive_controller/share/diff_drive_controller/cmake/diff_drive_controllerConfig-version.cmake
[2.508s] -- Symlinking: /home/rumy/acrome_ws/install/diff_drive_controller/share/diff_drive_controller/package.xml
[2.518s] -- Up-to-date: /home/rumy/acrome_ws/install/diff_drive_controller/lib/libdiff_drive_controller.so
[2.519s] -- Up-to-date: /home/rumy/acrome_ws/install/diff_drive_controller/share/diff_drive_controller/cmake/export_diff_drive_controllerExport.cmake
[2.519s] -- Up-to-date: /home/rumy/acrome_ws/install/diff_drive_controller/share/diff_drive_controller/cmake/export_diff_drive_controllerExport-noconfig.cmake
[2.596s] Invoked command in '/home/rumy/acrome_ws/build/diff_drive_controller' returned '0': CMAKE_PREFIX_PATH=${CMAKE_PREFIX_PATH}:/opt/ros/jazzy DEBUGINFOD_URLS=https://debuginfod.ubuntu.com /usr/bin/cmake --install /home/rumy/acrome_ws/build/diff_drive_controller
