[0.113s] Invoking command in '/home/rumy/acrome_ws/build/tricycle_controller': CMAKE_PREFIX_PATH=${CMAKE_PREFIX_PATH}:/opt/ros/jazzy DEBUGINFOD_URLS=https://debuginfod.ubuntu.com /usr/bin/cmake /home/rumy/acrome_ws/src/ros2_controllers/tricycle_controller -DAMENT_CMAKE_SYMLINK_INSTALL=1 -DCMAKE_INSTALL_PREFIX=/home/rumy/acrome_ws/install/tricycle_controller
[0.141s] -- Found ros2_control_cmake: 0.2.1 (/opt/ros/jazzy/share/ros2_control_cmake/cmake)
[0.142s] -- Compiler warnings enabled for GNU
[0.142s] -- Detected GCC Version: 13.3.0 (Major: 13, Minor: 3)
[0.142s] -- Found ament_cmake: 2.5.4 (/opt/ros/jazzy/share/ament_cmake/cmake)
[0.457s] -- Override CMake install command with custom implementation using symlinks instead of copying resources
[0.467s] -- Found ackermann_msgs: 2.0.2 (/opt/ros/jazzy/share/ackermann_msgs/cmake)
[0.525s] -- Found rosidl_generator_c: 4.6.5 (/opt/ros/jazzy/share/rosidl_generator_c/cmake)
[0.540s] -- Found rosidl_generator_cpp: 4.6.5 (/opt/ros/jazzy/share/rosidl_generator_cpp/cmake)
[0.558s] -- Using all available rosidl_typesupport_c: rosidl_typesupport_fastrtps_c;rosidl_typesupport_introspection_c
[0.585s] -- Using all available rosidl_typesupport_cpp: rosidl_typesupport_fastrtps_cpp;rosidl_typesupport_introspection_cpp
[0.650s] -- Found controller_interface: 4.32.0 (/opt/ros/jazzy/share/controller_interface/cmake)
[0.910s] -- Found TinyXML2 via Config file: /usr/lib/x86_64-linux-gnu/cmake/tinyxml2
[0.963s] -- Found rmw_implementation_cmake: 7.3.2 (/opt/ros/jazzy/share/rmw_implementation_cmake/cmake)
[0.966s] -- Found rmw_fastrtps_cpp: 8.4.2 (/opt/ros/jazzy/share/rmw_fastrtps_cpp/cmake)
[0.995s] -- Found TinyXML2 via Config file: /usr/lib/x86_64-linux-gnu/cmake/tinyxml2
[1.007s] -- Found TinyXML2 via Config file: /usr/lib/x86_64-linux-gnu/cmake/tinyxml2
[1.032s] -- Found TinyXML2 via Config file: /usr/lib/x86_64-linux-gnu/cmake/tinyxml2
[1.045s] -- Found TinyXML2 via Config file: /usr/lib/x86_64-linux-gnu/cmake/tinyxml2
[1.063s] -- Using RMW implementation 'rmw_fastrtps_cpp' as default
[1.285s] -- Found generate_parameter_library: 0.5.0 (/opt/ros/jazzy/share/generate_parameter_library/cmake)
[1.286s] -- Found parameter_traits: 0.5.0 (/opt/ros/jazzy/share/parameter_traits/cmake)
[1.296s] -- Found nav_msgs: 5.3.6 (/opt/ros/jazzy/share/nav_msgs/cmake)
[1.340s] -- Found std_srvs: 5.3.6 (/opt/ros/jazzy/share/std_srvs/cmake)
[1.366s] -- Found tf2: 0.36.12 (/opt/ros/jazzy/share/tf2/cmake)
[1.372s] -- Found tf2_msgs: 0.36.12 (/opt/ros/jazzy/share/tf2_msgs/cmake)
[1.419s] -- Found ament_cmake_gmock: 2.5.4 (/opt/ros/jazzy/share/ament_cmake_gmock/cmake)
[1.419s] -- Found controller_manager: 4.32.0 (/opt/ros/jazzy/share/controller_manager/cmake)
[1.536s] -- Found ros2_control_test_assets: 4.32.0 (/opt/ros/jazzy/share/ros2_control_test_assets/cmake)
[1.537s] -- Found gmock sources under '/opt/ros/jazzy/src/gmock_vendor': C++ tests using 'Google Mock' will be built
[1.540s] -- Found ament_cmake_gtest: 2.5.4 (/opt/ros/jazzy/share/ament_cmake_gtest/cmake)
[1.541s] -- Found gtest sources under '/opt/ros/jazzy/src/gtest_vendor': C++ tests using 'Google Test' will be built
[1.711s] -- Configuring done (1.6s)
[1.851s] -- Generating done (0.1s)
[1.884s] -- Build files have been written to: /home/rumy/acrome_ws/build/tricycle_controller
[1.914s] Invoked command in '/home/rumy/acrome_ws/build/tricycle_controller' returned '0': CMAKE_PREFIX_PATH=${CMAKE_PREFIX_PATH}:/opt/ros/jazzy DEBUGINFOD_URLS=https://debuginfod.ubuntu.com /usr/bin/cmake /home/rumy/acrome_ws/src/ros2_controllers/tricycle_controller -DAMENT_CMAKE_SYMLINK_INSTALL=1 -DCMAKE_INSTALL_PREFIX=/home/rumy/acrome_ws/install/tricycle_controller
[1.920s] Invoking command in '/home/rumy/acrome_ws/build/tricycle_controller': CMAKE_PREFIX_PATH=${CMAKE_PREFIX_PATH}:/opt/ros/jazzy DEBUGINFOD_URLS=https://debuginfod.ubuntu.com /usr/bin/cmake --build /home/rumy/acrome_ws/build/tricycle_controller -- -j12 -l12
[2.257s] [ 11%] Built target gmock_main
[2.257s] [ 22%] Built target tricycle_controller_parameters
[2.262s] [ 38%] Built target gmock
[2.262s] [ 66%] Built target tricycle_controller
[2.263s] [ 77%] Built target test_load_tricycle_controller
[2.263s] [ 88%] Built target test_traction_limiter
[2.263s] [100%] Built target test_tricycle_controller
[2.312s] Invoked command in '/home/rumy/acrome_ws/build/tricycle_controller' returned '0': CMAKE_PREFIX_PATH=${CMAKE_PREFIX_PATH}:/opt/ros/jazzy DEBUGINFOD_URLS=https://debuginfod.ubuntu.com /usr/bin/cmake --build /home/rumy/acrome_ws/build/tricycle_controller -- -j12 -l12
[2.314s] Invoking command in '/home/rumy/acrome_ws/build/tricycle_controller': CMAKE_PREFIX_PATH=${CMAKE_PREFIX_PATH}:/opt/ros/jazzy DEBUGINFOD_URLS=https://debuginfod.ubuntu.com /usr/bin/cmake --install /home/rumy/acrome_ws/build/tricycle_controller
[2.575s] -- Install configuration: ""
[2.575s] -- Execute custom install script
[2.578s] -- Symlinking: /home/rumy/acrome_ws/install/tricycle_controller/include/tricycle_controller/tricycle_controller_parameters.hpp
[2.578s] -- Symlinking: /home/rumy/acrome_ws/install/tricycle_controller/share/tricycle_controller//tricycle_controller.xml
[2.578s] -- Symlinking: /home/rumy/acrome_ws/install/tricycle_controller/include/tricycle_controller/tricycle_controller/odometry.hpp
[2.579s] -- Symlinking: /home/rumy/acrome_ws/install/tricycle_controller/include/tricycle_controller/tricycle_controller/steering_limiter.hpp
[2.579s] -- Symlinking: /home/rumy/acrome_ws/install/tricycle_controller/include/tricycle_controller/tricycle_controller/traction_limiter.hpp
[2.579s] -- Symlinking: /home/rumy/acrome_ws/install/tricycle_controller/include/tricycle_controller/tricycle_controller/tricycle_controller.hpp
[2.579s] -- Symlinking: /home/rumy/acrome_ws/install/tricycle_controller/share/tricycle_controller/environment/library_path.sh
[2.579s] -- Symlinking: /home/rumy/acrome_ws/install/tricycle_controller/share/tricycle_controller/environment/library_path.dsv
[2.579s] -- Symlinking: /home/rumy/acrome_ws/install/tricycle_controller/share/ament_index/resource_index/package_run_dependencies/tricycle_controller
[2.580s] -- Symlinking: /home/rumy/acrome_ws/install/tricycle_controller/share/ament_index/resource_index/parent_prefix_path/tricycle_controller
[2.580s] -- Symlinking: /home/rumy/acrome_ws/install/tricycle_controller/share/tricycle_controller/environment/ament_prefix_path.sh
[2.602s] -- Symlinking: /home/rumy/acrome_ws/install/tricycle_controller/share/tricycle_controller/environment/ament_prefix_path.dsv
[2.633s] -- Symlinking: /home/rumy/acrome_ws/install/tricycle_controller/share/tricycle_controller/environment/path.sh
[2.646s] -- Symlinking: /home/rumy/acrome_ws/install/tricycle_controller/share/tricycle_controller/environment/path.dsv
[2.680s] -- Symlinking: /home/rumy/acrome_ws/install/tricycle_controller/share/tricycle_controller/local_setup.bash
[2.706s] -- Symlinking: /home/rumy/acrome_ws/install/tricycle_controller/share/tricycle_controller/local_setup.sh
[2.731s] -- Symlinking: /home/rumy/acrome_ws/install/tricycle_controller/share/tricycle_controller/local_setup.zsh
[2.763s] -- Symlinking: /home/rumy/acrome_ws/install/tricycle_controller/share/tricycle_controller/local_setup.dsv
[2.791s] -- Symlinking: /home/rumy/acrome_ws/install/tricycle_controller/share/tricycle_controller/package.dsv
[2.815s] -- Symlinking: /home/rumy/acrome_ws/install/tricycle_controller/share/ament_index/resource_index/packages/tricycle_controller
[2.832s] -- Symlinking: /home/rumy/acrome_ws/install/tricycle_controller/share/ament_index/resource_index/controller_interface__pluginlib__plugin/tricycle_controller
[2.859s] -- Symlinking: /home/rumy/acrome_ws/install/tricycle_controller/share/tricycle_controller/cmake/ament_cmake_export_dependencies-extras.cmake
[2.873s] -- Symlinking: /home/rumy/acrome_ws/install/tricycle_controller/share/tricycle_controller/cmake/ament_cmake_export_targets-extras.cmake
[2.886s] -- Symlinking: /home/rumy/acrome_ws/install/tricycle_controller/share/tricycle_controller/cmake/tricycle_controllerConfig.cmake
[2.899s] -- Symlinking: /home/rumy/acrome_ws/install/tricycle_controller/share/tricycle_controller/cmake/tricycle_controllerConfig-version.cmake
[2.922s] -- Symlinking: /home/rumy/acrome_ws/install/tricycle_controller/share/tricycle_controller/package.xml
[2.951s] -- Installing: /home/rumy/acrome_ws/install/tricycle_controller/lib/libtricycle_controller.so
[2.968s] -- Set non-toolchain portion of runtime path of "/home/rumy/acrome_ws/install/tricycle_controller/lib/libtricycle_controller.so" to ""
[2.968s] -- Installing: /home/rumy/acrome_ws/install/tricycle_controller/share/tricycle_controller/cmake/export_tricycle_controllerExport.cmake
[2.968s] -- Installing: /home/rumy/acrome_ws/install/tricycle_controller/share/tricycle_controller/cmake/export_tricycle_controllerExport-noconfig.cmake
[3.523s] Invoked command in '/home/rumy/acrome_ws/build/tricycle_controller' returned '0': CMAKE_PREFIX_PATH=${CMAKE_PREFIX_PATH}:/opt/ros/jazzy DEBUGINFOD_URLS=https://debuginfod.ubuntu.com /usr/bin/cmake --install /home/rumy/acrome_ws/build/tricycle_controller
