[0.036s] Invoking command in '/home/rumy/acrome_ws/build/admittance_controller': AMENT_PREFIX_PATH=/home/rumy/acrome_ws/install/control_toolbox:${AMENT_PREFIX_PATH} CMAKE_PREFIX_PATH=/home/rumy/acrome_ws/install/control_toolbox:/home/rumy/acrome_ws/install/tricycle_controller:/home/rumy/acrome_ws/install/ackermann_steering_controller:/home/rumy/acrome_ws/install/steering_controllers_library:/home/rumy/acrome_ws/install/range_sensor_broadcaster:/home/rumy/acrome_ws/install/pose_broadcaster:/home/rumy/acrome_ws/install/parallel_gripper_controller:/home/rumy/acrome_ws/install/omni_wheel_drive_controller:/home/rumy/acrome_ws/install/mecanum_drive_controller:/home/rumy/acrome_ws/install/joint_trajectory_controller:/home/rumy/acrome_ws/install/joint_state_broadcaster:/home/rumy/acrome_ws/install/imu_sensor_broadcaster:/home/rumy/acrome_ws/install/gripper_controllers:/home/rumy/acrome_ws/install/gps_sensor_broadcaster:/home/rumy/acrome_ws/install/gpio_controllers:/home/rumy/acrome_ws/install/forward_command_controller:/home/rumy/acrome_ws/install/force_torque_sensor_broadcaster:/home/rumy/acrome_ws/install/diff_drive_controller:/home/rumy/acrome_ws/install/admittance_controller:/home/rumy/acrome_ws/install/acrome_mini_robot:/home/rumy/acrome_ws/src/acrome_mini_robot/install/acrome_mini_robot:/opt/ros/jazzy/opt/gz_sim_vendor:/opt/ros/jazzy/opt/gz_sensors_vendor:/opt/ros/jazzy/opt/gz_physics_vendor:/opt/ros/jazzy/opt/sdformat_vendor:/opt/ros/jazzy/opt/gz_gui_vendor:/opt/ros/jazzy/opt/gz_transport_vendor:/opt/ros/jazzy/opt/gz_rendering_vendor:/opt/ros/jazzy/opt/gz_plugin_vendor:/opt/ros/jazzy/opt/gz_fuel_tools_vendor:/opt/ros/jazzy/opt/gz_msgs_vendor:/opt/ros/jazzy/opt/gz_common_vendor:/opt/ros/jazzy/opt/gz_math_vendor:/opt/ros/jazzy/opt/gz_utils_vendor:/opt/ros/jazzy/opt/gz_tools_vendor:/opt/ros/jazzy/opt/gz_ogre_next_vendor:/opt/ros/jazzy/opt/gz_dartsim_vendor:/opt/ros/jazzy/opt/gz_cmake_vendor:/home/rumy/acrome_ws/install/rqt_joint_trajectory_controller:/home/rumy/acrome_ws/install/ros2_controllers_test_nodes:/opt/ros/jazzy DEBUGINFOD_URLS=https://debuginfod.ubuntu.com LD_LIBRARY_PATH=/home/rumy/acrome_ws/install/control_toolbox/lib:${LD_LIBRARY_PATH} /usr/bin/cmake /home/rumy/acrome_ws/src/ros2_controllers/admittance_controller -DAMENT_CMAKE_SYMLINK_INSTALL=1 -DCMAKE_INSTALL_PREFIX=/home/rumy/acrome_ws/install/admittance_controller
[0.049s] -- Found ros2_control_cmake: 0.2.1 (/opt/ros/jazzy/share/ros2_control_cmake/cmake)
[0.050s] -- Compiler warnings enabled for GNU
[0.050s] -- Detected GCC Version: 13.3.0 (Major: 13, Minor: 3)
[0.050s] -- Found ament_cmake: 2.5.4 (/opt/ros/jazzy/share/ament_cmake/cmake)
[0.247s] -- Override CMake install command with custom implementation using symlinks instead of copying resources
[0.254s] -- Found angles: 1.16.0 (/opt/ros/jazzy/share/angles/cmake)
[0.255s] -- Found control_msgs: 5.4.1 (/opt/ros/jazzy/share/control_msgs/cmake)
[0.278s] -- Found rosidl_generator_c: 4.6.5 (/opt/ros/jazzy/share/rosidl_generator_c/cmake)
[0.286s] -- Found rosidl_generator_cpp: 4.6.5 (/opt/ros/jazzy/share/rosidl_generator_cpp/cmake)
[0.297s] -- Using all available rosidl_typesupport_c: rosidl_typesupport_fastrtps_c;rosidl_typesupport_introspection_c
[0.309s] -- Using all available rosidl_typesupport_cpp: rosidl_typesupport_fastrtps_cpp;rosidl_typesupport_introspection_cpp
[0.460s] -- Found control_toolbox: 4.5.0 (/opt/ros/jazzy/share/control_toolbox/cmake)
[0.497s] -- Found rmw_implementation_cmake: 7.3.2 (/opt/ros/jazzy/share/rmw_implementation_cmake/cmake)
[0.498s] -- Found rmw_fastrtps_cpp: 8.4.2 (/opt/ros/jazzy/share/rmw_fastrtps_cpp/cmake)
[0.565s] -- Using RMW implementation 'rmw_fastrtps_cpp' as default
[0.719s] -- Found eigen3_cmake_module: 0.3.0 (/opt/ros/jazzy/share/eigen3_cmake_module/cmake)
[0.720s] -- Ensuring Eigen3 include directory is part of orocos-kdl CMake target
[0.789s] -- Found controller_interface: 4.32.0 (/opt/ros/jazzy/share/controller_interface/cmake)
[0.833s] -- Found kinematics_interface: 1.4.0 (/opt/ros/jazzy/share/kinematics_interface/cmake)
[0.836s] -- Found tf2_eigen: 0.36.12 (/opt/ros/jazzy/share/tf2_eigen/cmake)
[0.838s] -- Found tf2_kdl: 0.36.12 (/opt/ros/jazzy/share/tf2_kdl/cmake)
[0.845s] -- Found ament_cmake_gmock: 2.5.4 (/opt/ros/jazzy/share/ament_cmake_gmock/cmake)
[0.845s] -- Found controller_manager: 4.32.0 (/opt/ros/jazzy/share/controller_manager/cmake)
[0.913s] -- Found ros2_control_test_assets: 4.32.0 (/opt/ros/jazzy/share/ros2_control_test_assets/cmake)
[0.913s] -- Found kinematics_interface_kdl: 1.4.0 (/opt/ros/jazzy/share/kinematics_interface_kdl/cmake)
[0.919s] -- Found gmock sources under '/opt/ros/jazzy/src/gmock_vendor': C++ tests using 'Google Mock' will be built
[0.921s] -- Found ament_cmake_gtest: 2.5.4 (/opt/ros/jazzy/share/ament_cmake_gtest/cmake)
[0.922s] -- Found gtest sources under '/opt/ros/jazzy/src/gtest_vendor': C++ tests using 'Google Test' will be built
[1.019s] -- Configuring done (1.0s)
[1.067s] -- Generating done (0.0s)
[1.080s] -- Build files have been written to: /home/rumy/acrome_ws/build/admittance_controller
[1.097s] Invoked command in '/home/rumy/acrome_ws/build/admittance_controller' returned '0': AMENT_PREFIX_PATH=/home/rumy/acrome_ws/install/control_toolbox:${AMENT_PREFIX_PATH} CMAKE_PREFIX_PATH=/home/rumy/acrome_ws/install/control_toolbox:/home/rumy/acrome_ws/install/tricycle_controller:/home/rumy/acrome_ws/install/ackermann_steering_controller:/home/rumy/acrome_ws/install/steering_controllers_library:/home/rumy/acrome_ws/install/range_sensor_broadcaster:/home/rumy/acrome_ws/install/pose_broadcaster:/home/rumy/acrome_ws/install/parallel_gripper_controller:/home/rumy/acrome_ws/install/omni_wheel_drive_controller:/home/rumy/acrome_ws/install/mecanum_drive_controller:/home/rumy/acrome_ws/install/joint_trajectory_controller:/home/rumy/acrome_ws/install/joint_state_broadcaster:/home/rumy/acrome_ws/install/imu_sensor_broadcaster:/home/rumy/acrome_ws/install/gripper_controllers:/home/rumy/acrome_ws/install/gps_sensor_broadcaster:/home/rumy/acrome_ws/install/gpio_controllers:/home/rumy/acrome_ws/install/forward_command_controller:/home/rumy/acrome_ws/install/force_torque_sensor_broadcaster:/home/rumy/acrome_ws/install/diff_drive_controller:/home/rumy/acrome_ws/install/admittance_controller:/home/rumy/acrome_ws/install/acrome_mini_robot:/home/rumy/acrome_ws/src/acrome_mini_robot/install/acrome_mini_robot:/opt/ros/jazzy/opt/gz_sim_vendor:/opt/ros/jazzy/opt/gz_sensors_vendor:/opt/ros/jazzy/opt/gz_physics_vendor:/opt/ros/jazzy/opt/sdformat_vendor:/opt/ros/jazzy/opt/gz_gui_vendor:/opt/ros/jazzy/opt/gz_transport_vendor:/opt/ros/jazzy/opt/gz_rendering_vendor:/opt/ros/jazzy/opt/gz_plugin_vendor:/opt/ros/jazzy/opt/gz_fuel_tools_vendor:/opt/ros/jazzy/opt/gz_msgs_vendor:/opt/ros/jazzy/opt/gz_common_vendor:/opt/ros/jazzy/opt/gz_math_vendor:/opt/ros/jazzy/opt/gz_utils_vendor:/opt/ros/jazzy/opt/gz_tools_vendor:/opt/ros/jazzy/opt/gz_ogre_next_vendor:/opt/ros/jazzy/opt/gz_dartsim_vendor:/opt/ros/jazzy/opt/gz_cmake_vendor:/home/rumy/acrome_ws/install/rqt_joint_trajectory_controller:/home/rumy/acrome_ws/install/ros2_controllers_test_nodes:/opt/ros/jazzy DEBUGINFOD_URLS=https://debuginfod.ubuntu.com LD_LIBRARY_PATH=/home/rumy/acrome_ws/install/control_toolbox/lib:${LD_LIBRARY_PATH} /usr/bin/cmake /home/rumy/acrome_ws/src/ros2_controllers/admittance_controller -DAMENT_CMAKE_SYMLINK_INSTALL=1 -DCMAKE_INSTALL_PREFIX=/home/rumy/acrome_ws/install/admittance_controller
[1.099s] Invoking command in '/home/rumy/acrome_ws/build/admittance_controller': AMENT_PREFIX_PATH=/home/rumy/acrome_ws/install/control_toolbox:${AMENT_PREFIX_PATH} CMAKE_PREFIX_PATH=/home/rumy/acrome_ws/install/control_toolbox:/home/rumy/acrome_ws/install/tricycle_controller:/home/rumy/acrome_ws/install/ackermann_steering_controller:/home/rumy/acrome_ws/install/steering_controllers_library:/home/rumy/acrome_ws/install/range_sensor_broadcaster:/home/rumy/acrome_ws/install/pose_broadcaster:/home/rumy/acrome_ws/install/parallel_gripper_controller:/home/rumy/acrome_ws/install/omni_wheel_drive_controller:/home/rumy/acrome_ws/install/mecanum_drive_controller:/home/rumy/acrome_ws/install/joint_trajectory_controller:/home/rumy/acrome_ws/install/joint_state_broadcaster:/home/rumy/acrome_ws/install/imu_sensor_broadcaster:/home/rumy/acrome_ws/install/gripper_controllers:/home/rumy/acrome_ws/install/gps_sensor_broadcaster:/home/rumy/acrome_ws/install/gpio_controllers:/home/rumy/acrome_ws/install/forward_command_controller:/home/rumy/acrome_ws/install/force_torque_sensor_broadcaster:/home/rumy/acrome_ws/install/diff_drive_controller:/home/rumy/acrome_ws/install/admittance_controller:/home/rumy/acrome_ws/install/acrome_mini_robot:/home/rumy/acrome_ws/src/acrome_mini_robot/install/acrome_mini_robot:/opt/ros/jazzy/opt/gz_sim_vendor:/opt/ros/jazzy/opt/gz_sensors_vendor:/opt/ros/jazzy/opt/gz_physics_vendor:/opt/ros/jazzy/opt/sdformat_vendor:/opt/ros/jazzy/opt/gz_gui_vendor:/opt/ros/jazzy/opt/gz_transport_vendor:/opt/ros/jazzy/opt/gz_rendering_vendor:/opt/ros/jazzy/opt/gz_plugin_vendor:/opt/ros/jazzy/opt/gz_fuel_tools_vendor:/opt/ros/jazzy/opt/gz_msgs_vendor:/opt/ros/jazzy/opt/gz_common_vendor:/opt/ros/jazzy/opt/gz_math_vendor:/opt/ros/jazzy/opt/gz_utils_vendor:/opt/ros/jazzy/opt/gz_tools_vendor:/opt/ros/jazzy/opt/gz_ogre_next_vendor:/opt/ros/jazzy/opt/gz_dartsim_vendor:/opt/ros/jazzy/opt/gz_cmake_vendor:/home/rumy/acrome_ws/install/rqt_joint_trajectory_controller:/home/rumy/acrome_ws/install/ros2_controllers_test_nodes:/opt/ros/jazzy DEBUGINFOD_URLS=https://debuginfod.ubuntu.com LD_LIBRARY_PATH=/home/rumy/acrome_ws/install/control_toolbox/lib:${LD_LIBRARY_PATH} /usr/bin/cmake --build /home/rumy/acrome_ws/build/admittance_controller -- -j12 -l12
[1.165s] [ 15%] Built target admittance_controller_parameters
[1.172s] [ 30%] Built target gmock_main
[1.173s] [ 53%] Built target gmock
[1.203s] [ 69%] Built target admittance_controller
[1.208s] [ 84%] Built target test_load_admittance_controller
[1.240s] [100%] Built target test_admittance_controller
[1.253s] Invoked command in '/home/rumy/acrome_ws/build/admittance_controller' returned '0': AMENT_PREFIX_PATH=/home/rumy/acrome_ws/install/control_toolbox:${AMENT_PREFIX_PATH} CMAKE_PREFIX_PATH=/home/rumy/acrome_ws/install/control_toolbox:/home/rumy/acrome_ws/install/tricycle_controller:/home/rumy/acrome_ws/install/ackermann_steering_controller:/home/rumy/acrome_ws/install/steering_controllers_library:/home/rumy/acrome_ws/install/range_sensor_broadcaster:/home/rumy/acrome_ws/install/pose_broadcaster:/home/rumy/acrome_ws/install/parallel_gripper_controller:/home/rumy/acrome_ws/install/omni_wheel_drive_controller:/home/rumy/acrome_ws/install/mecanum_drive_controller:/home/rumy/acrome_ws/install/joint_trajectory_controller:/home/rumy/acrome_ws/install/joint_state_broadcaster:/home/rumy/acrome_ws/install/imu_sensor_broadcaster:/home/rumy/acrome_ws/install/gripper_controllers:/home/rumy/acrome_ws/install/gps_sensor_broadcaster:/home/rumy/acrome_ws/install/gpio_controllers:/home/rumy/acrome_ws/install/forward_command_controller:/home/rumy/acrome_ws/install/force_torque_sensor_broadcaster:/home/rumy/acrome_ws/install/diff_drive_controller:/home/rumy/acrome_ws/install/admittance_controller:/home/rumy/acrome_ws/install/acrome_mini_robot:/home/rumy/acrome_ws/src/acrome_mini_robot/install/acrome_mini_robot:/opt/ros/jazzy/opt/gz_sim_vendor:/opt/ros/jazzy/opt/gz_sensors_vendor:/opt/ros/jazzy/opt/gz_physics_vendor:/opt/ros/jazzy/opt/sdformat_vendor:/opt/ros/jazzy/opt/gz_gui_vendor:/opt/ros/jazzy/opt/gz_transport_vendor:/opt/ros/jazzy/opt/gz_rendering_vendor:/opt/ros/jazzy/opt/gz_plugin_vendor:/opt/ros/jazzy/opt/gz_fuel_tools_vendor:/opt/ros/jazzy/opt/gz_msgs_vendor:/opt/ros/jazzy/opt/gz_common_vendor:/opt/ros/jazzy/opt/gz_math_vendor:/opt/ros/jazzy/opt/gz_utils_vendor:/opt/ros/jazzy/opt/gz_tools_vendor:/opt/ros/jazzy/opt/gz_ogre_next_vendor:/opt/ros/jazzy/opt/gz_dartsim_vendor:/opt/ros/jazzy/opt/gz_cmake_vendor:/home/rumy/acrome_ws/install/rqt_joint_trajectory_controller:/home/rumy/acrome_ws/install/ros2_controllers_test_nodes:/opt/ros/jazzy DEBUGINFOD_URLS=https://debuginfod.ubuntu.com LD_LIBRARY_PATH=/home/rumy/acrome_ws/install/control_toolbox/lib:${LD_LIBRARY_PATH} /usr/bin/cmake --build /home/rumy/acrome_ws/build/admittance_controller -- -j12 -l12
[1.254s] Invoking command in '/home/rumy/acrome_ws/build/admittance_controller': AMENT_PREFIX_PATH=/home/rumy/acrome_ws/install/control_toolbox:${AMENT_PREFIX_PATH} CMAKE_PREFIX_PATH=/home/rumy/acrome_ws/install/control_toolbox:/home/rumy/acrome_ws/install/tricycle_controller:/home/rumy/acrome_ws/install/ackermann_steering_controller:/home/rumy/acrome_ws/install/steering_controllers_library:/home/rumy/acrome_ws/install/range_sensor_broadcaster:/home/rumy/acrome_ws/install/pose_broadcaster:/home/rumy/acrome_ws/install/parallel_gripper_controller:/home/rumy/acrome_ws/install/omni_wheel_drive_controller:/home/rumy/acrome_ws/install/mecanum_drive_controller:/home/rumy/acrome_ws/install/joint_trajectory_controller:/home/rumy/acrome_ws/install/joint_state_broadcaster:/home/rumy/acrome_ws/install/imu_sensor_broadcaster:/home/rumy/acrome_ws/install/gripper_controllers:/home/rumy/acrome_ws/install/gps_sensor_broadcaster:/home/rumy/acrome_ws/install/gpio_controllers:/home/rumy/acrome_ws/install/forward_command_controller:/home/rumy/acrome_ws/install/force_torque_sensor_broadcaster:/home/rumy/acrome_ws/install/diff_drive_controller:/home/rumy/acrome_ws/install/admittance_controller:/home/rumy/acrome_ws/install/acrome_mini_robot:/home/rumy/acrome_ws/src/acrome_mini_robot/install/acrome_mini_robot:/opt/ros/jazzy/opt/gz_sim_vendor:/opt/ros/jazzy/opt/gz_sensors_vendor:/opt/ros/jazzy/opt/gz_physics_vendor:/opt/ros/jazzy/opt/sdformat_vendor:/opt/ros/jazzy/opt/gz_gui_vendor:/opt/ros/jazzy/opt/gz_transport_vendor:/opt/ros/jazzy/opt/gz_rendering_vendor:/opt/ros/jazzy/opt/gz_plugin_vendor:/opt/ros/jazzy/opt/gz_fuel_tools_vendor:/opt/ros/jazzy/opt/gz_msgs_vendor:/opt/ros/jazzy/opt/gz_common_vendor:/opt/ros/jazzy/opt/gz_math_vendor:/opt/ros/jazzy/opt/gz_utils_vendor:/opt/ros/jazzy/opt/gz_tools_vendor:/opt/ros/jazzy/opt/gz_ogre_next_vendor:/opt/ros/jazzy/opt/gz_dartsim_vendor:/opt/ros/jazzy/opt/gz_cmake_vendor:/home/rumy/acrome_ws/install/rqt_joint_trajectory_controller:/home/rumy/acrome_ws/install/ros2_controllers_test_nodes:/opt/ros/jazzy DEBUGINFOD_URLS=https://debuginfod.ubuntu.com LD_LIBRARY_PATH=/home/rumy/acrome_ws/install/control_toolbox/lib:${LD_LIBRARY_PATH} /usr/bin/cmake --install /home/rumy/acrome_ws/build/admittance_controller
[1.264s] -- Install configuration: ""
[1.264s] -- Execute custom install script
[1.265s] -- Up-to-date symlink: /home/rumy/acrome_ws/install/admittance_controller/include/admittance_controller/admittance_controller_parameters.hpp
[1.265s] -- Up-to-date symlink: /home/rumy/acrome_ws/install/admittance_controller/share/admittance_controller//admittance_controller.xml
[1.265s] -- Up-to-date symlink: /home/rumy/acrome_ws/install/admittance_controller/include/admittance_controller/admittance_controller/admittance_controller.hpp
[1.265s] -- Up-to-date symlink: /home/rumy/acrome_ws/install/admittance_controller/include/admittance_controller/admittance_controller/admittance_rule.hpp
[1.265s] -- Up-to-date symlink: /home/rumy/acrome_ws/install/admittance_controller/include/admittance_controller/admittance_controller/admittance_rule_impl.hpp
[1.265s] -- Up-to-date symlink: /home/rumy/acrome_ws/install/admittance_controller/share/admittance_controller/environment/library_path.sh
[1.265s] -- Up-to-date symlink: /home/rumy/acrome_ws/install/admittance_controller/share/admittance_controller/environment/library_path.dsv
[1.265s] -- Up-to-date symlink: /home/rumy/acrome_ws/install/admittance_controller/share/ament_index/resource_index/package_run_dependencies/admittance_controller
[1.265s] -- Up-to-date symlink: /home/rumy/acrome_ws/install/admittance_controller/share/ament_index/resource_index/parent_prefix_path/admittance_controller
[1.266s] -- Up-to-date symlink: /home/rumy/acrome_ws/install/admittance_controller/share/admittance_controller/environment/ament_prefix_path.sh
[1.266s] -- Up-to-date symlink: /home/rumy/acrome_ws/install/admittance_controller/share/admittance_controller/environment/ament_prefix_path.dsv
[1.266s] -- Up-to-date symlink: /home/rumy/acrome_ws/install/admittance_controller/share/admittance_controller/environment/path.sh
[1.266s] -- Up-to-date symlink: /home/rumy/acrome_ws/install/admittance_controller/share/admittance_controller/environment/path.dsv
[1.266s] -- Up-to-date symlink: /home/rumy/acrome_ws/install/admittance_controller/share/admittance_controller/local_setup.bash
[1.266s] -- Up-to-date symlink: /home/rumy/acrome_ws/install/admittance_controller/share/admittance_controller/local_setup.sh
[1.266s] -- Up-to-date symlink: /home/rumy/acrome_ws/install/admittance_controller/share/admittance_controller/local_setup.zsh
[1.266s] -- Up-to-date symlink: /home/rumy/acrome_ws/install/admittance_controller/share/admittance_controller/local_setup.dsv
[1.266s] -- Symlinking: /home/rumy/acrome_ws/install/admittance_controller/share/admittance_controller/package.dsv
[1.274s] -- Up-to-date symlink: /home/rumy/acrome_ws/install/admittance_controller/share/ament_index/resource_index/packages/admittance_controller
[1.274s] -- Up-to-date symlink: /home/rumy/acrome_ws/install/admittance_controller/share/ament_index/resource_index/controller_interface__pluginlib__plugin/admittance_controller
[1.274s] -- Up-to-date symlink: /home/rumy/acrome_ws/install/admittance_controller/share/admittance_controller/cmake/ament_cmake_export_dependencies-extras.cmake
[1.274s] -- Up-to-date symlink: /home/rumy/acrome_ws/install/admittance_controller/share/admittance_controller/cmake/ament_cmake_export_targets-extras.cmake
[1.275s] -- Up-to-date symlink: /home/rumy/acrome_ws/install/admittance_controller/share/admittance_controller/cmake/admittance_controllerConfig.cmake
[1.275s] -- Up-to-date symlink: /home/rumy/acrome_ws/install/admittance_controller/share/admittance_controller/cmake/admittance_controllerConfig-version.cmake
[1.275s] -- Up-to-date symlink: /home/rumy/acrome_ws/install/admittance_controller/share/admittance_controller/package.xml
[1.275s] -- Up-to-date: /home/rumy/acrome_ws/install/admittance_controller/lib/libadmittance_controller.so
[1.275s] -- Up-to-date: /home/rumy/acrome_ws/install/admittance_controller/share/admittance_controller/cmake/export_admittance_controllerExport.cmake
[1.275s] -- Up-to-date: /home/rumy/acrome_ws/install/admittance_controller/share/admittance_controller/cmake/export_admittance_controllerExport-noconfig.cmake
[1.291s] Invoked command in '/home/rumy/acrome_ws/build/admittance_controller' returned '0': AMENT_PREFIX_PATH=/home/rumy/acrome_ws/install/control_toolbox:${AMENT_PREFIX_PATH} CMAKE_PREFIX_PATH=/home/rumy/acrome_ws/install/control_toolbox:/home/rumy/acrome_ws/install/tricycle_controller:/home/rumy/acrome_ws/install/ackermann_steering_controller:/home/rumy/acrome_ws/install/steering_controllers_library:/home/rumy/acrome_ws/install/range_sensor_broadcaster:/home/rumy/acrome_ws/install/pose_broadcaster:/home/rumy/acrome_ws/install/parallel_gripper_controller:/home/rumy/acrome_ws/install/omni_wheel_drive_controller:/home/rumy/acrome_ws/install/mecanum_drive_controller:/home/rumy/acrome_ws/install/joint_trajectory_controller:/home/rumy/acrome_ws/install/joint_state_broadcaster:/home/rumy/acrome_ws/install/imu_sensor_broadcaster:/home/rumy/acrome_ws/install/gripper_controllers:/home/rumy/acrome_ws/install/gps_sensor_broadcaster:/home/rumy/acrome_ws/install/gpio_controllers:/home/rumy/acrome_ws/install/forward_command_controller:/home/rumy/acrome_ws/install/force_torque_sensor_broadcaster:/home/rumy/acrome_ws/install/diff_drive_controller:/home/rumy/acrome_ws/install/admittance_controller:/home/rumy/acrome_ws/install/acrome_mini_robot:/home/rumy/acrome_ws/src/acrome_mini_robot/install/acrome_mini_robot:/opt/ros/jazzy/opt/gz_sim_vendor:/opt/ros/jazzy/opt/gz_sensors_vendor:/opt/ros/jazzy/opt/gz_physics_vendor:/opt/ros/jazzy/opt/sdformat_vendor:/opt/ros/jazzy/opt/gz_gui_vendor:/opt/ros/jazzy/opt/gz_transport_vendor:/opt/ros/jazzy/opt/gz_rendering_vendor:/opt/ros/jazzy/opt/gz_plugin_vendor:/opt/ros/jazzy/opt/gz_fuel_tools_vendor:/opt/ros/jazzy/opt/gz_msgs_vendor:/opt/ros/jazzy/opt/gz_common_vendor:/opt/ros/jazzy/opt/gz_math_vendor:/opt/ros/jazzy/opt/gz_utils_vendor:/opt/ros/jazzy/opt/gz_tools_vendor:/opt/ros/jazzy/opt/gz_ogre_next_vendor:/opt/ros/jazzy/opt/gz_dartsim_vendor:/opt/ros/jazzy/opt/gz_cmake_vendor:/home/rumy/acrome_ws/install/rqt_joint_trajectory_controller:/home/rumy/acrome_ws/install/ros2_controllers_test_nodes:/opt/ros/jazzy DEBUGINFOD_URLS=https://debuginfod.ubuntu.com LD_LIBRARY_PATH=/home/rumy/acrome_ws/install/control_toolbox/lib:${LD_LIBRARY_PATH} /usr/bin/cmake --install /home/rumy/acrome_ws/build/admittance_controller
