[0.082s] Invoking command in '/home/rumy/acrome_ws/build/pose_broadcaster': CMAKE_PREFIX_PATH=${CMAKE_PREFIX_PATH}:/home/rumy/acrome_ws/install/rqt_joint_trajectory_controller:/home/rumy/acrome_ws/install/ros2_controllers_test_nodes:/opt/ros/jazzy DEBUGINFOD_URLS=https://debuginfod.ubuntu.com /usr/bin/cmake --build /home/rumy/acrome_ws/build/pose_broadcaster -- -j12 -l12
[0.719s] [ 15%] Built target pose_broadcaster_parameters
[0.719s] [ 38%] Built target gmock
[0.719s] [ 53%] Built target gmock_main
[0.719s] [ 69%] Built target pose_broadcaster
[0.719s] [ 84%] Built target test_load_pose_broadcaster
[0.719s] [100%] Built target test_pose_broadcaster
[0.748s] Invoked command in '/home/rumy/acrome_ws/build/pose_broadcaster' returned '0': CMAKE_PREFIX_PATH=${CMAKE_PREFIX_PATH}:/home/rumy/acrome_ws/install/rqt_joint_trajectory_controller:/home/rumy/acrome_ws/install/ros2_controllers_test_nodes:/opt/ros/jazzy DEBUGINFOD_URLS=https://debuginfod.ubuntu.com /usr/bin/cmake --build /home/rumy/acrome_ws/build/pose_broadcaster -- -j12 -l12
[0.792s] Invoking command in '/home/rumy/acrome_ws/build/pose_broadcaster': CMAKE_PREFIX_PATH=${CMAKE_PREFIX_PATH}:/home/rumy/acrome_ws/install/rqt_joint_trajectory_controller:/home/rumy/acrome_ws/install/ros2_controllers_test_nodes:/opt/ros/jazzy DEBUGINFOD_URLS=https://debuginfod.ubuntu.com /usr/bin/cmake --install /home/rumy/acrome_ws/build/pose_broadcaster
[0.827s] -- Install configuration: ""
[0.839s] -- Execute custom install script
[0.843s] -- Up-to-date symlink: /home/rumy/acrome_ws/install/pose_broadcaster/include/pose_broadcaster/pose_broadcaster_parameters.hpp
[0.844s] -- Up-to-date symlink: /home/rumy/acrome_ws/install/pose_broadcaster/share/pose_broadcaster//pose_broadcaster.xml
[0.844s] -- Up-to-date symlink: /home/rumy/acrome_ws/install/pose_broadcaster/include/pose_broadcaster/pose_broadcaster/pose_broadcaster.hpp
[0.846s] -- Up-to-date symlink: /home/rumy/acrome_ws/install/pose_broadcaster/share/pose_broadcaster/environment/library_path.sh
[0.846s] -- Up-to-date symlink: /home/rumy/acrome_ws/install/pose_broadcaster/share/pose_broadcaster/environment/library_path.dsv
[0.847s] -- Up-to-date symlink: /home/rumy/acrome_ws/install/pose_broadcaster/share/ament_index/resource_index/package_run_dependencies/pose_broadcaster
[0.847s] -- Up-to-date symlink: /home/rumy/acrome_ws/install/pose_broadcaster/share/ament_index/resource_index/parent_prefix_path/pose_broadcaster
[0.847s] -- Up-to-date symlink: /home/rumy/acrome_ws/install/pose_broadcaster/share/pose_broadcaster/environment/ament_prefix_path.sh
[0.847s] -- Up-to-date symlink: /home/rumy/acrome_ws/install/pose_broadcaster/share/pose_broadcaster/environment/ament_prefix_path.dsv
[0.847s] -- Up-to-date symlink: /home/rumy/acrome_ws/install/pose_broadcaster/share/pose_broadcaster/environment/path.sh
[0.848s] -- Up-to-date symlink: /home/rumy/acrome_ws/install/pose_broadcaster/share/pose_broadcaster/environment/path.dsv
[0.848s] -- Up-to-date symlink: /home/rumy/acrome_ws/install/pose_broadcaster/share/pose_broadcaster/local_setup.bash
[0.849s] -- Up-to-date symlink: /home/rumy/acrome_ws/install/pose_broadcaster/share/pose_broadcaster/local_setup.sh
[0.849s] -- Up-to-date symlink: /home/rumy/acrome_ws/install/pose_broadcaster/share/pose_broadcaster/local_setup.zsh
[0.851s] -- Up-to-date symlink: /home/rumy/acrome_ws/install/pose_broadcaster/share/pose_broadcaster/local_setup.dsv
[0.851s] -- Symlinking: /home/rumy/acrome_ws/install/pose_broadcaster/share/pose_broadcaster/package.dsv
[0.889s] -- Up-to-date symlink: /home/rumy/acrome_ws/install/pose_broadcaster/share/ament_index/resource_index/packages/pose_broadcaster
[0.890s] -- Up-to-date symlink: /home/rumy/acrome_ws/install/pose_broadcaster/share/ament_index/resource_index/controller_interface__pluginlib__plugin/pose_broadcaster
[0.890s] -- Up-to-date symlink: /home/rumy/acrome_ws/install/pose_broadcaster/share/pose_broadcaster/cmake/ament_cmake_export_dependencies-extras.cmake
[0.890s] -- Up-to-date symlink: /home/rumy/acrome_ws/install/pose_broadcaster/share/pose_broadcaster/cmake/ament_cmake_export_targets-extras.cmake
[0.891s] -- Up-to-date symlink: /home/rumy/acrome_ws/install/pose_broadcaster/share/pose_broadcaster/cmake/pose_broadcasterConfig.cmake
[0.893s] -- Up-to-date symlink: /home/rumy/acrome_ws/install/pose_broadcaster/share/pose_broadcaster/cmake/pose_broadcasterConfig-version.cmake
[0.894s] -- Up-to-date symlink: /home/rumy/acrome_ws/install/pose_broadcaster/share/pose_broadcaster/package.xml
[0.894s] -- Up-to-date: /home/rumy/acrome_ws/install/pose_broadcaster/lib/libpose_broadcaster.so
[0.895s] -- Up-to-date: /home/rumy/acrome_ws/install/pose_broadcaster/share/pose_broadcaster/cmake/export_pose_broadcasterExport.cmake
[0.895s] -- Up-to-date: /home/rumy/acrome_ws/install/pose_broadcaster/share/pose_broadcaster/cmake/export_pose_broadcasterExport-noconfig.cmake
[1.149s] Invoked command in '/home/rumy/acrome_ws/build/pose_broadcaster' returned '0': CMAKE_PREFIX_PATH=${CMAKE_PREFIX_PATH}:/home/rumy/acrome_ws/install/rqt_joint_trajectory_controller:/home/rumy/acrome_ws/install/ros2_controllers_test_nodes:/opt/ros/jazzy DEBUGINFOD_URLS=https://debuginfod.ubuntu.com /usr/bin/cmake --install /home/rumy/acrome_ws/build/pose_broadcaster
