[0.027s] Invoking command in '/home/rumy/acrome_ws/build/range_sensor_broadcaster': CMAKE_PREFIX_PATH=${CMAKE_PREFIX_PATH}:/opt/ros/jazzy DEBUGINFOD_URLS=https://debuginfod.ubuntu.com /usr/bin/cmake /home/rumy/acrome_ws/src/ros2_controllers/range_sensor_broadcaster -DCMAKE_INSTALL_PREFIX=/home/rumy/acrome_ws/install/range_sensor_broadcaster
[3.043s] -- The C compiler identification is GNU 13.3.0
[3.043s] -- The CXX compiler identification is GNU 13.3.0
[3.043s] -- Detecting C compiler ABI info
[3.043s] -- Detecting C compiler ABI info - done
[3.043s] -- Check for working C compiler: /usr/bin/cc - skipped
[3.043s] -- Detecting C compile features
[3.044s] -- Detecting C compile features - done
[3.044s] -- Detecting CXX compiler ABI info
[3.044s] -- Detecting CXX compiler ABI info - done
[3.044s] -- Check for working CXX compiler: /usr/bin/c++ - skipped
[3.044s] -- Detecting CXX compile features
[3.044s] -- Detecting CXX compile features - done
[3.044s] -- Found ros2_control_cmake: 0.2.1 (/opt/ros/jazzy/share/ros2_control_cmake/cmake)
[3.045s] -- Compiler warnings enabled for GNU
[3.045s] -- Detected GCC Version: 13.3.0 (Major: 13, Minor: 3)
[3.045s] -- Found ament_cmake: 2.5.4 (/opt/ros/jazzy/share/ament_cmake/cmake)
[3.045s] -- Found Python3: /usr/bin/python3 (found version "3.12.3") found components: Interpreter 
[3.046s] -- Found controller_interface: 4.32.0 (/opt/ros/jazzy/share/controller_interface/cmake)
[3.046s] -- Found rosidl_generator_c: 4.6.5 (/opt/ros/jazzy/share/rosidl_generator_c/cmake)
[3.046s] -- Found rosidl_generator_cpp: 4.6.5 (/opt/ros/jazzy/share/rosidl_generator_cpp/cmake)
[3.046s] -- Using all available rosidl_typesupport_c: rosidl_typesupport_fastrtps_c;rosidl_typesupport_introspection_c
[3.047s] -- Using all available rosidl_typesupport_cpp: rosidl_typesupport_fastrtps_cpp;rosidl_typesupport_introspection_cpp
[3.047s] -- Found TinyXML2 via Config file: /usr/lib/x86_64-linux-gnu/cmake/tinyxml2
[3.047s] -- Found rmw_implementation_cmake: 7.3.2 (/opt/ros/jazzy/share/rmw_implementation_cmake/cmake)
[3.047s] -- Found rmw_fastrtps_cpp: 8.4.2 (/opt/ros/jazzy/share/rmw_fastrtps_cpp/cmake)
[3.047s] -- Found TinyXML2 via Config file: /usr/lib/x86_64-linux-gnu/cmake/tinyxml2
[3.047s] -- Found OpenSSL: /usr/lib/x86_64-linux-gnu/libcrypto.so (found version "3.0.13")  
[3.047s] -- Found TinyXML2 via Config file: /usr/lib/x86_64-linux-gnu/cmake/tinyxml2
[3.048s] -- Found FastRTPS: /opt/ros/jazzy/include (Required is at least version "2.13") 
[3.048s] -- Found TinyXML2 via Config file: /usr/lib/x86_64-linux-gnu/cmake/tinyxml2
[3.048s] -- Found TinyXML2 via Config file: /usr/lib/x86_64-linux-gnu/cmake/tinyxml2
[3.048s] -- Using RMW implementation 'rmw_fastrtps_cpp' as default
[3.052s] -- Found generate_parameter_library: 0.5.0 (/opt/ros/jazzy/share/generate_parameter_library/cmake)
[3.053s] -- Found parameter_traits: 0.5.0 (/opt/ros/jazzy/share/parameter_traits/cmake)
[3.053s] -- Found ament_cmake_gmock: 2.5.4 (/opt/ros/jazzy/share/ament_cmake_gmock/cmake)
[3.053s] -- Found controller_manager: 4.32.0 (/opt/ros/jazzy/share/controller_manager/cmake)
[3.053s] -- Found ros2_control_test_assets: 4.32.0 (/opt/ros/jazzy/share/ros2_control_test_assets/cmake)
[3.053s] -- Found gmock sources under '/opt/ros/jazzy/src/gmock_vendor': C++ tests using 'Google Mock' will be built
[3.053s] -- Found ament_cmake_gtest: 2.5.4 (/opt/ros/jazzy/share/ament_cmake_gtest/cmake)
[3.053s] -- Found gtest sources under '/opt/ros/jazzy/src/gtest_vendor': C++ tests using 'Google Test' will be built
[3.054s] -- Configuring done (2.7s)
[3.054s] -- Generating done (0.1s)
[3.054s] -- Build files have been written to: /home/rumy/acrome_ws/build/range_sensor_broadcaster
[3.087s] Invoked command in '/home/rumy/acrome_ws/build/range_sensor_broadcaster' returned '0': CMAKE_PREFIX_PATH=${CMAKE_PREFIX_PATH}:/opt/ros/jazzy DEBUGINFOD_URLS=https://debuginfod.ubuntu.com /usr/bin/cmake /home/rumy/acrome_ws/src/ros2_controllers/range_sensor_broadcaster -DCMAKE_INSTALL_PREFIX=/home/rumy/acrome_ws/install/range_sensor_broadcaster
[3.087s] Invoking command in '/home/rumy/acrome_ws/build/range_sensor_broadcaster': CMAKE_PREFIX_PATH=${CMAKE_PREFIX_PATH}:/opt/ros/jazzy DEBUGINFOD_URLS=https://debuginfod.ubuntu.com /usr/bin/cmake --build /home/rumy/acrome_ws/build/range_sensor_broadcaster -- -j12 -l12
[3.201s] [  7%] [32mBuilding CXX object gmock/CMakeFiles/gmock_main.dir/src/gmock_main.cc.o[0m
[3.201s] [ 15%] [32mBuilding CXX object gmock/CMakeFiles/gmock.dir/opt/ros/jazzy/src/gtest_vendor/src/gtest-all.cc.o[0m
[3.202s] [ 23%] [34m[1mRunning `/opt/ros/jazzy/bin/generate_parameter_library_cpp /home/rumy/acrome_ws/build/range_sensor_broadcaster/include/range_sensor_broadcaster/range_sensor_broadcaster_parameters.hpp /home/rumy/acrome_ws/src/ros2_controllers/range_sensor_broadcaster/src/range_sensor_broadcaster_parameters.yaml `[0m
[3.202s] [ 30%] [32mBuilding CXX object gmock/CMakeFiles/gmock.dir/src/gmock-all.cc.o[0m
[5.954s] [ 38%] [34m[1mCreating deprecated header file /home/rumy/acrome_ws/build/range_sensor_broadcaster/include/range_sensor_broadcaster_parameters.hpp[0m
[6.011s] [ 38%] Built target range_sensor_broadcaster_parameters
[7.893s] [ 46%] [32m[1mLinking CXX static library libgmock_main.a[0m
[7.975s] [ 46%] Built target gmock_main
[12.582s] [ 53%] [32m[1mLinking CXX static library libgmock.a[0m
[12.667s] [ 53%] Built target gmock
[12.696s] [ 61%] [32mBuilding CXX object CMakeFiles/range_sensor_broadcaster.dir/src/range_sensor_broadcaster.cpp.o[0m
[21.770s] [ 69%] [32m[1mLinking CXX shared library librange_sensor_broadcaster.so[0m
[22.411s] [ 69%] Built target range_sensor_broadcaster
[22.447s] [ 76%] [32mBuilding CXX object CMakeFiles/test_range_sensor_broadcaster.dir/test/test_range_sensor_broadcaster.cpp.o[0m
[22.454s] [ 84%] [32mBuilding CXX object CMakeFiles/test_load_range_sensor_broadcaster.dir/test/test_load_range_sensor_broadcaster.cpp.o[0m
[32.861s] [ 92%] [32m[1mLinking CXX executable test_load_range_sensor_broadcaster[0m
[33.737s] [ 92%] Built target test_load_range_sensor_broadcaster
[36.379s] [100%] [32m[1mLinking CXX executable test_range_sensor_broadcaster[0m
[37.166s] [100%] Built target test_range_sensor_broadcaster
