[0.010s] Invoking command in '/home/rumy/acrome_ws/src/acrome_mini_robot/build/acrome_mini_robot': CMAKE_PREFIX_PATH=${CMAKE_PREFIX_PATH}:/opt/ros/jazzy DEBUGINFOD_URLS=https://debuginfod.ubuntu.com /usr/bin/cmake /home/rumy/acrome_ws/src/acrome_mini_robot -DCMAKE_INSTALL_PREFIX=/home/rumy/acrome_ws/src/acrome_mini_robot/install/acrome_mini_robot
[0.088s] -- The C compiler identification is GNU 13.3.0
[0.165s] -- The CXX compiler identification is GNU 13.3.0
[0.188s] -- Detecting C compiler ABI info
[0.307s] -- Detecting C compiler ABI info - done
[0.317s] -- Check for working C compiler: /usr/bin/cc - skipped
[0.317s] -- Detecting C compile features
[0.318s] -- Detecting C compile features - done
[0.328s] -- Detecting CXX compiler ABI info
[0.482s] -- Detecting CXX compiler ABI info - done
[0.495s] -- Check for working CXX compiler: /usr/bin/c++ - skipped
[0.495s] -- Detecting CXX compile features
[0.496s] -- Detecting CXX compile features - done
[0.500s] -- Found ament_cmake: 2.5.4 (/opt/ros/jazzy/share/ament_cmake/cmake)
[0.727s] -- Found Python3: /usr/bin/python3 (found version "3.12.3") found components: Interpreter 
[1.054s] -- Configuring done (1.0s)
[1.061s] -- Generating done (0.0s)
[1.065s] -- Build files have been written to: /home/rumy/acrome_ws/src/acrome_mini_robot/build/acrome_mini_robot
[1.073s] Invoked command in '/home/rumy/acrome_ws/src/acrome_mini_robot/build/acrome_mini_robot' returned '0': CMAKE_PREFIX_PATH=${CMAKE_PREFIX_PATH}:/opt/ros/jazzy DEBUGINFOD_URLS=https://debuginfod.ubuntu.com /usr/bin/cmake /home/rumy/acrome_ws/src/acrome_mini_robot -DCMAKE_INSTALL_PREFIX=/home/rumy/acrome_ws/src/acrome_mini_robot/install/acrome_mini_robot
[1.074s] Invoking command in '/home/rumy/acrome_ws/src/acrome_mini_robot/build/acrome_mini_robot': CMAKE_PREFIX_PATH=${CMAKE_PREFIX_PATH}:/opt/ros/jazzy DEBUGINFOD_URLS=https://debuginfod.ubuntu.com /usr/bin/cmake --build /home/rumy/acrome_ws/src/acrome_mini_robot/build/acrome_mini_robot -- -j12 -l12
[1.131s] Invoked command in '/home/rumy/acrome_ws/src/acrome_mini_robot/build/acrome_mini_robot' returned '0': CMAKE_PREFIX_PATH=${CMAKE_PREFIX_PATH}:/opt/ros/jazzy DEBUGINFOD_URLS=https://debuginfod.ubuntu.com /usr/bin/cmake --build /home/rumy/acrome_ws/src/acrome_mini_robot/build/acrome_mini_robot -- -j12 -l12
[1.148s] Invoking command in '/home/rumy/acrome_ws/src/acrome_mini_robot/build/acrome_mini_robot': CMAKE_PREFIX_PATH=${CMAKE_PREFIX_PATH}:/opt/ros/jazzy DEBUGINFOD_URLS=https://debuginfod.ubuntu.com /usr/bin/cmake --install /home/rumy/acrome_ws/src/acrome_mini_robot/build/acrome_mini_robot
[1.159s] -- Install configuration: ""
[1.159s] -- Installing: /home/rumy/acrome_ws/src/acrome_mini_robot/install/acrome_mini_robot/share/acrome_mini_robot/launch
[1.159s] -- Installing: /home/rumy/acrome_ws/src/acrome_mini_robot/install/acrome_mini_robot/share/acrome_mini_robot/launch/gazebo.launch
[1.159s] -- Installing: /home/rumy/acrome_ws/src/acrome_mini_robot/install/acrome_mini_robot/share/acrome_mini_robot/launch/display.launch
[1.159s] -- Installing: /home/rumy/acrome_ws/src/acrome_mini_robot/install/acrome_mini_robot/share/acrome_mini_robot/launch/gazebo_launch.py
[1.159s] -- Installing: /home/rumy/acrome_ws/src/acrome_mini_robot/install/acrome_mini_robot/share/acrome_mini_robot/urdf
[1.159s] -- Installing: /home/rumy/acrome_ws/src/acrome_mini_robot/install/acrome_mini_robot/share/acrome_mini_robot/urdf/acrome_mini_robot.urdf
[1.159s] -- Installing: /home/rumy/acrome_ws/src/acrome_mini_robot/install/acrome_mini_robot/share/acrome_mini_robot/meshes
[1.159s] -- Installing: /home/rumy/acrome_ws/src/acrome_mini_robot/install/acrome_mini_robot/share/acrome_mini_robot/meshes/base_link.stl
[1.188s] -- Installing: /home/rumy/acrome_ws/src/acrome_mini_robot/install/acrome_mini_robot/share/acrome_mini_robot/meshes/left_wheel.stl
[1.189s] -- Installing: /home/rumy/acrome_ws/src/acrome_mini_robot/install/acrome_mini_robot/share/acrome_mini_robot/meshes/right_wheel.stl
[1.189s] -- Installing: /home/rumy/acrome_ws/src/acrome_mini_robot/install/acrome_mini_robot/share/ament_index/resource_index/package_run_dependencies/acrome_mini_robot
[1.189s] -- Installing: /home/rumy/acrome_ws/src/acrome_mini_robot/install/acrome_mini_robot/share/ament_index/resource_index/parent_prefix_path/acrome_mini_robot
[1.189s] -- Installing: /home/rumy/acrome_ws/src/acrome_mini_robot/install/acrome_mini_robot/share/acrome_mini_robot/environment/ament_prefix_path.sh
[1.190s] -- Installing: /home/rumy/acrome_ws/src/acrome_mini_robot/install/acrome_mini_robot/share/acrome_mini_robot/environment/ament_prefix_path.dsv
[1.190s] -- Installing: /home/rumy/acrome_ws/src/acrome_mini_robot/install/acrome_mini_robot/share/acrome_mini_robot/environment/path.sh
[1.190s] -- Installing: /home/rumy/acrome_ws/src/acrome_mini_robot/install/acrome_mini_robot/share/acrome_mini_robot/environment/path.dsv
[1.190s] -- Installing: /home/rumy/acrome_ws/src/acrome_mini_robot/install/acrome_mini_robot/share/acrome_mini_robot/local_setup.bash
[1.190s] -- Installing: /home/rumy/acrome_ws/src/acrome_mini_robot/install/acrome_mini_robot/share/acrome_mini_robot/local_setup.sh
[1.190s] -- Installing: /home/rumy/acrome_ws/src/acrome_mini_robot/install/acrome_mini_robot/share/acrome_mini_robot/local_setup.zsh
[1.190s] -- Installing: /home/rumy/acrome_ws/src/acrome_mini_robot/install/acrome_mini_robot/share/acrome_mini_robot/local_setup.dsv
[1.190s] -- Installing: /home/rumy/acrome_ws/src/acrome_mini_robot/install/acrome_mini_robot/share/acrome_mini_robot/package.dsv
[1.190s] -- Installing: /home/rumy/acrome_ws/src/acrome_mini_robot/install/acrome_mini_robot/share/ament_index/resource_index/packages/acrome_mini_robot
[1.191s] -- Installing: /home/rumy/acrome_ws/src/acrome_mini_robot/install/acrome_mini_robot/share/acrome_mini_robot/cmake/acrome_mini_robotConfig.cmake
[1.191s] -- Installing: /home/rumy/acrome_ws/src/acrome_mini_robot/install/acrome_mini_robot/share/acrome_mini_robot/cmake/acrome_mini_robotConfig-version.cmake
[1.191s] -- Installing: /home/rumy/acrome_ws/src/acrome_mini_robot/install/acrome_mini_robot/share/acrome_mini_robot/package.xml
[1.194s] Invoked command in '/home/rumy/acrome_ws/src/acrome_mini_robot/build/acrome_mini_robot' returned '0': CMAKE_PREFIX_PATH=${CMAKE_PREFIX_PATH}:/opt/ros/jazzy DEBUGINFOD_URLS=https://debuginfod.ubuntu.com /usr/bin/cmake --install /home/rumy/acrome_ws/src/acrome_mini_robot/build/acrome_mini_robot
