[ 14%] Built target omni_wheel_drive_controller_parameters
[ 28%] Built target gmock_main
[ 50%] Built target gmock
[ 64%] Built target test_load_omni_wheel_drive_controller
[ 85%] Built target omni_wheel_drive_controller
[100%] Built target test_omni_wheel_drive_controller
-- Install configuration: ""
-- Execute custom install script
-- Up-to-date symlink: /home/rumy/acrome_ws/install/omni_wheel_drive_controller/include/omni_wheel_drive_controller/omni_wheel_drive_controller_parameters.hpp
-- Up-to-date symlink: /home/rumy/acrome_ws/install/omni_wheel_drive_controller/share/omni_wheel_drive_controller//omni_wheel_drive_plugin.xml
-- Up-to-date symlink: /home/rumy/acrome_ws/install/omni_wheel_drive_controller/include/omni_wheel_drive_controller//omni_wheel_drive_controller/odometry.hpp
-- Up-to-date symlink: /home/rumy/acrome_ws/install/omni_wheel_drive_controller/include/omni_wheel_drive_controller//omni_wheel_drive_controller/omni_wheel_drive_controller.hpp
-- Up-to-date symlink: /home/rumy/acrome_ws/install/omni_wheel_drive_controller/share/omni_wheel_drive_controller/environment/library_path.sh
-- Up-to-date symlink: /home/rumy/acrome_ws/install/omni_wheel_drive_controller/share/omni_wheel_drive_controller/environment/library_path.dsv
-- Up-to-date symlink: /home/rumy/acrome_ws/install/omni_wheel_drive_controller/share/ament_index/resource_index/package_run_dependencies/omni_wheel_drive_controller
-- Up-to-date symlink: /home/rumy/acrome_ws/install/omni_wheel_drive_controller/share/ament_index/resource_index/parent_prefix_path/omni_wheel_drive_controller
-- Up-to-date symlink: /home/rumy/acrome_ws/install/omni_wheel_drive_controller/share/omni_wheel_drive_controller/environment/ament_prefix_path.sh
-- Up-to-date symlink: /home/rumy/acrome_ws/install/omni_wheel_drive_controller/share/omni_wheel_drive_controller/environment/ament_prefix_path.dsv
-- Up-to-date symlink: /home/rumy/acrome_ws/install/omni_wheel_drive_controller/share/omni_wheel_drive_controller/environment/path.sh
-- Up-to-date symlink: /home/rumy/acrome_ws/install/omni_wheel_drive_controller/share/omni_wheel_drive_controller/environment/path.dsv
-- Up-to-date symlink: /home/rumy/acrome_ws/install/omni_wheel_drive_controller/share/omni_wheel_drive_controller/local_setup.bash
-- Up-to-date symlink: /home/rumy/acrome_ws/install/omni_wheel_drive_controller/share/omni_wheel_drive_controller/local_setup.sh
-- Up-to-date symlink: /home/rumy/acrome_ws/install/omni_wheel_drive_controller/share/omni_wheel_drive_controller/local_setup.zsh
-- Up-to-date symlink: /home/rumy/acrome_ws/install/omni_wheel_drive_controller/share/omni_wheel_drive_controller/local_setup.dsv
-- Symlinking: /home/rumy/acrome_ws/install/omni_wheel_drive_controller/share/omni_wheel_drive_controller/package.dsv
-- Up-to-date symlink: /home/rumy/acrome_ws/install/omni_wheel_drive_controller/share/ament_index/resource_index/packages/omni_wheel_drive_controller
-- Up-to-date symlink: /home/rumy/acrome_ws/install/omni_wheel_drive_controller/share/ament_index/resource_index/controller_interface__pluginlib__plugin/omni_wheel_drive_controller
-- Up-to-date symlink: /home/rumy/acrome_ws/install/omni_wheel_drive_controller/share/omni_wheel_drive_controller/cmake/ament_cmake_export_dependencies-extras.cmake
-- Up-to-date symlink: /home/rumy/acrome_ws/install/omni_wheel_drive_controller/share/omni_wheel_drive_controller/cmake/ament_cmake_export_targets-extras.cmake
-- Up-to-date symlink: /home/rumy/acrome_ws/install/omni_wheel_drive_controller/share/omni_wheel_drive_controller/cmake/omni_wheel_drive_controllerConfig.cmake
-- Up-to-date symlink: /home/rumy/acrome_ws/install/omni_wheel_drive_controller/share/omni_wheel_drive_controller/cmake/omni_wheel_drive_controllerConfig-version.cmake
-- Up-to-date symlink: /home/rumy/acrome_ws/install/omni_wheel_drive_controller/share/omni_wheel_drive_controller/package.xml
-- Up-to-date: /home/rumy/acrome_ws/install/omni_wheel_drive_controller/lib/libomni_wheel_drive_controller.so
-- Up-to-date: /home/rumy/acrome_ws/install/omni_wheel_drive_controller/share/omni_wheel_drive_controller/cmake/export_omni_wheel_drive_controllerExport.cmake
-- Up-to-date: /home/rumy/acrome_ws/install/omni_wheel_drive_controller/share/omni_wheel_drive_controller/cmake/export_omni_wheel_drive_controllerExport-noconfig.cmake
