[0.073s] Invoking command in '/home/rumy/acrome_ws/build/control_toolbox': CMAKE_PREFIX_PATH=${CMAKE_PREFIX_PATH}:/home/rumy/acrome_ws/install/rqt_joint_trajectory_controller:/home/rumy/acrome_ws/install/ros2_controllers_test_nodes:/opt/ros/jazzy DEBUGINFOD_URLS=https://debuginfod.ubuntu.com /usr/bin/cmake --build /home/rumy/acrome_ws/build/control_toolbox -- -j12 -l12
[0.184s] [  3%] Built target gravity_compensation_filter_parameters
[0.204s] [  7%] Built target exponential_filter_parameters
[0.220s] [ 11%] Built target gmock_main
[0.220s] [ 25%] Built target control_toolbox
[0.220s] [ 28%] Built target rate_limiter_parameters
[0.239s] [ 34%] Built target gmock
[0.242s] [ 38%] Built target low_pass_filter_parameters
[0.288s] [ 42%] Built target gravity_compensation
[0.290s] [ 46%] Built target exponential_filter
[0.327s] [ 50%] Built target pid_ros_publisher_tests
[0.333s] [ 53%] Built target rate_limiter
[0.337s] [ 57%] Built target rate_limiter_tests
[0.340s] [ 61%] Built target pid_tests
[0.346s] [ 65%] Built target pid_ros_parameters_tests
[0.376s] [ 69%] Built target test_load_exponential_filter
[0.379s] [ 73%] Built target test_gravity_compensation
[0.389s] [ 76%] Built target test_load_gravity_compensation
[0.390s] [ 80%] Built target low_pass_filter
[0.399s] [ 84%] Built target test_exponential_filter
[0.431s] [ 88%] Built target test_load_rate_limiter
[0.433s] [ 92%] Built target test_rate_limiter
[0.447s] [ 96%] Built target test_low_pass_filter
[0.447s] [100%] Built target test_load_low_pass_filter
[0.481s] Invoked command in '/home/rumy/acrome_ws/build/control_toolbox' returned '0': CMAKE_PREFIX_PATH=${CMAKE_PREFIX_PATH}:/home/rumy/acrome_ws/install/rqt_joint_trajectory_controller:/home/rumy/acrome_ws/install/ros2_controllers_test_nodes:/opt/ros/jazzy DEBUGINFOD_URLS=https://debuginfod.ubuntu.com /usr/bin/cmake --build /home/rumy/acrome_ws/build/control_toolbox -- -j12 -l12
[0.482s] Invoking command in '/home/rumy/acrome_ws/build/control_toolbox': CMAKE_PREFIX_PATH=${CMAKE_PREFIX_PATH}:/home/rumy/acrome_ws/install/rqt_joint_trajectory_controller:/home/rumy/acrome_ws/install/ros2_controllers_test_nodes:/opt/ros/jazzy DEBUGINFOD_URLS=https://debuginfod.ubuntu.com /usr/bin/cmake --install /home/rumy/acrome_ws/build/control_toolbox
[0.513s] -- Install configuration: ""
[0.513s] -- Execute custom install script
[0.513s] -- Up-to-date symlink: /home/rumy/acrome_ws/install/control_toolbox/include/control_toolbox/custom_validators.hpp
[0.513s] -- Up-to-date symlink: /home/rumy/acrome_ws/install/control_toolbox/include/control_toolbox/exponential_filter_parameters.hpp
[0.513s] -- Up-to-date symlink: /home/rumy/acrome_ws/install/control_toolbox/include/control_toolbox/gravity_compensation_filter_parameters.hpp
[0.513s] -- Up-to-date symlink: /home/rumy/acrome_ws/install/control_toolbox/include/control_toolbox/low_pass_filter_parameters.hpp
[0.513s] -- Up-to-date symlink: /home/rumy/acrome_ws/install/control_toolbox/include/control_toolbox/rate_limiter_parameters.hpp
[0.513s] -- Up-to-date symlink: /home/rumy/acrome_ws/install/control_toolbox/include/control_toolbox/custom_validators.hpp
[0.513s] -- Up-to-date symlink: /home/rumy/acrome_ws/install/control_toolbox/include/control_toolbox/exponential_filter_parameters.hpp
[0.514s] -- Up-to-date symlink: /home/rumy/acrome_ws/install/control_toolbox/include/control_toolbox/gravity_compensation_filter_parameters.hpp
[0.514s] -- Up-to-date symlink: /home/rumy/acrome_ws/install/control_toolbox/include/control_toolbox/low_pass_filter_parameters.hpp
[0.514s] -- Up-to-date symlink: /home/rumy/acrome_ws/install/control_toolbox/include/control_toolbox/rate_limiter_parameters.hpp
[0.514s] -- Up-to-date symlink: /home/rumy/acrome_ws/install/control_toolbox/include/control_toolbox/custom_validators.hpp
[0.514s] -- Up-to-date symlink: /home/rumy/acrome_ws/install/control_toolbox/include/control_toolbox/exponential_filter_parameters.hpp
[0.514s] -- Up-to-date symlink: /home/rumy/acrome_ws/install/control_toolbox/include/control_toolbox/gravity_compensation_filter_parameters.hpp
[0.514s] -- Up-to-date symlink: /home/rumy/acrome_ws/install/control_toolbox/include/control_toolbox/low_pass_filter_parameters.hpp
[0.514s] -- Up-to-date symlink: /home/rumy/acrome_ws/install/control_toolbox/include/control_toolbox/rate_limiter_parameters.hpp
[0.514s] -- Up-to-date symlink: /home/rumy/acrome_ws/install/control_toolbox/include/control_toolbox/custom_validators.hpp
[0.514s] -- Up-to-date symlink: /home/rumy/acrome_ws/install/control_toolbox/include/control_toolbox/exponential_filter_parameters.hpp
[0.514s] -- Up-to-date symlink: /home/rumy/acrome_ws/install/control_toolbox/include/control_toolbox/gravity_compensation_filter_parameters.hpp
[0.514s] -- Up-to-date symlink: /home/rumy/acrome_ws/install/control_toolbox/include/control_toolbox/low_pass_filter_parameters.hpp
[0.514s] -- Up-to-date symlink: /home/rumy/acrome_ws/install/control_toolbox/include/control_toolbox/rate_limiter_parameters.hpp
[0.515s] -- Up-to-date symlink: /home/rumy/acrome_ws/install/control_toolbox/share/control_toolbox//control_filters.xml
[0.515s] -- Up-to-date symlink: /home/rumy/acrome_ws/install/control_toolbox/include/control_toolbox/control_filters/custom_validators.hpp
[0.515s] -- Up-to-date symlink: /home/rumy/acrome_ws/install/control_toolbox/include/control_toolbox/control_filters/exponential_filter.hpp
[0.515s] -- Up-to-date symlink: /home/rumy/acrome_ws/install/control_toolbox/include/control_toolbox/control_filters/gravity_compensation.hpp
[0.515s] -- Up-to-date symlink: /home/rumy/acrome_ws/install/control_toolbox/include/control_toolbox/control_filters/low_pass_filter.hpp
[0.515s] -- Up-to-date symlink: /home/rumy/acrome_ws/install/control_toolbox/include/control_toolbox/control_filters/rate_limiter.hpp
[0.515s] -- Up-to-date symlink: /home/rumy/acrome_ws/install/control_toolbox/include/control_toolbox/control_toolbox/dither.hpp
[0.515s] -- Up-to-date symlink: /home/rumy/acrome_ws/install/control_toolbox/include/control_toolbox/control_toolbox/filters.hpp
[0.515s] -- Up-to-date symlink: /home/rumy/acrome_ws/install/control_toolbox/include/control_toolbox/control_toolbox/limited_proxy.hpp
[0.515s] -- Up-to-date symlink: /home/rumy/acrome_ws/install/control_toolbox/include/control_toolbox/control_toolbox/low_pass_filter.hpp
[0.515s] -- Up-to-date symlink: /home/rumy/acrome_ws/install/control_toolbox/include/control_toolbox/control_toolbox/pid.hpp
[0.516s] -- Up-to-date symlink: /home/rumy/acrome_ws/install/control_toolbox/include/control_toolbox/control_toolbox/pid_ros.hpp
[0.516s] -- Up-to-date symlink: /home/rumy/acrome_ws/install/control_toolbox/include/control_toolbox/control_toolbox/rate_limiter.hpp
[0.516s] -- Up-to-date symlink: /home/rumy/acrome_ws/install/control_toolbox/include/control_toolbox/control_toolbox/sine_sweep.hpp
[0.516s] -- Up-to-date symlink: /home/rumy/acrome_ws/install/control_toolbox/include/control_toolbox/control_toolbox/sinusoid.hpp
[0.516s] -- Up-to-date symlink: /home/rumy/acrome_ws/install/control_toolbox/share/control_toolbox/environment/library_path.sh
[0.516s] -- Up-to-date symlink: /home/rumy/acrome_ws/install/control_toolbox/share/control_toolbox/environment/library_path.dsv
[0.516s] -- Up-to-date symlink: /home/rumy/acrome_ws/install/control_toolbox/share/ament_index/resource_index/package_run_dependencies/control_toolbox
[0.516s] -- Up-to-date symlink: /home/rumy/acrome_ws/install/control_toolbox/share/ament_index/resource_index/parent_prefix_path/control_toolbox
[0.516s] -- Up-to-date symlink: /home/rumy/acrome_ws/install/control_toolbox/share/control_toolbox/environment/ament_prefix_path.sh
[0.516s] -- Up-to-date symlink: /home/rumy/acrome_ws/install/control_toolbox/share/control_toolbox/environment/ament_prefix_path.dsv
[0.516s] -- Up-to-date symlink: /home/rumy/acrome_ws/install/control_toolbox/share/control_toolbox/environment/path.sh
[0.516s] -- Up-to-date symlink: /home/rumy/acrome_ws/install/control_toolbox/share/control_toolbox/environment/path.dsv
[0.516s] -- Up-to-date symlink: /home/rumy/acrome_ws/install/control_toolbox/share/control_toolbox/local_setup.bash
[0.516s] -- Up-to-date symlink: /home/rumy/acrome_ws/install/control_toolbox/share/control_toolbox/local_setup.sh
[0.517s] -- Up-to-date symlink: /home/rumy/acrome_ws/install/control_toolbox/share/control_toolbox/local_setup.zsh
[0.517s] -- Up-to-date symlink: /home/rumy/acrome_ws/install/control_toolbox/share/control_toolbox/local_setup.dsv
[0.517s] -- Symlinking: /home/rumy/acrome_ws/install/control_toolbox/share/control_toolbox/package.dsv
[0.517s] -- Up-to-date symlink: /home/rumy/acrome_ws/install/control_toolbox/share/ament_index/resource_index/packages/control_toolbox
[0.518s] -- Up-to-date symlink: /home/rumy/acrome_ws/install/control_toolbox/share/ament_index/resource_index/filters__pluginlib__plugin/control_toolbox
[0.518s] -- Up-to-date symlink: /home/rumy/acrome_ws/install/control_toolbox/share/control_toolbox/cmake/ament_cmake_export_dependencies-extras.cmake
[0.518s] -- Up-to-date symlink: /home/rumy/acrome_ws/install/control_toolbox/share/control_toolbox/cmake/ament_cmake_export_targets-extras.cmake
[0.518s] -- Up-to-date symlink: /home/rumy/acrome_ws/install/control_toolbox/share/control_toolbox/cmake/control_toolboxConfig.cmake
[0.518s] -- Up-to-date symlink: /home/rumy/acrome_ws/install/control_toolbox/share/control_toolbox/cmake/control_toolboxConfig-version.cmake
[0.518s] -- Up-to-date symlink: /home/rumy/acrome_ws/install/control_toolbox/share/control_toolbox/package.xml
[0.518s] -- Up-to-date: /home/rumy/acrome_ws/install/control_toolbox/lib/libcontrol_toolbox.so
[0.518s] -- Up-to-date: /home/rumy/acrome_ws/install/control_toolbox/lib/liblow_pass_filter.so
[0.518s] -- Up-to-date: /home/rumy/acrome_ws/install/control_toolbox/lib/librate_limiter.so
[0.518s] -- Up-to-date: /home/rumy/acrome_ws/install/control_toolbox/lib/libexponential_filter.so
[0.518s] -- Up-to-date: /home/rumy/acrome_ws/install/control_toolbox/lib/libgravity_compensation.so
[0.519s] -- Up-to-date: /home/rumy/acrome_ws/install/control_toolbox/share/control_toolbox/cmake/export_control_toolboxExport.cmake
[0.519s] -- Up-to-date: /home/rumy/acrome_ws/install/control_toolbox/share/control_toolbox/cmake/export_control_toolboxExport-noconfig.cmake
[0.654s] Invoked command in '/home/rumy/acrome_ws/build/control_toolbox' returned '0': CMAKE_PREFIX_PATH=${CMAKE_PREFIX_PATH}:/home/rumy/acrome_ws/install/rqt_joint_trajectory_controller:/home/rumy/acrome_ws/install/ros2_controllers_test_nodes:/opt/ros/jazzy DEBUGINFOD_URLS=https://debuginfod.ubuntu.com /usr/bin/cmake --install /home/rumy/acrome_ws/build/control_toolbox
