[0.042s] Invoking command in '/home/rumy/acrome_ws/build/joint_state_broadcaster': CMAKE_PREFIX_PATH=${CMAKE_PREFIX_PATH}:/home/rumy/acrome_ws/install/rqt_joint_trajectory_controller:/home/rumy/acrome_ws/install/ros2_controllers_test_nodes:/opt/ros/jazzy DEBUGINFOD_URLS=https://debuginfod.ubuntu.com /usr/bin/cmake /home/rumy/acrome_ws/src/ros2_controllers/joint_state_broadcaster -DCMAKE_INSTALL_PREFIX=/home/rumy/acrome_ws/install/joint_state_broadcaster
[0.069s] -- Found ros2_control_cmake: 0.2.1 (/opt/ros/jazzy/share/ros2_control_cmake/cmake)
[0.069s] -- Compiler warnings enabled for GNU
[0.069s] -- Detected GCC Version: 13.3.0 (Major: 13, Minor: 3)
[0.069s] -- Found ament_cmake: 2.5.4 (/opt/ros/jazzy/share/ament_cmake/cmake)
[0.388s] -- Override CMake install command with custom implementation using symlinks instead of copying resources
[0.397s] -- Found builtin_interfaces: 2.0.2 (/opt/ros/jazzy/share/builtin_interfaces/cmake)
[0.433s] -- Found rosidl_generator_c: 4.6.5 (/opt/ros/jazzy/share/rosidl_generator_c/cmake)
[0.448s] -- Found rosidl_generator_cpp: 4.6.5 (/opt/ros/jazzy/share/rosidl_generator_cpp/cmake)
[0.467s] -- Using all available rosidl_typesupport_c: rosidl_typesupport_fastrtps_c;rosidl_typesupport_introspection_c
[0.490s] -- Using all available rosidl_typesupport_cpp: rosidl_typesupport_fastrtps_cpp;rosidl_typesupport_introspection_cpp
[0.510s] -- Found control_msgs: 5.4.1 (/opt/ros/jazzy/share/control_msgs/cmake)
[0.745s] -- Found controller_interface: 4.32.0 (/opt/ros/jazzy/share/controller_interface/cmake)
[0.787s] -- Found TinyXML2 via Config file: /usr/lib/x86_64-linux-gnu/cmake/tinyxml2
[0.842s] -- Found rmw_implementation_cmake: 7.3.2 (/opt/ros/jazzy/share/rmw_implementation_cmake/cmake)
[0.845s] -- Found rmw_fastrtps_cpp: 8.4.2 (/opt/ros/jazzy/share/rmw_fastrtps_cpp/cmake)
[0.873s] -- Found TinyXML2 via Config file: /usr/lib/x86_64-linux-gnu/cmake/tinyxml2
[0.885s] -- Found TinyXML2 via Config file: /usr/lib/x86_64-linux-gnu/cmake/tinyxml2
[0.911s] -- Found TinyXML2 via Config file: /usr/lib/x86_64-linux-gnu/cmake/tinyxml2
[0.920s] -- Found TinyXML2 via Config file: /usr/lib/x86_64-linux-gnu/cmake/tinyxml2
[0.940s] -- Using RMW implementation 'rmw_fastrtps_cpp' as default
[1.152s] -- Found generate_parameter_library: 0.5.0 (/opt/ros/jazzy/share/generate_parameter_library/cmake)
[1.153s] -- Found parameter_traits: 0.5.0 (/opt/ros/jazzy/share/parameter_traits/cmake)
[1.169s] -- Found ament_cmake_gmock: 2.5.4 (/opt/ros/jazzy/share/ament_cmake_gmock/cmake)
[1.170s] -- Found controller_manager: 4.32.0 (/opt/ros/jazzy/share/controller_manager/cmake)
[1.287s] -- Found ros2_control_test_assets: 4.32.0 (/opt/ros/jazzy/share/ros2_control_test_assets/cmake)
[1.287s] -- Found gmock sources under '/opt/ros/jazzy/src/gmock_vendor': C++ tests using 'Google Mock' will be built
[1.290s] -- Found ament_cmake_gtest: 2.5.4 (/opt/ros/jazzy/share/ament_cmake_gtest/cmake)
[1.291s] -- Found gtest sources under '/opt/ros/jazzy/src/gtest_vendor': C++ tests using 'Google Test' will be built
[1.450s] -- Configuring done (1.4s)
[1.528s] -- Generating done (0.1s)
[1.546s] -- Build files have been written to: /home/rumy/acrome_ws/build/joint_state_broadcaster
[1.576s] Invoked command in '/home/rumy/acrome_ws/build/joint_state_broadcaster' returned '0': CMAKE_PREFIX_PATH=${CMAKE_PREFIX_PATH}:/home/rumy/acrome_ws/install/rqt_joint_trajectory_controller:/home/rumy/acrome_ws/install/ros2_controllers_test_nodes:/opt/ros/jazzy DEBUGINFOD_URLS=https://debuginfod.ubuntu.com /usr/bin/cmake /home/rumy/acrome_ws/src/ros2_controllers/joint_state_broadcaster -DCMAKE_INSTALL_PREFIX=/home/rumy/acrome_ws/install/joint_state_broadcaster
[1.577s] Invoking command in '/home/rumy/acrome_ws/build/joint_state_broadcaster': CMAKE_PREFIX_PATH=${CMAKE_PREFIX_PATH}:/home/rumy/acrome_ws/install/rqt_joint_trajectory_controller:/home/rumy/acrome_ws/install/ros2_controllers_test_nodes:/opt/ros/jazzy DEBUGINFOD_URLS=https://debuginfod.ubuntu.com /usr/bin/cmake --build /home/rumy/acrome_ws/build/joint_state_broadcaster -- -j12 -l12
[1.674s] [ 15%] Built target joint_state_broadcaster_parameters
[1.700s] [ 30%] Built target gmock_main
[1.702s] [ 53%] Built target gmock
[1.755s] [ 69%] Built target joint_state_broadcaster
[1.827s] [ 84%] Built target test_load_joint_state_broadcaster
[1.845s] [100%] Built target test_joint_state_broadcaster
[1.899s] Invoked command in '/home/rumy/acrome_ws/build/joint_state_broadcaster' returned '0': CMAKE_PREFIX_PATH=${CMAKE_PREFIX_PATH}:/home/rumy/acrome_ws/install/rqt_joint_trajectory_controller:/home/rumy/acrome_ws/install/ros2_controllers_test_nodes:/opt/ros/jazzy DEBUGINFOD_URLS=https://debuginfod.ubuntu.com /usr/bin/cmake --build /home/rumy/acrome_ws/build/joint_state_broadcaster -- -j12 -l12
[1.901s] Invoking command in '/home/rumy/acrome_ws/build/joint_state_broadcaster': CMAKE_PREFIX_PATH=${CMAKE_PREFIX_PATH}:/home/rumy/acrome_ws/install/rqt_joint_trajectory_controller:/home/rumy/acrome_ws/install/ros2_controllers_test_nodes:/opt/ros/jazzy DEBUGINFOD_URLS=https://debuginfod.ubuntu.com /usr/bin/cmake --install /home/rumy/acrome_ws/build/joint_state_broadcaster
[1.945s] -- Install configuration: ""
[1.945s] -- Execute custom install script
[1.946s] -- Up-to-date symlink: /home/rumy/acrome_ws/install/joint_state_broadcaster/include/joint_state_broadcaster/joint_state_broadcaster_parameters.hpp
[1.946s] -- Up-to-date symlink: /home/rumy/acrome_ws/install/joint_state_broadcaster/share/joint_state_broadcaster//joint_state_plugin.xml
[1.946s] -- Up-to-date symlink: /home/rumy/acrome_ws/install/joint_state_broadcaster/include/joint_state_broadcaster/joint_state_broadcaster/joint_state_broadcaster.hpp
[1.946s] -- Up-to-date symlink: /home/rumy/acrome_ws/install/joint_state_broadcaster/share/joint_state_broadcaster/environment/library_path.sh
[1.947s] -- Up-to-date symlink: /home/rumy/acrome_ws/install/joint_state_broadcaster/share/joint_state_broadcaster/environment/library_path.dsv
[1.947s] -- Up-to-date symlink: /home/rumy/acrome_ws/install/joint_state_broadcaster/share/ament_index/resource_index/package_run_dependencies/joint_state_broadcaster
[1.948s] -- Up-to-date symlink: /home/rumy/acrome_ws/install/joint_state_broadcaster/share/ament_index/resource_index/parent_prefix_path/joint_state_broadcaster
[1.948s] -- Up-to-date symlink: /home/rumy/acrome_ws/install/joint_state_broadcaster/share/joint_state_broadcaster/environment/ament_prefix_path.sh
[1.948s] -- Up-to-date symlink: /home/rumy/acrome_ws/install/joint_state_broadcaster/share/joint_state_broadcaster/environment/ament_prefix_path.dsv
[1.948s] -- Up-to-date symlink: /home/rumy/acrome_ws/install/joint_state_broadcaster/share/joint_state_broadcaster/environment/path.sh
[1.948s] -- Up-to-date symlink: /home/rumy/acrome_ws/install/joint_state_broadcaster/share/joint_state_broadcaster/environment/path.dsv
[1.948s] -- Up-to-date symlink: /home/rumy/acrome_ws/install/joint_state_broadcaster/share/joint_state_broadcaster/local_setup.bash
[1.948s] -- Up-to-date symlink: /home/rumy/acrome_ws/install/joint_state_broadcaster/share/joint_state_broadcaster/local_setup.sh
[1.948s] -- Up-to-date symlink: /home/rumy/acrome_ws/install/joint_state_broadcaster/share/joint_state_broadcaster/local_setup.zsh
[1.948s] -- Up-to-date symlink: /home/rumy/acrome_ws/install/joint_state_broadcaster/share/joint_state_broadcaster/local_setup.dsv
[1.948s] -- Symlinking: /home/rumy/acrome_ws/install/joint_state_broadcaster/share/joint_state_broadcaster/package.dsv
[1.949s] -- Up-to-date symlink: /home/rumy/acrome_ws/install/joint_state_broadcaster/share/ament_index/resource_index/packages/joint_state_broadcaster
[1.950s] -- Up-to-date symlink: /home/rumy/acrome_ws/install/joint_state_broadcaster/share/ament_index/resource_index/controller_interface__pluginlib__plugin/joint_state_broadcaster
[1.951s] -- Up-to-date symlink: /home/rumy/acrome_ws/install/joint_state_broadcaster/share/joint_state_broadcaster/cmake/ament_cmake_export_dependencies-extras.cmake
[1.951s] -- Up-to-date symlink: /home/rumy/acrome_ws/install/joint_state_broadcaster/share/joint_state_broadcaster/cmake/ament_cmake_export_targets-extras.cmake
[1.951s] -- Up-to-date symlink: /home/rumy/acrome_ws/install/joint_state_broadcaster/share/joint_state_broadcaster/cmake/joint_state_broadcasterConfig.cmake
[1.951s] -- Up-to-date symlink: /home/rumy/acrome_ws/install/joint_state_broadcaster/share/joint_state_broadcaster/cmake/joint_state_broadcasterConfig-version.cmake
[1.951s] -- Up-to-date symlink: /home/rumy/acrome_ws/install/joint_state_broadcaster/share/joint_state_broadcaster/package.xml
[1.951s] -- Up-to-date: /home/rumy/acrome_ws/install/joint_state_broadcaster/lib/libjoint_state_broadcaster.so
[1.953s] -- Up-to-date: /home/rumy/acrome_ws/install/joint_state_broadcaster/share/joint_state_broadcaster/cmake/export_joint_state_broadcasterExport.cmake
[1.953s] -- Up-to-date: /home/rumy/acrome_ws/install/joint_state_broadcaster/share/joint_state_broadcaster/cmake/export_joint_state_broadcasterExport-noconfig.cmake
[1.995s] Invoked command in '/home/rumy/acrome_ws/build/joint_state_broadcaster' returned '0': CMAKE_PREFIX_PATH=${CMAKE_PREFIX_PATH}:/home/rumy/acrome_ws/install/rqt_joint_trajectory_controller:/home/rumy/acrome_ws/install/ros2_controllers_test_nodes:/opt/ros/jazzy DEBUGINFOD_URLS=https://debuginfod.ubuntu.com /usr/bin/cmake --install /home/rumy/acrome_ws/build/joint_state_broadcaster
