-- Found ros2_control_cmake: 0.2.1 (/opt/ros/jazzy/share/ros2_control_cmake/cmake)
-- Compiler warnings enabled for GNU
-- Detected GCC Version: 13.3.0 (Major: 13, Minor: 3)
-- Found ament_cmake: 2.5.4 (/opt/ros/jazzy/share/ament_cmake/cmake)
-- Override CMake install command with custom implementation using symlinks instead of copying resources
-- Found controller_interface: 4.32.0 (/opt/ros/jazzy/share/controller_interface/cmake)
-- Found rosidl_generator_c: 4.6.5 (/opt/ros/jazzy/share/rosidl_generator_c/cmake)
-- Found rosidl_generator_cpp: 4.6.5 (/opt/ros/jazzy/share/rosidl_generator_cpp/cmake)
-- Using all available rosidl_typesupport_c: rosidl_typesupport_fastrtps_c;rosidl_typesupport_introspection_c
-- Using all available rosidl_typesupport_cpp: rosidl_typesupport_fastrtps_cpp;rosidl_typesupport_introspection_cpp
-- Found TinyXML2 via Config file: /usr/lib/x86_64-linux-gnu/cmake/tinyxml2
-- Found rmw_implementation_cmake: 7.3.2 (/opt/ros/jazzy/share/rmw_implementation_cmake/cmake)
-- Found rmw_fastrtps_cpp: 8.4.2 (/opt/ros/jazzy/share/rmw_fastrtps_cpp/cmake)
-- Found TinyXML2 via Config file: /usr/lib/x86_64-linux-gnu/cmake/tinyxml2
-- Found TinyXML2 via Config file: /usr/lib/x86_64-linux-gnu/cmake/tinyxml2
-- Found TinyXML2 via Config file: /usr/lib/x86_64-linux-gnu/cmake/tinyxml2
-- Found TinyXML2 via Config file: /usr/lib/x86_64-linux-gnu/cmake/tinyxml2
-- Using RMW implementation 'rmw_fastrtps_cpp' as default
-- Found generate_parameter_library: 0.5.0 (/opt/ros/jazzy/share/generate_parameter_library/cmake)
-- Found parameter_traits: 0.5.0 (/opt/ros/jazzy/share/parameter_traits/cmake)
-- Found nav_msgs: 5.3.6 (/opt/ros/jazzy/share/nav_msgs/cmake)
-- Found tf2: 0.36.12 (/opt/ros/jazzy/share/tf2/cmake)
-- Found tf2_msgs: 0.36.12 (/opt/ros/jazzy/share/tf2_msgs/cmake)
-- Found ament_cmake_gmock: 2.5.4 (/opt/ros/jazzy/share/ament_cmake_gmock/cmake)
-- Found controller_manager: 4.32.0 (/opt/ros/jazzy/share/controller_manager/cmake)
-- Found ros2_control_test_assets: 4.32.0 (/opt/ros/jazzy/share/ros2_control_test_assets/cmake)
-- Found gmock sources under '/opt/ros/jazzy/src/gmock_vendor': C++ tests using 'Google Mock' will be built
-- Found ament_cmake_gtest: 2.5.4 (/opt/ros/jazzy/share/ament_cmake_gtest/cmake)
-- Found gtest sources under '/opt/ros/jazzy/src/gtest_vendor': C++ tests using 'Google Test' will be built
-- Found ament_lint_auto: 0.17.2 (/opt/ros/jazzy/share/ament_lint_auto/cmake)
-- Configuring done (1.5s)
-- Generating done (0.1s)
-- Build files have been written to: /home/rumy/acrome_ws/build/omni_wheel_drive_controller
[ 14%] Built target gmock_main
[ 28%] Built target omni_wheel_drive_controller_parameters
[ 50%] Built target gmock
[ 71%] Built target omni_wheel_drive_controller
[ 85%] Built target test_load_omni_wheel_drive_controller
[100%] Built target test_omni_wheel_drive_controller
-- Install configuration: ""
-- Execute custom install script
-- Symlinking: /home/rumy/acrome_ws/install/omni_wheel_drive_controller/include/omni_wheel_drive_controller/omni_wheel_drive_controller_parameters.hpp
-- Symlinking: /home/rumy/acrome_ws/install/omni_wheel_drive_controller/share/omni_wheel_drive_controller//omni_wheel_drive_plugin.xml
-- Symlinking: /home/rumy/acrome_ws/install/omni_wheel_drive_controller/include/omni_wheel_drive_controller//omni_wheel_drive_controller/odometry.hpp
-- Symlinking: /home/rumy/acrome_ws/install/omni_wheel_drive_controller/include/omni_wheel_drive_controller//omni_wheel_drive_controller/omni_wheel_drive_controller.hpp
-- Symlinking: /home/rumy/acrome_ws/install/omni_wheel_drive_controller/share/omni_wheel_drive_controller/environment/library_path.sh
-- Symlinking: /home/rumy/acrome_ws/install/omni_wheel_drive_controller/share/omni_wheel_drive_controller/environment/library_path.dsv
-- Symlinking: /home/rumy/acrome_ws/install/omni_wheel_drive_controller/share/ament_index/resource_index/package_run_dependencies/omni_wheel_drive_controller
-- Symlinking: /home/rumy/acrome_ws/install/omni_wheel_drive_controller/share/ament_index/resource_index/parent_prefix_path/omni_wheel_drive_controller
-- Symlinking: /home/rumy/acrome_ws/install/omni_wheel_drive_controller/share/omni_wheel_drive_controller/environment/ament_prefix_path.sh
-- Symlinking: /home/rumy/acrome_ws/install/omni_wheel_drive_controller/share/omni_wheel_drive_controller/environment/ament_prefix_path.dsv
-- Symlinking: /home/rumy/acrome_ws/install/omni_wheel_drive_controller/share/omni_wheel_drive_controller/environment/path.sh
-- Symlinking: /home/rumy/acrome_ws/install/omni_wheel_drive_controller/share/omni_wheel_drive_controller/environment/path.dsv
-- Symlinking: /home/rumy/acrome_ws/install/omni_wheel_drive_controller/share/omni_wheel_drive_controller/local_setup.bash
-- Symlinking: /home/rumy/acrome_ws/install/omni_wheel_drive_controller/share/omni_wheel_drive_controller/local_setup.sh
-- Symlinking: /home/rumy/acrome_ws/install/omni_wheel_drive_controller/share/omni_wheel_drive_controller/local_setup.zsh
-- Symlinking: /home/rumy/acrome_ws/install/omni_wheel_drive_controller/share/omni_wheel_drive_controller/local_setup.dsv
-- Symlinking: /home/rumy/acrome_ws/install/omni_wheel_drive_controller/share/omni_wheel_drive_controller/package.dsv
-- Symlinking: /home/rumy/acrome_ws/install/omni_wheel_drive_controller/share/ament_index/resource_index/packages/omni_wheel_drive_controller
-- Symlinking: /home/rumy/acrome_ws/install/omni_wheel_drive_controller/share/ament_index/resource_index/controller_interface__pluginlib__plugin/omni_wheel_drive_controller
-- Symlinking: /home/rumy/acrome_ws/install/omni_wheel_drive_controller/share/omni_wheel_drive_controller/cmake/ament_cmake_export_dependencies-extras.cmake
-- Symlinking: /home/rumy/acrome_ws/install/omni_wheel_drive_controller/share/omni_wheel_drive_controller/cmake/ament_cmake_export_targets-extras.cmake
-- Symlinking: /home/rumy/acrome_ws/install/omni_wheel_drive_controller/share/omni_wheel_drive_controller/cmake/omni_wheel_drive_controllerConfig.cmake
-- Symlinking: /home/rumy/acrome_ws/install/omni_wheel_drive_controller/share/omni_wheel_drive_controller/cmake/omni_wheel_drive_controllerConfig-version.cmake
-- Symlinking: /home/rumy/acrome_ws/install/omni_wheel_drive_controller/share/omni_wheel_drive_controller/package.xml
-- Installing: /home/rumy/acrome_ws/install/omni_wheel_drive_controller/lib/libomni_wheel_drive_controller.so
-- Set non-toolchain portion of runtime path of "/home/rumy/acrome_ws/install/omni_wheel_drive_controller/lib/libomni_wheel_drive_controller.so" to ""
-- Installing: /home/rumy/acrome_ws/install/omni_wheel_drive_controller/share/omni_wheel_drive_controller/cmake/export_omni_wheel_drive_controllerExport.cmake
-- Installing: /home/rumy/acrome_ws/install/omni_wheel_drive_controller/share/omni_wheel_drive_controller/cmake/export_omni_wheel_drive_controllerExport-noconfig.cmake
