[0.116s] Invoking command in '/home/rumy/acrome_ws/build/omni_wheel_drive_controller': CMAKE_PREFIX_PATH=${CMAKE_PREFIX_PATH}:/home/rumy/acrome_ws/install/rqt_joint_trajectory_controller:/home/rumy/acrome_ws/install/ros2_controllers_test_nodes:/opt/ros/jazzy DEBUGINFOD_URLS=https://debuginfod.ubuntu.com /usr/bin/cmake --build /home/rumy/acrome_ws/build/omni_wheel_drive_controller -- -j12 -l12
[0.182s] -- Found ros2_control_cmake: 0.2.1 (/opt/ros/jazzy/share/ros2_control_cmake/cmake)
[0.183s] -- Compiler warnings enabled for GNU
[0.183s] -- Detected GCC Version: 13.3.0 (Major: 13, Minor: 3)
[0.183s] -- Found ament_cmake: 2.5.4 (/opt/ros/jazzy/share/ament_cmake/cmake)
[0.621s] -- Override CMake install command with custom implementation using symlinks instead of copying resources
[0.639s] -- Found controller_interface: 4.32.0 (/opt/ros/jazzy/share/controller_interface/cmake)
[0.718s] -- Found rosidl_generator_c: 4.6.5 (/opt/ros/jazzy/share/rosidl_generator_c/cmake)
[0.748s] -- Found rosidl_generator_cpp: 4.6.5 (/opt/ros/jazzy/share/rosidl_generator_cpp/cmake)
[0.766s] -- Using all available rosidl_typesupport_c: rosidl_typesupport_fastrtps_c;rosidl_typesupport_introspection_c
[0.794s] -- Using all available rosidl_typesupport_cpp: rosidl_typesupport_fastrtps_cpp;rosidl_typesupport_introspection_cpp
[1.233s] -- Found TinyXML2 via Config file: /usr/lib/x86_64-linux-gnu/cmake/tinyxml2
[1.311s] -- Found rmw_implementation_cmake: 7.3.2 (/opt/ros/jazzy/share/rmw_implementation_cmake/cmake)
[1.314s] -- Found rmw_fastrtps_cpp: 8.4.2 (/opt/ros/jazzy/share/rmw_fastrtps_cpp/cmake)
[1.344s] -- Found TinyXML2 via Config file: /usr/lib/x86_64-linux-gnu/cmake/tinyxml2
[1.362s] -- Found TinyXML2 via Config file: /usr/lib/x86_64-linux-gnu/cmake/tinyxml2
[1.396s] -- Found TinyXML2 via Config file: /usr/lib/x86_64-linux-gnu/cmake/tinyxml2
[1.410s] -- Found TinyXML2 via Config file: /usr/lib/x86_64-linux-gnu/cmake/tinyxml2
[1.427s] -- Using RMW implementation 'rmw_fastrtps_cpp' as default
[1.752s] -- Found generate_parameter_library: 0.5.0 (/opt/ros/jazzy/share/generate_parameter_library/cmake)
[1.755s] -- Found parameter_traits: 0.5.0 (/opt/ros/jazzy/share/parameter_traits/cmake)
[1.769s] -- Found nav_msgs: 5.3.6 (/opt/ros/jazzy/share/nav_msgs/cmake)
[1.842s] -- Found tf2: 0.36.12 (/opt/ros/jazzy/share/tf2/cmake)
[1.858s] -- Found tf2_msgs: 0.36.12 (/opt/ros/jazzy/share/tf2_msgs/cmake)
[1.898s] -- Found ament_cmake_gmock: 2.5.4 (/opt/ros/jazzy/share/ament_cmake_gmock/cmake)
[1.899s] -- Found controller_manager: 4.32.0 (/opt/ros/jazzy/share/controller_manager/cmake)
[2.012s] -- Found ros2_control_test_assets: 4.32.0 (/opt/ros/jazzy/share/ros2_control_test_assets/cmake)
[2.013s] -- Found gmock sources under '/opt/ros/jazzy/src/gmock_vendor': C++ tests using 'Google Mock' will be built
[2.017s] -- Found ament_cmake_gtest: 2.5.4 (/opt/ros/jazzy/share/ament_cmake_gtest/cmake)
[2.018s] -- Found gtest sources under '/opt/ros/jazzy/src/gtest_vendor': C++ tests using 'Google Test' will be built
[2.027s] -- Found ament_lint_auto: 0.17.2 (/opt/ros/jazzy/share/ament_lint_auto/cmake)
[2.224s] -- Configuring done (2.1s)
[2.387s] -- Generating done (0.1s)
[2.414s] -- Build files have been written to: /home/rumy/acrome_ws/build/omni_wheel_drive_controller
[2.554s] [  7%] [34m[1mRunning `/opt/ros/jazzy/bin/generate_parameter_library_cpp /home/rumy/acrome_ws/build/omni_wheel_drive_controller/include/omni_wheel_drive_controller/omni_wheel_drive_controller_parameters.hpp /home/rumy/acrome_ws/src/ros2_controllers/omni_wheel_drive_controller/src/omni_wheel_drive_controller_parameters.yaml `[0m
[2.584s] [ 21%] Built target gmock_main
[2.597s] [ 42%] Built target gmock
[2.685s] [ 50%] [32mBuilding CXX object CMakeFiles/test_load_omni_wheel_drive_controller.dir/test/test_load_omni_wheel_drive_controller.cpp.o[0m
[5.153s] [ 57%] [34m[1mCreating deprecated header file /home/rumy/acrome_ws/build/omni_wheel_drive_controller/include/omni_wheel_drive_controller_parameters.hpp[0m
[5.216s] [ 57%] Built target omni_wheel_drive_controller_parameters
[5.339s] [ 71%] [32mBuilding CXX object CMakeFiles/omni_wheel_drive_controller.dir/src/omni_wheel_drive_controller.cpp.o[0m
[5.339s] [ 71%] [32mBuilding CXX object CMakeFiles/omni_wheel_drive_controller.dir/src/odometry.cpp.o[0m
[16.692s] [ 78%] [32m[1mLinking CXX executable test_load_omni_wheel_drive_controller[0m
[17.513s] [ 78%] Built target test_load_omni_wheel_drive_controller
[33.614s] [ 85%] [32m[1mLinking CXX shared library libomni_wheel_drive_controller.so[0m
[35.974s] [ 85%] Built target omni_wheel_drive_controller
[36.011s] [ 92%] [32mBuilding CXX object CMakeFiles/test_omni_wheel_drive_controller.dir/test/test_omni_wheel_drive_controller.cpp.o[0m
[42.330s] [100%] [32m[1mLinking CXX executable test_omni_wheel_drive_controller[0m
[42.978s] [100%] Built target test_omni_wheel_drive_controller
