-- Install configuration: ""
-- Up-to-date: /home/rumy/acrome_ws/install/acrome_mini_robot/share/acrome_mini_robot/launch
-- Up-to-date: /home/rumy/acrome_ws/install/acrome_mini_robot/share/acrome_mini_robot/launch/gazebo.launch
-- Up-to-date: /home/rumy/acrome_ws/install/acrome_mini_robot/share/acrome_mini_robot/launch/display.launch
-- Up-to-date: /home/rumy/acrome_ws/install/acrome_mini_robot/share/acrome_mini_robot/launch/gazebo_launch.py
-- Up-to-date: /home/rumy/acrome_ws/install/acrome_mini_robot/share/acrome_mini_robot/urdf
-- Up-to-date: /home/rumy/acrome_ws/install/acrome_mini_robot/share/acrome_mini_robot/urdf/AcromeMiniRobot.urdf
-- Up-to-date: /home/rumy/acrome_ws/install/acrome_mini_robot/share/acrome_mini_robot/urdf/AcromeMiniRobot.csv
-- Up-to-date: /home/rumy/acrome_ws/install/acrome_mini_robot/share/acrome_mini_robot/urdf/base_link.STL
-- Up-to-date: /home/rumy/acrome_ws/install/acrome_mini_robot/share/acrome_mini_robot/urdf/left_wheel.STL
-- Up-to-date: /home/rumy/acrome_ws/install/acrome_mini_robot/share/acrome_mini_robot/urdf/right_wheel.STL
-- Up-to-date: /home/rumy/acrome_ws/install/acrome_mini_robot/share/acrome_mini_robot/meshes
-- Up-to-date: /home/rumy/acrome_ws/install/acrome_mini_robot/share/acrome_mini_robot/meshes/base_link.STL
-- Up-to-date: /home/rumy/acrome_ws/install/acrome_mini_robot/share/acrome_mini_robot/meshes/left_wheel.STL
-- Up-to-date: /home/rumy/acrome_ws/install/acrome_mini_robot/share/acrome_mini_robot/meshes/right_wheel.STL
-- Up-to-date: /home/rumy/acrome_ws/install/acrome_mini_robot/share/ament_index/resource_index/package_run_dependencies/acrome_mini_robot
-- Up-to-date: /home/rumy/acrome_ws/install/acrome_mini_robot/share/ament_index/resource_index/parent_prefix_path/acrome_mini_robot
-- Up-to-date: /home/rumy/acrome_ws/install/acrome_mini_robot/share/acrome_mini_robot/environment/ament_prefix_path.sh
-- Up-to-date: /home/rumy/acrome_ws/install/acrome_mini_robot/share/acrome_mini_robot/environment/ament_prefix_path.dsv
-- Up-to-date: /home/rumy/acrome_ws/install/acrome_mini_robot/share/acrome_mini_robot/environment/path.sh
-- Up-to-date: /home/rumy/acrome_ws/install/acrome_mini_robot/share/acrome_mini_robot/environment/path.dsv
-- Up-to-date: /home/rumy/acrome_ws/install/acrome_mini_robot/share/acrome_mini_robot/local_setup.bash
-- Up-to-date: /home/rumy/acrome_ws/install/acrome_mini_robot/share/acrome_mini_robot/local_setup.sh
-- Up-to-date: /home/rumy/acrome_ws/install/acrome_mini_robot/share/acrome_mini_robot/local_setup.zsh
-- Up-to-date: /home/rumy/acrome_ws/install/acrome_mini_robot/share/acrome_mini_robot/local_setup.dsv
-- Up-to-date: /home/rumy/acrome_ws/install/acrome_mini_robot/share/acrome_mini_robot/package.dsv
-- Up-to-date: /home/rumy/acrome_ws/install/acrome_mini_robot/share/ament_index/resource_index/packages/acrome_mini_robot
-- Up-to-date: /home/rumy/acrome_ws/install/acrome_mini_robot/share/acrome_mini_robot/cmake/acrome_mini_robotConfig.cmake
-- Up-to-date: /home/rumy/acrome_ws/install/acrome_mini_robot/share/acrome_mini_robot/cmake/acrome_mini_robotConfig-version.cmake
-- Up-to-date: /home/rumy/acrome_ws/install/acrome_mini_robot/share/acrome_mini_robot/package.xml
