[0.014s] Invoking command in '/home/rumy/acrome_ws/build/acrome_mini_robot': CMAKE_PREFIX_PATH=${CMAKE_PREFIX_PATH}:/opt/ros/jazzy DEBUGINFOD_URLS=https://debuginfod.ubuntu.com /usr/bin/cmake --build /home/rumy/acrome_ws/build/acrome_mini_robot -- -j12 -l12
[0.062s] Invoked command in '/home/rumy/acrome_ws/build/acrome_mini_robot' returned '0': CMAKE_PREFIX_PATH=${CMAKE_PREFIX_PATH}:/opt/ros/jazzy DEBUGINFOD_URLS=https://debuginfod.ubuntu.com /usr/bin/cmake --build /home/rumy/acrome_ws/build/acrome_mini_robot -- -j12 -l12
[0.074s] Invoking command in '/home/rumy/acrome_ws/build/acrome_mini_robot': CMAKE_PREFIX_PATH=${CMAKE_PREFIX_PATH}:/opt/ros/jazzy DEBUGINFOD_URLS=https://debuginfod.ubuntu.com /usr/bin/cmake --install /home/rumy/acrome_ws/build/acrome_mini_robot
[0.083s] -- Install configuration: ""
[0.083s] -- Up-to-date: /home/rumy/acrome_ws/install/acrome_mini_robot/share/acrome_mini_robot/launch
[0.084s] -- Up-to-date: /home/rumy/acrome_ws/install/acrome_mini_robot/share/acrome_mini_robot/launch/gazebo.launch
[0.084s] -- Up-to-date: /home/rumy/acrome_ws/install/acrome_mini_robot/share/acrome_mini_robot/launch/display.launch
[0.084s] -- Up-to-date: /home/rumy/acrome_ws/install/acrome_mini_robot/share/acrome_mini_robot/launch/gazebo_launch.py
[0.084s] -- Up-to-date: /home/rumy/acrome_ws/install/acrome_mini_robot/share/acrome_mini_robot/urdf
[0.084s] -- Up-to-date: /home/rumy/acrome_ws/install/acrome_mini_robot/share/acrome_mini_robot/urdf/AcromeMiniRobot.urdf
[0.084s] -- Up-to-date: /home/rumy/acrome_ws/install/acrome_mini_robot/share/acrome_mini_robot/urdf/AcromeMiniRobot.csv
[0.084s] -- Up-to-date: /home/rumy/acrome_ws/install/acrome_mini_robot/share/acrome_mini_robot/urdf/base_link.STL
[0.084s] -- Up-to-date: /home/rumy/acrome_ws/install/acrome_mini_robot/share/acrome_mini_robot/urdf/left_wheel.STL
[0.084s] -- Up-to-date: /home/rumy/acrome_ws/install/acrome_mini_robot/share/acrome_mini_robot/urdf/right_wheel.STL
[0.085s] -- Up-to-date: /home/rumy/acrome_ws/install/acrome_mini_robot/share/acrome_mini_robot/meshes
[0.085s] -- Up-to-date: /home/rumy/acrome_ws/install/acrome_mini_robot/share/acrome_mini_robot/meshes/base_link.STL
[0.085s] -- Up-to-date: /home/rumy/acrome_ws/install/acrome_mini_robot/share/acrome_mini_robot/meshes/left_wheel.STL
[0.085s] -- Up-to-date: /home/rumy/acrome_ws/install/acrome_mini_robot/share/acrome_mini_robot/meshes/right_wheel.STL
[0.085s] -- Up-to-date: /home/rumy/acrome_ws/install/acrome_mini_robot/share/ament_index/resource_index/package_run_dependencies/acrome_mini_robot
[0.085s] -- Up-to-date: /home/rumy/acrome_ws/install/acrome_mini_robot/share/ament_index/resource_index/parent_prefix_path/acrome_mini_robot
[0.085s] -- Up-to-date: /home/rumy/acrome_ws/install/acrome_mini_robot/share/acrome_mini_robot/environment/ament_prefix_path.sh
[0.085s] -- Up-to-date: /home/rumy/acrome_ws/install/acrome_mini_robot/share/acrome_mini_robot/environment/ament_prefix_path.dsv
[0.085s] -- Up-to-date: /home/rumy/acrome_ws/install/acrome_mini_robot/share/acrome_mini_robot/environment/path.sh
[0.085s] -- Up-to-date: /home/rumy/acrome_ws/install/acrome_mini_robot/share/acrome_mini_robot/environment/path.dsv
[0.085s] -- Up-to-date: /home/rumy/acrome_ws/install/acrome_mini_robot/share/acrome_mini_robot/local_setup.bash
[0.085s] -- Up-to-date: /home/rumy/acrome_ws/install/acrome_mini_robot/share/acrome_mini_robot/local_setup.sh
[0.085s] -- Up-to-date: /home/rumy/acrome_ws/install/acrome_mini_robot/share/acrome_mini_robot/local_setup.zsh
[0.085s] -- Up-to-date: /home/rumy/acrome_ws/install/acrome_mini_robot/share/acrome_mini_robot/local_setup.dsv
[0.086s] -- Up-to-date: /home/rumy/acrome_ws/install/acrome_mini_robot/share/acrome_mini_robot/package.dsv
[0.086s] -- Up-to-date: /home/rumy/acrome_ws/install/acrome_mini_robot/share/ament_index/resource_index/packages/acrome_mini_robot
[0.086s] -- Up-to-date: /home/rumy/acrome_ws/install/acrome_mini_robot/share/acrome_mini_robot/cmake/acrome_mini_robotConfig.cmake
[0.086s] -- Up-to-date: /home/rumy/acrome_ws/install/acrome_mini_robot/share/acrome_mini_robot/cmake/acrome_mini_robotConfig-version.cmake
[0.086s] -- Up-to-date: /home/rumy/acrome_ws/install/acrome_mini_robot/share/acrome_mini_robot/package.xml
[0.087s] Invoked command in '/home/rumy/acrome_ws/build/acrome_mini_robot' returned '0': CMAKE_PREFIX_PATH=${CMAKE_PREFIX_PATH}:/opt/ros/jazzy DEBUGINFOD_URLS=https://debuginfod.ubuntu.com /usr/bin/cmake --install /home/rumy/acrome_ws/build/acrome_mini_robot
