[0.061s] Invoking command in '/home/rumy/acrome_ws/build/force_torque_sensor_broadcaster': CMAKE_PREFIX_PATH=${CMAKE_PREFIX_PATH}:/home/rumy/acrome_ws/install/rqt_joint_trajectory_controller:/home/rumy/acrome_ws/install/ros2_controllers_test_nodes:/opt/ros/jazzy DEBUGINFOD_URLS=https://debuginfod.ubuntu.com /usr/bin/cmake --build /home/rumy/acrome_ws/build/force_torque_sensor_broadcaster -- -j12 -l12
[0.215s] [ 15%] Built target force_torque_sensor_broadcaster_parameters
[0.217s] [ 30%] Built target gmock_main
[0.248s] [ 53%] Built target gmock
[0.300s] [ 69%] Built target force_torque_sensor_broadcaster
[0.405s] [ 84%] Built target test_force_torque_sensor_broadcaster
[0.420s] [100%] Built target test_load_force_torque_sensor_broadcaster
[0.463s] Invoked command in '/home/rumy/acrome_ws/build/force_torque_sensor_broadcaster' returned '0': CMAKE_PREFIX_PATH=${CMAKE_PREFIX_PATH}:/home/rumy/acrome_ws/install/rqt_joint_trajectory_controller:/home/rumy/acrome_ws/install/ros2_controllers_test_nodes:/opt/ros/jazzy DEBUGINFOD_URLS=https://debuginfod.ubuntu.com /usr/bin/cmake --build /home/rumy/acrome_ws/build/force_torque_sensor_broadcaster -- -j12 -l12
[0.465s] Invoking command in '/home/rumy/acrome_ws/build/force_torque_sensor_broadcaster': CMAKE_PREFIX_PATH=${CMAKE_PREFIX_PATH}:/home/rumy/acrome_ws/install/rqt_joint_trajectory_controller:/home/rumy/acrome_ws/install/ros2_controllers_test_nodes:/opt/ros/jazzy DEBUGINFOD_URLS=https://debuginfod.ubuntu.com /usr/bin/cmake --install /home/rumy/acrome_ws/build/force_torque_sensor_broadcaster
[0.479s] -- Install configuration: ""
[0.479s] -- Execute custom install script
[0.482s] -- Up-to-date symlink: /home/rumy/acrome_ws/install/force_torque_sensor_broadcaster/include/force_torque_sensor_broadcaster/force_torque_sensor_broadcaster_parameters.hpp
[0.482s] -- Up-to-date symlink: /home/rumy/acrome_ws/install/force_torque_sensor_broadcaster/share/force_torque_sensor_broadcaster//force_torque_sensor_broadcaster.xml
[0.482s] -- Up-to-date symlink: /home/rumy/acrome_ws/install/force_torque_sensor_broadcaster/include/force_torque_sensor_broadcaster/force_torque_sensor_broadcaster/force_torque_sensor_broadcaster.hpp
[0.482s] -- Up-to-date symlink: /home/rumy/acrome_ws/install/force_torque_sensor_broadcaster/share/force_torque_sensor_broadcaster/environment/library_path.sh
[0.482s] -- Up-to-date symlink: /home/rumy/acrome_ws/install/force_torque_sensor_broadcaster/share/force_torque_sensor_broadcaster/environment/library_path.dsv
[0.482s] -- Up-to-date symlink: /home/rumy/acrome_ws/install/force_torque_sensor_broadcaster/share/ament_index/resource_index/package_run_dependencies/force_torque_sensor_broadcaster
[0.482s] -- Up-to-date symlink: /home/rumy/acrome_ws/install/force_torque_sensor_broadcaster/share/ament_index/resource_index/parent_prefix_path/force_torque_sensor_broadcaster
[0.482s] -- Up-to-date symlink: /home/rumy/acrome_ws/install/force_torque_sensor_broadcaster/share/force_torque_sensor_broadcaster/environment/ament_prefix_path.sh
[0.483s] -- Up-to-date symlink: /home/rumy/acrome_ws/install/force_torque_sensor_broadcaster/share/force_torque_sensor_broadcaster/environment/ament_prefix_path.dsv
[0.483s] -- Up-to-date symlink: /home/rumy/acrome_ws/install/force_torque_sensor_broadcaster/share/force_torque_sensor_broadcaster/environment/path.sh
[0.483s] -- Up-to-date symlink: /home/rumy/acrome_ws/install/force_torque_sensor_broadcaster/share/force_torque_sensor_broadcaster/environment/path.dsv
[0.483s] -- Up-to-date symlink: /home/rumy/acrome_ws/install/force_torque_sensor_broadcaster/share/force_torque_sensor_broadcaster/local_setup.bash
[0.484s] -- Up-to-date symlink: /home/rumy/acrome_ws/install/force_torque_sensor_broadcaster/share/force_torque_sensor_broadcaster/local_setup.sh
[0.484s] -- Up-to-date symlink: /home/rumy/acrome_ws/install/force_torque_sensor_broadcaster/share/force_torque_sensor_broadcaster/local_setup.zsh
[0.484s] -- Up-to-date symlink: /home/rumy/acrome_ws/install/force_torque_sensor_broadcaster/share/force_torque_sensor_broadcaster/local_setup.dsv
[0.484s] -- Symlinking: /home/rumy/acrome_ws/install/force_torque_sensor_broadcaster/share/force_torque_sensor_broadcaster/package.dsv
[0.490s] -- Up-to-date symlink: /home/rumy/acrome_ws/install/force_torque_sensor_broadcaster/share/ament_index/resource_index/packages/force_torque_sensor_broadcaster
[0.491s] -- Up-to-date symlink: /home/rumy/acrome_ws/install/force_torque_sensor_broadcaster/share/ament_index/resource_index/controller_interface__pluginlib__plugin/force_torque_sensor_broadcaster
[0.491s] -- Up-to-date symlink: /home/rumy/acrome_ws/install/force_torque_sensor_broadcaster/share/force_torque_sensor_broadcaster/cmake/ament_cmake_export_dependencies-extras.cmake
[0.491s] -- Up-to-date symlink: /home/rumy/acrome_ws/install/force_torque_sensor_broadcaster/share/force_torque_sensor_broadcaster/cmake/ament_cmake_export_targets-extras.cmake
[0.492s] -- Up-to-date symlink: /home/rumy/acrome_ws/install/force_torque_sensor_broadcaster/share/force_torque_sensor_broadcaster/cmake/force_torque_sensor_broadcasterConfig.cmake
[0.492s] -- Up-to-date symlink: /home/rumy/acrome_ws/install/force_torque_sensor_broadcaster/share/force_torque_sensor_broadcaster/cmake/force_torque_sensor_broadcasterConfig-version.cmake
[0.493s] -- Up-to-date symlink: /home/rumy/acrome_ws/install/force_torque_sensor_broadcaster/share/force_torque_sensor_broadcaster/package.xml
[0.494s] -- Up-to-date: /home/rumy/acrome_ws/install/force_torque_sensor_broadcaster/lib/libforce_torque_sensor_broadcaster.so
[0.494s] -- Up-to-date: /home/rumy/acrome_ws/install/force_torque_sensor_broadcaster/share/force_torque_sensor_broadcaster/cmake/export_force_torque_sensor_broadcasterExport.cmake
[0.494s] -- Up-to-date: /home/rumy/acrome_ws/install/force_torque_sensor_broadcaster/share/force_torque_sensor_broadcaster/cmake/export_force_torque_sensor_broadcasterExport-noconfig.cmake
[0.584s] Invoked command in '/home/rumy/acrome_ws/build/force_torque_sensor_broadcaster' returned '0': CMAKE_PREFIX_PATH=${CMAKE_PREFIX_PATH}:/home/rumy/acrome_ws/install/rqt_joint_trajectory_controller:/home/rumy/acrome_ws/install/ros2_controllers_test_nodes:/opt/ros/jazzy DEBUGINFOD_URLS=https://debuginfod.ubuntu.com /usr/bin/cmake --install /home/rumy/acrome_ws/build/force_torque_sensor_broadcaster
