[0.114s] Invoking command in '/home/rumy/acrome_ws/build/range_sensor_broadcaster': CMAKE_PREFIX_PATH=${CMAKE_PREFIX_PATH}:/opt/ros/jazzy DEBUGINFOD_URLS=https://debuginfod.ubuntu.com /usr/bin/cmake /home/rumy/acrome_ws/src/ros2_controllers/range_sensor_broadcaster -DAMENT_CMAKE_SYMLINK_INSTALL=1 -DCMAKE_INSTALL_PREFIX=/home/rumy/acrome_ws/install/range_sensor_broadcaster
[0.139s] -- Found ros2_control_cmake: 0.2.1 (/opt/ros/jazzy/share/ros2_control_cmake/cmake)
[0.139s] -- Compiler warnings enabled for GNU
[0.139s] -- Detected GCC Version: 13.3.0 (Major: 13, Minor: 3)
[0.139s] -- Found ament_cmake: 2.5.4 (/opt/ros/jazzy/share/ament_cmake/cmake)
[0.440s] -- Override CMake install command with custom implementation using symlinks instead of copying resources
[0.449s] -- Found controller_interface: 4.32.0 (/opt/ros/jazzy/share/controller_interface/cmake)
[0.496s] -- Found rosidl_generator_c: 4.6.5 (/opt/ros/jazzy/share/rosidl_generator_c/cmake)
[0.510s] -- Found rosidl_generator_cpp: 4.6.5 (/opt/ros/jazzy/share/rosidl_generator_cpp/cmake)
[0.530s] -- Using all available rosidl_typesupport_c: rosidl_typesupport_fastrtps_c;rosidl_typesupport_introspection_c
[0.550s] -- Using all available rosidl_typesupport_cpp: rosidl_typesupport_fastrtps_cpp;rosidl_typesupport_introspection_cpp
[0.851s] -- Found TinyXML2 via Config file: /usr/lib/x86_64-linux-gnu/cmake/tinyxml2
[0.906s] -- Found rmw_implementation_cmake: 7.3.2 (/opt/ros/jazzy/share/rmw_implementation_cmake/cmake)
[0.909s] -- Found rmw_fastrtps_cpp: 8.4.2 (/opt/ros/jazzy/share/rmw_fastrtps_cpp/cmake)
[0.938s] -- Found TinyXML2 via Config file: /usr/lib/x86_64-linux-gnu/cmake/tinyxml2
[0.951s] -- Found TinyXML2 via Config file: /usr/lib/x86_64-linux-gnu/cmake/tinyxml2
[0.983s] -- Found TinyXML2 via Config file: /usr/lib/x86_64-linux-gnu/cmake/tinyxml2
[0.995s] -- Found TinyXML2 via Config file: /usr/lib/x86_64-linux-gnu/cmake/tinyxml2
[1.023s] -- Using RMW implementation 'rmw_fastrtps_cpp' as default
[1.248s] -- Found generate_parameter_library: 0.5.0 (/opt/ros/jazzy/share/generate_parameter_library/cmake)
[1.248s] -- Found parameter_traits: 0.5.0 (/opt/ros/jazzy/share/parameter_traits/cmake)
[1.261s] -- Found ament_cmake_gmock: 2.5.4 (/opt/ros/jazzy/share/ament_cmake_gmock/cmake)
[1.261s] -- Found controller_manager: 4.32.0 (/opt/ros/jazzy/share/controller_manager/cmake)
[1.374s] -- Found ros2_control_test_assets: 4.32.0 (/opt/ros/jazzy/share/ros2_control_test_assets/cmake)
[1.375s] -- Found gmock sources under '/opt/ros/jazzy/src/gmock_vendor': C++ tests using 'Google Mock' will be built
[1.378s] -- Found ament_cmake_gtest: 2.5.4 (/opt/ros/jazzy/share/ament_cmake_gtest/cmake)
[1.379s] -- Found gtest sources under '/opt/ros/jazzy/src/gtest_vendor': C++ tests using 'Google Test' will be built
[1.520s] -- Configuring done (1.4s)
[1.600s] -- Generating done (0.1s)
[1.619s] -- Build files have been written to: /home/rumy/acrome_ws/build/range_sensor_broadcaster
[1.661s] Invoked command in '/home/rumy/acrome_ws/build/range_sensor_broadcaster' returned '0': CMAKE_PREFIX_PATH=${CMAKE_PREFIX_PATH}:/opt/ros/jazzy DEBUGINFOD_URLS=https://debuginfod.ubuntu.com /usr/bin/cmake /home/rumy/acrome_ws/src/ros2_controllers/range_sensor_broadcaster -DAMENT_CMAKE_SYMLINK_INSTALL=1 -DCMAKE_INSTALL_PREFIX=/home/rumy/acrome_ws/install/range_sensor_broadcaster
[1.661s] Invoking command in '/home/rumy/acrome_ws/build/range_sensor_broadcaster': CMAKE_PREFIX_PATH=${CMAKE_PREFIX_PATH}:/opt/ros/jazzy DEBUGINFOD_URLS=https://debuginfod.ubuntu.com /usr/bin/cmake --build /home/rumy/acrome_ws/build/range_sensor_broadcaster -- -j12 -l12
[1.872s] [ 15%] Built target range_sensor_broadcaster_parameters
[1.872s] [ 30%] Built target gmock_main
[1.872s] [ 53%] Built target gmock
[1.872s] [ 69%] Built target range_sensor_broadcaster
[1.903s] [ 84%] Built target test_load_range_sensor_broadcaster
[1.908s] [100%] Built target test_range_sensor_broadcaster
[1.934s] Invoked command in '/home/rumy/acrome_ws/build/range_sensor_broadcaster' returned '0': CMAKE_PREFIX_PATH=${CMAKE_PREFIX_PATH}:/opt/ros/jazzy DEBUGINFOD_URLS=https://debuginfod.ubuntu.com /usr/bin/cmake --build /home/rumy/acrome_ws/build/range_sensor_broadcaster -- -j12 -l12
[1.934s] Invoking command in '/home/rumy/acrome_ws/build/range_sensor_broadcaster': CMAKE_PREFIX_PATH=${CMAKE_PREFIX_PATH}:/opt/ros/jazzy DEBUGINFOD_URLS=https://debuginfod.ubuntu.com /usr/bin/cmake --install /home/rumy/acrome_ws/build/range_sensor_broadcaster
[2.128s] -- Install configuration: ""
[2.128s] -- Execute custom install script
[2.128s] -- Symlinking: /home/rumy/acrome_ws/install/range_sensor_broadcaster/include/range_sensor_broadcaster/range_sensor_broadcaster_parameters.hpp
[2.128s] -- Symlinking: /home/rumy/acrome_ws/install/range_sensor_broadcaster/share/range_sensor_broadcaster//range_sensor_broadcaster.xml
[2.128s] -- Symlinking: /home/rumy/acrome_ws/install/range_sensor_broadcaster/include/range_sensor_broadcaster/range_sensor_broadcaster.hpp
[2.128s] -- Symlinking: /home/rumy/acrome_ws/install/range_sensor_broadcaster/share/range_sensor_broadcaster/environment/library_path.sh
[2.128s] -- Symlinking: /home/rumy/acrome_ws/install/range_sensor_broadcaster/share/range_sensor_broadcaster/environment/library_path.dsv
[2.128s] -- Symlinking: /home/rumy/acrome_ws/install/range_sensor_broadcaster/share/ament_index/resource_index/package_run_dependencies/range_sensor_broadcaster
[2.129s] -- Symlinking: /home/rumy/acrome_ws/install/range_sensor_broadcaster/share/ament_index/resource_index/parent_prefix_path/range_sensor_broadcaster
[2.129s] -- Symlinking: /home/rumy/acrome_ws/install/range_sensor_broadcaster/share/range_sensor_broadcaster/environment/ament_prefix_path.sh
[2.133s] -- Symlinking: /home/rumy/acrome_ws/install/range_sensor_broadcaster/share/range_sensor_broadcaster/environment/ament_prefix_path.dsv
[2.142s] -- Symlinking: /home/rumy/acrome_ws/install/range_sensor_broadcaster/share/range_sensor_broadcaster/environment/path.sh
[2.169s] -- Symlinking: /home/rumy/acrome_ws/install/range_sensor_broadcaster/share/range_sensor_broadcaster/environment/path.dsv
[2.201s] -- Symlinking: /home/rumy/acrome_ws/install/range_sensor_broadcaster/share/range_sensor_broadcaster/local_setup.bash
[2.223s] -- Symlinking: /home/rumy/acrome_ws/install/range_sensor_broadcaster/share/range_sensor_broadcaster/local_setup.sh
[2.236s] -- Symlinking: /home/rumy/acrome_ws/install/range_sensor_broadcaster/share/range_sensor_broadcaster/local_setup.zsh
[2.257s] -- Symlinking: /home/rumy/acrome_ws/install/range_sensor_broadcaster/share/range_sensor_broadcaster/local_setup.dsv
[2.285s] -- Symlinking: /home/rumy/acrome_ws/install/range_sensor_broadcaster/share/range_sensor_broadcaster/package.dsv
[2.304s] -- Symlinking: /home/rumy/acrome_ws/install/range_sensor_broadcaster/share/ament_index/resource_index/packages/range_sensor_broadcaster
[2.333s] -- Symlinking: /home/rumy/acrome_ws/install/range_sensor_broadcaster/share/ament_index/resource_index/controller_interface__pluginlib__plugin/range_sensor_broadcaster
[2.357s] -- Symlinking: /home/rumy/acrome_ws/install/range_sensor_broadcaster/share/range_sensor_broadcaster/cmake/ament_cmake_export_dependencies-extras.cmake
[2.384s] -- Symlinking: /home/rumy/acrome_ws/install/range_sensor_broadcaster/share/range_sensor_broadcaster/cmake/ament_cmake_export_targets-extras.cmake
[2.405s] -- Symlinking: /home/rumy/acrome_ws/install/range_sensor_broadcaster/share/range_sensor_broadcaster/cmake/range_sensor_broadcasterConfig.cmake
[2.443s] -- Symlinking: /home/rumy/acrome_ws/install/range_sensor_broadcaster/share/range_sensor_broadcaster/cmake/range_sensor_broadcasterConfig-version.cmake
[2.463s] -- Symlinking: /home/rumy/acrome_ws/install/range_sensor_broadcaster/share/range_sensor_broadcaster/package.xml
[2.493s] -- Installing: /home/rumy/acrome_ws/install/range_sensor_broadcaster/lib/librange_sensor_broadcaster.so
[2.493s] -- Set non-toolchain portion of runtime path of "/home/rumy/acrome_ws/install/range_sensor_broadcaster/lib/librange_sensor_broadcaster.so" to ""
[2.494s] -- Installing: /home/rumy/acrome_ws/install/range_sensor_broadcaster/share/range_sensor_broadcaster/cmake/export_range_sensor_broadcasterExport.cmake
[2.494s] -- Installing: /home/rumy/acrome_ws/install/range_sensor_broadcaster/share/range_sensor_broadcaster/cmake/export_range_sensor_broadcasterExport-noconfig.cmake
[2.506s] Invoked command in '/home/rumy/acrome_ws/build/range_sensor_broadcaster' returned '0': CMAKE_PREFIX_PATH=${CMAKE_PREFIX_PATH}:/opt/ros/jazzy DEBUGINFOD_URLS=https://debuginfod.ubuntu.com /usr/bin/cmake --install /home/rumy/acrome_ws/build/range_sensor_broadcaster
