[0.022s] Invoking command in '/home/rumy/acrome_ws/build/pose_broadcaster': CMAKE_PREFIX_PATH=${CMAKE_PREFIX_PATH}:/opt/ros/jazzy DEBUGINFOD_URLS=https://debuginfod.ubuntu.com /usr/bin/cmake /home/rumy/acrome_ws/src/ros2_controllers/pose_broadcaster -DAMENT_CMAKE_SYMLINK_INSTALL=1 -DCMAKE_INSTALL_PREFIX=/home/rumy/acrome_ws/install/pose_broadcaster
[0.089s] -- Found ros2_control_cmake: 0.2.1 (/opt/ros/jazzy/share/ros2_control_cmake/cmake)
[0.089s] -- Compiler warnings enabled for GNU
[0.089s] -- Detected GCC Version: 13.3.0 (Major: 13, Minor: 3)
[0.089s] -- Found ament_cmake: 2.5.4 (/opt/ros/jazzy/share/ament_cmake/cmake)
[0.322s] -- Override CMake install command with custom implementation using symlinks instead of copying resources
[0.342s] -- Found controller_interface: 4.32.0 (/opt/ros/jazzy/share/controller_interface/cmake)
[0.386s] -- Found rosidl_generator_c: 4.6.5 (/opt/ros/jazzy/share/rosidl_generator_c/cmake)
[0.415s] -- Found rosidl_generator_cpp: 4.6.5 (/opt/ros/jazzy/share/rosidl_generator_cpp/cmake)
[0.453s] -- Using all available rosidl_typesupport_c: rosidl_typesupport_fastrtps_c;rosidl_typesupport_introspection_c
[0.494s] -- Using all available rosidl_typesupport_cpp: rosidl_typesupport_fastrtps_cpp;rosidl_typesupport_introspection_cpp
[0.802s] -- Found TinyXML2 via Config file: /usr/lib/x86_64-linux-gnu/cmake/tinyxml2
[0.870s] -- Found rmw_implementation_cmake: 7.3.2 (/opt/ros/jazzy/share/rmw_implementation_cmake/cmake)
[0.872s] -- Found rmw_fastrtps_cpp: 8.4.2 (/opt/ros/jazzy/share/rmw_fastrtps_cpp/cmake)
[0.902s] -- Found TinyXML2 via Config file: /usr/lib/x86_64-linux-gnu/cmake/tinyxml2
[0.924s] -- Found TinyXML2 via Config file: /usr/lib/x86_64-linux-gnu/cmake/tinyxml2
[0.969s] -- Found TinyXML2 via Config file: /usr/lib/x86_64-linux-gnu/cmake/tinyxml2
[0.988s] -- Found TinyXML2 via Config file: /usr/lib/x86_64-linux-gnu/cmake/tinyxml2
[1.009s] -- Using RMW implementation 'rmw_fastrtps_cpp' as default
[1.222s] -- Found generate_parameter_library: 0.5.0 (/opt/ros/jazzy/share/generate_parameter_library/cmake)
[1.223s] -- Found parameter_traits: 0.5.0 (/opt/ros/jazzy/share/parameter_traits/cmake)
[1.235s] -- Found tf2_msgs: 0.36.12 (/opt/ros/jazzy/share/tf2_msgs/cmake)
[1.279s] -- Found ament_cmake_gmock: 2.5.4 (/opt/ros/jazzy/share/ament_cmake_gmock/cmake)
[1.282s] -- Found controller_manager: 4.32.0 (/opt/ros/jazzy/share/controller_manager/cmake)
[1.400s] -- Found ros2_control_test_assets: 4.32.0 (/opt/ros/jazzy/share/ros2_control_test_assets/cmake)
[1.401s] -- Found gmock sources under '/opt/ros/jazzy/src/gmock_vendor': C++ tests using 'Google Mock' will be built
[1.404s] -- Found ament_cmake_gtest: 2.5.4 (/opt/ros/jazzy/share/ament_cmake_gtest/cmake)
[1.405s] -- Found gtest sources under '/opt/ros/jazzy/src/gtest_vendor': C++ tests using 'Google Test' will be built
[1.559s] -- Configuring done (1.5s)
[1.661s] -- Generating done (0.1s)
[1.683s] -- Build files have been written to: /home/rumy/acrome_ws/build/pose_broadcaster
[1.710s] Invoked command in '/home/rumy/acrome_ws/build/pose_broadcaster' returned '0': CMAKE_PREFIX_PATH=${CMAKE_PREFIX_PATH}:/opt/ros/jazzy DEBUGINFOD_URLS=https://debuginfod.ubuntu.com /usr/bin/cmake /home/rumy/acrome_ws/src/ros2_controllers/pose_broadcaster -DAMENT_CMAKE_SYMLINK_INSTALL=1 -DCMAKE_INSTALL_PREFIX=/home/rumy/acrome_ws/install/pose_broadcaster
[1.711s] Invoking command in '/home/rumy/acrome_ws/build/pose_broadcaster': CMAKE_PREFIX_PATH=${CMAKE_PREFIX_PATH}:/opt/ros/jazzy DEBUGINFOD_URLS=https://debuginfod.ubuntu.com /usr/bin/cmake --build /home/rumy/acrome_ws/build/pose_broadcaster -- -j12 -l12
[1.825s] [ 15%] Built target pose_broadcaster_parameters
[1.830s] [ 38%] Built target gmock
[1.836s] [ 53%] Built target gmock_main
[1.858s] [ 69%] Built target pose_broadcaster
[1.929s] [ 84%] Built target test_load_pose_broadcaster
[1.943s] [100%] Built target test_pose_broadcaster
[1.974s] Invoked command in '/home/rumy/acrome_ws/build/pose_broadcaster' returned '0': CMAKE_PREFIX_PATH=${CMAKE_PREFIX_PATH}:/opt/ros/jazzy DEBUGINFOD_URLS=https://debuginfod.ubuntu.com /usr/bin/cmake --build /home/rumy/acrome_ws/build/pose_broadcaster -- -j12 -l12
[1.975s] Invoking command in '/home/rumy/acrome_ws/build/pose_broadcaster': CMAKE_PREFIX_PATH=${CMAKE_PREFIX_PATH}:/opt/ros/jazzy DEBUGINFOD_URLS=https://debuginfod.ubuntu.com /usr/bin/cmake --install /home/rumy/acrome_ws/build/pose_broadcaster
[2.089s] -- Install configuration: ""
[2.094s] -- Execute custom install script
[2.094s] -- Symlinking: /home/rumy/acrome_ws/install/pose_broadcaster/include/pose_broadcaster/pose_broadcaster_parameters.hpp
[2.094s] -- Symlinking: /home/rumy/acrome_ws/install/pose_broadcaster/share/pose_broadcaster//pose_broadcaster.xml
[2.094s] -- Symlinking: /home/rumy/acrome_ws/install/pose_broadcaster/include/pose_broadcaster/pose_broadcaster/pose_broadcaster.hpp
[2.094s] -- Symlinking: /home/rumy/acrome_ws/install/pose_broadcaster/share/pose_broadcaster/environment/library_path.sh
[2.094s] -- Symlinking: /home/rumy/acrome_ws/install/pose_broadcaster/share/pose_broadcaster/environment/library_path.dsv
[2.094s] -- Symlinking: /home/rumy/acrome_ws/install/pose_broadcaster/share/ament_index/resource_index/package_run_dependencies/pose_broadcaster
[2.094s] -- Symlinking: /home/rumy/acrome_ws/install/pose_broadcaster/share/ament_index/resource_index/parent_prefix_path/pose_broadcaster
[2.094s] -- Symlinking: /home/rumy/acrome_ws/install/pose_broadcaster/share/pose_broadcaster/environment/ament_prefix_path.sh
[2.098s] -- Symlinking: /home/rumy/acrome_ws/install/pose_broadcaster/share/pose_broadcaster/environment/ament_prefix_path.dsv
[2.110s] -- Symlinking: /home/rumy/acrome_ws/install/pose_broadcaster/share/pose_broadcaster/environment/path.sh
[2.125s] -- Symlinking: /home/rumy/acrome_ws/install/pose_broadcaster/share/pose_broadcaster/environment/path.dsv
[2.134s] -- Symlinking: /home/rumy/acrome_ws/install/pose_broadcaster/share/pose_broadcaster/local_setup.bash
[2.146s] -- Symlinking: /home/rumy/acrome_ws/install/pose_broadcaster/share/pose_broadcaster/local_setup.sh
[2.161s] -- Symlinking: /home/rumy/acrome_ws/install/pose_broadcaster/share/pose_broadcaster/local_setup.zsh
[2.175s] -- Symlinking: /home/rumy/acrome_ws/install/pose_broadcaster/share/pose_broadcaster/local_setup.dsv
[2.188s] -- Symlinking: /home/rumy/acrome_ws/install/pose_broadcaster/share/pose_broadcaster/package.dsv
[2.206s] -- Symlinking: /home/rumy/acrome_ws/install/pose_broadcaster/share/ament_index/resource_index/packages/pose_broadcaster
[2.220s] -- Symlinking: /home/rumy/acrome_ws/install/pose_broadcaster/share/ament_index/resource_index/controller_interface__pluginlib__plugin/pose_broadcaster
[2.233s] -- Symlinking: /home/rumy/acrome_ws/install/pose_broadcaster/share/pose_broadcaster/cmake/ament_cmake_export_dependencies-extras.cmake
[2.247s] -- Symlinking: /home/rumy/acrome_ws/install/pose_broadcaster/share/pose_broadcaster/cmake/ament_cmake_export_targets-extras.cmake
[2.262s] -- Symlinking: /home/rumy/acrome_ws/install/pose_broadcaster/share/pose_broadcaster/cmake/pose_broadcasterConfig.cmake
[2.282s] -- Symlinking: /home/rumy/acrome_ws/install/pose_broadcaster/share/pose_broadcaster/cmake/pose_broadcasterConfig-version.cmake
[2.311s] -- Symlinking: /home/rumy/acrome_ws/install/pose_broadcaster/share/pose_broadcaster/package.xml
[2.331s] -- Installing: /home/rumy/acrome_ws/install/pose_broadcaster/lib/libpose_broadcaster.so
[2.333s] -- Set non-toolchain portion of runtime path of "/home/rumy/acrome_ws/install/pose_broadcaster/lib/libpose_broadcaster.so" to ""
[2.333s] -- Installing: /home/rumy/acrome_ws/install/pose_broadcaster/share/pose_broadcaster/cmake/export_pose_broadcasterExport.cmake
[2.333s] -- Installing: /home/rumy/acrome_ws/install/pose_broadcaster/share/pose_broadcaster/cmake/export_pose_broadcasterExport-noconfig.cmake
[2.345s] Invoked command in '/home/rumy/acrome_ws/build/pose_broadcaster' returned '0': CMAKE_PREFIX_PATH=${CMAKE_PREFIX_PATH}:/opt/ros/jazzy DEBUGINFOD_URLS=https://debuginfod.ubuntu.com /usr/bin/cmake --install /home/rumy/acrome_ws/build/pose_broadcaster
