-- Found ros2_control_cmake: 0.2.1 (/opt/ros/jazzy/share/ros2_control_cmake/cmake)
-- Compiler warnings enabled for GNU
-- Detected GCC Version: 13.3.0 (Major: 13, Minor: 3)
-- Found ament_cmake: 2.5.4 (/opt/ros/jazzy/share/ament_cmake/cmake)
-- Override CMake install command with custom implementation using symlinks instead of copying resources
-- Found controller_interface: 4.32.0 (/opt/ros/jazzy/share/controller_interface/cmake)
-- Found rosidl_generator_c: 4.6.5 (/opt/ros/jazzy/share/rosidl_generator_c/cmake)
-- Found rosidl_generator_cpp: 4.6.5 (/opt/ros/jazzy/share/rosidl_generator_cpp/cmake)
-- Using all available rosidl_typesupport_c: rosidl_typesupport_fastrtps_c;rosidl_typesupport_introspection_c
-- Using all available rosidl_typesupport_cpp: rosidl_typesupport_fastrtps_cpp;rosidl_typesupport_introspection_cpp
-- Found TinyXML2 via Config file: /usr/lib/x86_64-linux-gnu/cmake/tinyxml2
-- Found rmw_implementation_cmake: 7.3.2 (/opt/ros/jazzy/share/rmw_implementation_cmake/cmake)
-- Found rmw_fastrtps_cpp: 8.4.2 (/opt/ros/jazzy/share/rmw_fastrtps_cpp/cmake)
-- Found TinyXML2 via Config file: /usr/lib/x86_64-linux-gnu/cmake/tinyxml2
-- Found TinyXML2 via Config file: /usr/lib/x86_64-linux-gnu/cmake/tinyxml2
-- Found TinyXML2 via Config file: /usr/lib/x86_64-linux-gnu/cmake/tinyxml2
-- Found TinyXML2 via Config file: /usr/lib/x86_64-linux-gnu/cmake/tinyxml2
-- Using RMW implementation 'rmw_fastrtps_cpp' as default
-- Found generate_parameter_library: 0.5.0 (/opt/ros/jazzy/share/generate_parameter_library/cmake)
-- Found parameter_traits: 0.5.0 (/opt/ros/jazzy/share/parameter_traits/cmake)
-- Found ament_cmake_gmock: 2.5.4 (/opt/ros/jazzy/share/ament_cmake_gmock/cmake)
-- Found controller_manager: 4.32.0 (/opt/ros/jazzy/share/controller_manager/cmake)
-- Found ros2_control_test_assets: 4.32.0 (/opt/ros/jazzy/share/ros2_control_test_assets/cmake)
-- Found gmock sources under '/opt/ros/jazzy/src/gmock_vendor': C++ tests using 'Google Mock' will be built
-- Found ament_cmake_gtest: 2.5.4 (/opt/ros/jazzy/share/ament_cmake_gtest/cmake)
-- Found gtest sources under '/opt/ros/jazzy/src/gtest_vendor': C++ tests using 'Google Test' will be built
-- Configuring done (1.5s)
-- Generating done (0.1s)
-- Build files have been written to: /home/rumy/acrome_ws/build/gpio_controllers
[  7%] [34m[1mRunning `/opt/ros/jazzy/bin/generate_parameter_library_cpp /home/rumy/acrome_ws/build/gpio_controllers/include/gpio_controllers/gpio_command_controller_parameters.hpp /home/rumy/acrome_ws/src/ros2_controllers/gpio_controllers/src/gpio_command_controller_parameters.yaml `[0m
[ 23%] Built target gmock_main
[ 46%] Built target gmock
[ 53%] [32mBuilding CXX object CMakeFiles/test_load_gpio_command_controller.dir/test/test_load_gpio_command_controller.cpp.o[0m
[ 61%] [34m[1mCreating deprecated header file /home/rumy/acrome_ws/build/gpio_controllers/include/gpio_command_controller_parameters.hpp[0m
[ 61%] Built target gpio_command_controller_parameters
[ 69%] [32mBuilding CXX object CMakeFiles/gpio_controllers.dir/src/gpio_command_controller.cpp.o[0m
[ 76%] [32m[1mLinking CXX executable test_load_gpio_command_controller[0m
[ 76%] Built target test_load_gpio_command_controller
[ 84%] [32m[1mLinking CXX shared library libgpio_controllers.so[0m
[ 84%] Built target gpio_controllers
[ 92%] [32mBuilding CXX object CMakeFiles/test_gpio_command_controller.dir/test/test_gpio_command_controller.cpp.o[0m
[100%] [32m[1mLinking CXX executable test_gpio_command_controller[0m
[100%] Built target test_gpio_command_controller
-- Install configuration: ""
-- Execute custom install script
-- Up-to-date symlink: /home/rumy/acrome_ws/install/gpio_controllers/include/gpio_controllers/gpio_command_controller_parameters.hpp
-- Up-to-date symlink: /home/rumy/acrome_ws/install/gpio_controllers/share/gpio_controllers//gpio_controllers_plugin.xml
-- Up-to-date symlink: /home/rumy/acrome_ws/install/gpio_controllers/include/gpio_controllers/gpio_command_controller.hpp
-- Up-to-date symlink: /home/rumy/acrome_ws/install/gpio_controllers/lib/libgpio_controllers.so
-- Up-to-date symlink: /home/rumy/acrome_ws/install/gpio_controllers/share/gpio_controllers/environment/library_path.sh
-- Up-to-date symlink: /home/rumy/acrome_ws/install/gpio_controllers/share/gpio_controllers/environment/library_path.dsv
-- Up-to-date symlink: /home/rumy/acrome_ws/install/gpio_controllers/share/ament_index/resource_index/package_run_dependencies/gpio_controllers
-- Up-to-date symlink: /home/rumy/acrome_ws/install/gpio_controllers/share/ament_index/resource_index/parent_prefix_path/gpio_controllers
-- Up-to-date symlink: /home/rumy/acrome_ws/install/gpio_controllers/share/gpio_controllers/environment/ament_prefix_path.sh
-- Up-to-date symlink: /home/rumy/acrome_ws/install/gpio_controllers/share/gpio_controllers/environment/ament_prefix_path.dsv
-- Up-to-date symlink: /home/rumy/acrome_ws/install/gpio_controllers/share/gpio_controllers/environment/path.sh
-- Up-to-date symlink: /home/rumy/acrome_ws/install/gpio_controllers/share/gpio_controllers/environment/path.dsv
-- Up-to-date symlink: /home/rumy/acrome_ws/install/gpio_controllers/share/gpio_controllers/local_setup.bash
-- Up-to-date symlink: /home/rumy/acrome_ws/install/gpio_controllers/share/gpio_controllers/local_setup.sh
-- Up-to-date symlink: /home/rumy/acrome_ws/install/gpio_controllers/share/gpio_controllers/local_setup.zsh
-- Up-to-date symlink: /home/rumy/acrome_ws/install/gpio_controllers/share/gpio_controllers/local_setup.dsv
-- Symlinking: /home/rumy/acrome_ws/install/gpio_controllers/share/gpio_controllers/package.dsv
-- Up-to-date symlink: /home/rumy/acrome_ws/install/gpio_controllers/share/ament_index/resource_index/packages/gpio_controllers
-- Up-to-date symlink: /home/rumy/acrome_ws/install/gpio_controllers/share/ament_index/resource_index/controller_interface__pluginlib__plugin/gpio_controllers
-- Up-to-date symlink: /home/rumy/acrome_ws/install/gpio_controllers/share/gpio_controllers/cmake/ament_cmake_export_dependencies-extras.cmake
-- Up-to-date symlink: /home/rumy/acrome_ws/install/gpio_controllers/share/gpio_controllers/cmake/ament_cmake_export_include_directories-extras.cmake
-- Up-to-date symlink: /home/rumy/acrome_ws/install/gpio_controllers/share/gpio_controllers/cmake/ament_cmake_export_libraries-extras.cmake
-- Up-to-date symlink: /home/rumy/acrome_ws/install/gpio_controllers/share/gpio_controllers/cmake/gpio_controllersConfig.cmake
-- Up-to-date symlink: /home/rumy/acrome_ws/install/gpio_controllers/share/gpio_controllers/cmake/gpio_controllersConfig-version.cmake
-- Up-to-date symlink: /home/rumy/acrome_ws/install/gpio_controllers/share/gpio_controllers/package.xml
