-- Found ament_cmake: 2.5.4 (/opt/ros/jazzy/share/ament_cmake/cmake)
-- Override CMake install command with custom implementation using symlinks instead of copying resources
-- Found ament_lint_auto: 0.17.2 (/opt/ros/jazzy/share/ament_lint_auto/cmake)
-- Added test 'copyright' to check source files copyright and LICENSE
-- Added test 'cppcheck' to perform static code analysis on C / C++ code
-- Configured cppcheck include dirs: 
-- Configured cppcheck exclude dirs and/or files: 
-- Added test 'cpplint' to check C / C++ code against the Google style
-- Configured cpplint exclude dirs and/or files: 
-- Added test 'flake8' to check Python code syntax and style conventions
-- Configured 'flake8' exclude dirs and/or files: 
-- Added test 'lint_cmake' to check CMake code style
-- Added test 'pep257' to check Python code against some of the docstring style conventions in PEP 257
-- Added test 'uncrustify' to check C / C++ code style
-- Configured uncrustify additional arguments: 
-- Added test 'xmllint' to check XML markup files
-- Configuring done (0.4s)
-- Generating done (0.0s)
-- Build files have been written to: /home/halit/acrome_ws/build/acrome_mini_robot
-- Install configuration: ""
-- Execute custom install script
-- Up-to-date symlink: /home/halit/acrome_ws/install/acrome_mini_robot/share/acrome_mini_robot//launch/display.launch
-- Up-to-date symlink: /home/halit/acrome_ws/install/acrome_mini_robot/share/acrome_mini_robot//launch/gazebo.launch
-- Up-to-date symlink: /home/halit/acrome_ws/install/acrome_mini_robot/share/acrome_mini_robot//launch/gazebo_launch.py
-- Up-to-date symlink: /home/halit/acrome_ws/install/acrome_mini_robot/share/acrome_mini_robot//urdf/acrome_mini_robot.xacro.urdf
-- Symlinking: /home/halit/acrome_ws/install/acrome_mini_robot/share/acrome_mini_robot//config/acrome_controller.yaml
-- Up-to-date symlink: /home/halit/acrome_ws/install/acrome_mini_robot/share/ament_index/resource_index/package_run_dependencies/acrome_mini_robot
-- Up-to-date symlink: /home/halit/acrome_ws/install/acrome_mini_robot/share/ament_index/resource_index/parent_prefix_path/acrome_mini_robot
-- Up-to-date symlink: /home/halit/acrome_ws/install/acrome_mini_robot/share/acrome_mini_robot/environment/ament_prefix_path.sh
-- Up-to-date symlink: /home/halit/acrome_ws/install/acrome_mini_robot/share/acrome_mini_robot/environment/ament_prefix_path.dsv
-- Up-to-date symlink: /home/halit/acrome_ws/install/acrome_mini_robot/share/acrome_mini_robot/environment/path.sh
-- Up-to-date symlink: /home/halit/acrome_ws/install/acrome_mini_robot/share/acrome_mini_robot/environment/path.dsv
-- Up-to-date symlink: /home/halit/acrome_ws/install/acrome_mini_robot/share/acrome_mini_robot/local_setup.bash
-- Up-to-date symlink: /home/halit/acrome_ws/install/acrome_mini_robot/share/acrome_mini_robot/local_setup.sh
-- Up-to-date symlink: /home/halit/acrome_ws/install/acrome_mini_robot/share/acrome_mini_robot/local_setup.zsh
-- Up-to-date symlink: /home/halit/acrome_ws/install/acrome_mini_robot/share/acrome_mini_robot/local_setup.dsv
-- Symlinking: /home/halit/acrome_ws/install/acrome_mini_robot/share/acrome_mini_robot/package.dsv
-- Up-to-date symlink: /home/halit/acrome_ws/install/acrome_mini_robot/share/ament_index/resource_index/packages/acrome_mini_robot
-- Up-to-date symlink: /home/halit/acrome_ws/install/acrome_mini_robot/share/acrome_mini_robot/cmake/acrome_mini_robotConfig.cmake
-- Up-to-date symlink: /home/halit/acrome_ws/install/acrome_mini_robot/share/acrome_mini_robot/cmake/acrome_mini_robotConfig-version.cmake
-- Up-to-date symlink: /home/halit/acrome_ws/install/acrome_mini_robot/share/acrome_mini_robot/package.xml
