[0.075s] Invoking command in '/home/rumy/acrome_ws/build/control_toolbox': CMAKE_PREFIX_PATH=${CMAKE_PREFIX_PATH}:/home/rumy/acrome_ws/install/rqt_joint_trajectory_controller:/home/rumy/acrome_ws/install/ros2_controllers_test_nodes:/opt/ros/jazzy DEBUGINFOD_URLS=https://debuginfod.ubuntu.com /usr/bin/cmake --build /home/rumy/acrome_ws/build/control_toolbox -- -j12 -l12
[0.170s] [  3%] Built target rate_limiter_parameters
[0.173s] [  7%] Built target gravity_compensation_filter_parameters
[0.195s] [ 21%] Built target control_toolbox
[0.206s] [ 25%] Built target low_pass_filter_parameters
[0.208s] [ 28%] Built target gmock_main
[0.218s] [ 32%] Built target exponential_filter_parameters
[0.219s] [ 38%] Built target gmock
[0.285s] [ 42%] Built target gravity_compensation
[0.296s] [ 50%] Built target rate_limiter
[0.296s] [ 50%] Built target rate_limiter_tests
[0.310s] [ 53%] Built target pid_ros_parameters_tests
[0.311s] [ 57%] Built target low_pass_filter
[0.323s] [ 61%] Built target pid_ros_publisher_tests
[0.323s] [ 65%] Built target pid_tests
[0.378s] [ 69%] Built target test_load_gravity_compensation
[0.383s] [ 73%] Built target exponential_filter
[0.392s] [ 76%] Built target test_gravity_compensation
[0.399s] [ 80%] Built target test_load_rate_limiter
[0.402s] [ 84%] Built target test_rate_limiter
[0.415s] [ 88%] Built target test_low_pass_filter
[0.417s] [ 92%] Built target test_load_low_pass_filter
[0.441s] [ 96%] Built target test_load_exponential_filter
[0.445s] [100%] Built target test_exponential_filter
[0.497s] Invoked command in '/home/rumy/acrome_ws/build/control_toolbox' returned '0': CMAKE_PREFIX_PATH=${CMAKE_PREFIX_PATH}:/home/rumy/acrome_ws/install/rqt_joint_trajectory_controller:/home/rumy/acrome_ws/install/ros2_controllers_test_nodes:/opt/ros/jazzy DEBUGINFOD_URLS=https://debuginfod.ubuntu.com /usr/bin/cmake --build /home/rumy/acrome_ws/build/control_toolbox -- -j12 -l12
[0.500s] Invoking command in '/home/rumy/acrome_ws/build/control_toolbox': CMAKE_PREFIX_PATH=${CMAKE_PREFIX_PATH}:/home/rumy/acrome_ws/install/rqt_joint_trajectory_controller:/home/rumy/acrome_ws/install/ros2_controllers_test_nodes:/opt/ros/jazzy DEBUGINFOD_URLS=https://debuginfod.ubuntu.com /usr/bin/cmake --install /home/rumy/acrome_ws/build/control_toolbox
[0.536s] -- Install configuration: ""
[0.536s] -- Execute custom install script
[0.537s] -- Up-to-date symlink: /home/rumy/acrome_ws/install/control_toolbox/include/control_toolbox/custom_validators.hpp
[0.537s] -- Up-to-date symlink: /home/rumy/acrome_ws/install/control_toolbox/include/control_toolbox/exponential_filter_parameters.hpp
[0.537s] -- Up-to-date symlink: /home/rumy/acrome_ws/install/control_toolbox/include/control_toolbox/gravity_compensation_filter_parameters.hpp
[0.537s] -- Up-to-date symlink: /home/rumy/acrome_ws/install/control_toolbox/include/control_toolbox/low_pass_filter_parameters.hpp
[0.537s] -- Up-to-date symlink: /home/rumy/acrome_ws/install/control_toolbox/include/control_toolbox/rate_limiter_parameters.hpp
[0.537s] -- Up-to-date symlink: /home/rumy/acrome_ws/install/control_toolbox/include/control_toolbox/custom_validators.hpp
[0.537s] -- Up-to-date symlink: /home/rumy/acrome_ws/install/control_toolbox/include/control_toolbox/exponential_filter_parameters.hpp
[0.537s] -- Up-to-date symlink: /home/rumy/acrome_ws/install/control_toolbox/include/control_toolbox/gravity_compensation_filter_parameters.hpp
[0.537s] -- Up-to-date symlink: /home/rumy/acrome_ws/install/control_toolbox/include/control_toolbox/low_pass_filter_parameters.hpp
[0.537s] -- Up-to-date symlink: /home/rumy/acrome_ws/install/control_toolbox/include/control_toolbox/rate_limiter_parameters.hpp
[0.537s] -- Up-to-date symlink: /home/rumy/acrome_ws/install/control_toolbox/include/control_toolbox/custom_validators.hpp
[0.537s] -- Up-to-date symlink: /home/rumy/acrome_ws/install/control_toolbox/include/control_toolbox/exponential_filter_parameters.hpp
[0.537s] -- Up-to-date symlink: /home/rumy/acrome_ws/install/control_toolbox/include/control_toolbox/gravity_compensation_filter_parameters.hpp
[0.538s] -- Up-to-date symlink: /home/rumy/acrome_ws/install/control_toolbox/include/control_toolbox/low_pass_filter_parameters.hpp
[0.538s] -- Up-to-date symlink: /home/rumy/acrome_ws/install/control_toolbox/include/control_toolbox/rate_limiter_parameters.hpp
[0.538s] -- Up-to-date symlink: /home/rumy/acrome_ws/install/control_toolbox/include/control_toolbox/custom_validators.hpp
[0.539s] -- Up-to-date symlink: /home/rumy/acrome_ws/install/control_toolbox/include/control_toolbox/exponential_filter_parameters.hpp
[0.539s] -- Up-to-date symlink: /home/rumy/acrome_ws/install/control_toolbox/include/control_toolbox/gravity_compensation_filter_parameters.hpp
[0.539s] -- Up-to-date symlink: /home/rumy/acrome_ws/install/control_toolbox/include/control_toolbox/low_pass_filter_parameters.hpp
[0.539s] -- Up-to-date symlink: /home/rumy/acrome_ws/install/control_toolbox/include/control_toolbox/rate_limiter_parameters.hpp
[0.539s] -- Up-to-date symlink: /home/rumy/acrome_ws/install/control_toolbox/share/control_toolbox//control_filters.xml
[0.539s] -- Up-to-date symlink: /home/rumy/acrome_ws/install/control_toolbox/include/control_toolbox/control_filters/custom_validators.hpp
[0.539s] -- Up-to-date symlink: /home/rumy/acrome_ws/install/control_toolbox/include/control_toolbox/control_filters/exponential_filter.hpp
[0.540s] -- Up-to-date symlink: /home/rumy/acrome_ws/install/control_toolbox/include/control_toolbox/control_filters/gravity_compensation.hpp
[0.540s] -- Up-to-date symlink: /home/rumy/acrome_ws/install/control_toolbox/include/control_toolbox/control_filters/low_pass_filter.hpp
[0.540s] -- Up-to-date symlink: /home/rumy/acrome_ws/install/control_toolbox/include/control_toolbox/control_filters/rate_limiter.hpp
[0.540s] -- Up-to-date symlink: /home/rumy/acrome_ws/install/control_toolbox/include/control_toolbox/control_toolbox/dither.hpp
[0.540s] -- Up-to-date symlink: /home/rumy/acrome_ws/install/control_toolbox/include/control_toolbox/control_toolbox/filters.hpp
[0.540s] -- Up-to-date symlink: /home/rumy/acrome_ws/install/control_toolbox/include/control_toolbox/control_toolbox/limited_proxy.hpp
[0.540s] -- Up-to-date symlink: /home/rumy/acrome_ws/install/control_toolbox/include/control_toolbox/control_toolbox/low_pass_filter.hpp
[0.540s] -- Up-to-date symlink: /home/rumy/acrome_ws/install/control_toolbox/include/control_toolbox/control_toolbox/pid.hpp
[0.540s] -- Up-to-date symlink: /home/rumy/acrome_ws/install/control_toolbox/include/control_toolbox/control_toolbox/pid_ros.hpp
[0.540s] -- Up-to-date symlink: /home/rumy/acrome_ws/install/control_toolbox/include/control_toolbox/control_toolbox/rate_limiter.hpp
[0.540s] -- Up-to-date symlink: /home/rumy/acrome_ws/install/control_toolbox/include/control_toolbox/control_toolbox/sine_sweep.hpp
[0.541s] -- Up-to-date symlink: /home/rumy/acrome_ws/install/control_toolbox/include/control_toolbox/control_toolbox/sinusoid.hpp
[0.541s] -- Up-to-date symlink: /home/rumy/acrome_ws/install/control_toolbox/share/control_toolbox/environment/library_path.sh
[0.541s] -- Up-to-date symlink: /home/rumy/acrome_ws/install/control_toolbox/share/control_toolbox/environment/library_path.dsv
[0.541s] -- Up-to-date symlink: /home/rumy/acrome_ws/install/control_toolbox/share/ament_index/resource_index/package_run_dependencies/control_toolbox
[0.541s] -- Up-to-date symlink: /home/rumy/acrome_ws/install/control_toolbox/share/ament_index/resource_index/parent_prefix_path/control_toolbox
[0.541s] -- Up-to-date symlink: /home/rumy/acrome_ws/install/control_toolbox/share/control_toolbox/environment/ament_prefix_path.sh
[0.541s] -- Up-to-date symlink: /home/rumy/acrome_ws/install/control_toolbox/share/control_toolbox/environment/ament_prefix_path.dsv
[0.541s] -- Up-to-date symlink: /home/rumy/acrome_ws/install/control_toolbox/share/control_toolbox/environment/path.sh
[0.541s] -- Up-to-date symlink: /home/rumy/acrome_ws/install/control_toolbox/share/control_toolbox/environment/path.dsv
[0.541s] -- Up-to-date symlink: /home/rumy/acrome_ws/install/control_toolbox/share/control_toolbox/local_setup.bash
[0.541s] -- Up-to-date symlink: /home/rumy/acrome_ws/install/control_toolbox/share/control_toolbox/local_setup.sh
[0.541s] -- Up-to-date symlink: /home/rumy/acrome_ws/install/control_toolbox/share/control_toolbox/local_setup.zsh
[0.541s] -- Up-to-date symlink: /home/rumy/acrome_ws/install/control_toolbox/share/control_toolbox/local_setup.dsv
[0.541s] -- Symlinking: /home/rumy/acrome_ws/install/control_toolbox/share/control_toolbox/package.dsv
[0.542s] -- Up-to-date symlink: /home/rumy/acrome_ws/install/control_toolbox/share/ament_index/resource_index/packages/control_toolbox
[0.542s] -- Up-to-date symlink: /home/rumy/acrome_ws/install/control_toolbox/share/ament_index/resource_index/filters__pluginlib__plugin/control_toolbox
[0.542s] -- Up-to-date symlink: /home/rumy/acrome_ws/install/control_toolbox/share/control_toolbox/cmake/ament_cmake_export_dependencies-extras.cmake
[0.542s] -- Up-to-date symlink: /home/rumy/acrome_ws/install/control_toolbox/share/control_toolbox/cmake/ament_cmake_export_targets-extras.cmake
[0.542s] -- Up-to-date symlink: /home/rumy/acrome_ws/install/control_toolbox/share/control_toolbox/cmake/control_toolboxConfig.cmake
[0.542s] -- Up-to-date symlink: /home/rumy/acrome_ws/install/control_toolbox/share/control_toolbox/cmake/control_toolboxConfig-version.cmake
[0.542s] -- Up-to-date symlink: /home/rumy/acrome_ws/install/control_toolbox/share/control_toolbox/package.xml
[0.542s] -- Up-to-date: /home/rumy/acrome_ws/install/control_toolbox/lib/libcontrol_toolbox.so
[0.542s] -- Up-to-date: /home/rumy/acrome_ws/install/control_toolbox/lib/liblow_pass_filter.so
[0.542s] -- Up-to-date: /home/rumy/acrome_ws/install/control_toolbox/lib/librate_limiter.so
[0.542s] -- Up-to-date: /home/rumy/acrome_ws/install/control_toolbox/lib/libexponential_filter.so
[0.542s] -- Up-to-date: /home/rumy/acrome_ws/install/control_toolbox/lib/libgravity_compensation.so
[0.542s] -- Up-to-date: /home/rumy/acrome_ws/install/control_toolbox/share/control_toolbox/cmake/export_control_toolboxExport.cmake
[0.543s] -- Up-to-date: /home/rumy/acrome_ws/install/control_toolbox/share/control_toolbox/cmake/export_control_toolboxExport-noconfig.cmake
[0.572s] Invoked command in '/home/rumy/acrome_ws/build/control_toolbox' returned '0': CMAKE_PREFIX_PATH=${CMAKE_PREFIX_PATH}:/home/rumy/acrome_ws/install/rqt_joint_trajectory_controller:/home/rumy/acrome_ws/install/ros2_controllers_test_nodes:/opt/ros/jazzy DEBUGINFOD_URLS=https://debuginfod.ubuntu.com /usr/bin/cmake --install /home/rumy/acrome_ws/build/control_toolbox
