[0.009s] Invoking command in '/home/halit/acrome_ws/build/acrome_mini_robot': CMAKE_PREFIX_PATH=${CMAKE_PREFIX_PATH}:/opt/ros/jazzy /usr/bin/cmake --build /home/halit/acrome_ws/build/acrome_mini_robot -- -j4 -l4
[0.031s] -- Found ament_cmake: 2.5.4 (/opt/ros/jazzy/share/ament_cmake/cmake)
[0.197s] -- Override CMake install command with custom implementation using symlinks instead of copying resources
[0.202s] -- Found ament_lint_auto: 0.17.2 (/opt/ros/jazzy/share/ament_lint_auto/cmake)
[0.274s] -- Added test 'copyright' to check source files copyright and LICENSE
[0.279s] -- Added test 'cppcheck' to perform static code analysis on C / C++ code
[0.279s] -- Configured cppcheck include dirs: 
[0.279s] -- Configured cppcheck exclude dirs and/or files: 
[0.284s] -- Added test 'cpplint' to check C / C++ code against the Google style
[0.284s] -- Configured cpplint exclude dirs and/or files: 
[0.285s] -- Added test 'flake8' to check Python code syntax and style conventions
[0.285s] -- Configured 'flake8' exclude dirs and/or files: 
[0.286s] -- Added test 'lint_cmake' to check CMake code style
[0.287s] -- Added test 'pep257' to check Python code against some of the docstring style conventions in PEP 257
[0.292s] -- Added test 'uncrustify' to check C / C++ code style
[0.292s] -- Configured uncrustify additional arguments: 
[0.292s] -- Added test 'xmllint' to check XML markup files
[0.293s] -- Configuring done (0.3s)
[0.296s] -- Generating done (0.0s)
[0.297s] -- Build files have been written to: /home/halit/acrome_ws/build/acrome_mini_robot
[0.315s] Invoked command in '/home/halit/acrome_ws/build/acrome_mini_robot' returned '0': CMAKE_PREFIX_PATH=${CMAKE_PREFIX_PATH}:/opt/ros/jazzy /usr/bin/cmake --build /home/halit/acrome_ws/build/acrome_mini_robot -- -j4 -l4
[0.323s] Invoking command in '/home/halit/acrome_ws/build/acrome_mini_robot': CMAKE_PREFIX_PATH=${CMAKE_PREFIX_PATH}:/opt/ros/jazzy /usr/bin/cmake --install /home/halit/acrome_ws/build/acrome_mini_robot
[0.329s] -- Install configuration: ""
[0.329s] -- Execute custom install script
[0.330s] -- Up-to-date symlink: /home/halit/acrome_ws/install/acrome_mini_robot/share/acrome_mini_robot//launch/display.launch
[0.330s] -- Up-to-date symlink: /home/halit/acrome_ws/install/acrome_mini_robot/share/acrome_mini_robot//launch/gazebo.launch
[0.330s] -- Up-to-date symlink: /home/halit/acrome_ws/install/acrome_mini_robot/share/acrome_mini_robot//launch/gazebo_launch.py
[0.330s] -- Up-to-date symlink: /home/halit/acrome_ws/install/acrome_mini_robot/share/acrome_mini_robot//launch/lidar_data.txt
[0.330s] -- Up-to-date symlink: /home/halit/acrome_ws/install/acrome_mini_robot/share/acrome_mini_robot//launch/robot_controller.py
[0.330s] -- Up-to-date symlink: /home/halit/acrome_ws/install/acrome_mini_robot/share/acrome_mini_robot//urdf/acrome_mini_robot.xacro
[0.330s] -- Up-to-date symlink: /home/halit/acrome_ws/install/acrome_mini_robot/share/acrome_mini_robot//config/acrome_controller.yaml
[0.331s] -- Up-to-date symlink: /home/halit/acrome_ws/install/acrome_mini_robot/share/acrome_mini_robot//config/slam_params.yaml
[0.331s] -- Up-to-date symlink: /home/halit/acrome_ws/install/acrome_mini_robot/share/ament_index/resource_index/package_run_dependencies/acrome_mini_robot
[0.331s] -- Up-to-date symlink: /home/halit/acrome_ws/install/acrome_mini_robot/share/ament_index/resource_index/parent_prefix_path/acrome_mini_robot
[0.331s] -- Up-to-date symlink: /home/halit/acrome_ws/install/acrome_mini_robot/share/acrome_mini_robot/environment/ament_prefix_path.sh
[0.331s] -- Up-to-date symlink: /home/halit/acrome_ws/install/acrome_mini_robot/share/acrome_mini_robot/environment/ament_prefix_path.dsv
[0.331s] -- Up-to-date symlink: /home/halit/acrome_ws/install/acrome_mini_robot/share/acrome_mini_robot/environment/path.sh
[0.331s] -- Up-to-date symlink: /home/halit/acrome_ws/install/acrome_mini_robot/share/acrome_mini_robot/environment/path.dsv
[0.331s] -- Up-to-date symlink: /home/halit/acrome_ws/install/acrome_mini_robot/share/acrome_mini_robot/local_setup.bash
[0.331s] -- Up-to-date symlink: /home/halit/acrome_ws/install/acrome_mini_robot/share/acrome_mini_robot/local_setup.sh
[0.331s] -- Up-to-date symlink: /home/halit/acrome_ws/install/acrome_mini_robot/share/acrome_mini_robot/local_setup.zsh
[0.331s] -- Up-to-date symlink: /home/halit/acrome_ws/install/acrome_mini_robot/share/acrome_mini_robot/local_setup.dsv
[0.332s] -- Symlinking: /home/halit/acrome_ws/install/acrome_mini_robot/share/acrome_mini_robot/package.dsv
[0.341s] -- Up-to-date symlink: /home/halit/acrome_ws/install/acrome_mini_robot/share/ament_index/resource_index/packages/acrome_mini_robot
[0.341s] -- Up-to-date symlink: /home/halit/acrome_ws/install/acrome_mini_robot/share/acrome_mini_robot/cmake/acrome_mini_robotConfig.cmake
[0.341s] -- Up-to-date symlink: /home/halit/acrome_ws/install/acrome_mini_robot/share/acrome_mini_robot/cmake/acrome_mini_robotConfig-version.cmake
[0.341s] -- Up-to-date symlink: /home/halit/acrome_ws/install/acrome_mini_robot/share/acrome_mini_robot/package.xml
[0.343s] Invoked command in '/home/halit/acrome_ws/build/acrome_mini_robot' returned '0': CMAKE_PREFIX_PATH=${CMAKE_PREFIX_PATH}:/opt/ros/jazzy /usr/bin/cmake --install /home/halit/acrome_ws/build/acrome_mini_robot
