[0.030s] Invoking command in '/home/rumy/acrome_ws/build/joint_state_broadcaster': CMAKE_PREFIX_PATH=${CMAKE_PREFIX_PATH}:/opt/ros/jazzy DEBUGINFOD_URLS=https://debuginfod.ubuntu.com /usr/bin/cmake /home/rumy/acrome_ws/src/ros2_controllers/joint_state_broadcaster -DCMAKE_INSTALL_PREFIX=/home/rumy/acrome_ws/install/joint_state_broadcaster
[2.884s] -- The C compiler identification is GNU 13.3.0
[2.884s] -- The CXX compiler identification is GNU 13.3.0
[2.884s] -- Detecting C compiler ABI info
[2.884s] -- Detecting C compiler ABI info - done
[2.885s] -- Check for working C compiler: /usr/bin/cc - skipped
[2.885s] -- Detecting C compile features
[2.885s] -- Detecting C compile features - done
[2.885s] -- Detecting CXX compiler ABI info
[2.885s] -- Detecting CXX compiler ABI info - done
[2.885s] -- Check for working CXX compiler: /usr/bin/c++ - skipped
[2.885s] -- Detecting CXX compile features
[2.885s] -- Detecting CXX compile features - done
[2.885s] -- Found ros2_control_cmake: 0.2.1 (/opt/ros/jazzy/share/ros2_control_cmake/cmake)
[2.890s] -- Compiler warnings enabled for GNU
[2.890s] -- Detected GCC Version: 13.3.0 (Major: 13, Minor: 3)
[2.890s] -- Found ament_cmake: 2.5.4 (/opt/ros/jazzy/share/ament_cmake/cmake)
[2.890s] -- Found Python3: /usr/bin/python3 (found version "3.12.3") found components: Interpreter 
[2.890s] -- Found builtin_interfaces: 2.0.2 (/opt/ros/jazzy/share/builtin_interfaces/cmake)
[2.890s] -- Found rosidl_generator_c: 4.6.5 (/opt/ros/jazzy/share/rosidl_generator_c/cmake)
[2.891s] -- Found rosidl_generator_cpp: 4.6.5 (/opt/ros/jazzy/share/rosidl_generator_cpp/cmake)
[2.891s] -- Using all available rosidl_typesupport_c: rosidl_typesupport_fastrtps_c;rosidl_typesupport_introspection_c
[2.891s] -- Using all available rosidl_typesupport_cpp: rosidl_typesupport_fastrtps_cpp;rosidl_typesupport_introspection_cpp
[2.891s] -- Found control_msgs: 5.4.1 (/opt/ros/jazzy/share/control_msgs/cmake)
[2.891s] -- Found controller_interface: 4.32.0 (/opt/ros/jazzy/share/controller_interface/cmake)
[2.891s] -- Found TinyXML2 via Config file: /usr/lib/x86_64-linux-gnu/cmake/tinyxml2
[2.891s] -- Found rmw_implementation_cmake: 7.3.2 (/opt/ros/jazzy/share/rmw_implementation_cmake/cmake)
[2.891s] -- Found rmw_fastrtps_cpp: 8.4.2 (/opt/ros/jazzy/share/rmw_fastrtps_cpp/cmake)
[2.892s] -- Found TinyXML2 via Config file: /usr/lib/x86_64-linux-gnu/cmake/tinyxml2
[2.892s] -- Found OpenSSL: /usr/lib/x86_64-linux-gnu/libcrypto.so (found version "3.0.13")  
[2.892s] -- Found TinyXML2 via Config file: /usr/lib/x86_64-linux-gnu/cmake/tinyxml2
[2.892s] -- Found FastRTPS: /opt/ros/jazzy/include (Required is at least version "2.13") 
[2.892s] -- Found TinyXML2 via Config file: /usr/lib/x86_64-linux-gnu/cmake/tinyxml2
[2.892s] -- Found TinyXML2 via Config file: /usr/lib/x86_64-linux-gnu/cmake/tinyxml2
[2.892s] -- Using RMW implementation 'rmw_fastrtps_cpp' as default
[2.892s] -- Found generate_parameter_library: 0.5.0 (/opt/ros/jazzy/share/generate_parameter_library/cmake)
[2.892s] -- Found parameter_traits: 0.5.0 (/opt/ros/jazzy/share/parameter_traits/cmake)
[2.893s] -- Found ament_cmake_gmock: 2.5.4 (/opt/ros/jazzy/share/ament_cmake_gmock/cmake)
[2.893s] -- Found controller_manager: 4.32.0 (/opt/ros/jazzy/share/controller_manager/cmake)
[2.893s] -- Found ros2_control_test_assets: 4.32.0 (/opt/ros/jazzy/share/ros2_control_test_assets/cmake)
[2.893s] -- Found gmock sources under '/opt/ros/jazzy/src/gmock_vendor': C++ tests using 'Google Mock' will be built
[2.893s] -- Found ament_cmake_gtest: 2.5.4 (/opt/ros/jazzy/share/ament_cmake_gtest/cmake)
[2.897s] -- Found gtest sources under '/opt/ros/jazzy/src/gtest_vendor': C++ tests using 'Google Test' will be built
[2.897s] -- Configuring done (2.7s)
[2.898s] -- Generating done (0.1s)
[2.898s] -- Build files have been written to: /home/rumy/acrome_ws/build/joint_state_broadcaster
[2.912s] Invoked command in '/home/rumy/acrome_ws/build/joint_state_broadcaster' returned '0': CMAKE_PREFIX_PATH=${CMAKE_PREFIX_PATH}:/opt/ros/jazzy DEBUGINFOD_URLS=https://debuginfod.ubuntu.com /usr/bin/cmake /home/rumy/acrome_ws/src/ros2_controllers/joint_state_broadcaster -DCMAKE_INSTALL_PREFIX=/home/rumy/acrome_ws/install/joint_state_broadcaster
[2.912s] Invoking command in '/home/rumy/acrome_ws/build/joint_state_broadcaster': CMAKE_PREFIX_PATH=${CMAKE_PREFIX_PATH}:/opt/ros/jazzy DEBUGINFOD_URLS=https://debuginfod.ubuntu.com /usr/bin/cmake --build /home/rumy/acrome_ws/build/joint_state_broadcaster -- -j12 -l12
[3.311s] [  7%] [32mBuilding CXX object gmock/CMakeFiles/gmock.dir/opt/ros/jazzy/src/gtest_vendor/src/gtest-all.cc.o[0m
[3.311s] [ 15%] [34m[1mRunning `/opt/ros/jazzy/bin/generate_parameter_library_cpp /home/rumy/acrome_ws/build/joint_state_broadcaster/include/joint_state_broadcaster/joint_state_broadcaster_parameters.hpp /home/rumy/acrome_ws/src/ros2_controllers/joint_state_broadcaster/src/joint_state_broadcaster_parameters.yaml `[0m
[3.311s] [ 23%] [32mBuilding CXX object gmock/CMakeFiles/gmock.dir/src/gmock-all.cc.o[0m
[3.311s] [ 30%] [32mBuilding CXX object gmock/CMakeFiles/gmock_main.dir/src/gmock_main.cc.o[0m
[7.873s] [ 38%] [34m[1mCreating deprecated header file /home/rumy/acrome_ws/build/joint_state_broadcaster/include/joint_state_broadcaster_parameters.hpp[0m
[7.908s] [ 38%] Built target joint_state_broadcaster_parameters
[7.941s] [ 46%] [32mBuilding CXX object CMakeFiles/joint_state_broadcaster.dir/src/joint_state_broadcaster.cpp.o[0m
[9.833s] [ 53%] [32m[1mLinking CXX static library libgmock_main.a[0m
[9.956s] [ 53%] Built target gmock_main
[22.709s] [ 61%] [32m[1mLinking CXX static library libgmock.a[0m
[22.891s] [ 61%] Built target gmock
[31.188s] [ 69%] [32m[1mLinking CXX shared library libjoint_state_broadcaster.so[0m
[32.150s] [ 69%] Built target joint_state_broadcaster
[32.217s] [ 76%] [32mBuilding CXX object CMakeFiles/test_load_joint_state_broadcaster.dir/test/test_load_joint_state_broadcaster.cpp.o[0m
[41.742s] [ 84%] [32m[1mLinking CXX executable test_load_joint_state_broadcaster[0m
[42.341s] [ 84%] Built target test_load_joint_state_broadcaster
[42.370s] [ 92%] [32mBuilding CXX object CMakeFiles/test_joint_state_broadcaster.dir/test/test_joint_state_broadcaster.cpp.o[0m
[62.168s] [100%] [32m[1mLinking CXX executable test_joint_state_broadcaster[0m
[64.298s] [100%] Built target test_joint_state_broadcaster
[64.309s] Invoked command in '/home/rumy/acrome_ws/build/joint_state_broadcaster' returned '0': CMAKE_PREFIX_PATH=${CMAKE_PREFIX_PATH}:/opt/ros/jazzy DEBUGINFOD_URLS=https://debuginfod.ubuntu.com /usr/bin/cmake --build /home/rumy/acrome_ws/build/joint_state_broadcaster -- -j12 -l12
[64.312s] Invoking command in '/home/rumy/acrome_ws/build/joint_state_broadcaster': CMAKE_PREFIX_PATH=${CMAKE_PREFIX_PATH}:/opt/ros/jazzy DEBUGINFOD_URLS=https://debuginfod.ubuntu.com /usr/bin/cmake --install /home/rumy/acrome_ws/build/joint_state_broadcaster
[67.151s] -- Install configuration: ""
[67.151s] -- Installing: /home/rumy/acrome_ws/install/joint_state_broadcaster/include/joint_state_broadcaster
[67.151s] -- Installing: /home/rumy/acrome_ws/install/joint_state_broadcaster/include/joint_state_broadcaster/joint_state_broadcaster_parameters.hpp
[67.151s] -- Installing: /home/rumy/acrome_ws/install/joint_state_broadcaster/share/joint_state_broadcaster/joint_state_plugin.xml
[67.151s] -- Up-to-date: /home/rumy/acrome_ws/install/joint_state_broadcaster/include/joint_state_broadcaster
[67.151s] -- Installing: /home/rumy/acrome_ws/install/joint_state_broadcaster/include/joint_state_broadcaster/joint_state_broadcaster
[67.151s] -- Installing: /home/rumy/acrome_ws/install/joint_state_broadcaster/include/joint_state_broadcaster/joint_state_broadcaster/joint_state_broadcaster.hpp
[67.152s] -- Installing: /home/rumy/acrome_ws/install/joint_state_broadcaster/lib/libjoint_state_broadcaster.so
[67.152s] -- Set non-toolchain portion of runtime path of "/home/rumy/acrome_ws/install/joint_state_broadcaster/lib/libjoint_state_broadcaster.so" to ""
[67.152s] -- Installing: /home/rumy/acrome_ws/install/joint_state_broadcaster/share/joint_state_broadcaster/environment/library_path.sh
[67.152s] -- Installing: /home/rumy/acrome_ws/install/joint_state_broadcaster/share/joint_state_broadcaster/environment/library_path.dsv
[67.152s] -- Installing: /home/rumy/acrome_ws/install/joint_state_broadcaster/share/ament_index/resource_index/package_run_dependencies/joint_state_broadcaster
[67.152s] -- Installing: /home/rumy/acrome_ws/install/joint_state_broadcaster/share/ament_index/resource_index/parent_prefix_path/joint_state_broadcaster
[67.152s] -- Installing: /home/rumy/acrome_ws/install/joint_state_broadcaster/share/joint_state_broadcaster/environment/ament_prefix_path.sh
[67.153s] -- Installing: /home/rumy/acrome_ws/install/joint_state_broadcaster/share/joint_state_broadcaster/environment/ament_prefix_path.dsv
[67.153s] -- Installing: /home/rumy/acrome_ws/install/joint_state_broadcaster/share/joint_state_broadcaster/environment/path.sh
[67.153s] -- Installing: /home/rumy/acrome_ws/install/joint_state_broadcaster/share/joint_state_broadcaster/environment/path.dsv
[67.153s] -- Installing: /home/rumy/acrome_ws/install/joint_state_broadcaster/share/joint_state_broadcaster/local_setup.bash
[67.153s] -- Installing: /home/rumy/acrome_ws/install/joint_state_broadcaster/share/joint_state_broadcaster/local_setup.sh
[67.156s] -- Installing: /home/rumy/acrome_ws/install/joint_state_broadcaster/share/joint_state_broadcaster/local_setup.zsh
[67.156s] -- Installing: /home/rumy/acrome_ws/install/joint_state_broadcaster/share/joint_state_broadcaster/local_setup.dsv
[67.156s] -- Installing: /home/rumy/acrome_ws/install/joint_state_broadcaster/share/joint_state_broadcaster/package.dsv
[67.156s] -- Installing: /home/rumy/acrome_ws/install/joint_state_broadcaster/share/ament_index/resource_index/packages/joint_state_broadcaster
[67.156s] -- Installing: /home/rumy/acrome_ws/install/joint_state_broadcaster/share/ament_index/resource_index/controller_interface__pluginlib__plugin/joint_state_broadcaster
[67.156s] -- Installing: /home/rumy/acrome_ws/install/joint_state_broadcaster/share/joint_state_broadcaster/cmake/export_joint_state_broadcasterExport.cmake
[67.156s] -- Installing: /home/rumy/acrome_ws/install/joint_state_broadcaster/share/joint_state_broadcaster/cmake/export_joint_state_broadcasterExport-noconfig.cmake
[67.157s] -- Installing: /home/rumy/acrome_ws/install/joint_state_broadcaster/share/joint_state_broadcaster/cmake/ament_cmake_export_dependencies-extras.cmake
[67.157s] -- Installing: /home/rumy/acrome_ws/install/joint_state_broadcaster/share/joint_state_broadcaster/cmake/ament_cmake_export_targets-extras.cmake
[67.157s] -- Installing: /home/rumy/acrome_ws/install/joint_state_broadcaster/share/joint_state_broadcaster/cmake/joint_state_broadcasterConfig.cmake
[67.157s] -- Installing: /home/rumy/acrome_ws/install/joint_state_broadcaster/share/joint_state_broadcaster/cmake/joint_state_broadcasterConfig-version.cmake
[67.157s] -- Installing: /home/rumy/acrome_ws/install/joint_state_broadcaster/share/joint_state_broadcaster/package.xml
[67.172s] Invoked command in '/home/rumy/acrome_ws/build/joint_state_broadcaster' returned '0': CMAKE_PREFIX_PATH=${CMAKE_PREFIX_PATH}:/opt/ros/jazzy DEBUGINFOD_URLS=https://debuginfod.ubuntu.com /usr/bin/cmake --install /home/rumy/acrome_ws/build/joint_state_broadcaster
