[0.055s] Invoking command in '/home/rumy/acrome_ws/build/acrome_mini_robot': CMAKE_PREFIX_PATH=${CMAKE_PREFIX_PATH}:/home/rumy/acrome_ws/install/rqt_joint_trajectory_controller:/home/rumy/acrome_ws/install/ros2_controllers_test_nodes:/opt/ros/jazzy DEBUGINFOD_URLS=https://debuginfod.ubuntu.com /usr/bin/cmake /home/rumy/acrome_ws/src/acrome_mini_robot -DCMAKE_INSTALL_PREFIX=/home/rumy/acrome_ws/install/acrome_mini_robot
[0.643s] -- Found ament_cmake: 2.5.4 (/opt/ros/jazzy/share/ament_cmake/cmake)
[0.643s] -- Override CMake install command with custom implementation using symlinks instead of copying resources
[0.643s] -- Configuring done (0.3s)
[0.643s] -- Generating done (0.0s)
[0.644s] -- Build files have been written to: /home/rumy/acrome_ws/build/acrome_mini_robot
[0.654s] Invoked command in '/home/rumy/acrome_ws/build/acrome_mini_robot' returned '0': CMAKE_PREFIX_PATH=${CMAKE_PREFIX_PATH}:/home/rumy/acrome_ws/install/rqt_joint_trajectory_controller:/home/rumy/acrome_ws/install/ros2_controllers_test_nodes:/opt/ros/jazzy DEBUGINFOD_URLS=https://debuginfod.ubuntu.com /usr/bin/cmake /home/rumy/acrome_ws/src/acrome_mini_robot -DCMAKE_INSTALL_PREFIX=/home/rumy/acrome_ws/install/acrome_mini_robot
[0.655s] Invoking command in '/home/rumy/acrome_ws/build/acrome_mini_robot': CMAKE_PREFIX_PATH=${CMAKE_PREFIX_PATH}:/home/rumy/acrome_ws/install/rqt_joint_trajectory_controller:/home/rumy/acrome_ws/install/ros2_controllers_test_nodes:/opt/ros/jazzy DEBUGINFOD_URLS=https://debuginfod.ubuntu.com /usr/bin/cmake --build /home/rumy/acrome_ws/build/acrome_mini_robot -- -j12 -l12
[9.542s] Invoked command in '/home/rumy/acrome_ws/build/acrome_mini_robot' returned '0': CMAKE_PREFIX_PATH=${CMAKE_PREFIX_PATH}:/home/rumy/acrome_ws/install/rqt_joint_trajectory_controller:/home/rumy/acrome_ws/install/ros2_controllers_test_nodes:/opt/ros/jazzy DEBUGINFOD_URLS=https://debuginfod.ubuntu.com /usr/bin/cmake --build /home/rumy/acrome_ws/build/acrome_mini_robot -- -j12 -l12
[9.547s] Invoking command in '/home/rumy/acrome_ws/build/acrome_mini_robot': CMAKE_PREFIX_PATH=${CMAKE_PREFIX_PATH}:/home/rumy/acrome_ws/install/rqt_joint_trajectory_controller:/home/rumy/acrome_ws/install/ros2_controllers_test_nodes:/opt/ros/jazzy DEBUGINFOD_URLS=https://debuginfod.ubuntu.com /usr/bin/cmake --install /home/rumy/acrome_ws/build/acrome_mini_robot
[9.576s] -- Install configuration: ""
[9.576s] -- Execute custom install script
[9.577s] -- Up-to-date symlink: /home/rumy/acrome_ws/install/acrome_mini_robot/share/acrome_mini_robot/launch/display.launch
[9.577s] -- Up-to-date symlink: /home/rumy/acrome_ws/install/acrome_mini_robot/share/acrome_mini_robot/launch/gazebo.launch
[9.577s] -- Up-to-date symlink: /home/rumy/acrome_ws/install/acrome_mini_robot/share/acrome_mini_robot/launch/gazebo_launch.py
[9.577s] -- Up-to-date symlink: /home/rumy/acrome_ws/install/acrome_mini_robot/share/acrome_mini_robot/launch/gz.control_launch.py
[9.577s] -- Up-to-date symlink: /home/rumy/acrome_ws/install/acrome_mini_robot/share/acrome_mini_robot/urdf/acrome_mini_robot.urdf.xacro
[9.577s] -- Up-to-date symlink: /home/rumy/acrome_ws/install/acrome_mini_robot/share/acrome_mini_robot/meshes/base_link.stl
[9.578s] -- Up-to-date symlink: /home/rumy/acrome_ws/install/acrome_mini_robot/share/acrome_mini_robot/meshes/left_wheel.stl
[9.578s] -- Up-to-date symlink: /home/rumy/acrome_ws/install/acrome_mini_robot/share/acrome_mini_robot/meshes/right_wheel.stl
[9.578s] -- Up-to-date symlink: /home/rumy/acrome_ws/install/acrome_mini_robot/share/ament_index/resource_index/package_run_dependencies/acrome_mini_robot
[9.578s] -- Up-to-date symlink: /home/rumy/acrome_ws/install/acrome_mini_robot/share/ament_index/resource_index/parent_prefix_path/acrome_mini_robot
[9.578s] -- Up-to-date symlink: /home/rumy/acrome_ws/install/acrome_mini_robot/share/acrome_mini_robot/environment/ament_prefix_path.sh
[9.579s] -- Up-to-date symlink: /home/rumy/acrome_ws/install/acrome_mini_robot/share/acrome_mini_robot/environment/ament_prefix_path.dsv
[9.579s] -- Up-to-date symlink: /home/rumy/acrome_ws/install/acrome_mini_robot/share/acrome_mini_robot/environment/path.sh
[9.581s] -- Up-to-date symlink: /home/rumy/acrome_ws/install/acrome_mini_robot/share/acrome_mini_robot/environment/path.dsv
[9.582s] -- Up-to-date symlink: /home/rumy/acrome_ws/install/acrome_mini_robot/share/acrome_mini_robot/local_setup.bash
[9.583s] -- Up-to-date symlink: /home/rumy/acrome_ws/install/acrome_mini_robot/share/acrome_mini_robot/local_setup.sh
[9.583s] -- Up-to-date symlink: /home/rumy/acrome_ws/install/acrome_mini_robot/share/acrome_mini_robot/local_setup.zsh
[9.584s] -- Up-to-date symlink: /home/rumy/acrome_ws/install/acrome_mini_robot/share/acrome_mini_robot/local_setup.dsv
[9.584s] -- Symlinking: /home/rumy/acrome_ws/install/acrome_mini_robot/share/acrome_mini_robot/package.dsv
[9.617s] -- Up-to-date symlink: /home/rumy/acrome_ws/install/acrome_mini_robot/share/ament_index/resource_index/packages/acrome_mini_robot
[9.618s] -- Up-to-date symlink: /home/rumy/acrome_ws/install/acrome_mini_robot/share/acrome_mini_robot/cmake/acrome_mini_robotConfig.cmake
[9.618s] -- Up-to-date symlink: /home/rumy/acrome_ws/install/acrome_mini_robot/share/acrome_mini_robot/cmake/acrome_mini_robotConfig-version.cmake
[9.618s] -- Up-to-date symlink: /home/rumy/acrome_ws/install/acrome_mini_robot/share/acrome_mini_robot/package.xml
