[0.044s] Invoking command in '/home/rumy/acrome_ws/build/gpio_controllers': CMAKE_PREFIX_PATH=${CMAKE_PREFIX_PATH}:/opt/ros/jazzy DEBUGINFOD_URLS=https://debuginfod.ubuntu.com /usr/bin/cmake /home/rumy/acrome_ws/src/ros2_controllers/gpio_controllers -DAMENT_CMAKE_SYMLINK_INSTALL=1 -DCMAKE_INSTALL_PREFIX=/home/rumy/acrome_ws/install/gpio_controllers
[0.088s] -- Found ros2_control_cmake: 0.2.1 (/opt/ros/jazzy/share/ros2_control_cmake/cmake)
[0.088s] -- Compiler warnings enabled for GNU
[0.088s] -- Detected GCC Version: 13.3.0 (Major: 13, Minor: 3)
[0.088s] -- Found ament_cmake: 2.5.4 (/opt/ros/jazzy/share/ament_cmake/cmake)
[0.390s] -- Override CMake install command with custom implementation using symlinks instead of copying resources
[0.396s] -- Found controller_interface: 4.32.0 (/opt/ros/jazzy/share/controller_interface/cmake)
[0.440s] -- Found rosidl_generator_c: 4.6.5 (/opt/ros/jazzy/share/rosidl_generator_c/cmake)
[0.455s] -- Found rosidl_generator_cpp: 4.6.5 (/opt/ros/jazzy/share/rosidl_generator_cpp/cmake)
[0.474s] -- Using all available rosidl_typesupport_c: rosidl_typesupport_fastrtps_c;rosidl_typesupport_introspection_c
[0.497s] -- Using all available rosidl_typesupport_cpp: rosidl_typesupport_fastrtps_cpp;rosidl_typesupport_introspection_cpp
[0.794s] -- Found TinyXML2 via Config file: /usr/lib/x86_64-linux-gnu/cmake/tinyxml2
[0.847s] -- Found rmw_implementation_cmake: 7.3.2 (/opt/ros/jazzy/share/rmw_implementation_cmake/cmake)
[0.850s] -- Found rmw_fastrtps_cpp: 8.4.2 (/opt/ros/jazzy/share/rmw_fastrtps_cpp/cmake)
[0.877s] -- Found TinyXML2 via Config file: /usr/lib/x86_64-linux-gnu/cmake/tinyxml2
[0.889s] -- Found TinyXML2 via Config file: /usr/lib/x86_64-linux-gnu/cmake/tinyxml2
[0.913s] -- Found TinyXML2 via Config file: /usr/lib/x86_64-linux-gnu/cmake/tinyxml2
[0.924s] -- Found TinyXML2 via Config file: /usr/lib/x86_64-linux-gnu/cmake/tinyxml2
[0.942s] -- Using RMW implementation 'rmw_fastrtps_cpp' as default
[1.150s] -- Found generate_parameter_library: 0.5.0 (/opt/ros/jazzy/share/generate_parameter_library/cmake)
[1.150s] -- Found parameter_traits: 0.5.0 (/opt/ros/jazzy/share/parameter_traits/cmake)
[1.163s] -- Found ament_cmake_gmock: 2.5.4 (/opt/ros/jazzy/share/ament_cmake_gmock/cmake)
[1.164s] -- Found controller_manager: 4.32.0 (/opt/ros/jazzy/share/controller_manager/cmake)
[1.275s] -- Found ros2_control_test_assets: 4.32.0 (/opt/ros/jazzy/share/ros2_control_test_assets/cmake)
[1.277s] -- Found gmock sources under '/opt/ros/jazzy/src/gmock_vendor': C++ tests using 'Google Mock' will be built
[1.280s] -- Found ament_cmake_gtest: 2.5.4 (/opt/ros/jazzy/share/ament_cmake_gtest/cmake)
[1.280s] -- Found gtest sources under '/opt/ros/jazzy/src/gtest_vendor': C++ tests using 'Google Test' will be built
[1.425s] -- Configuring done (1.4s)
[1.502s] -- Generating done (0.1s)
[1.520s] -- Build files have been written to: /home/rumy/acrome_ws/build/gpio_controllers
[1.554s] Invoked command in '/home/rumy/acrome_ws/build/gpio_controllers' returned '0': CMAKE_PREFIX_PATH=${CMAKE_PREFIX_PATH}:/opt/ros/jazzy DEBUGINFOD_URLS=https://debuginfod.ubuntu.com /usr/bin/cmake /home/rumy/acrome_ws/src/ros2_controllers/gpio_controllers -DAMENT_CMAKE_SYMLINK_INSTALL=1 -DCMAKE_INSTALL_PREFIX=/home/rumy/acrome_ws/install/gpio_controllers
[1.554s] Invoking command in '/home/rumy/acrome_ws/build/gpio_controllers': CMAKE_PREFIX_PATH=${CMAKE_PREFIX_PATH}:/opt/ros/jazzy DEBUGINFOD_URLS=https://debuginfod.ubuntu.com /usr/bin/cmake --build /home/rumy/acrome_ws/build/gpio_controllers -- -j12 -l12
[1.628s] [ 15%] Built target gpio_command_controller_parameters
[1.655s] [ 30%] Built target gmock_main
[1.661s] [ 53%] Built target gmock
[1.705s] [ 61%] [32m[1mLinking CXX shared library libgpio_controllers.so[0m
[1.714s] [ 76%] Built target test_load_gpio_command_controller
[2.597s] [ 84%] Built target gpio_controllers
[2.630s] [ 92%] [32m[1mLinking CXX executable test_gpio_command_controller[0m
[3.773s] [100%] Built target test_gpio_command_controller
[3.804s] Invoked command in '/home/rumy/acrome_ws/build/gpio_controllers' returned '0': CMAKE_PREFIX_PATH=${CMAKE_PREFIX_PATH}:/opt/ros/jazzy DEBUGINFOD_URLS=https://debuginfod.ubuntu.com /usr/bin/cmake --build /home/rumy/acrome_ws/build/gpio_controllers -- -j12 -l12
[3.804s] Invoking command in '/home/rumy/acrome_ws/build/gpio_controllers': CMAKE_PREFIX_PATH=${CMAKE_PREFIX_PATH}:/opt/ros/jazzy DEBUGINFOD_URLS=https://debuginfod.ubuntu.com /usr/bin/cmake --install /home/rumy/acrome_ws/build/gpio_controllers
[4.182s] -- Install configuration: ""
[4.182s] -- Execute custom install script
[4.182s] -- Symlinking: /home/rumy/acrome_ws/install/gpio_controllers/include/gpio_controllers/gpio_command_controller_parameters.hpp
[4.182s] -- Symlinking: /home/rumy/acrome_ws/install/gpio_controllers/share/gpio_controllers//gpio_controllers_plugin.xml
[4.182s] -- Symlinking: /home/rumy/acrome_ws/install/gpio_controllers/include/gpio_controllers/gpio_command_controller.hpp
[4.182s] -- Symlinking: /home/rumy/acrome_ws/install/gpio_controllers/lib/libgpio_controllers.so
[4.182s] -- Symlinking: /home/rumy/acrome_ws/install/gpio_controllers/share/gpio_controllers/environment/library_path.sh
[4.182s] -- Symlinking: /home/rumy/acrome_ws/install/gpio_controllers/share/gpio_controllers/environment/library_path.dsv
[4.183s] -- Symlinking: /home/rumy/acrome_ws/install/gpio_controllers/share/ament_index/resource_index/package_run_dependencies/gpio_controllers
[4.183s] -- Symlinking: /home/rumy/acrome_ws/install/gpio_controllers/share/ament_index/resource_index/parent_prefix_path/gpio_controllers
[4.183s] -- Symlinking: /home/rumy/acrome_ws/install/gpio_controllers/share/gpio_controllers/environment/ament_prefix_path.sh
[4.183s] -- Symlinking: /home/rumy/acrome_ws/install/gpio_controllers/share/gpio_controllers/environment/ament_prefix_path.dsv
[4.183s] -- Symlinking: /home/rumy/acrome_ws/install/gpio_controllers/share/gpio_controllers/environment/path.sh
[4.183s] -- Symlinking: /home/rumy/acrome_ws/install/gpio_controllers/share/gpio_controllers/environment/path.dsv
[4.183s] -- Symlinking: /home/rumy/acrome_ws/install/gpio_controllers/share/gpio_controllers/local_setup.bash
[4.183s] -- Symlinking: /home/rumy/acrome_ws/install/gpio_controllers/share/gpio_controllers/local_setup.sh
[4.183s] -- Symlinking: /home/rumy/acrome_ws/install/gpio_controllers/share/gpio_controllers/local_setup.zsh
[4.184s] -- Symlinking: /home/rumy/acrome_ws/install/gpio_controllers/share/gpio_controllers/local_setup.dsv
[4.184s] -- Symlinking: /home/rumy/acrome_ws/install/gpio_controllers/share/gpio_controllers/package.dsv
[4.184s] -- Symlinking: /home/rumy/acrome_ws/install/gpio_controllers/share/ament_index/resource_index/packages/gpio_controllers
[4.184s] -- Symlinking: /home/rumy/acrome_ws/install/gpio_controllers/share/ament_index/resource_index/controller_interface__pluginlib__plugin/gpio_controllers
[4.184s] -- Symlinking: /home/rumy/acrome_ws/install/gpio_controllers/share/gpio_controllers/cmake/ament_cmake_export_dependencies-extras.cmake
[4.184s] -- Symlinking: /home/rumy/acrome_ws/install/gpio_controllers/share/gpio_controllers/cmake/ament_cmake_export_include_directories-extras.cmake
[4.184s] -- Symlinking: /home/rumy/acrome_ws/install/gpio_controllers/share/gpio_controllers/cmake/ament_cmake_export_libraries-extras.cmake
[4.198s] -- Symlinking: /home/rumy/acrome_ws/install/gpio_controllers/share/gpio_controllers/cmake/gpio_controllersConfig.cmake
[4.208s] -- Symlinking: /home/rumy/acrome_ws/install/gpio_controllers/share/gpio_controllers/cmake/gpio_controllersConfig-version.cmake
[4.225s] -- Symlinking: /home/rumy/acrome_ws/install/gpio_controllers/share/gpio_controllers/package.xml
[4.262s] Invoked command in '/home/rumy/acrome_ws/build/gpio_controllers' returned '0': CMAKE_PREFIX_PATH=${CMAKE_PREFIX_PATH}:/opt/ros/jazzy DEBUGINFOD_URLS=https://debuginfod.ubuntu.com /usr/bin/cmake --install /home/rumy/acrome_ws/build/gpio_controllers
