[0.015s] Invoking command in '/home/halit/acrome_ws/build/acrome_mini_robot': CMAKE_PREFIX_PATH=${CMAKE_PREFIX_PATH}:/opt/ros/jazzy /usr/bin/cmake --build /home/halit/acrome_ws/build/acrome_mini_robot -- -j4 -l4
[0.088s] Invoked command in '/home/halit/acrome_ws/build/acrome_mini_robot' returned '0': CMAKE_PREFIX_PATH=${CMAKE_PREFIX_PATH}:/opt/ros/jazzy /usr/bin/cmake --build /home/halit/acrome_ws/build/acrome_mini_robot -- -j4 -l4
[0.097s] Invoking command in '/home/halit/acrome_ws/build/acrome_mini_robot': CMAKE_PREFIX_PATH=${CMAKE_PREFIX_PATH}:/opt/ros/jazzy /usr/bin/cmake --install /home/halit/acrome_ws/build/acrome_mini_robot
[0.105s] -- Install configuration: ""
[0.107s] -- Execute custom install script
[0.109s] -- Up-to-date symlink: /home/halit/acrome_ws/install/acrome_mini_robot/share/acrome_mini_robot//launch/display.launch
[0.110s] -- Up-to-date symlink: /home/halit/acrome_ws/install/acrome_mini_robot/share/acrome_mini_robot//launch/gazebo.launch
[0.110s] -- Up-to-date symlink: /home/halit/acrome_ws/install/acrome_mini_robot/share/acrome_mini_robot//launch/gazebo_launch.py
[0.111s] -- Up-to-date symlink: /home/halit/acrome_ws/install/acrome_mini_robot/share/acrome_mini_robot//urdf/acrome_mini_robot.xacro.urdf
[0.111s] -- Up-to-date symlink: /home/halit/acrome_ws/install/acrome_mini_robot/share/acrome_mini_robot//config/acrome_controller.yaml
[0.112s] -- Up-to-date symlink: /home/halit/acrome_ws/install/acrome_mini_robot/share/ament_index/resource_index/package_run_dependencies/acrome_mini_robot
[0.112s] -- Up-to-date symlink: /home/halit/acrome_ws/install/acrome_mini_robot/share/ament_index/resource_index/parent_prefix_path/acrome_mini_robot
[0.112s] -- Up-to-date symlink: /home/halit/acrome_ws/install/acrome_mini_robot/share/acrome_mini_robot/environment/ament_prefix_path.sh
[0.113s] -- Up-to-date symlink: /home/halit/acrome_ws/install/acrome_mini_robot/share/acrome_mini_robot/environment/ament_prefix_path.dsv
[0.113s] -- Up-to-date symlink: /home/halit/acrome_ws/install/acrome_mini_robot/share/acrome_mini_robot/environment/path.sh
[0.114s] -- Up-to-date symlink: /home/halit/acrome_ws/install/acrome_mini_robot/share/acrome_mini_robot/environment/path.dsv
[0.114s] -- Up-to-date symlink: /home/halit/acrome_ws/install/acrome_mini_robot/share/acrome_mini_robot/local_setup.bash
[0.114s] -- Up-to-date symlink: /home/halit/acrome_ws/install/acrome_mini_robot/share/acrome_mini_robot/local_setup.sh
[0.115s] -- Up-to-date symlink: /home/halit/acrome_ws/install/acrome_mini_robot/share/acrome_mini_robot/local_setup.zsh
[0.115s] -- Up-to-date symlink: /home/halit/acrome_ws/install/acrome_mini_robot/share/acrome_mini_robot/local_setup.dsv
[0.115s] -- Symlinking: /home/halit/acrome_ws/install/acrome_mini_robot/share/acrome_mini_robot/package.dsv
[0.123s] -- Up-to-date symlink: /home/halit/acrome_ws/install/acrome_mini_robot/share/ament_index/resource_index/packages/acrome_mini_robot
[0.124s] -- Up-to-date symlink: /home/halit/acrome_ws/install/acrome_mini_robot/share/acrome_mini_robot/cmake/acrome_mini_robotConfig.cmake
[0.124s] -- Up-to-date symlink: /home/halit/acrome_ws/install/acrome_mini_robot/share/acrome_mini_robot/cmake/acrome_mini_robotConfig-version.cmake
[0.124s] -- Up-to-date symlink: /home/halit/acrome_ws/install/acrome_mini_robot/share/acrome_mini_robot/package.xml
[0.126s] Invoked command in '/home/halit/acrome_ws/build/acrome_mini_robot' returned '0': CMAKE_PREFIX_PATH=${CMAKE_PREFIX_PATH}:/opt/ros/jazzy /usr/bin/cmake --install /home/halit/acrome_ws/build/acrome_mini_robot
