[0.125s] Invoking command in '/home/rumy/acrome_ws/build/control_toolbox': CMAKE_PREFIX_PATH=${CMAKE_PREFIX_PATH}:/home/rumy/acrome_ws/install/rqt_joint_trajectory_controller:/home/rumy/acrome_ws/install/ros2_controllers_test_nodes:/opt/ros/jazzy DEBUGINFOD_URLS=https://debuginfod.ubuntu.com /usr/bin/cmake --build /home/rumy/acrome_ws/build/control_toolbox -- -j12 -l12
[0.311s] [  7%] Built target rate_limiter_parameters
[0.313s] [  7%] Built target gravity_compensation_filter_parameters
[0.314s] [ 11%] Built target low_pass_filter_parameters
[0.322s] [ 15%] Built target exponential_filter_parameters
[0.340s] [ 28%] Built target control_toolbox
[0.340s] [ 34%] Built target gmock
[0.354s] [ 38%] Built target gmock_main
[0.494s] [ 42%] Built target rate_limiter_tests
[0.495s] [ 46%] Built target rate_limiter
[0.507s] [ 50%] Built target pid_ros_publisher_tests
[0.526s] [ 53%] Built target low_pass_filter
[0.530s] [ 57%] Built target gravity_compensation
[0.578s] [ 61%] Built target exponential_filter
[0.590s] [ 65%] Built target pid_tests
[0.601s] [ 69%] Built target pid_ros_parameters_tests
[0.651s] [ 73%] Built target test_load_rate_limiter
[0.655s] [ 76%] Built target test_load_low_pass_filter
[0.700s] [ 80%] Built target test_low_pass_filter
[0.739s] [ 84%] Built target test_rate_limiter
[0.765s] [ 88%] Built target test_load_exponential_filter
[0.770s] [ 92%] Built target test_load_gravity_compensation
[0.771s] [ 96%] Built target test_exponential_filter
[0.776s] [100%] Built target test_gravity_compensation
[0.949s] Invoked command in '/home/rumy/acrome_ws/build/control_toolbox' returned '0': CMAKE_PREFIX_PATH=${CMAKE_PREFIX_PATH}:/home/rumy/acrome_ws/install/rqt_joint_trajectory_controller:/home/rumy/acrome_ws/install/ros2_controllers_test_nodes:/opt/ros/jazzy DEBUGINFOD_URLS=https://debuginfod.ubuntu.com /usr/bin/cmake --build /home/rumy/acrome_ws/build/control_toolbox -- -j12 -l12
[0.972s] Invoking command in '/home/rumy/acrome_ws/build/control_toolbox': CMAKE_PREFIX_PATH=${CMAKE_PREFIX_PATH}:/home/rumy/acrome_ws/install/rqt_joint_trajectory_controller:/home/rumy/acrome_ws/install/ros2_controllers_test_nodes:/opt/ros/jazzy DEBUGINFOD_URLS=https://debuginfod.ubuntu.com /usr/bin/cmake --install /home/rumy/acrome_ws/build/control_toolbox
[0.995s] -- Install configuration: ""
[0.995s] -- Execute custom install script
[0.995s] -- Up-to-date symlink: /home/rumy/acrome_ws/install/control_toolbox/include/control_toolbox/custom_validators.hpp
[0.996s] -- Up-to-date symlink: /home/rumy/acrome_ws/install/control_toolbox/include/control_toolbox/exponential_filter_parameters.hpp
[0.996s] -- Up-to-date symlink: /home/rumy/acrome_ws/install/control_toolbox/include/control_toolbox/gravity_compensation_filter_parameters.hpp
[0.996s] -- Up-to-date symlink: /home/rumy/acrome_ws/install/control_toolbox/include/control_toolbox/low_pass_filter_parameters.hpp
[0.996s] -- Up-to-date symlink: /home/rumy/acrome_ws/install/control_toolbox/include/control_toolbox/rate_limiter_parameters.hpp
[0.996s] -- Up-to-date symlink: /home/rumy/acrome_ws/install/control_toolbox/include/control_toolbox/custom_validators.hpp
[0.996s] -- Up-to-date symlink: /home/rumy/acrome_ws/install/control_toolbox/include/control_toolbox/exponential_filter_parameters.hpp
[0.997s] -- Up-to-date symlink: /home/rumy/acrome_ws/install/control_toolbox/include/control_toolbox/gravity_compensation_filter_parameters.hpp
[1.000s] -- Up-to-date symlink: /home/rumy/acrome_ws/install/control_toolbox/include/control_toolbox/low_pass_filter_parameters.hpp
[1.000s] -- Up-to-date symlink: /home/rumy/acrome_ws/install/control_toolbox/include/control_toolbox/rate_limiter_parameters.hpp
[1.001s] -- Up-to-date symlink: /home/rumy/acrome_ws/install/control_toolbox/include/control_toolbox/custom_validators.hpp
[1.004s] -- Up-to-date symlink: /home/rumy/acrome_ws/install/control_toolbox/include/control_toolbox/exponential_filter_parameters.hpp
[1.005s] -- Up-to-date symlink: /home/rumy/acrome_ws/install/control_toolbox/include/control_toolbox/gravity_compensation_filter_parameters.hpp
[1.006s] -- Up-to-date symlink: /home/rumy/acrome_ws/install/control_toolbox/include/control_toolbox/low_pass_filter_parameters.hpp
[1.007s] -- Up-to-date symlink: /home/rumy/acrome_ws/install/control_toolbox/include/control_toolbox/rate_limiter_parameters.hpp
[1.007s] -- Up-to-date symlink: /home/rumy/acrome_ws/install/control_toolbox/include/control_toolbox/custom_validators.hpp
[1.008s] -- Up-to-date symlink: /home/rumy/acrome_ws/install/control_toolbox/include/control_toolbox/exponential_filter_parameters.hpp
[1.008s] -- Up-to-date symlink: /home/rumy/acrome_ws/install/control_toolbox/include/control_toolbox/gravity_compensation_filter_parameters.hpp
[1.011s] -- Up-to-date symlink: /home/rumy/acrome_ws/install/control_toolbox/include/control_toolbox/low_pass_filter_parameters.hpp
[1.011s] -- Up-to-date symlink: /home/rumy/acrome_ws/install/control_toolbox/include/control_toolbox/rate_limiter_parameters.hpp
[1.011s] -- Up-to-date symlink: /home/rumy/acrome_ws/install/control_toolbox/share/control_toolbox//control_filters.xml
[1.012s] -- Up-to-date symlink: /home/rumy/acrome_ws/install/control_toolbox/include/control_toolbox/control_filters/custom_validators.hpp
[1.012s] -- Up-to-date symlink: /home/rumy/acrome_ws/install/control_toolbox/include/control_toolbox/control_filters/exponential_filter.hpp
[1.012s] -- Up-to-date symlink: /home/rumy/acrome_ws/install/control_toolbox/include/control_toolbox/control_filters/gravity_compensation.hpp
[1.012s] -- Up-to-date symlink: /home/rumy/acrome_ws/install/control_toolbox/include/control_toolbox/control_filters/low_pass_filter.hpp
[1.013s] -- Up-to-date symlink: /home/rumy/acrome_ws/install/control_toolbox/include/control_toolbox/control_filters/rate_limiter.hpp
[1.013s] -- Up-to-date symlink: /home/rumy/acrome_ws/install/control_toolbox/include/control_toolbox/control_toolbox/dither.hpp
[1.013s] -- Up-to-date symlink: /home/rumy/acrome_ws/install/control_toolbox/include/control_toolbox/control_toolbox/filters.hpp
[1.013s] -- Up-to-date symlink: /home/rumy/acrome_ws/install/control_toolbox/include/control_toolbox/control_toolbox/limited_proxy.hpp
[1.013s] -- Up-to-date symlink: /home/rumy/acrome_ws/install/control_toolbox/include/control_toolbox/control_toolbox/low_pass_filter.hpp
[1.013s] -- Up-to-date symlink: /home/rumy/acrome_ws/install/control_toolbox/include/control_toolbox/control_toolbox/pid.hpp
[1.014s] -- Up-to-date symlink: /home/rumy/acrome_ws/install/control_toolbox/include/control_toolbox/control_toolbox/pid_ros.hpp
[1.014s] -- Up-to-date symlink: /home/rumy/acrome_ws/install/control_toolbox/include/control_toolbox/control_toolbox/rate_limiter.hpp
[1.014s] -- Up-to-date symlink: /home/rumy/acrome_ws/install/control_toolbox/include/control_toolbox/control_toolbox/sine_sweep.hpp
[1.014s] -- Up-to-date symlink: /home/rumy/acrome_ws/install/control_toolbox/include/control_toolbox/control_toolbox/sinusoid.hpp
[1.014s] -- Up-to-date symlink: /home/rumy/acrome_ws/install/control_toolbox/share/control_toolbox/environment/library_path.sh
[1.015s] -- Up-to-date symlink: /home/rumy/acrome_ws/install/control_toolbox/share/control_toolbox/environment/library_path.dsv
[1.015s] -- Up-to-date symlink: /home/rumy/acrome_ws/install/control_toolbox/share/ament_index/resource_index/package_run_dependencies/control_toolbox
[1.015s] -- Up-to-date symlink: /home/rumy/acrome_ws/install/control_toolbox/share/ament_index/resource_index/parent_prefix_path/control_toolbox
[1.015s] -- Up-to-date symlink: /home/rumy/acrome_ws/install/control_toolbox/share/control_toolbox/environment/ament_prefix_path.sh
[1.015s] -- Up-to-date symlink: /home/rumy/acrome_ws/install/control_toolbox/share/control_toolbox/environment/ament_prefix_path.dsv
[1.015s] -- Up-to-date symlink: /home/rumy/acrome_ws/install/control_toolbox/share/control_toolbox/environment/path.sh
[1.016s] -- Up-to-date symlink: /home/rumy/acrome_ws/install/control_toolbox/share/control_toolbox/environment/path.dsv
[1.016s] -- Up-to-date symlink: /home/rumy/acrome_ws/install/control_toolbox/share/control_toolbox/local_setup.bash
[1.016s] -- Up-to-date symlink: /home/rumy/acrome_ws/install/control_toolbox/share/control_toolbox/local_setup.sh
[1.016s] -- Up-to-date symlink: /home/rumy/acrome_ws/install/control_toolbox/share/control_toolbox/local_setup.zsh
[1.016s] -- Up-to-date symlink: /home/rumy/acrome_ws/install/control_toolbox/share/control_toolbox/local_setup.dsv
[1.016s] -- Symlinking: /home/rumy/acrome_ws/install/control_toolbox/share/control_toolbox/package.dsv
[1.017s] -- Up-to-date symlink: /home/rumy/acrome_ws/install/control_toolbox/share/ament_index/resource_index/packages/control_toolbox
[1.017s] -- Up-to-date symlink: /home/rumy/acrome_ws/install/control_toolbox/share/ament_index/resource_index/filters__pluginlib__plugin/control_toolbox
[1.018s] -- Up-to-date symlink: /home/rumy/acrome_ws/install/control_toolbox/share/control_toolbox/cmake/ament_cmake_export_dependencies-extras.cmake
[1.018s] -- Up-to-date symlink: /home/rumy/acrome_ws/install/control_toolbox/share/control_toolbox/cmake/ament_cmake_export_targets-extras.cmake
[1.018s] -- Up-to-date symlink: /home/rumy/acrome_ws/install/control_toolbox/share/control_toolbox/cmake/control_toolboxConfig.cmake
[1.018s] -- Up-to-date symlink: /home/rumy/acrome_ws/install/control_toolbox/share/control_toolbox/cmake/control_toolboxConfig-version.cmake
[1.018s] -- Up-to-date symlink: /home/rumy/acrome_ws/install/control_toolbox/share/control_toolbox/package.xml
[1.018s] -- Up-to-date: /home/rumy/acrome_ws/install/control_toolbox/lib/libcontrol_toolbox.so
[1.018s] -- Up-to-date: /home/rumy/acrome_ws/install/control_toolbox/lib/liblow_pass_filter.so
[1.018s] -- Up-to-date: /home/rumy/acrome_ws/install/control_toolbox/lib/librate_limiter.so
[1.018s] -- Up-to-date: /home/rumy/acrome_ws/install/control_toolbox/lib/libexponential_filter.so
[1.019s] -- Up-to-date: /home/rumy/acrome_ws/install/control_toolbox/lib/libgravity_compensation.so
[1.019s] -- Up-to-date: /home/rumy/acrome_ws/install/control_toolbox/share/control_toolbox/cmake/export_control_toolboxExport.cmake
[1.019s] -- Up-to-date: /home/rumy/acrome_ws/install/control_toolbox/share/control_toolbox/cmake/export_control_toolboxExport-noconfig.cmake
[1.325s] Invoked command in '/home/rumy/acrome_ws/build/control_toolbox' returned '0': CMAKE_PREFIX_PATH=${CMAKE_PREFIX_PATH}:/home/rumy/acrome_ws/install/rqt_joint_trajectory_controller:/home/rumy/acrome_ws/install/ros2_controllers_test_nodes:/opt/ros/jazzy DEBUGINFOD_URLS=https://debuginfod.ubuntu.com /usr/bin/cmake --install /home/rumy/acrome_ws/build/control_toolbox
