[0.061s] Invoking command in '/home/rumy/acrome_ws/build/steering_controllers_library': CMAKE_PREFIX_PATH=${CMAKE_PREFIX_PATH}:/home/rumy/acrome_ws/install/rqt_joint_trajectory_controller:/home/rumy/acrome_ws/install/ros2_controllers_test_nodes:/opt/ros/jazzy DEBUGINFOD_URLS=https://debuginfod.ubuntu.com /usr/bin/cmake --build /home/rumy/acrome_ws/build/steering_controllers_library -- -j12 -l12
[0.146s] [ 14%] Built target steering_controllers_library_parameters
[0.193s] [ 35%] Built target gmock
[0.200s] [ 50%] Built target gmock_main
[0.269s] [ 71%] Built target steering_controllers_library
[0.345s] [ 85%] Built target test_steering_odometry
[0.362s] [100%] Built target test_steering_controllers_library
[0.390s] Invoked command in '/home/rumy/acrome_ws/build/steering_controllers_library' returned '0': CMAKE_PREFIX_PATH=${CMAKE_PREFIX_PATH}:/home/rumy/acrome_ws/install/rqt_joint_trajectory_controller:/home/rumy/acrome_ws/install/ros2_controllers_test_nodes:/opt/ros/jazzy DEBUGINFOD_URLS=https://debuginfod.ubuntu.com /usr/bin/cmake --build /home/rumy/acrome_ws/build/steering_controllers_library -- -j12 -l12
[0.415s] Invoking command in '/home/rumy/acrome_ws/build/steering_controllers_library': CMAKE_PREFIX_PATH=${CMAKE_PREFIX_PATH}:/home/rumy/acrome_ws/install/rqt_joint_trajectory_controller:/home/rumy/acrome_ws/install/ros2_controllers_test_nodes:/opt/ros/jazzy DEBUGINFOD_URLS=https://debuginfod.ubuntu.com /usr/bin/cmake --install /home/rumy/acrome_ws/build/steering_controllers_library
[0.430s] -- Install configuration: ""
[0.432s] -- Execute custom install script
[0.432s] -- Up-to-date symlink: /home/rumy/acrome_ws/install/steering_controllers_library/include/steering_controllers_library/steering_controllers_library_parameters.hpp
[0.433s] -- Up-to-date symlink: /home/rumy/acrome_ws/install/steering_controllers_library/include/steering_controllers_library/steering_controllers_library/steering_controllers_library.hpp
[0.433s] -- Up-to-date symlink: /home/rumy/acrome_ws/install/steering_controllers_library/include/steering_controllers_library/steering_controllers_library/steering_odometry.hpp
[0.433s] -- Up-to-date symlink: /home/rumy/acrome_ws/install/steering_controllers_library/share/steering_controllers_library/environment/library_path.sh
[0.433s] -- Up-to-date symlink: /home/rumy/acrome_ws/install/steering_controllers_library/share/steering_controllers_library/environment/library_path.dsv
[0.433s] -- Up-to-date symlink: /home/rumy/acrome_ws/install/steering_controllers_library/share/ament_index/resource_index/package_run_dependencies/steering_controllers_library
[0.433s] -- Up-to-date symlink: /home/rumy/acrome_ws/install/steering_controllers_library/share/ament_index/resource_index/parent_prefix_path/steering_controllers_library
[0.433s] -- Up-to-date symlink: /home/rumy/acrome_ws/install/steering_controllers_library/share/steering_controllers_library/environment/ament_prefix_path.sh
[0.433s] -- Up-to-date symlink: /home/rumy/acrome_ws/install/steering_controllers_library/share/steering_controllers_library/environment/ament_prefix_path.dsv
[0.434s] -- Up-to-date symlink: /home/rumy/acrome_ws/install/steering_controllers_library/share/steering_controllers_library/environment/path.sh
[0.434s] -- Up-to-date symlink: /home/rumy/acrome_ws/install/steering_controllers_library/share/steering_controllers_library/environment/path.dsv
[0.435s] -- Up-to-date symlink: /home/rumy/acrome_ws/install/steering_controllers_library/share/steering_controllers_library/local_setup.bash
[0.435s] -- Up-to-date symlink: /home/rumy/acrome_ws/install/steering_controllers_library/share/steering_controllers_library/local_setup.sh
[0.435s] -- Up-to-date symlink: /home/rumy/acrome_ws/install/steering_controllers_library/share/steering_controllers_library/local_setup.zsh
[0.435s] -- Up-to-date symlink: /home/rumy/acrome_ws/install/steering_controllers_library/share/steering_controllers_library/local_setup.dsv
[0.436s] -- Symlinking: /home/rumy/acrome_ws/install/steering_controllers_library/share/steering_controllers_library/package.dsv
[0.473s] -- Up-to-date symlink: /home/rumy/acrome_ws/install/steering_controllers_library/share/ament_index/resource_index/packages/steering_controllers_library
[0.475s] -- Up-to-date symlink: /home/rumy/acrome_ws/install/steering_controllers_library/share/steering_controllers_library/cmake/ament_cmake_export_dependencies-extras.cmake
[0.475s] -- Up-to-date symlink: /home/rumy/acrome_ws/install/steering_controllers_library/share/steering_controllers_library/cmake/ament_cmake_export_targets-extras.cmake
[0.475s] -- Up-to-date symlink: /home/rumy/acrome_ws/install/steering_controllers_library/share/steering_controllers_library/cmake/steering_controllers_libraryConfig.cmake
[0.475s] -- Up-to-date symlink: /home/rumy/acrome_ws/install/steering_controllers_library/share/steering_controllers_library/cmake/steering_controllers_libraryConfig-version.cmake
[0.476s] -- Up-to-date symlink: /home/rumy/acrome_ws/install/steering_controllers_library/share/steering_controllers_library/package.xml
[0.476s] -- Up-to-date: /home/rumy/acrome_ws/install/steering_controllers_library/lib/libsteering_controllers_library.so
[0.476s] -- Up-to-date: /home/rumy/acrome_ws/install/steering_controllers_library/share/steering_controllers_library/cmake/export_steering_controllers_libraryExport.cmake
[0.476s] -- Up-to-date: /home/rumy/acrome_ws/install/steering_controllers_library/share/steering_controllers_library/cmake/export_steering_controllers_libraryExport-noconfig.cmake
[0.501s] Invoked command in '/home/rumy/acrome_ws/build/steering_controllers_library' returned '0': CMAKE_PREFIX_PATH=${CMAKE_PREFIX_PATH}:/home/rumy/acrome_ws/install/rqt_joint_trajectory_controller:/home/rumy/acrome_ws/install/ros2_controllers_test_nodes:/opt/ros/jazzy DEBUGINFOD_URLS=https://debuginfod.ubuntu.com /usr/bin/cmake --install /home/rumy/acrome_ws/build/steering_controllers_library
