[0.057s] Invoking command in '/home/rumy/acrome_ws/build/steering_controllers_library': CMAKE_PREFIX_PATH=${CMAKE_PREFIX_PATH}:/home/rumy/acrome_ws/install/rqt_joint_trajectory_controller:/home/rumy/acrome_ws/install/ros2_controllers_test_nodes:/opt/ros/jazzy DEBUGINFOD_URLS=https://debuginfod.ubuntu.com /usr/bin/cmake /home/rumy/acrome_ws/src/ros2_controllers/steering_controllers_library -DCMAKE_INSTALL_PREFIX=/home/rumy/acrome_ws/install/steering_controllers_library
[0.089s] -- Found ros2_control_cmake: 0.2.1 (/opt/ros/jazzy/share/ros2_control_cmake/cmake)
[0.090s] -- Compiler warnings enabled for GNU
[0.090s] -- Detected GCC Version: 13.3.0 (Major: 13, Minor: 3)
[0.090s] -- Found ament_cmake: 2.5.4 (/opt/ros/jazzy/share/ament_cmake/cmake)
[0.420s] -- Override CMake install command with custom implementation using symlinks instead of copying resources
[0.424s] -- Found control_msgs: 5.4.1 (/opt/ros/jazzy/share/control_msgs/cmake)
[0.462s] -- Found rosidl_generator_c: 4.6.5 (/opt/ros/jazzy/share/rosidl_generator_c/cmake)
[0.476s] -- Found rosidl_generator_cpp: 4.6.5 (/opt/ros/jazzy/share/rosidl_generator_cpp/cmake)
[0.494s] -- Using all available rosidl_typesupport_c: rosidl_typesupport_fastrtps_c;rosidl_typesupport_introspection_c
[0.517s] -- Using all available rosidl_typesupport_cpp: rosidl_typesupport_fastrtps_cpp;rosidl_typesupport_introspection_cpp
[0.766s] -- Found controller_interface: 4.32.0 (/opt/ros/jazzy/share/controller_interface/cmake)
[0.808s] -- Found TinyXML2 via Config file: /usr/lib/x86_64-linux-gnu/cmake/tinyxml2
[0.861s] -- Found rmw_implementation_cmake: 7.3.2 (/opt/ros/jazzy/share/rmw_implementation_cmake/cmake)
[0.864s] -- Found rmw_fastrtps_cpp: 8.4.2 (/opt/ros/jazzy/share/rmw_fastrtps_cpp/cmake)
[0.891s] -- Found TinyXML2 via Config file: /usr/lib/x86_64-linux-gnu/cmake/tinyxml2
[0.903s] -- Found TinyXML2 via Config file: /usr/lib/x86_64-linux-gnu/cmake/tinyxml2
[0.929s] -- Found TinyXML2 via Config file: /usr/lib/x86_64-linux-gnu/cmake/tinyxml2
[0.942s] -- Found TinyXML2 via Config file: /usr/lib/x86_64-linux-gnu/cmake/tinyxml2
[0.961s] -- Using RMW implementation 'rmw_fastrtps_cpp' as default
[1.169s] -- Found generate_parameter_library: 0.5.0 (/opt/ros/jazzy/share/generate_parameter_library/cmake)
[1.170s] -- Found parameter_traits: 0.5.0 (/opt/ros/jazzy/share/parameter_traits/cmake)
[1.182s] -- Found nav_msgs: 5.3.6 (/opt/ros/jazzy/share/nav_msgs/cmake)
[1.226s] -- Found std_srvs: 5.3.6 (/opt/ros/jazzy/share/std_srvs/cmake)
[1.251s] -- Found tf2: 0.36.12 (/opt/ros/jazzy/share/tf2/cmake)
[1.257s] -- Found tf2_msgs: 0.36.12 (/opt/ros/jazzy/share/tf2_msgs/cmake)
[1.298s] -- Found tf2_geometry_msgs: 0.36.12 (/opt/ros/jazzy/share/tf2_geometry_msgs/cmake)
[1.305s] -- Found eigen3_cmake_module: 0.3.0 (/opt/ros/jazzy/share/eigen3_cmake_module/cmake)
[1.307s] -- Ensuring Eigen3 include directory is part of orocos-kdl CMake target
[1.376s] -- Found ament_cmake_gmock: 2.5.4 (/opt/ros/jazzy/share/ament_cmake_gmock/cmake)
[1.377s] -- Found controller_manager: 4.32.0 (/opt/ros/jazzy/share/controller_manager/cmake)
[1.493s] -- Found ros2_control_test_assets: 4.32.0 (/opt/ros/jazzy/share/ros2_control_test_assets/cmake)
[1.494s] -- Found gmock sources under '/opt/ros/jazzy/src/gmock_vendor': C++ tests using 'Google Mock' will be built
[1.497s] -- Found ament_cmake_gtest: 2.5.4 (/opt/ros/jazzy/share/ament_cmake_gtest/cmake)
[1.498s] -- Found gtest sources under '/opt/ros/jazzy/src/gtest_vendor': C++ tests using 'Google Test' will be built
[1.502s] -- Found gmock sources under '/opt/ros/jazzy/src/gmock_vendor': C++ tests using 'Google Mock' will be built
[1.503s] -- Found ament_cmake_gtest: 2.5.4 (/opt/ros/jazzy/share/ament_cmake_gtest/cmake)
[1.504s] -- Found gtest sources under '/opt/ros/jazzy/src/gtest_vendor': C++ tests using 'Google Test' will be built
[1.688s] -- Configuring done (1.6s)
[1.818s] -- Generating done (0.1s)
[1.842s] -- Build files have been written to: /home/rumy/acrome_ws/build/steering_controllers_library
[1.917s] Invoked command in '/home/rumy/acrome_ws/build/steering_controllers_library' returned '0': CMAKE_PREFIX_PATH=${CMAKE_PREFIX_PATH}:/home/rumy/acrome_ws/install/rqt_joint_trajectory_controller:/home/rumy/acrome_ws/install/ros2_controllers_test_nodes:/opt/ros/jazzy DEBUGINFOD_URLS=https://debuginfod.ubuntu.com /usr/bin/cmake /home/rumy/acrome_ws/src/ros2_controllers/steering_controllers_library -DCMAKE_INSTALL_PREFIX=/home/rumy/acrome_ws/install/steering_controllers_library
[1.918s] Invoking command in '/home/rumy/acrome_ws/build/steering_controllers_library': CMAKE_PREFIX_PATH=${CMAKE_PREFIX_PATH}:/home/rumy/acrome_ws/install/rqt_joint_trajectory_controller:/home/rumy/acrome_ws/install/ros2_controllers_test_nodes:/opt/ros/jazzy DEBUGINFOD_URLS=https://debuginfod.ubuntu.com /usr/bin/cmake --build /home/rumy/acrome_ws/build/steering_controllers_library -- -j12 -l12
[1.995s] [ 14%] Built target steering_controllers_library_parameters
[1.995s] [ 28%] Built target gmock_main
[1.997s] [ 50%] Built target gmock
[2.031s] [ 71%] Built target steering_controllers_library
[2.088s] [ 85%] Built target test_steering_odometry
[2.093s] [100%] Built target test_steering_controllers_library
[2.145s] Invoked command in '/home/rumy/acrome_ws/build/steering_controllers_library' returned '0': CMAKE_PREFIX_PATH=${CMAKE_PREFIX_PATH}:/home/rumy/acrome_ws/install/rqt_joint_trajectory_controller:/home/rumy/acrome_ws/install/ros2_controllers_test_nodes:/opt/ros/jazzy DEBUGINFOD_URLS=https://debuginfod.ubuntu.com /usr/bin/cmake --build /home/rumy/acrome_ws/build/steering_controllers_library -- -j12 -l12
[2.146s] Invoking command in '/home/rumy/acrome_ws/build/steering_controllers_library': CMAKE_PREFIX_PATH=${CMAKE_PREFIX_PATH}:/home/rumy/acrome_ws/install/rqt_joint_trajectory_controller:/home/rumy/acrome_ws/install/ros2_controllers_test_nodes:/opt/ros/jazzy DEBUGINFOD_URLS=https://debuginfod.ubuntu.com /usr/bin/cmake --install /home/rumy/acrome_ws/build/steering_controllers_library
[2.168s] -- Install configuration: ""
[2.168s] -- Execute custom install script
[2.168s] -- Up-to-date symlink: /home/rumy/acrome_ws/install/steering_controllers_library/include/steering_controllers_library/steering_controllers_library_parameters.hpp
[2.169s] -- Up-to-date symlink: /home/rumy/acrome_ws/install/steering_controllers_library/include/steering_controllers_library/steering_controllers_library/steering_controllers_library.hpp
[2.169s] -- Up-to-date symlink: /home/rumy/acrome_ws/install/steering_controllers_library/include/steering_controllers_library/steering_controllers_library/steering_odometry.hpp
[2.169s] -- Up-to-date symlink: /home/rumy/acrome_ws/install/steering_controllers_library/share/steering_controllers_library/environment/library_path.sh
[2.169s] -- Up-to-date symlink: /home/rumy/acrome_ws/install/steering_controllers_library/share/steering_controllers_library/environment/library_path.dsv
[2.169s] -- Up-to-date symlink: /home/rumy/acrome_ws/install/steering_controllers_library/share/ament_index/resource_index/package_run_dependencies/steering_controllers_library
[2.169s] -- Up-to-date symlink: /home/rumy/acrome_ws/install/steering_controllers_library/share/ament_index/resource_index/parent_prefix_path/steering_controllers_library
[2.169s] -- Up-to-date symlink: /home/rumy/acrome_ws/install/steering_controllers_library/share/steering_controllers_library/environment/ament_prefix_path.sh
[2.170s] -- Up-to-date symlink: /home/rumy/acrome_ws/install/steering_controllers_library/share/steering_controllers_library/environment/ament_prefix_path.dsv
[2.170s] -- Up-to-date symlink: /home/rumy/acrome_ws/install/steering_controllers_library/share/steering_controllers_library/environment/path.sh
[2.170s] -- Up-to-date symlink: /home/rumy/acrome_ws/install/steering_controllers_library/share/steering_controllers_library/environment/path.dsv
[2.170s] -- Up-to-date symlink: /home/rumy/acrome_ws/install/steering_controllers_library/share/steering_controllers_library/local_setup.bash
[2.170s] -- Up-to-date symlink: /home/rumy/acrome_ws/install/steering_controllers_library/share/steering_controllers_library/local_setup.sh
[2.171s] -- Up-to-date symlink: /home/rumy/acrome_ws/install/steering_controllers_library/share/steering_controllers_library/local_setup.zsh
[2.171s] -- Up-to-date symlink: /home/rumy/acrome_ws/install/steering_controllers_library/share/steering_controllers_library/local_setup.dsv
[2.171s] -- Symlinking: /home/rumy/acrome_ws/install/steering_controllers_library/share/steering_controllers_library/package.dsv
[2.174s] -- Up-to-date symlink: /home/rumy/acrome_ws/install/steering_controllers_library/share/ament_index/resource_index/packages/steering_controllers_library
[2.174s] -- Up-to-date symlink: /home/rumy/acrome_ws/install/steering_controllers_library/share/steering_controllers_library/cmake/ament_cmake_export_dependencies-extras.cmake
[2.174s] -- Up-to-date symlink: /home/rumy/acrome_ws/install/steering_controllers_library/share/steering_controllers_library/cmake/ament_cmake_export_targets-extras.cmake
[2.174s] -- Up-to-date symlink: /home/rumy/acrome_ws/install/steering_controllers_library/share/steering_controllers_library/cmake/steering_controllers_libraryConfig.cmake
[2.174s] -- Up-to-date symlink: /home/rumy/acrome_ws/install/steering_controllers_library/share/steering_controllers_library/cmake/steering_controllers_libraryConfig-version.cmake
[2.174s] -- Up-to-date symlink: /home/rumy/acrome_ws/install/steering_controllers_library/share/steering_controllers_library/package.xml
[2.174s] -- Up-to-date: /home/rumy/acrome_ws/install/steering_controllers_library/lib/libsteering_controllers_library.so
[2.175s] -- Up-to-date: /home/rumy/acrome_ws/install/steering_controllers_library/share/steering_controllers_library/cmake/export_steering_controllers_libraryExport.cmake
[2.175s] -- Up-to-date: /home/rumy/acrome_ws/install/steering_controllers_library/share/steering_controllers_library/cmake/export_steering_controllers_libraryExport-noconfig.cmake
[2.193s] Invoked command in '/home/rumy/acrome_ws/build/steering_controllers_library' returned '0': CMAKE_PREFIX_PATH=${CMAKE_PREFIX_PATH}:/home/rumy/acrome_ws/install/rqt_joint_trajectory_controller:/home/rumy/acrome_ws/install/ros2_controllers_test_nodes:/opt/ros/jazzy DEBUGINFOD_URLS=https://debuginfod.ubuntu.com /usr/bin/cmake --install /home/rumy/acrome_ws/build/steering_controllers_library
