-- Found ros2_control_cmake: 0.2.1 (/opt/ros/jazzy/share/ros2_control_cmake/cmake)
-- Compiler warnings enabled for GNU
-- Detected GCC Version: 13.3.0 (Major: 13, Minor: 3)
-- Found ament_cmake: 2.5.4 (/opt/ros/jazzy/share/ament_cmake/cmake)
-- Override CMake install command with custom implementation using symlinks instead of copying resources
-- Found angles: 1.16.0 (/opt/ros/jazzy/share/angles/cmake)
-- Found control_msgs: 5.4.1 (/opt/ros/jazzy/share/control_msgs/cmake)
-- Found rosidl_generator_c: 4.6.5 (/opt/ros/jazzy/share/rosidl_generator_c/cmake)
-- Found rosidl_generator_cpp: 4.6.5 (/opt/ros/jazzy/share/rosidl_generator_cpp/cmake)
-- Using all available rosidl_typesupport_c: rosidl_typesupport_fastrtps_c;rosidl_typesupport_introspection_c
-- Using all available rosidl_typesupport_cpp: rosidl_typesupport_fastrtps_cpp;rosidl_typesupport_introspection_cpp
-- Found control_toolbox: 4.5.0 (/opt/ros/jazzy/share/control_toolbox/cmake)
-- Found rmw_implementation_cmake: 7.3.2 (/opt/ros/jazzy/share/rmw_implementation_cmake/cmake)
-- Found rmw_fastrtps_cpp: 8.4.2 (/opt/ros/jazzy/share/rmw_fastrtps_cpp/cmake)
-- Using RMW implementation 'rmw_fastrtps_cpp' as default
-- Found eigen3_cmake_module: 0.3.0 (/opt/ros/jazzy/share/eigen3_cmake_module/cmake)
-- Ensuring Eigen3 include directory is part of orocos-kdl CMake target
-- Found controller_interface: 4.32.0 (/opt/ros/jazzy/share/controller_interface/cmake)
-- Found kinematics_interface: 1.4.0 (/opt/ros/jazzy/share/kinematics_interface/cmake)
-- Found tf2_eigen: 0.36.12 (/opt/ros/jazzy/share/tf2_eigen/cmake)
-- Found tf2_kdl: 0.36.12 (/opt/ros/jazzy/share/tf2_kdl/cmake)
-- Found ament_cmake_gmock: 2.5.4 (/opt/ros/jazzy/share/ament_cmake_gmock/cmake)
-- Found controller_manager: 4.32.0 (/opt/ros/jazzy/share/controller_manager/cmake)
-- Found ros2_control_test_assets: 4.32.0 (/opt/ros/jazzy/share/ros2_control_test_assets/cmake)
-- Found kinematics_interface_kdl: 1.4.0 (/opt/ros/jazzy/share/kinematics_interface_kdl/cmake)
-- Found gmock sources under '/opt/ros/jazzy/src/gmock_vendor': C++ tests using 'Google Mock' will be built
-- Found ament_cmake_gtest: 2.5.4 (/opt/ros/jazzy/share/ament_cmake_gtest/cmake)
-- Found gtest sources under '/opt/ros/jazzy/src/gtest_vendor': C++ tests using 'Google Test' will be built
-- Configuring done (1.6s)
-- Generating done (0.1s)
-- Build files have been written to: /home/rumy/acrome_ws/build/admittance_controller
[ 15%] Built target admittance_controller_parameters
[ 38%] Built target gmock
[ 53%] Built target gmock_main
[ 69%] Built target admittance_controller
[ 84%] Built target test_load_admittance_controller
[100%] Built target test_admittance_controller
-- Install configuration: ""
-- Execute custom install script
-- Symlinking: /home/rumy/acrome_ws/install/admittance_controller/include/admittance_controller/admittance_controller_parameters.hpp
-- Symlinking: /home/rumy/acrome_ws/install/admittance_controller/share/admittance_controller//admittance_controller.xml
-- Symlinking: /home/rumy/acrome_ws/install/admittance_controller/include/admittance_controller/admittance_controller/admittance_controller.hpp
-- Symlinking: /home/rumy/acrome_ws/install/admittance_controller/include/admittance_controller/admittance_controller/admittance_rule.hpp
-- Symlinking: /home/rumy/acrome_ws/install/admittance_controller/include/admittance_controller/admittance_controller/admittance_rule_impl.hpp
-- Symlinking: /home/rumy/acrome_ws/install/admittance_controller/share/admittance_controller/environment/library_path.sh
-- Symlinking: /home/rumy/acrome_ws/install/admittance_controller/share/admittance_controller/environment/library_path.dsv
-- Symlinking: /home/rumy/acrome_ws/install/admittance_controller/share/ament_index/resource_index/package_run_dependencies/admittance_controller
-- Symlinking: /home/rumy/acrome_ws/install/admittance_controller/share/ament_index/resource_index/parent_prefix_path/admittance_controller
-- Symlinking: /home/rumy/acrome_ws/install/admittance_controller/share/admittance_controller/environment/ament_prefix_path.sh
-- Symlinking: /home/rumy/acrome_ws/install/admittance_controller/share/admittance_controller/environment/ament_prefix_path.dsv
-- Symlinking: /home/rumy/acrome_ws/install/admittance_controller/share/admittance_controller/environment/path.sh
-- Symlinking: /home/rumy/acrome_ws/install/admittance_controller/share/admittance_controller/environment/path.dsv
-- Symlinking: /home/rumy/acrome_ws/install/admittance_controller/share/admittance_controller/local_setup.bash
-- Symlinking: /home/rumy/acrome_ws/install/admittance_controller/share/admittance_controller/local_setup.sh
-- Symlinking: /home/rumy/acrome_ws/install/admittance_controller/share/admittance_controller/local_setup.zsh
-- Symlinking: /home/rumy/acrome_ws/install/admittance_controller/share/admittance_controller/local_setup.dsv
-- Symlinking: /home/rumy/acrome_ws/install/admittance_controller/share/admittance_controller/package.dsv
-- Symlinking: /home/rumy/acrome_ws/install/admittance_controller/share/ament_index/resource_index/packages/admittance_controller
-- Symlinking: /home/rumy/acrome_ws/install/admittance_controller/share/ament_index/resource_index/controller_interface__pluginlib__plugin/admittance_controller
-- Symlinking: /home/rumy/acrome_ws/install/admittance_controller/share/admittance_controller/cmake/ament_cmake_export_dependencies-extras.cmake
-- Symlinking: /home/rumy/acrome_ws/install/admittance_controller/share/admittance_controller/cmake/ament_cmake_export_targets-extras.cmake
-- Symlinking: /home/rumy/acrome_ws/install/admittance_controller/share/admittance_controller/cmake/admittance_controllerConfig.cmake
-- Symlinking: /home/rumy/acrome_ws/install/admittance_controller/share/admittance_controller/cmake/admittance_controllerConfig-version.cmake
-- Symlinking: /home/rumy/acrome_ws/install/admittance_controller/share/admittance_controller/package.xml
-- Installing: /home/rumy/acrome_ws/install/admittance_controller/lib/libadmittance_controller.so
-- Set non-toolchain portion of runtime path of "/home/rumy/acrome_ws/install/admittance_controller/lib/libadmittance_controller.so" to ""
-- Installing: /home/rumy/acrome_ws/install/admittance_controller/share/admittance_controller/cmake/export_admittance_controllerExport.cmake
-- Installing: /home/rumy/acrome_ws/install/admittance_controller/share/admittance_controller/cmake/export_admittance_controllerExport-noconfig.cmake
