[0.038s] Invoking command in '/home/rumy/acrome_ws/build/joint_state_broadcaster': CMAKE_PREFIX_PATH=${CMAKE_PREFIX_PATH}:/home/rumy/acrome_ws/install/rqt_joint_trajectory_controller:/home/rumy/acrome_ws/install/ros2_controllers_test_nodes:/opt/ros/jazzy DEBUGINFOD_URLS=https://debuginfod.ubuntu.com /usr/bin/cmake /home/rumy/acrome_ws/src/ros2_controllers/joint_state_broadcaster -DCMAKE_INSTALL_PREFIX=/home/rumy/acrome_ws/install/joint_state_broadcaster
[1.553s] -- Found ros2_control_cmake: 0.2.1 (/opt/ros/jazzy/share/ros2_control_cmake/cmake)
[1.554s] -- Compiler warnings enabled for GNU
[1.554s] -- Detected GCC Version: 13.3.0 (Major: 13, Minor: 3)
[1.554s] -- Found ament_cmake: 2.5.4 (/opt/ros/jazzy/share/ament_cmake/cmake)
[1.554s] -- Override CMake install command with custom implementation using symlinks instead of copying resources
[1.554s] -- Found builtin_interfaces: 2.0.2 (/opt/ros/jazzy/share/builtin_interfaces/cmake)
[1.554s] -- Found rosidl_generator_c: 4.6.5 (/opt/ros/jazzy/share/rosidl_generator_c/cmake)
[1.554s] -- Found rosidl_generator_cpp: 4.6.5 (/opt/ros/jazzy/share/rosidl_generator_cpp/cmake)
[1.554s] -- Using all available rosidl_typesupport_c: rosidl_typesupport_fastrtps_c;rosidl_typesupport_introspection_c
[1.554s] -- Using all available rosidl_typesupport_cpp: rosidl_typesupport_fastrtps_cpp;rosidl_typesupport_introspection_cpp
[1.554s] -- Found control_msgs: 5.4.1 (/opt/ros/jazzy/share/control_msgs/cmake)
[1.554s] -- Found controller_interface: 4.32.0 (/opt/ros/jazzy/share/controller_interface/cmake)
[1.555s] -- Found TinyXML2 via Config file: /usr/lib/x86_64-linux-gnu/cmake/tinyxml2
[1.555s] -- Found rmw_implementation_cmake: 7.3.2 (/opt/ros/jazzy/share/rmw_implementation_cmake/cmake)
[1.555s] -- Found rmw_fastrtps_cpp: 8.4.2 (/opt/ros/jazzy/share/rmw_fastrtps_cpp/cmake)
[1.555s] -- Found TinyXML2 via Config file: /usr/lib/x86_64-linux-gnu/cmake/tinyxml2
[1.555s] -- Found TinyXML2 via Config file: /usr/lib/x86_64-linux-gnu/cmake/tinyxml2
[1.555s] -- Found TinyXML2 via Config file: /usr/lib/x86_64-linux-gnu/cmake/tinyxml2
[1.555s] -- Found TinyXML2 via Config file: /usr/lib/x86_64-linux-gnu/cmake/tinyxml2
[1.555s] -- Using RMW implementation 'rmw_fastrtps_cpp' as default
[1.555s] -- Found generate_parameter_library: 0.5.0 (/opt/ros/jazzy/share/generate_parameter_library/cmake)
[1.555s] -- Found parameter_traits: 0.5.0 (/opt/ros/jazzy/share/parameter_traits/cmake)
[1.555s] -- Found ament_cmake_gmock: 2.5.4 (/opt/ros/jazzy/share/ament_cmake_gmock/cmake)
[1.556s] -- Found controller_manager: 4.32.0 (/opt/ros/jazzy/share/controller_manager/cmake)
[1.556s] -- Found ros2_control_test_assets: 4.32.0 (/opt/ros/jazzy/share/ros2_control_test_assets/cmake)
[1.556s] -- Found gmock sources under '/opt/ros/jazzy/src/gmock_vendor': C++ tests using 'Google Mock' will be built
[1.556s] -- Found ament_cmake_gtest: 2.5.4 (/opt/ros/jazzy/share/ament_cmake_gtest/cmake)
[1.556s] -- Found gtest sources under '/opt/ros/jazzy/src/gtest_vendor': C++ tests using 'Google Test' will be built
[1.556s] -- Configuring done (1.4s)
[1.556s] -- Generating done (0.1s)
[1.556s] -- Build files have been written to: /home/rumy/acrome_ws/build/joint_state_broadcaster
[1.568s] Invoked command in '/home/rumy/acrome_ws/build/joint_state_broadcaster' returned '0': CMAKE_PREFIX_PATH=${CMAKE_PREFIX_PATH}:/home/rumy/acrome_ws/install/rqt_joint_trajectory_controller:/home/rumy/acrome_ws/install/ros2_controllers_test_nodes:/opt/ros/jazzy DEBUGINFOD_URLS=https://debuginfod.ubuntu.com /usr/bin/cmake /home/rumy/acrome_ws/src/ros2_controllers/joint_state_broadcaster -DCMAKE_INSTALL_PREFIX=/home/rumy/acrome_ws/install/joint_state_broadcaster
[1.569s] Invoking command in '/home/rumy/acrome_ws/build/joint_state_broadcaster': CMAKE_PREFIX_PATH=${CMAKE_PREFIX_PATH}:/home/rumy/acrome_ws/install/rqt_joint_trajectory_controller:/home/rumy/acrome_ws/install/ros2_controllers_test_nodes:/opt/ros/jazzy DEBUGINFOD_URLS=https://debuginfod.ubuntu.com /usr/bin/cmake --build /home/rumy/acrome_ws/build/joint_state_broadcaster -- -j12 -l12
[1.658s] [ 15%] Built target joint_state_broadcaster_parameters
[1.668s] [ 30%] Built target gmock_main
[1.674s] [ 53%] Built target gmock
[1.704s] [ 69%] Built target joint_state_broadcaster
[1.752s] [ 84%] Built target test_load_joint_state_broadcaster
[1.755s] [100%] Built target test_joint_state_broadcaster
[1.773s] Invoked command in '/home/rumy/acrome_ws/build/joint_state_broadcaster' returned '0': CMAKE_PREFIX_PATH=${CMAKE_PREFIX_PATH}:/home/rumy/acrome_ws/install/rqt_joint_trajectory_controller:/home/rumy/acrome_ws/install/ros2_controllers_test_nodes:/opt/ros/jazzy DEBUGINFOD_URLS=https://debuginfod.ubuntu.com /usr/bin/cmake --build /home/rumy/acrome_ws/build/joint_state_broadcaster -- -j12 -l12
[1.785s] Invoking command in '/home/rumy/acrome_ws/build/joint_state_broadcaster': CMAKE_PREFIX_PATH=${CMAKE_PREFIX_PATH}:/home/rumy/acrome_ws/install/rqt_joint_trajectory_controller:/home/rumy/acrome_ws/install/ros2_controllers_test_nodes:/opt/ros/jazzy DEBUGINFOD_URLS=https://debuginfod.ubuntu.com /usr/bin/cmake --install /home/rumy/acrome_ws/build/joint_state_broadcaster
[1.802s] -- Install configuration: ""
[1.802s] -- Execute custom install script
[1.802s] -- Up-to-date symlink: /home/rumy/acrome_ws/install/joint_state_broadcaster/include/joint_state_broadcaster/joint_state_broadcaster_parameters.hpp
[1.802s] -- Up-to-date symlink: /home/rumy/acrome_ws/install/joint_state_broadcaster/share/joint_state_broadcaster//joint_state_plugin.xml
[1.802s] -- Up-to-date symlink: /home/rumy/acrome_ws/install/joint_state_broadcaster/include/joint_state_broadcaster/joint_state_broadcaster/joint_state_broadcaster.hpp
[1.802s] -- Up-to-date symlink: /home/rumy/acrome_ws/install/joint_state_broadcaster/share/joint_state_broadcaster/environment/library_path.sh
[1.802s] -- Up-to-date symlink: /home/rumy/acrome_ws/install/joint_state_broadcaster/share/joint_state_broadcaster/environment/library_path.dsv
[1.803s] -- Up-to-date symlink: /home/rumy/acrome_ws/install/joint_state_broadcaster/share/ament_index/resource_index/package_run_dependencies/joint_state_broadcaster
[1.803s] -- Up-to-date symlink: /home/rumy/acrome_ws/install/joint_state_broadcaster/share/ament_index/resource_index/parent_prefix_path/joint_state_broadcaster
[1.803s] -- Up-to-date symlink: /home/rumy/acrome_ws/install/joint_state_broadcaster/share/joint_state_broadcaster/environment/ament_prefix_path.sh
[1.803s] -- Up-to-date symlink: /home/rumy/acrome_ws/install/joint_state_broadcaster/share/joint_state_broadcaster/environment/ament_prefix_path.dsv
[1.803s] -- Up-to-date symlink: /home/rumy/acrome_ws/install/joint_state_broadcaster/share/joint_state_broadcaster/environment/path.sh
[1.803s] -- Up-to-date symlink: /home/rumy/acrome_ws/install/joint_state_broadcaster/share/joint_state_broadcaster/environment/path.dsv
[1.803s] -- Up-to-date symlink: /home/rumy/acrome_ws/install/joint_state_broadcaster/share/joint_state_broadcaster/local_setup.bash
[1.806s] -- Up-to-date symlink: /home/rumy/acrome_ws/install/joint_state_broadcaster/share/joint_state_broadcaster/local_setup.sh
[1.807s] -- Up-to-date symlink: /home/rumy/acrome_ws/install/joint_state_broadcaster/share/joint_state_broadcaster/local_setup.zsh
[1.807s] -- Up-to-date symlink: /home/rumy/acrome_ws/install/joint_state_broadcaster/share/joint_state_broadcaster/local_setup.dsv
[1.809s] -- Symlinking: /home/rumy/acrome_ws/install/joint_state_broadcaster/share/joint_state_broadcaster/package.dsv
[1.812s] -- Up-to-date symlink: /home/rumy/acrome_ws/install/joint_state_broadcaster/share/ament_index/resource_index/packages/joint_state_broadcaster
[1.812s] -- Up-to-date symlink: /home/rumy/acrome_ws/install/joint_state_broadcaster/share/ament_index/resource_index/controller_interface__pluginlib__plugin/joint_state_broadcaster
[1.812s] -- Up-to-date symlink: /home/rumy/acrome_ws/install/joint_state_broadcaster/share/joint_state_broadcaster/cmake/ament_cmake_export_dependencies-extras.cmake
[1.812s] -- Up-to-date symlink: /home/rumy/acrome_ws/install/joint_state_broadcaster/share/joint_state_broadcaster/cmake/ament_cmake_export_targets-extras.cmake
[1.813s] -- Up-to-date symlink: /home/rumy/acrome_ws/install/joint_state_broadcaster/share/joint_state_broadcaster/cmake/joint_state_broadcasterConfig.cmake
[1.813s] -- Up-to-date symlink: /home/rumy/acrome_ws/install/joint_state_broadcaster/share/joint_state_broadcaster/cmake/joint_state_broadcasterConfig-version.cmake
[1.813s] -- Up-to-date symlink: /home/rumy/acrome_ws/install/joint_state_broadcaster/share/joint_state_broadcaster/package.xml
[1.813s] -- Up-to-date: /home/rumy/acrome_ws/install/joint_state_broadcaster/lib/libjoint_state_broadcaster.so
[1.814s] -- Up-to-date: /home/rumy/acrome_ws/install/joint_state_broadcaster/share/joint_state_broadcaster/cmake/export_joint_state_broadcasterExport.cmake
[1.814s] -- Up-to-date: /home/rumy/acrome_ws/install/joint_state_broadcaster/share/joint_state_broadcaster/cmake/export_joint_state_broadcasterExport-noconfig.cmake
[1.822s] Invoked command in '/home/rumy/acrome_ws/build/joint_state_broadcaster' returned '0': CMAKE_PREFIX_PATH=${CMAKE_PREFIX_PATH}:/home/rumy/acrome_ws/install/rqt_joint_trajectory_controller:/home/rumy/acrome_ws/install/ros2_controllers_test_nodes:/opt/ros/jazzy DEBUGINFOD_URLS=https://debuginfod.ubuntu.com /usr/bin/cmake --install /home/rumy/acrome_ws/build/joint_state_broadcaster
