[0.087s] Invoking command in '/home/rumy/acrome_ws/build/omni_wheel_drive_controller': CMAKE_PREFIX_PATH=${CMAKE_PREFIX_PATH}:/home/rumy/acrome_ws/install/rqt_joint_trajectory_controller:/home/rumy/acrome_ws/install/ros2_controllers_test_nodes:/opt/ros/jazzy DEBUGINFOD_URLS=https://debuginfod.ubuntu.com /usr/bin/cmake --build /home/rumy/acrome_ws/build/omni_wheel_drive_controller -- -j12 -l12
[0.724s] [ 14%] Built target omni_wheel_drive_controller_parameters
[0.725s] [ 35%] Built target gmock
[0.725s] [ 50%] Built target gmock_main
[0.725s] [ 71%] Built target omni_wheel_drive_controller
[0.725s] [ 85%] Built target test_load_omni_wheel_drive_controller
[0.725s] [100%] Built target test_omni_wheel_drive_controller
[0.750s] Invoked command in '/home/rumy/acrome_ws/build/omni_wheel_drive_controller' returned '0': CMAKE_PREFIX_PATH=${CMAKE_PREFIX_PATH}:/home/rumy/acrome_ws/install/rqt_joint_trajectory_controller:/home/rumy/acrome_ws/install/ros2_controllers_test_nodes:/opt/ros/jazzy DEBUGINFOD_URLS=https://debuginfod.ubuntu.com /usr/bin/cmake --build /home/rumy/acrome_ws/build/omni_wheel_drive_controller -- -j12 -l12
[0.751s] Invoking command in '/home/rumy/acrome_ws/build/omni_wheel_drive_controller': CMAKE_PREFIX_PATH=${CMAKE_PREFIX_PATH}:/home/rumy/acrome_ws/install/rqt_joint_trajectory_controller:/home/rumy/acrome_ws/install/ros2_controllers_test_nodes:/opt/ros/jazzy DEBUGINFOD_URLS=https://debuginfod.ubuntu.com /usr/bin/cmake --install /home/rumy/acrome_ws/build/omni_wheel_drive_controller
[0.816s] -- Install configuration: ""
[0.817s] -- Execute custom install script
[0.817s] -- Up-to-date symlink: /home/rumy/acrome_ws/install/omni_wheel_drive_controller/include/omni_wheel_drive_controller/omni_wheel_drive_controller_parameters.hpp
[0.817s] -- Up-to-date symlink: /home/rumy/acrome_ws/install/omni_wheel_drive_controller/share/omni_wheel_drive_controller//omni_wheel_drive_plugin.xml
[0.817s] -- Up-to-date symlink: /home/rumy/acrome_ws/install/omni_wheel_drive_controller/include/omni_wheel_drive_controller//omni_wheel_drive_controller/odometry.hpp
[0.817s] -- Up-to-date symlink: /home/rumy/acrome_ws/install/omni_wheel_drive_controller/include/omni_wheel_drive_controller//omni_wheel_drive_controller/omni_wheel_drive_controller.hpp
[0.817s] -- Up-to-date symlink: /home/rumy/acrome_ws/install/omni_wheel_drive_controller/share/omni_wheel_drive_controller/environment/library_path.sh
[0.818s] -- Up-to-date symlink: /home/rumy/acrome_ws/install/omni_wheel_drive_controller/share/omni_wheel_drive_controller/environment/library_path.dsv
[0.818s] -- Up-to-date symlink: /home/rumy/acrome_ws/install/omni_wheel_drive_controller/share/ament_index/resource_index/package_run_dependencies/omni_wheel_drive_controller
[0.818s] -- Up-to-date symlink: /home/rumy/acrome_ws/install/omni_wheel_drive_controller/share/ament_index/resource_index/parent_prefix_path/omni_wheel_drive_controller
[0.824s] -- Up-to-date symlink: /home/rumy/acrome_ws/install/omni_wheel_drive_controller/share/omni_wheel_drive_controller/environment/ament_prefix_path.sh
[0.824s] -- Up-to-date symlink: /home/rumy/acrome_ws/install/omni_wheel_drive_controller/share/omni_wheel_drive_controller/environment/ament_prefix_path.dsv
[0.824s] -- Up-to-date symlink: /home/rumy/acrome_ws/install/omni_wheel_drive_controller/share/omni_wheel_drive_controller/environment/path.sh
[0.825s] -- Up-to-date symlink: /home/rumy/acrome_ws/install/omni_wheel_drive_controller/share/omni_wheel_drive_controller/environment/path.dsv
[0.830s] -- Up-to-date symlink: /home/rumy/acrome_ws/install/omni_wheel_drive_controller/share/omni_wheel_drive_controller/local_setup.bash
[0.830s] -- Up-to-date symlink: /home/rumy/acrome_ws/install/omni_wheel_drive_controller/share/omni_wheel_drive_controller/local_setup.sh
[0.830s] -- Up-to-date symlink: /home/rumy/acrome_ws/install/omni_wheel_drive_controller/share/omni_wheel_drive_controller/local_setup.zsh
[0.830s] -- Up-to-date symlink: /home/rumy/acrome_ws/install/omni_wheel_drive_controller/share/omni_wheel_drive_controller/local_setup.dsv
[0.831s] -- Symlinking: /home/rumy/acrome_ws/install/omni_wheel_drive_controller/share/omni_wheel_drive_controller/package.dsv
[0.876s] -- Up-to-date symlink: /home/rumy/acrome_ws/install/omni_wheel_drive_controller/share/ament_index/resource_index/packages/omni_wheel_drive_controller
[0.881s] -- Up-to-date symlink: /home/rumy/acrome_ws/install/omni_wheel_drive_controller/share/ament_index/resource_index/controller_interface__pluginlib__plugin/omni_wheel_drive_controller
[0.883s] -- Up-to-date symlink: /home/rumy/acrome_ws/install/omni_wheel_drive_controller/share/omni_wheel_drive_controller/cmake/ament_cmake_export_dependencies-extras.cmake
[0.884s] -- Up-to-date symlink: /home/rumy/acrome_ws/install/omni_wheel_drive_controller/share/omni_wheel_drive_controller/cmake/ament_cmake_export_targets-extras.cmake
[0.888s] -- Up-to-date symlink: /home/rumy/acrome_ws/install/omni_wheel_drive_controller/share/omni_wheel_drive_controller/cmake/omni_wheel_drive_controllerConfig.cmake
[0.892s] -- Up-to-date symlink: /home/rumy/acrome_ws/install/omni_wheel_drive_controller/share/omni_wheel_drive_controller/cmake/omni_wheel_drive_controllerConfig-version.cmake
[0.893s] -- Up-to-date symlink: /home/rumy/acrome_ws/install/omni_wheel_drive_controller/share/omni_wheel_drive_controller/package.xml
[0.893s] -- Up-to-date: /home/rumy/acrome_ws/install/omni_wheel_drive_controller/lib/libomni_wheel_drive_controller.so
[0.893s] -- Up-to-date: /home/rumy/acrome_ws/install/omni_wheel_drive_controller/share/omni_wheel_drive_controller/cmake/export_omni_wheel_drive_controllerExport.cmake
[0.894s] -- Up-to-date: /home/rumy/acrome_ws/install/omni_wheel_drive_controller/share/omni_wheel_drive_controller/cmake/export_omni_wheel_drive_controllerExport-noconfig.cmake
[1.030s] Invoked command in '/home/rumy/acrome_ws/build/omni_wheel_drive_controller' returned '0': CMAKE_PREFIX_PATH=${CMAKE_PREFIX_PATH}:/home/rumy/acrome_ws/install/rqt_joint_trajectory_controller:/home/rumy/acrome_ws/install/ros2_controllers_test_nodes:/opt/ros/jazzy DEBUGINFOD_URLS=https://debuginfod.ubuntu.com /usr/bin/cmake --install /home/rumy/acrome_ws/build/omni_wheel_drive_controller
