[0.068s] Invoking command in '/home/rumy/acrome_ws/build/forward_command_controller': CMAKE_PREFIX_PATH=${CMAKE_PREFIX_PATH}:/home/rumy/acrome_ws/install/rqt_joint_trajectory_controller:/home/rumy/acrome_ws/install/ros2_controllers_test_nodes:/opt/ros/jazzy DEBUGINFOD_URLS=https://debuginfod.ubuntu.com /usr/bin/cmake --build /home/rumy/acrome_ws/build/forward_command_controller -- -j12 -l12
[0.164s] [  9%] Built target forward_command_controller_parameters
[0.195s] [ 19%] Built target multi_interface_forward_command_controller_parameters
[0.220s] [ 33%] Built target gmock
[0.221s] [ 42%] Built target gmock_main
[0.291s] [ 61%] Built target forward_command_controller
[0.389s] [ 71%] Built target test_load_multi_interface_forward_command_controller
[0.391s] [ 80%] Built target test_forward_command_controller
[0.404s] [ 90%] Built target test_load_forward_command_controller
[0.411s] [100%] Built target test_multi_interface_forward_command_controller
[0.468s] Invoked command in '/home/rumy/acrome_ws/build/forward_command_controller' returned '0': CMAKE_PREFIX_PATH=${CMAKE_PREFIX_PATH}:/home/rumy/acrome_ws/install/rqt_joint_trajectory_controller:/home/rumy/acrome_ws/install/ros2_controllers_test_nodes:/opt/ros/jazzy DEBUGINFOD_URLS=https://debuginfod.ubuntu.com /usr/bin/cmake --build /home/rumy/acrome_ws/build/forward_command_controller -- -j12 -l12
[0.468s] Invoking command in '/home/rumy/acrome_ws/build/forward_command_controller': CMAKE_PREFIX_PATH=${CMAKE_PREFIX_PATH}:/home/rumy/acrome_ws/install/rqt_joint_trajectory_controller:/home/rumy/acrome_ws/install/ros2_controllers_test_nodes:/opt/ros/jazzy DEBUGINFOD_URLS=https://debuginfod.ubuntu.com /usr/bin/cmake --install /home/rumy/acrome_ws/build/forward_command_controller
[0.527s] -- Install configuration: ""
[0.527s] -- Execute custom install script
[0.527s] -- Up-to-date symlink: /home/rumy/acrome_ws/install/forward_command_controller/include/forward_command_controller/forward_command_controller_parameters.hpp
[0.527s] -- Up-to-date symlink: /home/rumy/acrome_ws/install/forward_command_controller/include/forward_command_controller/multi_interface_forward_command_controller_parameters.hpp
[0.527s] -- Up-to-date symlink: /home/rumy/acrome_ws/install/forward_command_controller/include/forward_command_controller/forward_command_controller_parameters.hpp
[0.527s] -- Up-to-date symlink: /home/rumy/acrome_ws/install/forward_command_controller/include/forward_command_controller/multi_interface_forward_command_controller_parameters.hpp
[0.527s] -- Up-to-date symlink: /home/rumy/acrome_ws/install/forward_command_controller/share/forward_command_controller//forward_command_plugin.xml
[0.527s] -- Up-to-date symlink: /home/rumy/acrome_ws/install/forward_command_controller/include/forward_command_controller/forward_command_controller/forward_command_controller.hpp
[0.527s] -- Up-to-date symlink: /home/rumy/acrome_ws/install/forward_command_controller/include/forward_command_controller/forward_command_controller/forward_controllers_base.hpp
[0.528s] -- Up-to-date symlink: /home/rumy/acrome_ws/install/forward_command_controller/include/forward_command_controller/forward_command_controller/multi_interface_forward_command_controller.hpp
[0.528s] -- Up-to-date symlink: /home/rumy/acrome_ws/install/forward_command_controller/share/forward_command_controller/environment/library_path.sh
[0.528s] -- Up-to-date symlink: /home/rumy/acrome_ws/install/forward_command_controller/share/forward_command_controller/environment/library_path.dsv
[0.528s] -- Up-to-date symlink: /home/rumy/acrome_ws/install/forward_command_controller/share/ament_index/resource_index/package_run_dependencies/forward_command_controller
[0.528s] -- Up-to-date symlink: /home/rumy/acrome_ws/install/forward_command_controller/share/ament_index/resource_index/parent_prefix_path/forward_command_controller
[0.528s] -- Up-to-date symlink: /home/rumy/acrome_ws/install/forward_command_controller/share/forward_command_controller/environment/ament_prefix_path.sh
[0.528s] -- Up-to-date symlink: /home/rumy/acrome_ws/install/forward_command_controller/share/forward_command_controller/environment/ament_prefix_path.dsv
[0.528s] -- Up-to-date symlink: /home/rumy/acrome_ws/install/forward_command_controller/share/forward_command_controller/environment/path.sh
[0.528s] -- Up-to-date symlink: /home/rumy/acrome_ws/install/forward_command_controller/share/forward_command_controller/environment/path.dsv
[0.528s] -- Up-to-date symlink: /home/rumy/acrome_ws/install/forward_command_controller/share/forward_command_controller/local_setup.bash
[0.528s] -- Up-to-date symlink: /home/rumy/acrome_ws/install/forward_command_controller/share/forward_command_controller/local_setup.sh
[0.528s] -- Up-to-date symlink: /home/rumy/acrome_ws/install/forward_command_controller/share/forward_command_controller/local_setup.zsh
[0.528s] -- Up-to-date symlink: /home/rumy/acrome_ws/install/forward_command_controller/share/forward_command_controller/local_setup.dsv
[0.528s] -- Symlinking: /home/rumy/acrome_ws/install/forward_command_controller/share/forward_command_controller/package.dsv
[0.528s] -- Up-to-date symlink: /home/rumy/acrome_ws/install/forward_command_controller/share/ament_index/resource_index/packages/forward_command_controller
[0.528s] -- Up-to-date symlink: /home/rumy/acrome_ws/install/forward_command_controller/share/ament_index/resource_index/controller_interface__pluginlib__plugin/forward_command_controller
[0.528s] -- Up-to-date symlink: /home/rumy/acrome_ws/install/forward_command_controller/share/forward_command_controller/cmake/ament_cmake_export_dependencies-extras.cmake
[0.529s] -- Up-to-date symlink: /home/rumy/acrome_ws/install/forward_command_controller/share/forward_command_controller/cmake/ament_cmake_export_targets-extras.cmake
[0.529s] -- Up-to-date symlink: /home/rumy/acrome_ws/install/forward_command_controller/share/forward_command_controller/cmake/forward_command_controllerConfig.cmake
[0.530s] -- Up-to-date symlink: /home/rumy/acrome_ws/install/forward_command_controller/share/forward_command_controller/cmake/forward_command_controllerConfig-version.cmake
[0.530s] -- Up-to-date symlink: /home/rumy/acrome_ws/install/forward_command_controller/share/forward_command_controller/package.xml
[0.530s] -- Up-to-date: /home/rumy/acrome_ws/install/forward_command_controller/lib/libforward_command_controller.so
[0.531s] -- Up-to-date: /home/rumy/acrome_ws/install/forward_command_controller/share/forward_command_controller/cmake/export_forward_command_controllerExport.cmake
[0.531s] -- Up-to-date: /home/rumy/acrome_ws/install/forward_command_controller/share/forward_command_controller/cmake/export_forward_command_controllerExport-noconfig.cmake
[0.611s] Invoked command in '/home/rumy/acrome_ws/build/forward_command_controller' returned '0': CMAKE_PREFIX_PATH=${CMAKE_PREFIX_PATH}:/home/rumy/acrome_ws/install/rqt_joint_trajectory_controller:/home/rumy/acrome_ws/install/ros2_controllers_test_nodes:/opt/ros/jazzy DEBUGINFOD_URLS=https://debuginfod.ubuntu.com /usr/bin/cmake --install /home/rumy/acrome_ws/build/forward_command_controller
