[0.135s] DEBUG:colcon:Command line arguments: ['/usr/bin/colcon', 'build', '--symlink-install']
[0.136s] DEBUG:colcon:Parsed command line arguments: Namespace(log_base=None, log_level=None, verb_name='build', build_base='build', install_base='install', merge_install=False, symlink_install=True, test_result_base=None, continue_on_error=False, executor='parallel', parallel_workers=12, event_handlers=None, ignore_user_meta=False, metas=['./colcon.meta'], base_paths=['.'], packages_ignore=None, packages_ignore_regex=None, paths=None, packages_up_to=None, packages_up_to_regex=None, packages_above=None, packages_above_and_dependencies=None, packages_above_depth=None, packages_select_by_dep=None, packages_skip_by_dep=None, packages_skip_up_to=None, packages_select_build_failed=False, packages_skip_build_finished=False, packages_select_test_failures=False, packages_skip_test_passed=False, packages_select=None, packages_skip=None, packages_select_regex=None, packages_skip_regex=None, packages_start=None, packages_end=None, allow_overriding=[], cmake_args=None, cmake_target=None, cmake_target_skip_unavailable=False, cmake_clean_cache=False, cmake_clean_first=False, cmake_force_configure=False, ament_cmake_args=None, catkin_cmake_args=None, catkin_skip_building_tests=False, verb_parser=<colcon_defaults.argument_parser.defaults.DefaultArgumentsDecorator object at 0x7412bf085550>, verb_extension=<colcon_core.verb.build.BuildVerb object at 0x7412bf084ad0>, main=<bound method BuildVerb.main of <colcon_core.verb.build.BuildVerb object at 0x7412bf084ad0>>)
[0.186s] Level 1:colcon.colcon_core.package_discovery:discover_packages(colcon_meta) check parameters
[0.186s] Level 1:colcon.colcon_core.package_discovery:discover_packages(recursive) check parameters
[0.186s] Level 1:colcon.colcon_core.package_discovery:discover_packages(ignore) check parameters
[0.186s] Level 1:colcon.colcon_core.package_discovery:discover_packages(path) check parameters
[0.186s] Level 1:colcon.colcon_core.package_discovery:discover_packages(colcon_meta) discover
[0.187s] Level 1:colcon.colcon_core.package_discovery:discover_packages(recursive) discover
[0.187s] INFO:colcon.colcon_core.package_discovery:Crawling recursively for packages in '/home/rumy/acrome_ws'
[0.187s] Level 1:colcon.colcon_core.package_identification:_identify(.) by extensions ['ignore', 'ignore_ament_install']
[0.187s] Level 1:colcon.colcon_core.package_identification:_identify(.) by extension 'ignore'
[0.187s] Level 1:colcon.colcon_core.package_identification:_identify(.) by extension 'ignore_ament_install'
[0.187s] Level 1:colcon.colcon_core.package_identification:_identify(.) by extensions ['colcon_pkg']
[0.187s] Level 1:colcon.colcon_core.package_identification:_identify(.) by extension 'colcon_pkg'
[0.187s] Level 1:colcon.colcon_core.package_identification:_identify(.) by extensions ['colcon_meta']
[0.187s] Level 1:colcon.colcon_core.package_identification:_identify(.) by extension 'colcon_meta'
[0.187s] Level 1:colcon.colcon_core.package_identification:_identify(.) by extensions ['ros']
[0.187s] Level 1:colcon.colcon_core.package_identification:_identify(.) by extension 'ros'
[0.222s] Level 1:colcon.colcon_core.package_identification:_identify(.) by extensions ['cmake', 'python']
[0.223s] Level 1:colcon.colcon_core.package_identification:_identify(.) by extension 'cmake'
[0.223s] Level 1:colcon.colcon_core.package_identification:_identify(.) by extension 'python'
[0.223s] Level 1:colcon.colcon_core.package_identification:_identify(.) by extensions ['python_setup_py']
[0.223s] Level 1:colcon.colcon_core.package_identification:_identify(.) by extension 'python_setup_py'
[0.223s] Level 1:colcon.colcon_core.package_identification:_identify(build) by extensions ['ignore', 'ignore_ament_install']
[0.223s] Level 1:colcon.colcon_core.package_identification:_identify(build) by extension 'ignore'
[0.223s] Level 1:colcon.colcon_core.package_identification:_identify(build) ignored
[0.223s] Level 1:colcon.colcon_core.package_identification:_identify(install) by extensions ['ignore', 'ignore_ament_install']
[0.224s] Level 1:colcon.colcon_core.package_identification:_identify(install) by extension 'ignore'
[0.224s] Level 1:colcon.colcon_core.package_identification:_identify(install) ignored
[0.224s] Level 1:colcon.colcon_core.package_identification:_identify(log) by extensions ['ignore', 'ignore_ament_install']
[0.224s] Level 1:colcon.colcon_core.package_identification:_identify(log) by extension 'ignore'
[0.224s] Level 1:colcon.colcon_core.package_identification:_identify(log) ignored
[0.224s] Level 1:colcon.colcon_core.package_identification:_identify(src) by extensions ['ignore', 'ignore_ament_install']
[0.225s] Level 1:colcon.colcon_core.package_identification:_identify(src) by extension 'ignore'
[0.225s] Level 1:colcon.colcon_core.package_identification:_identify(src) by extension 'ignore_ament_install'
[0.225s] Level 1:colcon.colcon_core.package_identification:_identify(src) by extensions ['colcon_pkg']
[0.225s] Level 1:colcon.colcon_core.package_identification:_identify(src) by extension 'colcon_pkg'
[0.225s] Level 1:colcon.colcon_core.package_identification:_identify(src) by extensions ['colcon_meta']
[0.225s] Level 1:colcon.colcon_core.package_identification:_identify(src) by extension 'colcon_meta'
[0.225s] Level 1:colcon.colcon_core.package_identification:_identify(src) by extensions ['ros']
[0.225s] Level 1:colcon.colcon_core.package_identification:_identify(src) by extension 'ros'
[0.225s] Level 1:colcon.colcon_core.package_identification:_identify(src) by extensions ['cmake', 'python']
[0.225s] Level 1:colcon.colcon_core.package_identification:_identify(src) by extension 'cmake'
[0.225s] Level 1:colcon.colcon_core.package_identification:_identify(src) by extension 'python'
[0.225s] Level 1:colcon.colcon_core.package_identification:_identify(src) by extensions ['python_setup_py']
[0.225s] Level 1:colcon.colcon_core.package_identification:_identify(src) by extension 'python_setup_py'
[0.226s] Level 1:colcon.colcon_core.package_identification:_identify(src/acrome_mini_robot) by extensions ['ignore', 'ignore_ament_install']
[0.226s] Level 1:colcon.colcon_core.package_identification:_identify(src/acrome_mini_robot) by extension 'ignore'
[0.226s] Level 1:colcon.colcon_core.package_identification:_identify(src/acrome_mini_robot) by extension 'ignore_ament_install'
[0.226s] Level 1:colcon.colcon_core.package_identification:_identify(src/acrome_mini_robot) by extensions ['colcon_pkg']
[0.226s] Level 1:colcon.colcon_core.package_identification:_identify(src/acrome_mini_robot) by extension 'colcon_pkg'
[0.226s] Level 1:colcon.colcon_core.package_identification:_identify(src/acrome_mini_robot) by extensions ['colcon_meta']
[0.226s] Level 1:colcon.colcon_core.package_identification:_identify(src/acrome_mini_robot) by extension 'colcon_meta'
[0.226s] Level 1:colcon.colcon_core.package_identification:_identify(src/acrome_mini_robot) by extensions ['ros']
[0.226s] Level 1:colcon.colcon_core.package_identification:_identify(src/acrome_mini_robot) by extension 'ros'
[0.231s] DEBUG:colcon.colcon_core.package_identification:Package 'src/acrome_mini_robot' with type 'ros.ament_cmake' and name 'acrome_mini_robot'
[0.231s] Level 1:colcon.colcon_core.package_discovery:discover_packages(recursive) using defaults
[0.231s] Level 1:colcon.colcon_core.package_discovery:discover_packages(ignore) discover
[0.231s] Level 1:colcon.colcon_core.package_discovery:discover_packages(ignore) using defaults
[0.231s] Level 1:colcon.colcon_core.package_discovery:discover_packages(path) discover
[0.232s] Level 1:colcon.colcon_core.package_discovery:discover_packages(path) using defaults
[0.254s] Level 1:colcon.colcon_core.package_discovery:discover_packages(prefix_path) check parameters
[0.254s] Level 1:colcon.colcon_core.package_discovery:discover_packages(prefix_path) discover
[0.256s] DEBUG:colcon.colcon_installed_package_information.package_discovery:Found 1 installed packages in /home/rumy/acrome_ws/install
[0.257s] DEBUG:colcon.colcon_installed_package_information.package_discovery:Found 315 installed packages in /opt/ros/jazzy
[0.259s] Level 1:colcon.colcon_core.package_discovery:discover_packages(prefix_path) using defaults
[0.312s] Level 5:colcon.colcon_core.verb:set package 'acrome_mini_robot' build argument 'cmake_args' from command line to 'None'
[0.312s] Level 5:colcon.colcon_core.verb:set package 'acrome_mini_robot' build argument 'cmake_target' from command line to 'None'
[0.312s] Level 5:colcon.colcon_core.verb:set package 'acrome_mini_robot' build argument 'cmake_target_skip_unavailable' from command line to 'False'
[0.312s] Level 5:colcon.colcon_core.verb:set package 'acrome_mini_robot' build argument 'cmake_clean_cache' from command line to 'False'
[0.312s] Level 5:colcon.colcon_core.verb:set package 'acrome_mini_robot' build argument 'cmake_clean_first' from command line to 'False'
[0.312s] Level 5:colcon.colcon_core.verb:set package 'acrome_mini_robot' build argument 'cmake_force_configure' from command line to 'False'
[0.312s] Level 5:colcon.colcon_core.verb:set package 'acrome_mini_robot' build argument 'ament_cmake_args' from command line to 'None'
[0.312s] Level 5:colcon.colcon_core.verb:set package 'acrome_mini_robot' build argument 'catkin_cmake_args' from command line to 'None'
[0.312s] Level 5:colcon.colcon_core.verb:set package 'acrome_mini_robot' build argument 'catkin_skip_building_tests' from command line to 'False'
[0.312s] DEBUG:colcon.colcon_core.verb:Building package 'acrome_mini_robot' with the following arguments: {'ament_cmake_args': None, 'build_base': '/home/rumy/acrome_ws/build/acrome_mini_robot', 'catkin_cmake_args': None, 'catkin_skip_building_tests': False, 'cmake_args': None, 'cmake_clean_cache': False, 'cmake_clean_first': False, 'cmake_force_configure': False, 'cmake_target': None, 'cmake_target_skip_unavailable': False, 'install_base': '/home/rumy/acrome_ws/install/acrome_mini_robot', 'merge_install': False, 'path': '/home/rumy/acrome_ws/src/acrome_mini_robot', 'symlink_install': True, 'test_result_base': None}
[0.312s] INFO:colcon.colcon_core.executor:Executing jobs using 'parallel' executor
[0.313s] DEBUG:colcon.colcon_parallel_executor.executor.parallel:run_until_complete
[0.314s] INFO:colcon.colcon_ros.task.ament_cmake.build:Building ROS package in '/home/rumy/acrome_ws/src/acrome_mini_robot' with build type 'ament_cmake'
[0.314s] INFO:colcon.colcon_cmake.task.cmake.build:Building CMake package in '/home/rumy/acrome_ws/src/acrome_mini_robot'
[0.317s] INFO:colcon.colcon_core.plugin_system:Skipping extension 'colcon_core.shell.bat': Not used on non-Windows systems
[0.318s] INFO:colcon.colcon_core.shell:Skip shell extension 'powershell' for command environment: Not usable outside of PowerShell
[0.318s] DEBUG:colcon.colcon_core.shell:Skip shell extension 'dsv' for command environment
[0.327s] DEBUG:colcon.colcon_core.event_handler.log_command:Invoking command in '/home/rumy/acrome_ws/build/acrome_mini_robot': CMAKE_PREFIX_PATH=${CMAKE_PREFIX_PATH}:/opt/ros/jazzy DEBUGINFOD_URLS=https://debuginfod.ubuntu.com /usr/bin/cmake /home/rumy/acrome_ws/src/acrome_mini_robot -DAMENT_CMAKE_SYMLINK_INSTALL=1 -DCMAKE_INSTALL_PREFIX=/home/rumy/acrome_ws/install/acrome_mini_robot
[0.807s] DEBUG:colcon.colcon_core.event_handler.log_command:Invoked command in '/home/rumy/acrome_ws/build/acrome_mini_robot' returned '0': CMAKE_PREFIX_PATH=${CMAKE_PREFIX_PATH}:/opt/ros/jazzy DEBUGINFOD_URLS=https://debuginfod.ubuntu.com /usr/bin/cmake /home/rumy/acrome_ws/src/acrome_mini_robot -DAMENT_CMAKE_SYMLINK_INSTALL=1 -DCMAKE_INSTALL_PREFIX=/home/rumy/acrome_ws/install/acrome_mini_robot
[0.808s] DEBUG:colcon.colcon_core.event_handler.log_command:Invoking command in '/home/rumy/acrome_ws/build/acrome_mini_robot': CMAKE_PREFIX_PATH=${CMAKE_PREFIX_PATH}:/opt/ros/jazzy DEBUGINFOD_URLS=https://debuginfod.ubuntu.com /usr/bin/cmake --build /home/rumy/acrome_ws/build/acrome_mini_robot -- -j12 -l12
[0.862s] DEBUG:colcon.colcon_core.event_handler.log_command:Invoked command in '/home/rumy/acrome_ws/build/acrome_mini_robot' returned '0': CMAKE_PREFIX_PATH=${CMAKE_PREFIX_PATH}:/opt/ros/jazzy DEBUGINFOD_URLS=https://debuginfod.ubuntu.com /usr/bin/cmake --build /home/rumy/acrome_ws/build/acrome_mini_robot -- -j12 -l12
[0.875s] DEBUG:colcon.colcon_core.event_handler.log_command:Invoking command in '/home/rumy/acrome_ws/build/acrome_mini_robot': CMAKE_PREFIX_PATH=${CMAKE_PREFIX_PATH}:/opt/ros/jazzy DEBUGINFOD_URLS=https://debuginfod.ubuntu.com /usr/bin/cmake --install /home/rumy/acrome_ws/build/acrome_mini_robot
[1.157s] Level 1:colcon.colcon_core.environment:create_environment_scripts_only(acrome_mini_robot)
[1.157s] DEBUG:colcon.colcon_core.event_handler.log_command:Invoked command in '/home/rumy/acrome_ws/build/acrome_mini_robot' returned '0': CMAKE_PREFIX_PATH=${CMAKE_PREFIX_PATH}:/opt/ros/jazzy DEBUGINFOD_URLS=https://debuginfod.ubuntu.com /usr/bin/cmake --install /home/rumy/acrome_ws/build/acrome_mini_robot
[1.159s] Level 1:colcon.colcon_core.environment:checking '/home/rumy/acrome_ws/install/acrome_mini_robot' for CMake module files
[1.160s] Level 1:colcon.colcon_core.environment:checking '/home/rumy/acrome_ws/install/acrome_mini_robot' for CMake config files
[1.160s] Level 1:colcon.colcon_core.shell:create_environment_hook('acrome_mini_robot', 'cmake_prefix_path')
[1.160s] INFO:colcon.colcon_core.shell:Creating environment hook '/home/rumy/acrome_ws/install/acrome_mini_robot/share/acrome_mini_robot/hook/cmake_prefix_path.ps1'
[1.161s] INFO:colcon.colcon_core.shell:Creating environment descriptor '/home/rumy/acrome_ws/install/acrome_mini_robot/share/acrome_mini_robot/hook/cmake_prefix_path.dsv'
[1.161s] INFO:colcon.colcon_core.shell:Creating environment hook '/home/rumy/acrome_ws/install/acrome_mini_robot/share/acrome_mini_robot/hook/cmake_prefix_path.sh'
[1.162s] Level 1:colcon.colcon_core.environment:checking '/home/rumy/acrome_ws/install/acrome_mini_robot/bin'
[1.162s] Level 1:colcon.colcon_core.environment:checking '/home/rumy/acrome_ws/install/acrome_mini_robot/lib/pkgconfig/acrome_mini_robot.pc'
[1.163s] Level 1:colcon.colcon_core.environment:checking '/home/rumy/acrome_ws/install/acrome_mini_robot/lib/python3.12/site-packages'
[1.163s] Level 1:colcon.colcon_core.environment:checking '/home/rumy/acrome_ws/install/acrome_mini_robot/bin'
[1.163s] INFO:colcon.colcon_core.shell:Creating package script '/home/rumy/acrome_ws/install/acrome_mini_robot/share/acrome_mini_robot/package.ps1'
[1.164s] INFO:colcon.colcon_core.shell:Creating package descriptor '/home/rumy/acrome_ws/install/acrome_mini_robot/share/acrome_mini_robot/package.dsv'
[1.165s] INFO:colcon.colcon_core.shell:Creating package script '/home/rumy/acrome_ws/install/acrome_mini_robot/share/acrome_mini_robot/package.sh'
[1.166s] INFO:colcon.colcon_core.shell:Creating package script '/home/rumy/acrome_ws/install/acrome_mini_robot/share/acrome_mini_robot/package.bash'
[1.168s] INFO:colcon.colcon_core.shell:Creating package script '/home/rumy/acrome_ws/install/acrome_mini_robot/share/acrome_mini_robot/package.zsh'
[1.169s] Level 1:colcon.colcon_core.environment:create_file_with_runtime_dependencies(/home/rumy/acrome_ws/install/acrome_mini_robot/share/colcon-core/packages/acrome_mini_robot)
[1.169s] Level 1:colcon.colcon_core.environment:create_environment_scripts_only(acrome_mini_robot)
[1.170s] Level 1:colcon.colcon_core.environment:checking '/home/rumy/acrome_ws/install/acrome_mini_robot' for CMake module files
[1.170s] Level 1:colcon.colcon_core.environment:checking '/home/rumy/acrome_ws/install/acrome_mini_robot' for CMake config files
[1.170s] Level 1:colcon.colcon_core.shell:create_environment_hook('acrome_mini_robot', 'cmake_prefix_path')
[1.171s] INFO:colcon.colcon_core.shell:Creating environment hook '/home/rumy/acrome_ws/install/acrome_mini_robot/share/acrome_mini_robot/hook/cmake_prefix_path.ps1'
[1.171s] INFO:colcon.colcon_core.shell:Creating environment descriptor '/home/rumy/acrome_ws/install/acrome_mini_robot/share/acrome_mini_robot/hook/cmake_prefix_path.dsv'
[1.172s] INFO:colcon.colcon_core.shell:Creating environment hook '/home/rumy/acrome_ws/install/acrome_mini_robot/share/acrome_mini_robot/hook/cmake_prefix_path.sh'
[1.172s] Level 1:colcon.colcon_core.environment:checking '/home/rumy/acrome_ws/install/acrome_mini_robot/bin'
[1.172s] Level 1:colcon.colcon_core.environment:checking '/home/rumy/acrome_ws/install/acrome_mini_robot/lib/pkgconfig/acrome_mini_robot.pc'
[1.173s] Level 1:colcon.colcon_core.environment:checking '/home/rumy/acrome_ws/install/acrome_mini_robot/lib/python3.12/site-packages'
[1.173s] Level 1:colcon.colcon_core.environment:checking '/home/rumy/acrome_ws/install/acrome_mini_robot/bin'
[1.173s] INFO:colcon.colcon_core.shell:Creating package script '/home/rumy/acrome_ws/install/acrome_mini_robot/share/acrome_mini_robot/package.ps1'
[1.173s] INFO:colcon.colcon_core.shell:Creating package descriptor '/home/rumy/acrome_ws/install/acrome_mini_robot/share/acrome_mini_robot/package.dsv'
[1.174s] INFO:colcon.colcon_core.shell:Creating package script '/home/rumy/acrome_ws/install/acrome_mini_robot/share/acrome_mini_robot/package.sh'
[1.174s] INFO:colcon.colcon_core.shell:Creating package script '/home/rumy/acrome_ws/install/acrome_mini_robot/share/acrome_mini_robot/package.bash'
[1.175s] INFO:colcon.colcon_core.shell:Creating package script '/home/rumy/acrome_ws/install/acrome_mini_robot/share/acrome_mini_robot/package.zsh'
[1.175s] Level 1:colcon.colcon_core.environment:create_file_with_runtime_dependencies(/home/rumy/acrome_ws/install/acrome_mini_robot/share/colcon-core/packages/acrome_mini_robot)
[1.175s] DEBUG:colcon.colcon_parallel_executor.executor.parallel:closing loop
[1.176s] DEBUG:colcon.colcon_parallel_executor.executor.parallel:loop closed
[1.176s] DEBUG:colcon.colcon_parallel_executor.executor.parallel:run_until_complete finished with '0'
[1.176s] DEBUG:colcon.colcon_core.event_reactor:joining thread
[1.184s] INFO:colcon.colcon_core.plugin_system:Skipping extension 'colcon_notification.desktop_notification.terminal_notifier': Not used on non-Darwin systems
[1.185s] INFO:colcon.colcon_core.plugin_system:Skipping extension 'colcon_notification.desktop_notification.win32': Not used on non-Windows systems
[1.185s] INFO:colcon.colcon_notification.desktop_notification:Sending desktop notification using 'notify2'
[1.202s] DEBUG:colcon.colcon_core.event_reactor:joined thread
[1.202s] INFO:colcon.colcon_core.shell:Creating prefix script '/home/rumy/acrome_ws/install/local_setup.ps1'
[1.205s] INFO:colcon.colcon_core.shell:Creating prefix util module '/home/rumy/acrome_ws/install/_local_setup_util_ps1.py'
[1.207s] INFO:colcon.colcon_core.shell:Creating prefix chain script '/home/rumy/acrome_ws/install/setup.ps1'
[1.209s] INFO:colcon.colcon_core.shell:Creating prefix script '/home/rumy/acrome_ws/install/local_setup.sh'
[1.209s] INFO:colcon.colcon_core.shell:Creating prefix util module '/home/rumy/acrome_ws/install/_local_setup_util_sh.py'
[1.210s] INFO:colcon.colcon_core.shell:Creating prefix chain script '/home/rumy/acrome_ws/install/setup.sh'
[1.211s] INFO:colcon.colcon_core.shell:Creating prefix script '/home/rumy/acrome_ws/install/local_setup.bash'
[1.212s] INFO:colcon.colcon_core.shell:Creating prefix chain script '/home/rumy/acrome_ws/install/setup.bash'
[1.214s] INFO:colcon.colcon_core.shell:Creating prefix script '/home/rumy/acrome_ws/install/local_setup.zsh'
[1.214s] INFO:colcon.colcon_core.shell:Creating prefix chain script '/home/rumy/acrome_ws/install/setup.zsh'
