[0.016s] Invoking command in '/home/rumy/acrome_ws/build/bicycle_steering_controller': AMENT_PREFIX_PATH=/home/rumy/acrome_ws/install/steering_controllers_library:${AMENT_PREFIX_PATH} CMAKE_PREFIX_PATH=/home/rumy/acrome_ws/install/steering_controllers_library:/home/rumy/acrome_ws/install/acrome_mini_robot:/home/rumy/acrome_ws/src/acrome_mini_robot/install/acrome_mini_robot:/opt/ros/jazzy/opt/gz_sim_vendor:/opt/ros/jazzy/opt/gz_sensors_vendor:/opt/ros/jazzy/opt/gz_physics_vendor:/opt/ros/jazzy/opt/sdformat_vendor:/opt/ros/jazzy/opt/gz_gui_vendor:/opt/ros/jazzy/opt/gz_transport_vendor:/opt/ros/jazzy/opt/gz_rendering_vendor:/opt/ros/jazzy/opt/gz_plugin_vendor:/opt/ros/jazzy/opt/gz_fuel_tools_vendor:/opt/ros/jazzy/opt/gz_msgs_vendor:/opt/ros/jazzy/opt/gz_common_vendor:/opt/ros/jazzy/opt/gz_math_vendor:/opt/ros/jazzy/opt/gz_utils_vendor:/opt/ros/jazzy/opt/gz_tools_vendor:/opt/ros/jazzy/opt/gz_ogre_next_vendor:/opt/ros/jazzy/opt/gz_dartsim_vendor:/opt/ros/jazzy/opt/gz_cmake_vendor:/opt/ros/jazzy DEBUGINFOD_URLS=https://debuginfod.ubuntu.com LD_LIBRARY_PATH=/home/rumy/acrome_ws/install/steering_controllers_library/lib:${LD_LIBRARY_PATH} /usr/bin/cmake /home/rumy/acrome_ws/src/ros2_controllers/bicycle_steering_controller -DCMAKE_INSTALL_PREFIX=/home/rumy/acrome_ws/install/bicycle_steering_controller
[8.594s] -- The C compiler identification is GNU 13.3.0
[8.595s] -- The CXX compiler identification is GNU 13.3.0
[8.595s] -- Detecting C compiler ABI info
[8.595s] -- Detecting C compiler ABI info - done
[8.595s] -- Check for working C compiler: /usr/bin/cc - skipped
[8.595s] -- Detecting C compile features
[8.595s] -- Detecting C compile features - done
[8.595s] -- Detecting CXX compiler ABI info
[8.596s] -- Detecting CXX compiler ABI info - done
[8.596s] -- Check for working CXX compiler: /usr/bin/c++ - skipped
[8.596s] -- Detecting CXX compile features
[8.596s] -- Detecting CXX compile features - done
[8.600s] -- Found ros2_control_cmake: 0.2.1 (/opt/ros/jazzy/share/ros2_control_cmake/cmake)
[8.600s] -- Compiler warnings enabled for GNU
[8.601s] -- Detected GCC Version: 13.3.0 (Major: 13, Minor: 3)
[8.601s] -- Found ament_cmake: 2.5.4 (/opt/ros/jazzy/share/ament_cmake/cmake)
[8.601s] -- Found Python3: /usr/bin/python3 (found version "3.12.3") found components: Interpreter 
[8.601s] -- Found controller_interface: 4.32.0 (/opt/ros/jazzy/share/controller_interface/cmake)
[8.601s] -- Found rosidl_generator_c: 4.6.5 (/opt/ros/jazzy/share/rosidl_generator_c/cmake)
[8.601s] -- Found rosidl_generator_cpp: 4.6.5 (/opt/ros/jazzy/share/rosidl_generator_cpp/cmake)
[8.602s] -- Using all available rosidl_typesupport_c: rosidl_typesupport_fastrtps_c;rosidl_typesupport_introspection_c
[8.602s] -- Using all available rosidl_typesupport_cpp: rosidl_typesupport_fastrtps_cpp;rosidl_typesupport_introspection_cpp
[8.602s] -- Found TinyXML2 via Config file: /usr/lib/x86_64-linux-gnu/cmake/tinyxml2
[8.602s] -- Found rmw_implementation_cmake: 7.3.2 (/opt/ros/jazzy/share/rmw_implementation_cmake/cmake)
[8.602s] -- Found rmw_fastrtps_cpp: 8.4.2 (/opt/ros/jazzy/share/rmw_fastrtps_cpp/cmake)
[8.603s] -- Found TinyXML2 via Config file: /usr/lib/x86_64-linux-gnu/cmake/tinyxml2
[8.603s] -- Found OpenSSL: /usr/lib/x86_64-linux-gnu/libcrypto.so (found version "3.0.13")  
[8.603s] -- Found TinyXML2 via Config file: /usr/lib/x86_64-linux-gnu/cmake/tinyxml2
[8.603s] -- Found FastRTPS: /opt/ros/jazzy/include (Required is at least version "2.13") 
[8.603s] -- Found TinyXML2 via Config file: /usr/lib/x86_64-linux-gnu/cmake/tinyxml2
[8.603s] -- Found TinyXML2 via Config file: /usr/lib/x86_64-linux-gnu/cmake/tinyxml2
[8.603s] -- Using RMW implementation 'rmw_fastrtps_cpp' as default
[8.603s] -- Found generate_parameter_library: 0.5.0 (/opt/ros/jazzy/share/generate_parameter_library/cmake)
[8.604s] -- Found parameter_traits: 0.5.0 (/opt/ros/jazzy/share/parameter_traits/cmake)
[8.604s] -- Found std_srvs: 5.3.6 (/opt/ros/jazzy/share/std_srvs/cmake)
[8.604s] -- Found steering_controllers_library: 4.30.1 (/home/rumy/acrome_ws/install/steering_controllers_library/share/steering_controllers_library/cmake)
[8.604s] -- Found eigen3_cmake_module: 0.3.0 (/opt/ros/jazzy/share/eigen3_cmake_module/cmake)
[8.604s] -- Found Eigen3: TRUE (found version "3.4.0") 
[8.604s] -- Ensuring Eigen3 include directory is part of orocos-kdl CMake target
[8.604s] -- Found ament_cmake_gmock: 2.5.4 (/opt/ros/jazzy/share/ament_cmake_gmock/cmake)
[8.605s] -- Found controller_manager: 4.32.0 (/opt/ros/jazzy/share/controller_manager/cmake)
[8.605s] -- Found ros2_control_test_assets: 4.32.0 (/opt/ros/jazzy/share/ros2_control_test_assets/cmake)
[8.605s] -- Found gmock sources under '/opt/ros/jazzy/src/gmock_vendor': C++ tests using 'Google Mock' will be built
[8.605s] -- Found ament_cmake_gtest: 2.5.4 (/opt/ros/jazzy/share/ament_cmake_gtest/cmake)
[8.605s] -- Found gtest sources under '/opt/ros/jazzy/src/gtest_vendor': C++ tests using 'Google Test' will be built
[8.605s] -- Configuring done (2.9s)
[8.605s] -- Generating done (0.1s)
[8.606s] -- Build files have been written to: /home/rumy/acrome_ws/build/bicycle_steering_controller
