[0.057s] Invoking command in '/home/rumy/acrome_ws/build/forward_command_controller': CMAKE_PREFIX_PATH=${CMAKE_PREFIX_PATH}:/home/rumy/acrome_ws/install/rqt_joint_trajectory_controller:/home/rumy/acrome_ws/install/ros2_controllers_test_nodes:/opt/ros/jazzy DEBUGINFOD_URLS=https://debuginfod.ubuntu.com /usr/bin/cmake /home/rumy/acrome_ws/src/ros2_controllers/forward_command_controller -DAMENT_CMAKE_SYMLINK_INSTALL=1 -DCMAKE_INSTALL_PREFIX=/home/rumy/acrome_ws/install/forward_command_controller
[0.079s] -- Found ros2_control_cmake: 0.2.1 (/opt/ros/jazzy/share/ros2_control_cmake/cmake)
[0.079s] -- Compiler warnings enabled for GNU
[0.080s] -- Detected GCC Version: 13.3.0 (Major: 13, Minor: 3)
[0.080s] -- Found ament_cmake: 2.5.4 (/opt/ros/jazzy/share/ament_cmake/cmake)
[0.380s] -- Override CMake install command with custom implementation using symlinks instead of copying resources
[0.390s] -- Found controller_interface: 4.32.0 (/opt/ros/jazzy/share/controller_interface/cmake)
[0.479s] -- Found rosidl_generator_c: 4.6.5 (/opt/ros/jazzy/share/rosidl_generator_c/cmake)
[0.497s] -- Found rosidl_generator_cpp: 4.6.5 (/opt/ros/jazzy/share/rosidl_generator_cpp/cmake)
[0.512s] -- Using all available rosidl_typesupport_c: rosidl_typesupport_fastrtps_c;rosidl_typesupport_introspection_c
[0.535s] -- Using all available rosidl_typesupport_cpp: rosidl_typesupport_fastrtps_cpp;rosidl_typesupport_introspection_cpp
[0.826s] -- Found TinyXML2 via Config file: /usr/lib/x86_64-linux-gnu/cmake/tinyxml2
[0.880s] -- Found rmw_implementation_cmake: 7.3.2 (/opt/ros/jazzy/share/rmw_implementation_cmake/cmake)
[0.883s] -- Found rmw_fastrtps_cpp: 8.4.2 (/opt/ros/jazzy/share/rmw_fastrtps_cpp/cmake)
[0.910s] -- Found TinyXML2 via Config file: /usr/lib/x86_64-linux-gnu/cmake/tinyxml2
[0.922s] -- Found TinyXML2 via Config file: /usr/lib/x86_64-linux-gnu/cmake/tinyxml2
[0.946s] -- Found TinyXML2 via Config file: /usr/lib/x86_64-linux-gnu/cmake/tinyxml2
[0.957s] -- Found TinyXML2 via Config file: /usr/lib/x86_64-linux-gnu/cmake/tinyxml2
[0.976s] -- Using RMW implementation 'rmw_fastrtps_cpp' as default
[1.185s] -- Found generate_parameter_library: 0.5.0 (/opt/ros/jazzy/share/generate_parameter_library/cmake)
[1.185s] -- Found parameter_traits: 0.5.0 (/opt/ros/jazzy/share/parameter_traits/cmake)
[1.197s] -- Found ament_cmake_gmock: 2.5.4 (/opt/ros/jazzy/share/ament_cmake_gmock/cmake)
[1.198s] -- Found controller_manager: 4.32.0 (/opt/ros/jazzy/share/controller_manager/cmake)
[1.308s] -- Found ros2_control_test_assets: 4.32.0 (/opt/ros/jazzy/share/ros2_control_test_assets/cmake)
[1.309s] -- Found gmock sources under '/opt/ros/jazzy/src/gmock_vendor': C++ tests using 'Google Mock' will be built
[1.312s] -- Found ament_cmake_gtest: 2.5.4 (/opt/ros/jazzy/share/ament_cmake_gtest/cmake)
[1.313s] -- Found gtest sources under '/opt/ros/jazzy/src/gtest_vendor': C++ tests using 'Google Test' will be built
[1.474s] -- Configuring done (1.4s)
[1.594s] -- Generating done (0.1s)
[1.620s] -- Build files have been written to: /home/rumy/acrome_ws/build/forward_command_controller
[1.650s] Invoked command in '/home/rumy/acrome_ws/build/forward_command_controller' returned '0': CMAKE_PREFIX_PATH=${CMAKE_PREFIX_PATH}:/home/rumy/acrome_ws/install/rqt_joint_trajectory_controller:/home/rumy/acrome_ws/install/ros2_controllers_test_nodes:/opt/ros/jazzy DEBUGINFOD_URLS=https://debuginfod.ubuntu.com /usr/bin/cmake /home/rumy/acrome_ws/src/ros2_controllers/forward_command_controller -DAMENT_CMAKE_SYMLINK_INSTALL=1 -DCMAKE_INSTALL_PREFIX=/home/rumy/acrome_ws/install/forward_command_controller
[1.651s] Invoking command in '/home/rumy/acrome_ws/build/forward_command_controller': CMAKE_PREFIX_PATH=${CMAKE_PREFIX_PATH}:/home/rumy/acrome_ws/install/rqt_joint_trajectory_controller:/home/rumy/acrome_ws/install/ros2_controllers_test_nodes:/opt/ros/jazzy DEBUGINFOD_URLS=https://debuginfod.ubuntu.com /usr/bin/cmake --build /home/rumy/acrome_ws/build/forward_command_controller -- -j12 -l12
[1.838s] [  9%] Built target multi_interface_forward_command_controller_parameters
[1.838s] [ 19%] Built target forward_command_controller_parameters
[1.838s] [ 33%] Built target gmock
[1.838s] [ 42%] Built target gmock_main
[1.839s] [ 61%] Built target forward_command_controller
[1.897s] [ 71%] Built target test_load_forward_command_controller
[1.904s] [ 80%] Built target test_forward_command_controller
[1.913s] [100%] Built target test_load_multi_interface_forward_command_controller
[1.913s] [100%] Built target test_multi_interface_forward_command_controller
[2.015s] Invoked command in '/home/rumy/acrome_ws/build/forward_command_controller' returned '0': CMAKE_PREFIX_PATH=${CMAKE_PREFIX_PATH}:/home/rumy/acrome_ws/install/rqt_joint_trajectory_controller:/home/rumy/acrome_ws/install/ros2_controllers_test_nodes:/opt/ros/jazzy DEBUGINFOD_URLS=https://debuginfod.ubuntu.com /usr/bin/cmake --build /home/rumy/acrome_ws/build/forward_command_controller -- -j12 -l12
[2.018s] Invoking command in '/home/rumy/acrome_ws/build/forward_command_controller': CMAKE_PREFIX_PATH=${CMAKE_PREFIX_PATH}:/home/rumy/acrome_ws/install/rqt_joint_trajectory_controller:/home/rumy/acrome_ws/install/ros2_controllers_test_nodes:/opt/ros/jazzy DEBUGINFOD_URLS=https://debuginfod.ubuntu.com /usr/bin/cmake --install /home/rumy/acrome_ws/build/forward_command_controller
[2.024s] -- Install configuration: ""
[2.025s] -- Execute custom install script
[2.025s] -- Up-to-date symlink: /home/rumy/acrome_ws/install/forward_command_controller/include/forward_command_controller/forward_command_controller_parameters.hpp
[2.025s] -- Up-to-date symlink: /home/rumy/acrome_ws/install/forward_command_controller/include/forward_command_controller/multi_interface_forward_command_controller_parameters.hpp
[2.025s] -- Up-to-date symlink: /home/rumy/acrome_ws/install/forward_command_controller/include/forward_command_controller/forward_command_controller_parameters.hpp
[2.026s] -- Up-to-date symlink: /home/rumy/acrome_ws/install/forward_command_controller/include/forward_command_controller/multi_interface_forward_command_controller_parameters.hpp
[2.026s] -- Up-to-date symlink: /home/rumy/acrome_ws/install/forward_command_controller/share/forward_command_controller//forward_command_plugin.xml
[2.026s] -- Up-to-date symlink: /home/rumy/acrome_ws/install/forward_command_controller/include/forward_command_controller/forward_command_controller/forward_command_controller.hpp
[2.026s] -- Up-to-date symlink: /home/rumy/acrome_ws/install/forward_command_controller/include/forward_command_controller/forward_command_controller/forward_controllers_base.hpp
[2.026s] -- Up-to-date symlink: /home/rumy/acrome_ws/install/forward_command_controller/include/forward_command_controller/forward_command_controller/multi_interface_forward_command_controller.hpp
[2.026s] -- Up-to-date symlink: /home/rumy/acrome_ws/install/forward_command_controller/share/forward_command_controller/environment/library_path.sh
[2.027s] -- Up-to-date symlink: /home/rumy/acrome_ws/install/forward_command_controller/share/forward_command_controller/environment/library_path.dsv
[2.027s] -- Up-to-date symlink: /home/rumy/acrome_ws/install/forward_command_controller/share/ament_index/resource_index/package_run_dependencies/forward_command_controller
[2.027s] -- Up-to-date symlink: /home/rumy/acrome_ws/install/forward_command_controller/share/ament_index/resource_index/parent_prefix_path/forward_command_controller
[2.027s] -- Up-to-date symlink: /home/rumy/acrome_ws/install/forward_command_controller/share/forward_command_controller/environment/ament_prefix_path.sh
[2.027s] -- Up-to-date symlink: /home/rumy/acrome_ws/install/forward_command_controller/share/forward_command_controller/environment/ament_prefix_path.dsv
[2.027s] -- Up-to-date symlink: /home/rumy/acrome_ws/install/forward_command_controller/share/forward_command_controller/environment/path.sh
[2.027s] -- Up-to-date symlink: /home/rumy/acrome_ws/install/forward_command_controller/share/forward_command_controller/environment/path.dsv
[2.028s] -- Up-to-date symlink: /home/rumy/acrome_ws/install/forward_command_controller/share/forward_command_controller/local_setup.bash
[2.028s] -- Up-to-date symlink: /home/rumy/acrome_ws/install/forward_command_controller/share/forward_command_controller/local_setup.sh
[2.028s] -- Up-to-date symlink: /home/rumy/acrome_ws/install/forward_command_controller/share/forward_command_controller/local_setup.zsh
[2.028s] -- Up-to-date symlink: /home/rumy/acrome_ws/install/forward_command_controller/share/forward_command_controller/local_setup.dsv
[2.028s] -- Symlinking: /home/rumy/acrome_ws/install/forward_command_controller/share/forward_command_controller/package.dsv
[2.036s] -- Up-to-date symlink: /home/rumy/acrome_ws/install/forward_command_controller/share/ament_index/resource_index/packages/forward_command_controller
[2.036s] -- Up-to-date symlink: /home/rumy/acrome_ws/install/forward_command_controller/share/ament_index/resource_index/controller_interface__pluginlib__plugin/forward_command_controller
[2.036s] -- Up-to-date symlink: /home/rumy/acrome_ws/install/forward_command_controller/share/forward_command_controller/cmake/ament_cmake_export_dependencies-extras.cmake
[2.037s] -- Up-to-date symlink: /home/rumy/acrome_ws/install/forward_command_controller/share/forward_command_controller/cmake/ament_cmake_export_targets-extras.cmake
[2.037s] -- Up-to-date symlink: /home/rumy/acrome_ws/install/forward_command_controller/share/forward_command_controller/cmake/forward_command_controllerConfig.cmake
[2.037s] -- Up-to-date symlink: /home/rumy/acrome_ws/install/forward_command_controller/share/forward_command_controller/cmake/forward_command_controllerConfig-version.cmake
[2.037s] -- Up-to-date symlink: /home/rumy/acrome_ws/install/forward_command_controller/share/forward_command_controller/package.xml
[2.037s] -- Up-to-date: /home/rumy/acrome_ws/install/forward_command_controller/lib/libforward_command_controller.so
[2.038s] -- Up-to-date: /home/rumy/acrome_ws/install/forward_command_controller/share/forward_command_controller/cmake/export_forward_command_controllerExport.cmake
[2.038s] -- Up-to-date: /home/rumy/acrome_ws/install/forward_command_controller/share/forward_command_controller/cmake/export_forward_command_controllerExport-noconfig.cmake
[2.477s] Invoked command in '/home/rumy/acrome_ws/build/forward_command_controller' returned '0': CMAKE_PREFIX_PATH=${CMAKE_PREFIX_PATH}:/home/rumy/acrome_ws/install/rqt_joint_trajectory_controller:/home/rumy/acrome_ws/install/ros2_controllers_test_nodes:/opt/ros/jazzy DEBUGINFOD_URLS=https://debuginfod.ubuntu.com /usr/bin/cmake --install /home/rumy/acrome_ws/build/forward_command_controller
