[0.008s] Invoking command in '/home/rumy/acrome_ws/build/acrome_mini_robot': CMAKE_PREFIX_PATH=${CMAKE_PREFIX_PATH}:/opt/ros/jazzy DEBUGINFOD_URLS=https://debuginfod.ubuntu.com /usr/bin/cmake /home/rumy/acrome_ws/src/acrome_mini_robot -DAMENT_CMAKE_SYMLINK_INSTALL=1 -DCMAKE_INSTALL_PREFIX=/home/rumy/acrome_ws/install/acrome_mini_robot
[0.020s] -- Found ament_cmake: 2.5.4 (/opt/ros/jazzy/share/ament_cmake/cmake)
[0.192s] -- Override CMake install command with custom implementation using symlinks instead of copying resources
[0.273s] -- Configuring done (0.3s)
[0.275s] -- Generating done (0.0s)
[0.277s] -- Build files have been written to: /home/rumy/acrome_ws/build/acrome_mini_robot
[0.279s] Invoked command in '/home/rumy/acrome_ws/build/acrome_mini_robot' returned '0': CMAKE_PREFIX_PATH=${CMAKE_PREFIX_PATH}:/opt/ros/jazzy DEBUGINFOD_URLS=https://debuginfod.ubuntu.com /usr/bin/cmake /home/rumy/acrome_ws/src/acrome_mini_robot -DAMENT_CMAKE_SYMLINK_INSTALL=1 -DCMAKE_INSTALL_PREFIX=/home/rumy/acrome_ws/install/acrome_mini_robot
[0.280s] Invoking command in '/home/rumy/acrome_ws/build/acrome_mini_robot': CMAKE_PREFIX_PATH=${CMAKE_PREFIX_PATH}:/opt/ros/jazzy DEBUGINFOD_URLS=https://debuginfod.ubuntu.com /usr/bin/cmake --build /home/rumy/acrome_ws/build/acrome_mini_robot -- -j12 -l12
[0.316s] Invoked command in '/home/rumy/acrome_ws/build/acrome_mini_robot' returned '0': CMAKE_PREFIX_PATH=${CMAKE_PREFIX_PATH}:/opt/ros/jazzy DEBUGINFOD_URLS=https://debuginfod.ubuntu.com /usr/bin/cmake --build /home/rumy/acrome_ws/build/acrome_mini_robot -- -j12 -l12
[0.327s] Invoking command in '/home/rumy/acrome_ws/build/acrome_mini_robot': CMAKE_PREFIX_PATH=${CMAKE_PREFIX_PATH}:/opt/ros/jazzy DEBUGINFOD_URLS=https://debuginfod.ubuntu.com /usr/bin/cmake --install /home/rumy/acrome_ws/build/acrome_mini_robot
[0.335s] -- Install configuration: ""
[0.335s] -- Execute custom install script
[0.335s] -- Up-to-date symlink: /home/rumy/acrome_ws/install/acrome_mini_robot/share/acrome_mini_robot/launch/display.launch
[0.335s] -- Up-to-date symlink: /home/rumy/acrome_ws/install/acrome_mini_robot/share/acrome_mini_robot/launch/gazebo.launch
[0.335s] -- Up-to-date symlink: /home/rumy/acrome_ws/install/acrome_mini_robot/share/acrome_mini_robot/launch/gazebo_launch.py
[0.336s] -- Up-to-date symlink: /home/rumy/acrome_ws/install/acrome_mini_robot/share/acrome_mini_robot/urdf/acrome_mini_robot.urdf
[0.336s] -- Symlinking: /home/rumy/acrome_ws/install/acrome_mini_robot/share/acrome_mini_robot/meshes/base_link.stl
[0.345s] -- Symlinking: /home/rumy/acrome_ws/install/acrome_mini_robot/share/acrome_mini_robot/meshes/left_wheel.stl
[0.353s] -- Symlinking: /home/rumy/acrome_ws/install/acrome_mini_robot/share/acrome_mini_robot/meshes/right_wheel.stl
[0.361s] -- Up-to-date symlink: /home/rumy/acrome_ws/install/acrome_mini_robot/share/ament_index/resource_index/package_run_dependencies/acrome_mini_robot
[0.361s] -- Up-to-date symlink: /home/rumy/acrome_ws/install/acrome_mini_robot/share/ament_index/resource_index/parent_prefix_path/acrome_mini_robot
[0.362s] -- Up-to-date symlink: /home/rumy/acrome_ws/install/acrome_mini_robot/share/acrome_mini_robot/environment/ament_prefix_path.sh
[0.362s] -- Up-to-date symlink: /home/rumy/acrome_ws/install/acrome_mini_robot/share/acrome_mini_robot/environment/ament_prefix_path.dsv
[0.362s] -- Up-to-date symlink: /home/rumy/acrome_ws/install/acrome_mini_robot/share/acrome_mini_robot/environment/path.sh
[0.362s] -- Up-to-date symlink: /home/rumy/acrome_ws/install/acrome_mini_robot/share/acrome_mini_robot/environment/path.dsv
[0.362s] -- Up-to-date symlink: /home/rumy/acrome_ws/install/acrome_mini_robot/share/acrome_mini_robot/local_setup.bash
[0.362s] -- Up-to-date symlink: /home/rumy/acrome_ws/install/acrome_mini_robot/share/acrome_mini_robot/local_setup.sh
[0.362s] -- Up-to-date symlink: /home/rumy/acrome_ws/install/acrome_mini_robot/share/acrome_mini_robot/local_setup.zsh
[0.362s] -- Up-to-date symlink: /home/rumy/acrome_ws/install/acrome_mini_robot/share/acrome_mini_robot/local_setup.dsv
[0.362s] -- Symlinking: /home/rumy/acrome_ws/install/acrome_mini_robot/share/acrome_mini_robot/package.dsv
[0.370s] -- Up-to-date symlink: /home/rumy/acrome_ws/install/acrome_mini_robot/share/ament_index/resource_index/packages/acrome_mini_robot
[0.370s] -- Up-to-date symlink: /home/rumy/acrome_ws/install/acrome_mini_robot/share/acrome_mini_robot/cmake/acrome_mini_robotConfig.cmake
[0.370s] -- Up-to-date symlink: /home/rumy/acrome_ws/install/acrome_mini_robot/share/acrome_mini_robot/cmake/acrome_mini_robotConfig-version.cmake
[0.370s] -- Up-to-date symlink: /home/rumy/acrome_ws/install/acrome_mini_robot/share/acrome_mini_robot/package.xml
[0.372s] Invoked command in '/home/rumy/acrome_ws/build/acrome_mini_robot' returned '0': CMAKE_PREFIX_PATH=${CMAKE_PREFIX_PATH}:/opt/ros/jazzy DEBUGINFOD_URLS=https://debuginfod.ubuntu.com /usr/bin/cmake --install /home/rumy/acrome_ws/build/acrome_mini_robot
