[0.057s] Invoking command in '/home/rumy/acrome_ws/build/pose_broadcaster': CMAKE_PREFIX_PATH=${CMAKE_PREFIX_PATH}:/home/rumy/acrome_ws/install/rqt_joint_trajectory_controller:/home/rumy/acrome_ws/install/ros2_controllers_test_nodes:/opt/ros/jazzy DEBUGINFOD_URLS=https://debuginfod.ubuntu.com /usr/bin/cmake --build /home/rumy/acrome_ws/build/pose_broadcaster -- -j12 -l12
[9.633s] -- Found ros2_control_cmake: 0.2.1 (/opt/ros/jazzy/share/ros2_control_cmake/cmake)
[9.633s] -- Compiler warnings enabled for GNU
[9.633s] -- Detected GCC Version: 13.3.0 (Major: 13, Minor: 3)
[9.633s] -- Found ament_cmake: 2.5.4 (/opt/ros/jazzy/share/ament_cmake/cmake)
[9.633s] -- Override CMake install command with custom implementation using symlinks instead of copying resources
[9.633s] -- Found controller_interface: 4.32.0 (/opt/ros/jazzy/share/controller_interface/cmake)
[9.633s] -- Found rosidl_generator_c: 4.6.5 (/opt/ros/jazzy/share/rosidl_generator_c/cmake)
[9.633s] -- Found rosidl_generator_cpp: 4.6.5 (/opt/ros/jazzy/share/rosidl_generator_cpp/cmake)
[9.634s] -- Using all available rosidl_typesupport_c: rosidl_typesupport_fastrtps_c;rosidl_typesupport_introspection_c
[9.634s] -- Using all available rosidl_typesupport_cpp: rosidl_typesupport_fastrtps_cpp;rosidl_typesupport_introspection_cpp
[9.634s] -- Found TinyXML2 via Config file: /usr/lib/x86_64-linux-gnu/cmake/tinyxml2
[9.634s] -- Found rmw_implementation_cmake: 7.3.2 (/opt/ros/jazzy/share/rmw_implementation_cmake/cmake)
[9.634s] -- Found rmw_fastrtps_cpp: 8.4.2 (/opt/ros/jazzy/share/rmw_fastrtps_cpp/cmake)
[9.634s] -- Found TinyXML2 via Config file: /usr/lib/x86_64-linux-gnu/cmake/tinyxml2
[9.634s] -- Found TinyXML2 via Config file: /usr/lib/x86_64-linux-gnu/cmake/tinyxml2
[9.634s] -- Found TinyXML2 via Config file: /usr/lib/x86_64-linux-gnu/cmake/tinyxml2
[9.634s] -- Found TinyXML2 via Config file: /usr/lib/x86_64-linux-gnu/cmake/tinyxml2
[9.635s] -- Using RMW implementation 'rmw_fastrtps_cpp' as default
[9.635s] -- Found generate_parameter_library: 0.5.0 (/opt/ros/jazzy/share/generate_parameter_library/cmake)
[9.635s] -- Found parameter_traits: 0.5.0 (/opt/ros/jazzy/share/parameter_traits/cmake)
[9.635s] -- Found tf2_msgs: 0.36.12 (/opt/ros/jazzy/share/tf2_msgs/cmake)
[9.635s] -- Found ament_cmake_gmock: 2.5.4 (/opt/ros/jazzy/share/ament_cmake_gmock/cmake)
[9.635s] -- Found controller_manager: 4.32.0 (/opt/ros/jazzy/share/controller_manager/cmake)
[9.635s] -- Found ros2_control_test_assets: 4.32.0 (/opt/ros/jazzy/share/ros2_control_test_assets/cmake)
[9.635s] -- Found gmock sources under '/opt/ros/jazzy/src/gmock_vendor': C++ tests using 'Google Mock' will be built
[9.638s] -- Found ament_cmake_gtest: 2.5.4 (/opt/ros/jazzy/share/ament_cmake_gtest/cmake)
[9.640s] -- Found gtest sources under '/opt/ros/jazzy/src/gtest_vendor': C++ tests using 'Google Test' will be built
[9.640s] -- Configuring done (2.0s)
[9.640s] -- Generating done (0.1s)
[9.640s] -- Build files have been written to: /home/rumy/acrome_ws/build/pose_broadcaster
[9.640s] [  7%] [34m[1mRunning `/opt/ros/jazzy/bin/generate_parameter_library_cpp /home/rumy/acrome_ws/build/pose_broadcaster/include/pose_broadcaster/pose_broadcaster_parameters.hpp /home/rumy/acrome_ws/src/ros2_controllers/pose_broadcaster/src/pose_broadcaster_parameters.yaml `[0m
[9.640s] [ 23%] Built target gmock_main
[9.640s] [ 46%] Built target gmock
[9.640s] [ 53%] [34m[1mCreating deprecated header file /home/rumy/acrome_ws/build/pose_broadcaster/include/pose_broadcaster_parameters.hpp[0m
[9.640s] [ 53%] Built target pose_broadcaster_parameters
[9.641s] [ 61%] [32mBuilding CXX object CMakeFiles/pose_broadcaster.dir/src/pose_broadcaster.cpp.o[0m
[17.837s] [ 69%] [32m[1mLinking CXX shared library libpose_broadcaster.so[0m
[18.957s] [ 69%] Built target pose_broadcaster
[19.017s] [ 76%] [32mBuilding CXX object CMakeFiles/test_pose_broadcaster.dir/test/test_pose_broadcaster.cpp.o[0m
[19.034s] [ 84%] [32mBuilding CXX object CMakeFiles/test_load_pose_broadcaster.dir/test/test_load_pose_broadcaster.cpp.o[0m
[28.897s] [ 92%] [32m[1mLinking CXX executable test_load_pose_broadcaster[0m
[29.497s] [ 92%] Built target test_load_pose_broadcaster
[34.252s] [100%] [32m[1mLinking CXX executable test_pose_broadcaster[0m
[35.890s] [100%] Built target test_pose_broadcaster
